[1.543s] Invoking command in '/root/ros2_ws/src/sensors': PYTHONPATH=/root/ros2_ws/build/sensors/prefix_override:/root/ros2_ws/install/sensors/lib/python3.8/site-packages:${PYTHONPATH} /usr/bin/python3 setup.py egg_info --egg-base ../../build/sensors build --build-base /root/ros2_ws/build/sensors/build install --record /root/ros2_ws/build/sensors/install.log --install-scripts $base/lib/sensors --single-version-externally-managed
[1.675s] /usr/local/lib/python3.8/dist-packages/setuptools/dist.py:498: SetuptoolsDeprecationWarning: Invalid dash-separated options
[1.675s] !!
[1.675s] 
[1.675s]         ********************************************************************************
[1.675s]         Usage of dash-separated 'script-dir' will not be supported in future
[1.675s]         versions. Please use the underscore name 'script_dir' instead.
[1.675s] 
[1.675s]         This deprecation is overdue, please update your project and remove deprecated
[1.675s]         calls to avoid build errors in the future.
[1.675s] 
[1.675s]         See https://setuptools.pypa.io/en/latest/userguide/declarative_config.html for details.
[1.675s]         ********************************************************************************
[1.675s] 
[1.675s] !!
[1.675s]   opt = self.warn_dash_deprecation(opt, section)
[1.765s] running egg_info
[1.878s] writing ../../build/sensors/sensors.egg-info/PKG-INFO
[1.878s] writing dependency_links to ../../build/sensors/sensors.egg-info/dependency_links.txt
[1.879s] writing entry points to ../../build/sensors/sensors.egg-info/entry_points.txt
[1.879s] writing requirements to ../../build/sensors/sensors.egg-info/requires.txt
[1.879s] writing top-level names to ../../build/sensors/sensors.egg-info/top_level.txt
[1.909s] reading manifest file '../../build/sensors/sensors.egg-info/SOURCES.txt'
[1.909s] writing manifest file '../../build/sensors/sensors.egg-info/SOURCES.txt'
[1.909s] running build
[1.910s] running build_py
[1.910s] running install
[1.910s] /usr/local/lib/python3.8/dist-packages/setuptools/_distutils/cmd.py:66: SetuptoolsDeprecationWarning: setup.py install is deprecated.
[1.910s] !!
[1.910s] 
[1.910s]         ********************************************************************************
[1.910s]         Please avoid running ``setup.py`` directly.
[1.910s]         Instead, use pypa/build, pypa/installer or other
[1.910s]         standards-based tools.
[1.911s] 
[1.911s]         See https://blog.ganssle.io/articles/2021/10/setup-py-deprecated.html for details.
[1.911s]         ********************************************************************************
[1.911s] 
[1.911s] !!
[1.911s]   self.initialize_options()
[1.916s] running install_lib
[1.930s] running install_data
[1.945s] running install_egg_info
[1.960s] removing '/root/ros2_ws/install/sensors/lib/python3.8/site-packages/sensors-0.0.0-py3.8.egg-info' (and everything under it)
[1.960s] Copying ../../build/sensors/sensors.egg-info to /root/ros2_ws/install/sensors/lib/python3.8/site-packages/sensors-0.0.0-py3.8.egg-info
[1.961s] running install_scripts
[2.004s] Installing imu script to /root/ros2_ws/install/sensors/lib/sensors
[2.005s] Installing tf script to /root/ros2_ws/install/sensors/lib/sensors
[2.005s] writing list of installed files to '/root/ros2_ws/build/sensors/install.log'
[2.038s] Invoked command in '/root/ros2_ws/src/sensors' returned '0': PYTHONPATH=/root/ros2_ws/build/sensors/prefix_override:/root/ros2_ws/install/sensors/lib/python3.8/site-packages:${PYTHONPATH} /usr/bin/python3 setup.py egg_info --egg-base ../../build/sensors build --build-base /root/ros2_ws/build/sensors/build install --record /root/ros2_ws/build/sensors/install.log --install-scripts $base/lib/sensors --single-version-externally-managed
