[0.531s] Invoking command in '/root/ros2_ws/src/sensors': PYTHONPATH=/root/ros2_ws/build/sensors/prefix_override:/root/ros2_ws/install/sensors/lib/python3.8/site-packages:${PYTHONPATH} /usr/bin/python3 setup.py egg_info --egg-base ../../build/sensors build --build-base /root/ros2_ws/build/sensors/build install --record /root/ros2_ws/build/sensors/install.log --install-scripts $base/lib/sensors --single-version-externally-managed
[0.924s] /usr/local/lib/python3.8/dist-packages/setuptools/dist.py:498: SetuptoolsDeprecationWarning: Invalid dash-separated options
[0.924s] !!
[0.925s] 
[0.925s]         ********************************************************************************
[0.925s]         Usage of dash-separated 'script-dir' will not be supported in future
[0.926s]         versions. Please use the underscore name 'script_dir' instead.
[0.928s] 
[0.930s]         This deprecation is overdue, please update your project and remove deprecated
[0.930s]         calls to avoid build errors in the future.
[0.931s] 
[0.932s]         See https://setuptools.pypa.io/en/latest/userguide/declarative_config.html for details.
[0.933s]         ********************************************************************************
[0.933s] 
[0.933s] !!
[0.933s]   opt = self.warn_dash_deprecation(opt, section)
[1.365s] running egg_info
[1.594s] writing ../../build/sensors/sensors.egg-info/PKG-INFO
[1.595s] writing dependency_links to ../../build/sensors/sensors.egg-info/dependency_links.txt
[1.595s] writing entry points to ../../build/sensors/sensors.egg-info/entry_points.txt
[1.595s] writing requirements to ../../build/sensors/sensors.egg-info/requires.txt
[1.595s] writing top-level names to ../../build/sensors/sensors.egg-info/top_level.txt
[1.619s] reading manifest file '../../build/sensors/sensors.egg-info/SOURCES.txt'
[1.620s] writing manifest file '../../build/sensors/sensors.egg-info/SOURCES.txt'
[1.620s] running build
[1.620s] running build_py
[1.620s] running install
[1.621s] /usr/local/lib/python3.8/dist-packages/setuptools/_distutils/cmd.py:66: SetuptoolsDeprecationWarning: setup.py install is deprecated.
[1.621s] !!
[1.621s] 
[1.621s]         ********************************************************************************
[1.621s]         Please avoid running ``setup.py`` directly.
[1.621s]         Instead, use pypa/build, pypa/installer or other
[1.621s]         standards-based tools.
[1.621s] 
[1.621s]         See https://blog.ganssle.io/articles/2021/10/setup-py-deprecated.html for details.
[1.621s]         ********************************************************************************
[1.621s] 
[1.621s] !!
[1.621s]   self.initialize_options()
[1.626s] running install_lib
[1.640s] running install_data
[1.652s] running install_egg_info
[1.665s] removing '/root/ros2_ws/install/sensors/lib/python3.8/site-packages/sensors-0.0.0-py3.8.egg-info' (and everything under it)
[1.665s] Copying ../../build/sensors/sensors.egg-info to /root/ros2_ws/install/sensors/lib/python3.8/site-packages/sensors-0.0.0-py3.8.egg-info
[1.666s] running install_scripts
[1.708s] Installing imu script to /root/ros2_ws/install/sensors/lib/sensors
[1.708s] Installing tf script to /root/ros2_ws/install/sensors/lib/sensors
[1.708s] writing list of installed files to '/root/ros2_ws/build/sensors/install.log'
[1.773s] Invoked command in '/root/ros2_ws/src/sensors' returned '0': PYTHONPATH=/root/ros2_ws/build/sensors/prefix_override:/root/ros2_ws/install/sensors/lib/python3.8/site-packages:${PYTHONPATH} /usr/bin/python3 setup.py egg_info --egg-base ../../build/sensors build --build-base /root/ros2_ws/build/sensors/build install --record /root/ros2_ws/build/sensors/install.log --install-scripts $base/lib/sensors --single-version-externally-managed
