[1.291s] Invoking command in '/root/ros2_ws/src/sensors': PYTHONPATH=/root/ros2_ws/build/sensors/prefix_override:/root/ros2_ws/install/sensors/lib/python3.8/site-packages:${PYTHONPATH} /usr/bin/python3 setup.py egg_info --egg-base ../../build/sensors build --build-base /root/ros2_ws/build/sensors/build install --record /root/ros2_ws/build/sensors/install.log --install-scripts $base/lib/sensors --single-version-externally-managed
[1.418s] /usr/local/lib/python3.8/dist-packages/setuptools/dist.py:498: SetuptoolsDeprecationWarning: Invalid dash-separated options
[1.419s] !!
[1.419s] 
[1.419s]         ********************************************************************************
[1.420s]         Usage of dash-separated 'script-dir' will not be supported in future
[1.420s]         versions. Please use the underscore name 'script_dir' instead.
[1.420s] 
[1.421s]         This deprecation is overdue, please update your project and remove deprecated
[1.421s]         calls to avoid build errors in the future.
[1.421s] 
[1.421s]         See https://setuptools.pypa.io/en/latest/userguide/declarative_config.html for details.
[1.422s]         ********************************************************************************
[1.422s] 
[1.422s] !!
[1.423s]   opt = self.warn_dash_deprecation(opt, section)
[1.510s] running egg_info
[1.627s] writing ../../build/sensors/sensors.egg-info/PKG-INFO
[1.628s] writing dependency_links to ../../build/sensors/sensors.egg-info/dependency_links.txt
[1.629s] writing entry points to ../../build/sensors/sensors.egg-info/entry_points.txt
[1.629s] writing requirements to ../../build/sensors/sensors.egg-info/requires.txt
[1.629s] writing top-level names to ../../build/sensors/sensors.egg-info/top_level.txt
[1.657s] reading manifest file '../../build/sensors/sensors.egg-info/SOURCES.txt'
[1.658s] writing manifest file '../../build/sensors/sensors.egg-info/SOURCES.txt'
[1.658s] running build
[1.659s] running build_py
[1.659s] running install
[1.659s] /usr/local/lib/python3.8/dist-packages/setuptools/_distutils/cmd.py:66: SetuptoolsDeprecationWarning: setup.py install is deprecated.
[1.659s] !!
[1.659s] 
[1.660s]         ********************************************************************************
[1.660s]         Please avoid running ``setup.py`` directly.
[1.660s]         Instead, use pypa/build, pypa/installer or other
[1.660s]         standards-based tools.
[1.660s] 
[1.660s]         See https://blog.ganssle.io/articles/2021/10/setup-py-deprecated.html for details.
[1.660s]         ********************************************************************************
[1.660s] 
[1.660s] !!
[1.660s]   self.initialize_options()
[1.665s] running install_lib
[1.685s] running install_data
[1.698s] running install_egg_info
[1.714s] removing '/root/ros2_ws/install/sensors/lib/python3.8/site-packages/sensors-0.0.0-py3.8.egg-info' (and everything under it)
[1.714s] Copying ../../build/sensors/sensors.egg-info to /root/ros2_ws/install/sensors/lib/python3.8/site-packages/sensors-0.0.0-py3.8.egg-info
[1.717s] running install_scripts
[1.765s] Installing imu script to /root/ros2_ws/install/sensors/lib/sensors
[1.765s] Installing tf script to /root/ros2_ws/install/sensors/lib/sensors
[1.765s] writing list of installed files to '/root/ros2_ws/build/sensors/install.log'
[1.798s] Invoked command in '/root/ros2_ws/src/sensors' returned '0': PYTHONPATH=/root/ros2_ws/build/sensors/prefix_override:/root/ros2_ws/install/sensors/lib/python3.8/site-packages:${PYTHONPATH} /usr/bin/python3 setup.py egg_info --egg-base ../../build/sensors build --build-base /root/ros2_ws/build/sensors/build install --record /root/ros2_ws/build/sensors/install.log --install-scripts $base/lib/sensors --single-version-externally-managed
