2023-10-09 17:48:03.709 [info] Experiment 'pythonPromptNewFormatterExt' is active
2023-10-09 17:48:03.709 [info] Experiment 'pythonPromptNewToolsExt' is active
2023-10-09 17:48:03.709 [info] Experiment 'pythonSurveyNotification' is active
2023-10-09 17:48:03.709 [info] Experiment 'pythonTerminalEnvVarActivation' is active
2023-10-09 17:48:03.914 [info] Test server listening.
2023-10-09 17:48:03.916 [info] Python interpreter path: /bin/python3
2023-10-09 17:48:03.957 [warning] Retry failed, storage update failed for key PYTHON_WORKSPACE_STORAGE_KEYS
2023-10-09 17:48:03.957 [warning] Retry failed, storage update failed for key PYTHON_WORKSPACE_STORAGE_KEYS
2023-10-09 17:48:03.957 [warning] Retry failed, storage update failed for key PYTHON_WORKSPACE_STORAGE_KEYS
2023-10-09 17:48:04.166 [warning] Retry failed, storage update failed for key PYTHON_WORKSPACE_STORAGE_KEYS
2023-10-09 17:48:04.962 [info] Starting Pylance language server.
2023-10-09 18:40:32.922 [info] Discover tests for workspace name: root - uri: /root/ros2_ws/src/nav2_gps_waypoint_follower_demo/nav2_gps_waypoint_follower_demo/save_pose.py
2023-10-09 18:40:42.820 [info] Discover tests for workspace name: root - uri: /root/ros2_ws/src/nav2_gps_waypoint_follower_demo/nav2_gps_waypoint_follower_demo/save_pose.py
2023-10-09 18:40:46.097 [info] Discover tests for workspace name: root - uri: /root/ros2_ws/src/nav2_gps_waypoint_follower_demo/nav2_gps_waypoint_follower_demo/save_pose.py
2023-10-09 18:48:29.378 [info] Discover tests for workspace name: root - uri: /root/ros2_ws/src/nav2_gps_waypoint_follower_demo/nav2_gps_waypoint_follower_demo/woowa_planning.py
2023-10-09 18:48:34.771 [info] Discover tests for workspace name: root - uri: /root/ros2_ws/src/nav2_gps_waypoint_follower_demo/nav2_gps_waypoint_follower_demo/woowa_planning.py
2023-10-09 18:49:02.539 [info] Discover tests for workspace name: root - uri: /root/ros2_ws/src/nav2_gps_waypoint_follower_demo/nav2_gps_waypoint_follower_demo/woowa_planning.py
2023-10-09 18:49:28.944 [info] Discover tests for workspace name: root - uri: /root/ros2_ws/src/nav2_gps_waypoint_follower_demo/nav2_gps_waypoint_follower_demo/woowa_planning.py
2023-10-09 18:49:45.340 [info] Discover tests for workspace name: root - uri: /root/ros2_ws/src/nav2_gps_waypoint_follower_demo/nav2_gps_waypoint_follower_demo/woowa_planning.py
2023-10-09 18:50:48.806 [info] Discover tests for workspace name: root - uri: /root/ros2_ws/src/nav2_gps_waypoint_follower_demo/nav2_gps_waypoint_follower_demo/woowa_planning.py
2023-10-09 18:50:51.777 [info] Discover tests for workspace name: root - uri: /root/ros2_ws/src/nav2_gps_waypoint_follower_demo/nav2_gps_waypoint_follower_demo/woowa_planning.py
2023-10-09 21:22:34.919 [info] Discover tests for workspace name: root - uri: /root/ros2_ws/src/sensors/sensors/tf_pub.py
2023-10-09 21:22:38.941 [info] Discover tests for workspace name: root - uri: /root/ros2_ws/src/sensors/sensors/tf_pub.py
2023-10-09 21:28:24.660 [info] Discover tests for workspace name: root - uri: /root/ros2_ws/src/sensors/sensors/tf_pub.py
2023-10-09 21:30:40.896 [info] Discover tests for workspace name: root - uri: /root/ros2_ws/src/sensors/sensors/tf_pub.py
2023-10-09 21:34:38.668 [info] Discover tests for workspace name: root - uri: /root/ros2_ws/src/sensors/sensors/tf_pub.py
2023-10-09 21:37:23.853 [info] Discover tests for workspace name: root - uri: /root/ros2_ws/src/sensors/sensors/tf_pub.py
2023-10-09 21:42:52.473 [info] Discover tests for workspace name: root - uri: /root/ros2_ws/src/nav2_gps_waypoint_follower_demo/launch/dual_ekf_navsat.launch.py
2023-10-09 21:43:10.639 [info] Discover tests for workspace name: root - uri: /root/ros2_ws/src/nav2_gps_waypoint_follower_demo/launch/dual_ekf_navsat.launch.py
2023-10-09 21:45:34.328 [info] Discover tests for workspace name: root - uri: /root/ros2_ws/src/nav2_gps_waypoint_follower_demo/launch/gps_waypoint_follower.launch.py
2023-10-09 21:46:03.022 [info] Discover tests for workspace name: root - uri: /root/ros2_ws/src/nav2_gps_waypoint_follower_demo/launch/gps_waypoint_follower.launch.py
2023-10-09 21:46:17.360 [info] Discover tests for workspace name: root - uri: /root/ros2_ws/src/nav2_gps_waypoint_follower_demo/launch/dual_ekf_navsat.launch.py
2023-10-09 21:46:37.976 [info] Discover tests for workspace name: root - uri: /root/ros2_ws/src/nav2_gps_waypoint_follower_demo/launch/dual_ekf_navsat.launch.py
2023-10-09 21:52:50.479 [info] Discover tests for workspace name: root - uri: /root/ros2_ws/src/sensors/sensors/tf_pub.py
2023-10-09 21:53:54.995 [info] Discover tests for workspace name: root - uri: /root/ros2_ws/src/sensors/sensors/tf_pub.py
2023-10-09 21:54:43.250 [info] Discover tests for workspace name: root - uri: /root/ros2_ws/src/sensors/sensors/tf_pub.py
2023-10-09 21:57:46.500 [info] Discover tests for workspace name: root - uri: /root/ros2_ws/src/sensors/sensors/tf_pub.py
2023-10-09 21:57:49.451 [info] Discover tests for workspace name: root - uri: /root/ros2_ws/src/sensors/sensors/tf_pub.py
2023-10-09 21:57:54.131 [info] Discover tests for workspace name: root - uri: /root/ros2_ws/src/sensors/sensors/tf_pub.py
2023-10-09 22:02:27.196 [info] Discover tests for workspace name: root - uri: /root/ros2_ws/src/sensors/sensors/tf_pub.py
2023-10-09 22:02:35.712 [info] Discover tests for workspace name: root - uri: /root/ros2_ws/src/nav2_gps_waypoint_follower_demo/launch/dual_ekf_navsat.launch.py
2023-10-09 22:02:36.436 [info] Discover tests for workspace name: root - uri: /root/ros2_ws/src/nav2_gps_waypoint_follower_demo/launch/dual_ekf_navsat.launch.py
