2023-10-09 17:48:04.955 [info] [Info  - 5:48:04 PM] (589) Pylance language server 2023.10.10 (pyright 45942a15) starting
2023-10-09 17:48:04.955 [info] [Info  - 5:48:04 PM] (589) Server root directory: /root/.vscode-server/extensions/ms-python.vscode-pylance-2023.10.10/dist
2023-10-09 17:48:04.955 [info] [Info  - 5:48:04 PM] (589) Starting service instance "root"
2023-10-09 17:48:04.974 [info] [Info  - 5:48:04 PM] (589) Setting pythonPath for service "root": "/bin/python3"
2023-10-09 17:48:04.974 [info] [Info  - 5:48:04 PM] (589) Setting environmentName for service "root": "3.8.10 (global)"
2023-10-09 17:48:04.974 [info] [Warn  - 5:48:04 PM] (589) stubPath /root/typings is not a valid directory.
2023-10-09 17:48:04.988 [info] [Info  - 5:48:04 PM] (589) Assuming Python version 3.8
2023-10-09 17:48:05.387 [info] [Warn  - 5:48:05 PM] (589) Skipping recursive symlink "/root/home/Downloads/catkin_ws/catkin_ws/src/catkin_simple/test/scenarios/hello_world/catkin_simple/test" -> "/root/home/Downloads/catkin_ws/catkin_ws/src/catkin_simple/test"
2023-10-09 17:48:05.704 [info] [Warn  - 5:48:05 PM] (589) Skipping recursive symlink "/root/home/Downloads/catkin_ws2/src/catkin_simple/test/scenarios/hello_world/catkin_simple/test" -> "/root/home/Downloads/catkin_ws2/src/catkin_simple/test"
2023-10-09 17:48:05.876 [info] [Info  - 5:48:05 PM] (589) Found 1514 source files
2023-10-09 17:52:02.294 [info] [Warn  - 5:52:02 PM] (589) Skipping recursive symlink "/root/home/Downloads/catkin_ws/catkin_ws/src/catkin_simple/test/scenarios/hello_world/catkin_simple/test" -> "/root/home/Downloads/catkin_ws/catkin_ws/src/catkin_simple/test"
2023-10-09 17:52:02.605 [info] [Warn  - 5:52:02 PM] (589) Skipping recursive symlink "/root/home/Downloads/catkin_ws2/src/catkin_simple/test/scenarios/hello_world/catkin_simple/test" -> "/root/home/Downloads/catkin_ws2/src/catkin_simple/test"
2023-10-09 17:52:02.774 [info] [Info  - 5:52:02 PM] (589) Found 1514 source files
2023-10-09 17:52:26.148 [info] [Warn  - 5:52:26 PM] (589) Skipping recursive symlink "/root/home/Downloads/catkin_ws/catkin_ws/src/catkin_simple/test/scenarios/hello_world/catkin_simple/test" -> "/root/home/Downloads/catkin_ws/catkin_ws/src/catkin_simple/test"
2023-10-09 17:52:26.459 [info] [Warn  - 5:52:26 PM] (589) Skipping recursive symlink "/root/home/Downloads/catkin_ws2/src/catkin_simple/test/scenarios/hello_world/catkin_simple/test" -> "/root/home/Downloads/catkin_ws2/src/catkin_simple/test"
2023-10-09 17:52:26.631 [info] [Info  - 5:52:26 PM] (589) Found 1514 source files
2023-10-09 18:30:14.144 [info] [Warn  - 6:30:14 PM] (589) Skipping recursive symlink "/root/home/Downloads/catkin_ws/catkin_ws/src/catkin_simple/test/scenarios/hello_world/catkin_simple/test" -> "/root/home/Downloads/catkin_ws/catkin_ws/src/catkin_simple/test"
2023-10-09 18:30:14.486 [info] [Warn  - 6:30:14 PM] (589) Skipping recursive symlink "/root/home/Downloads/catkin_ws2/src/catkin_simple/test/scenarios/hello_world/catkin_simple/test" -> "/root/home/Downloads/catkin_ws2/src/catkin_simple/test"
2023-10-09 18:30:14.671 [info] [Info  - 6:30:14 PM] (589) Found 1514 source files
2023-10-09 18:40:55.249 [info] [Warn  - 6:40:55 PM] (589) Skipping recursive symlink "/root/home/Downloads/catkin_ws/catkin_ws/src/catkin_simple/test/scenarios/hello_world/catkin_simple/test" -> "/root/home/Downloads/catkin_ws/catkin_ws/src/catkin_simple/test"
2023-10-09 18:40:55.594 [info] [Warn  - 6:40:55 PM] (589) Skipping recursive symlink "/root/home/Downloads/catkin_ws2/src/catkin_simple/test/scenarios/hello_world/catkin_simple/test" -> "/root/home/Downloads/catkin_ws2/src/catkin_simple/test"
2023-10-09 18:40:55.787 [info] [Info  - 6:40:55 PM] (589) Found 1514 source files
2023-10-09 18:43:15.263 [info] [Warn  - 6:43:15 PM] (589) Skipping recursive symlink "/root/home/Downloads/catkin_ws/catkin_ws/src/catkin_simple/test/scenarios/hello_world/catkin_simple/test" -> "/root/home/Downloads/catkin_ws/catkin_ws/src/catkin_simple/test"
2023-10-09 18:43:15.577 [info] [Warn  - 6:43:15 PM] (589) Skipping recursive symlink "/root/home/Downloads/catkin_ws2/src/catkin_simple/test/scenarios/hello_world/catkin_simple/test" -> "/root/home/Downloads/catkin_ws2/src/catkin_simple/test"
2023-10-09 18:43:15.742 [info] [Info  - 6:43:15 PM] (589) Found 1514 source files
2023-10-09 18:50:04.424 [info] [Warn  - 6:50:04 PM] (589) Skipping recursive symlink "/root/home/Downloads/catkin_ws/catkin_ws/src/catkin_simple/test/scenarios/hello_world/catkin_simple/test" -> "/root/home/Downloads/catkin_ws/catkin_ws/src/catkin_simple/test"
2023-10-09 18:50:04.741 [info] [Warn  - 6:50:04 PM] (589) Skipping recursive symlink "/root/home/Downloads/catkin_ws2/src/catkin_simple/test/scenarios/hello_world/catkin_simple/test" -> "/root/home/Downloads/catkin_ws2/src/catkin_simple/test"
2023-10-09 18:50:04.911 [info] [Info  - 6:50:04 PM] (589) Found 1514 source files
2023-10-09 18:50:57.900 [info] [Warn  - 6:50:57 PM] (589) Skipping recursive symlink "/root/home/Downloads/catkin_ws/catkin_ws/src/catkin_simple/test/scenarios/hello_world/catkin_simple/test" -> "/root/home/Downloads/catkin_ws/catkin_ws/src/catkin_simple/test"
2023-10-09 18:50:58.268 [info] [Warn  - 6:50:58 PM] (589) Skipping recursive symlink "/root/home/Downloads/catkin_ws2/src/catkin_simple/test/scenarios/hello_world/catkin_simple/test" -> "/root/home/Downloads/catkin_ws2/src/catkin_simple/test"
2023-10-09 18:50:58.468 [info] [Info  - 6:50:58 PM] (589) Found 1514 source files
2023-10-09 20:28:50.808 [info] [Warn  - 8:28:50 PM] (589) Skipping recursive symlink "/root/home/Downloads/catkin_ws/catkin_ws/src/catkin_simple/test/scenarios/hello_world/catkin_simple/test" -> "/root/home/Downloads/catkin_ws/catkin_ws/src/catkin_simple/test"
2023-10-09 20:28:51.113 [info] [Warn  - 8:28:51 PM] (589) Skipping recursive symlink "/root/home/Downloads/catkin_ws2/src/catkin_simple/test/scenarios/hello_world/catkin_simple/test" -> "/root/home/Downloads/catkin_ws2/src/catkin_simple/test"
2023-10-09 20:28:51.276 [info] [Info  - 8:28:51 PM] (589) Found 1514 source files
2023-10-09 20:31:08.541 [info] [Warn  - 8:31:08 PM] (589) Skipping recursive symlink "/root/home/Downloads/catkin_ws/catkin_ws/src/catkin_simple/test/scenarios/hello_world/catkin_simple/test" -> "/root/home/Downloads/catkin_ws/catkin_ws/src/catkin_simple/test"
2023-10-09 20:31:08.846 [info] [Warn  - 8:31:08 PM] (589) Skipping recursive symlink "/root/home/Downloads/catkin_ws2/src/catkin_simple/test/scenarios/hello_world/catkin_simple/test" -> "/root/home/Downloads/catkin_ws2/src/catkin_simple/test"
2023-10-09 20:31:09.011 [info] [Info  - 8:31:09 PM] (589) Found 1516 source files
2023-10-09 20:38:02.996 [info] [Warn  - 8:38:02 PM] (589) Skipping recursive symlink "/root/home/Downloads/catkin_ws/catkin_ws/src/catkin_simple/test/scenarios/hello_world/catkin_simple/test" -> "/root/home/Downloads/catkin_ws/catkin_ws/src/catkin_simple/test"
2023-10-09 20:38:03.301 [info] [Warn  - 8:38:03 PM] (589) Skipping recursive symlink "/root/home/Downloads/catkin_ws2/src/catkin_simple/test/scenarios/hello_world/catkin_simple/test" -> "/root/home/Downloads/catkin_ws2/src/catkin_simple/test"
2023-10-09 20:38:03.477 [info] [Info  - 8:38:03 PM] (589) Found 1516 source files
2023-10-09 20:55:02.629 [info] [Warn  - 8:55:02 PM] (589) Skipping recursive symlink "/root/home/Downloads/catkin_ws/catkin_ws/src/catkin_simple/test/scenarios/hello_world/catkin_simple/test" -> "/root/home/Downloads/catkin_ws/catkin_ws/src/catkin_simple/test"
2023-10-09 20:55:03.037 [info] [Warn  - 8:55:03 PM] (589) Skipping recursive symlink "/root/home/Downloads/catkin_ws2/src/catkin_simple/test/scenarios/hello_world/catkin_simple/test" -> "/root/home/Downloads/catkin_ws2/src/catkin_simple/test"
2023-10-09 20:55:03.236 [info] [Info  - 8:55:03 PM] (589) Found 1516 source files
2023-10-09 21:17:18.493 [info] [Warn  - 9:17:18 PM] (589) Skipping recursive symlink "/root/home/Downloads/catkin_ws/catkin_ws/src/catkin_simple/test/scenarios/hello_world/catkin_simple/test" -> "/root/home/Downloads/catkin_ws/catkin_ws/src/catkin_simple/test"
2023-10-09 21:17:18.822 [info] [Warn  - 9:17:18 PM] (589) Skipping recursive symlink "/root/home/Downloads/catkin_ws2/src/catkin_simple/test/scenarios/hello_world/catkin_simple/test" -> "/root/home/Downloads/catkin_ws2/src/catkin_simple/test"
2023-10-09 21:17:19.004 [info] [Info  - 9:17:19 PM] (589) Found 1516 source files
2023-10-09 21:19:08.840 [info] [Warn  - 9:19:08 PM] (589) Skipping recursive symlink "/root/home/Downloads/catkin_ws/catkin_ws/src/catkin_simple/test/scenarios/hello_world/catkin_simple/test" -> "/root/home/Downloads/catkin_ws/catkin_ws/src/catkin_simple/test"
2023-10-09 21:19:09.146 [info] [Warn  - 9:19:09 PM] (589) Skipping recursive symlink "/root/home/Downloads/catkin_ws2/src/catkin_simple/test/scenarios/hello_world/catkin_simple/test" -> "/root/home/Downloads/catkin_ws2/src/catkin_simple/test"
2023-10-09 21:19:09.314 [info] [Info  - 9:19:09 PM] (589) Found 1516 source files
2023-10-09 21:22:46.635 [info] [Warn  - 9:22:46 PM] (589) Skipping recursive symlink "/root/home/Downloads/catkin_ws/catkin_ws/src/catkin_simple/test/scenarios/hello_world/catkin_simple/test" -> "/root/home/Downloads/catkin_ws/catkin_ws/src/catkin_simple/test"
2023-10-09 21:22:46.944 [info] [Warn  - 9:22:46 PM] (589) Skipping recursive symlink "/root/home/Downloads/catkin_ws2/src/catkin_simple/test/scenarios/hello_world/catkin_simple/test" -> "/root/home/Downloads/catkin_ws2/src/catkin_simple/test"
2023-10-09 21:22:47.117 [info] [Info  - 9:22:47 PM] (589) Found 1516 source files
2023-10-09 21:27:04.520 [info] [Warn  - 9:27:04 PM] (589) Skipping recursive symlink "/root/home/Downloads/catkin_ws/catkin_ws/src/catkin_simple/test/scenarios/hello_world/catkin_simple/test" -> "/root/home/Downloads/catkin_ws/catkin_ws/src/catkin_simple/test"
2023-10-09 21:27:04.847 [info] [Warn  - 9:27:04 PM] (589) Skipping recursive symlink "/root/home/Downloads/catkin_ws2/src/catkin_simple/test/scenarios/hello_world/catkin_simple/test" -> "/root/home/Downloads/catkin_ws2/src/catkin_simple/test"
2023-10-09 21:27:05.037 [info] [Info  - 9:27:05 PM] (589) Found 1516 source files
2023-10-09 21:30:45.965 [info] [Warn  - 9:30:45 PM] (589) Skipping recursive symlink "/root/home/Downloads/catkin_ws/catkin_ws/src/catkin_simple/test/scenarios/hello_world/catkin_simple/test" -> "/root/home/Downloads/catkin_ws/catkin_ws/src/catkin_simple/test"
2023-10-09 21:30:46.272 [info] [Warn  - 9:30:46 PM] (589) Skipping recursive symlink "/root/home/Downloads/catkin_ws2/src/catkin_simple/test/scenarios/hello_world/catkin_simple/test" -> "/root/home/Downloads/catkin_ws2/src/catkin_simple/test"
2023-10-09 21:30:46.444 [info] [Info  - 9:30:46 PM] (589) Found 1516 source files
2023-10-09 21:34:48.184 [info] [Warn  - 9:34:48 PM] (589) Skipping recursive symlink "/root/home/Downloads/catkin_ws/catkin_ws/src/catkin_simple/test/scenarios/hello_world/catkin_simple/test" -> "/root/home/Downloads/catkin_ws/catkin_ws/src/catkin_simple/test"
2023-10-09 21:34:48.496 [info] [Warn  - 9:34:48 PM] (589) Skipping recursive symlink "/root/home/Downloads/catkin_ws2/src/catkin_simple/test/scenarios/hello_world/catkin_simple/test" -> "/root/home/Downloads/catkin_ws2/src/catkin_simple/test"
2023-10-09 21:34:48.670 [info] [Info  - 9:34:48 PM] (589) Found 1516 source files
2023-10-09 21:37:29.867 [info] [Warn  - 9:37:29 PM] (589) Skipping recursive symlink "/root/home/Downloads/catkin_ws/catkin_ws/src/catkin_simple/test/scenarios/hello_world/catkin_simple/test" -> "/root/home/Downloads/catkin_ws/catkin_ws/src/catkin_simple/test"
2023-10-09 21:37:30.191 [info] [Warn  - 9:37:30 PM] (589) Skipping recursive symlink "/root/home/Downloads/catkin_ws2/src/catkin_simple/test/scenarios/hello_world/catkin_simple/test" -> "/root/home/Downloads/catkin_ws2/src/catkin_simple/test"
2023-10-09 21:37:30.374 [info] [Info  - 9:37:30 PM] (589) Found 1516 source files
2023-10-09 21:39:21.168 [info] [Warn  - 9:39:21 PM] (589) Skipping recursive symlink "/root/home/Downloads/catkin_ws/catkin_ws/src/catkin_simple/test/scenarios/hello_world/catkin_simple/test" -> "/root/home/Downloads/catkin_ws/catkin_ws/src/catkin_simple/test"
2023-10-09 21:39:21.497 [info] [Warn  - 9:39:21 PM] (589) Skipping recursive symlink "/root/home/Downloads/catkin_ws2/src/catkin_simple/test/scenarios/hello_world/catkin_simple/test" -> "/root/home/Downloads/catkin_ws2/src/catkin_simple/test"
2023-10-09 21:39:21.688 [info] [Info  - 9:39:21 PM] (589) Found 1516 source files
2023-10-09 21:40:03.042 [info] [Warn  - 9:40:03 PM] (589) Skipping recursive symlink "/root/home/Downloads/catkin_ws/catkin_ws/src/catkin_simple/test/scenarios/hello_world/catkin_simple/test" -> "/root/home/Downloads/catkin_ws/catkin_ws/src/catkin_simple/test"
2023-10-09 21:40:03.353 [info] [Warn  - 9:40:03 PM] (589) Skipping recursive symlink "/root/home/Downloads/catkin_ws2/src/catkin_simple/test/scenarios/hello_world/catkin_simple/test" -> "/root/home/Downloads/catkin_ws2/src/catkin_simple/test"
2023-10-09 21:40:03.526 [info] [Info  - 9:40:03 PM] (589) Found 1516 source files
2023-10-09 21:42:59.015 [info] [Warn  - 9:42:59 PM] (589) Skipping recursive symlink "/root/home/Downloads/catkin_ws/catkin_ws/src/catkin_simple/test/scenarios/hello_world/catkin_simple/test" -> "/root/home/Downloads/catkin_ws/catkin_ws/src/catkin_simple/test"
2023-10-09 21:42:59.346 [info] [Warn  - 9:42:59 PM] (589) Skipping recursive symlink "/root/home/Downloads/catkin_ws2/src/catkin_simple/test/scenarios/hello_world/catkin_simple/test" -> "/root/home/Downloads/catkin_ws2/src/catkin_simple/test"
2023-10-09 21:42:59.534 [info] [Info  - 9:42:59 PM] (589) Found 1516 source files
2023-10-09 21:45:42.041 [info] [Warn  - 9:45:42 PM] (589) Skipping recursive symlink "/root/home/Downloads/catkin_ws/catkin_ws/src/catkin_simple/test/scenarios/hello_world/catkin_simple/test" -> "/root/home/Downloads/catkin_ws/catkin_ws/src/catkin_simple/test"
2023-10-09 21:45:42.375 [info] [Warn  - 9:45:42 PM] (589) Skipping recursive symlink "/root/home/Downloads/catkin_ws2/src/catkin_simple/test/scenarios/hello_world/catkin_simple/test" -> "/root/home/Downloads/catkin_ws2/src/catkin_simple/test"
2023-10-09 21:45:42.561 [info] [Info  - 9:45:42 PM] (589) Found 1516 source files
2023-10-09 21:46:21.858 [info] [Warn  - 9:46:21 PM] (589) Skipping recursive symlink "/root/home/Downloads/catkin_ws/catkin_ws/src/catkin_simple/test/scenarios/hello_world/catkin_simple/test" -> "/root/home/Downloads/catkin_ws/catkin_ws/src/catkin_simple/test"
2023-10-09 21:46:22.184 [info] [Warn  - 9:46:22 PM] (589) Skipping recursive symlink "/root/home/Downloads/catkin_ws2/src/catkin_simple/test/scenarios/hello_world/catkin_simple/test" -> "/root/home/Downloads/catkin_ws2/src/catkin_simple/test"
2023-10-09 21:46:22.368 [info] [Info  - 9:46:22 PM] (589) Found 1516 source files
2023-10-09 21:50:22.323 [info] [Warn  - 9:50:22 PM] (589) Skipping recursive symlink "/root/home/Downloads/catkin_ws/catkin_ws/src/catkin_simple/test/scenarios/hello_world/catkin_simple/test" -> "/root/home/Downloads/catkin_ws/catkin_ws/src/catkin_simple/test"
2023-10-09 21:50:22.639 [info] [Warn  - 9:50:22 PM] (589) Skipping recursive symlink "/root/home/Downloads/catkin_ws2/src/catkin_simple/test/scenarios/hello_world/catkin_simple/test" -> "/root/home/Downloads/catkin_ws2/src/catkin_simple/test"
2023-10-09 21:50:22.814 [info] [Info  - 9:50:22 PM] (589) Found 1516 source files
2023-10-09 21:54:00.692 [info] [Warn  - 9:54:00 PM] (589) Skipping recursive symlink "/root/home/Downloads/catkin_ws/catkin_ws/src/catkin_simple/test/scenarios/hello_world/catkin_simple/test" -> "/root/home/Downloads/catkin_ws/catkin_ws/src/catkin_simple/test"
2023-10-09 21:54:00.998 [info] [Warn  - 9:54:00 PM] (589) Skipping recursive symlink "/root/home/Downloads/catkin_ws2/src/catkin_simple/test/scenarios/hello_world/catkin_simple/test" -> "/root/home/Downloads/catkin_ws2/src/catkin_simple/test"
2023-10-09 21:54:01.175 [info] [Info  - 9:54:01 PM] (589) Found 1516 source files
2023-10-09 21:54:49.209 [info] [Warn  - 9:54:49 PM] (589) Skipping recursive symlink "/root/home/Downloads/catkin_ws/catkin_ws/src/catkin_simple/test/scenarios/hello_world/catkin_simple/test" -> "/root/home/Downloads/catkin_ws/catkin_ws/src/catkin_simple/test"
2023-10-09 21:54:49.530 [info] [Warn  - 9:54:49 PM] (589) Skipping recursive symlink "/root/home/Downloads/catkin_ws2/src/catkin_simple/test/scenarios/hello_world/catkin_simple/test" -> "/root/home/Downloads/catkin_ws2/src/catkin_simple/test"
2023-10-09 21:54:49.712 [info] [Info  - 9:54:49 PM] (589) Found 1516 source files
2023-10-09 21:58:04.186 [info] [Warn  - 9:58:04 PM] (589) Skipping recursive symlink "/root/home/Downloads/catkin_ws/catkin_ws/src/catkin_simple/test/scenarios/hello_world/catkin_simple/test" -> "/root/home/Downloads/catkin_ws/catkin_ws/src/catkin_simple/test"
2023-10-09 21:58:04.502 [info] [Warn  - 9:58:04 PM] (589) Skipping recursive symlink "/root/home/Downloads/catkin_ws2/src/catkin_simple/test/scenarios/hello_world/catkin_simple/test" -> "/root/home/Downloads/catkin_ws2/src/catkin_simple/test"
2023-10-09 21:58:04.685 [info] [Info  - 9:58:04 PM] (589) Found 1516 source files
2023-10-09 22:09:17.711 [info] [Warn  - 10:09:17 PM] (589) Skipping recursive symlink "/root/home/Downloads/catkin_ws/catkin_ws/src/catkin_simple/test/scenarios/hello_world/catkin_simple/test" -> "/root/home/Downloads/catkin_ws/catkin_ws/src/catkin_simple/test"
2023-10-09 22:09:18.034 [info] [Warn  - 10:09:18 PM] (589) Skipping recursive symlink "/root/home/Downloads/catkin_ws2/src/catkin_simple/test/scenarios/hello_world/catkin_simple/test" -> "/root/home/Downloads/catkin_ws2/src/catkin_simple/test"
2023-10-09 22:09:18.224 [info] [Info  - 10:09:18 PM] (589) Found 1516 source files
