[0.819s] Invoking command in '/root/ros2_ws/src/nav2_gps_waypoint_follower_demo': PYTHONPATH=/root/ros2_ws/build/nav2_gps_waypoint_follower_demo/prefix_override:/root/ros2_ws/install/nav2_gps_waypoint_follower_demo/lib/python3.8/site-packages:${PYTHONPATH} /usr/bin/python3 setup.py egg_info --egg-base ../../build/nav2_gps_waypoint_follower_demo build --build-base /root/ros2_ws/build/nav2_gps_waypoint_follower_demo/build install --record /root/ros2_ws/build/nav2_gps_waypoint_follower_demo/install.log --single-version-externally-managed
[0.955s] running egg_info
[1.026s] writing ../../build/nav2_gps_waypoint_follower_demo/nav2_gps_waypoint_follower_demo.egg-info/PKG-INFO
[1.026s] writing dependency_links to ../../build/nav2_gps_waypoint_follower_demo/nav2_gps_waypoint_follower_demo.egg-info/dependency_links.txt
[1.026s] writing entry points to ../../build/nav2_gps_waypoint_follower_demo/nav2_gps_waypoint_follower_demo.egg-info/entry_points.txt
[1.026s] writing requirements to ../../build/nav2_gps_waypoint_follower_demo/nav2_gps_waypoint_follower_demo.egg-info/requires.txt
[1.026s] writing top-level names to ../../build/nav2_gps_waypoint_follower_demo/nav2_gps_waypoint_follower_demo.egg-info/top_level.txt
[1.046s] reading manifest file '../../build/nav2_gps_waypoint_follower_demo/nav2_gps_waypoint_follower_demo.egg-info/SOURCES.txt'
[1.046s] writing manifest file '../../build/nav2_gps_waypoint_follower_demo/nav2_gps_waypoint_follower_demo.egg-info/SOURCES.txt'
[1.046s] running build
[1.046s] running build_py
[1.047s] copying nav2_gps_waypoint_follower_demo/woowa_planning.py -> /root/ros2_ws/build/nav2_gps_waypoint_follower_demo/build/lib/nav2_gps_waypoint_follower_demo
[1.047s] running install
[1.048s] /usr/local/lib/python3.8/dist-packages/setuptools/_distutils/cmd.py:66: SetuptoolsDeprecationWarning: setup.py install is deprecated.
[1.048s] !!
[1.048s] 
[1.048s]         ********************************************************************************
[1.048s]         Please avoid running ``setup.py`` directly.
[1.048s]         Instead, use pypa/build, pypa/installer or other
[1.048s]         standards-based tools.
[1.048s] 
[1.048s]         See https://blog.ganssle.io/articles/2021/10/setup-py-deprecated.html for details.
[1.048s]         ********************************************************************************
[1.048s] 
[1.048s] !!
[1.048s]   self.initialize_options()
[1.050s] running install_lib
[1.057s] copying /root/ros2_ws/build/nav2_gps_waypoint_follower_demo/build/lib/nav2_gps_waypoint_follower_demo/woowa_planning.py -> /root/ros2_ws/install/nav2_gps_waypoint_follower_demo/lib/python3.8/site-packages/nav2_gps_waypoint_follower_demo
[1.058s] byte-compiling /root/ros2_ws/install/nav2_gps_waypoint_follower_demo/lib/python3.8/site-packages/nav2_gps_waypoint_follower_demo/woowa_planning.py to woowa_planning.cpython-38.pyc
[1.058s] running install_data
[1.066s] running install_egg_info
[1.077s] removing '/root/ros2_ws/install/nav2_gps_waypoint_follower_demo/lib/python3.8/site-packages/nav2_gps_waypoint_follower_demo-0.0.1-py3.8.egg-info' (and everything under it)
[1.077s] Copying ../../build/nav2_gps_waypoint_follower_demo/nav2_gps_waypoint_follower_demo.egg-info to /root/ros2_ws/install/nav2_gps_waypoint_follower_demo/lib/python3.8/site-packages/nav2_gps_waypoint_follower_demo-0.0.1-py3.8.egg-info
[1.078s] running install_scripts
[1.103s] Installing gps_waypoint_logger script to /root/ros2_ws/install/nav2_gps_waypoint_follower_demo/lib/nav2_gps_waypoint_follower_demo
[1.103s] Installing interactive_waypoint_follower script to /root/ros2_ws/install/nav2_gps_waypoint_follower_demo/lib/nav2_gps_waypoint_follower_demo
[1.103s] Installing logged_waypoint_follower script to /root/ros2_ws/install/nav2_gps_waypoint_follower_demo/lib/nav2_gps_waypoint_follower_demo
[1.103s] Installing woowa_planning script to /root/ros2_ws/install/nav2_gps_waypoint_follower_demo/lib/nav2_gps_waypoint_follower_demo
[1.104s] writing list of installed files to '/root/ros2_ws/build/nav2_gps_waypoint_follower_demo/install.log'
[1.118s] Invoked command in '/root/ros2_ws/src/nav2_gps_waypoint_follower_demo' returned '0': PYTHONPATH=/root/ros2_ws/build/nav2_gps_waypoint_follower_demo/prefix_override:/root/ros2_ws/install/nav2_gps_waypoint_follower_demo/lib/python3.8/site-packages:${PYTHONPATH} /usr/bin/python3 setup.py egg_info --egg-base ../../build/nav2_gps_waypoint_follower_demo build --build-base /root/ros2_ws/build/nav2_gps_waypoint_follower_demo/build install --record /root/ros2_ws/build/nav2_gps_waypoint_follower_demo/install.log --single-version-externally-managed
