[0.286s] Invoking command in '/root/ros2_ws/build/sam_bot_description': CMAKE_PREFIX_PATH=${CMAKE_PREFIX_PATH}:/root/ros2_ws/install/sensors:/root/ros2_ws/install/nav2_gps_waypoint_follower_demo:/opt/ros/galactic /usr/bin/cmake --build /root/ros2_ws/build/sam_bot_description -- -j24 -l24
[0.486s] Invoked command in '/root/ros2_ws/build/sam_bot_description' returned '0': CMAKE_PREFIX_PATH=${CMAKE_PREFIX_PATH}:/root/ros2_ws/install/sensors:/root/ros2_ws/install/nav2_gps_waypoint_follower_demo:/opt/ros/galactic /usr/bin/cmake --build /root/ros2_ws/build/sam_bot_description -- -j24 -l24
[0.519s] Invoking command in '/root/ros2_ws/build/sam_bot_description': CMAKE_PREFIX_PATH=${CMAKE_PREFIX_PATH}:/root/ros2_ws/install/sensors:/root/ros2_ws/install/nav2_gps_waypoint_follower_demo:/opt/ros/galactic /usr/bin/cmake --install /root/ros2_ws/build/sam_bot_description
[0.526s] -- Install configuration: ""
[0.527s] -- Up-to-date: /root/ros2_ws/install/sam_bot_description/share/sam_bot_description/src
[0.528s] -- Up-to-date: /root/ros2_ws/install/sam_bot_description/share/sam_bot_description/src/description
[0.529s] -- Up-to-date: /root/ros2_ws/install/sam_bot_description/share/sam_bot_description/src/description/woowa.urdf
[0.530s] -- Up-to-date: /root/ros2_ws/install/sam_bot_description/share/sam_bot_description/launch
[0.530s] -- Up-to-date: /root/ros2_ws/install/sam_bot_description/share/sam_bot_description/launch/display.launch.py
[0.530s] -- Up-to-date: /root/ros2_ws/install/sam_bot_description/share/sam_bot_description/launch/__pycache__
[0.530s] -- Up-to-date: /root/ros2_ws/install/sam_bot_description/share/sam_bot_description/launch/__pycache__/display.launch.cpython-38.pyc
[0.530s] -- Up-to-date: /root/ros2_ws/install/sam_bot_description/share/sam_bot_description/rviz
[0.530s] -- Up-to-date: /root/ros2_ws/install/sam_bot_description/share/sam_bot_description/rviz/urdf_config.rviz
[0.531s] -- Up-to-date: /root/ros2_ws/install/sam_bot_description/share/sam_bot_description/config
[0.532s] -- Up-to-date: /root/ros2_ws/install/sam_bot_description/share/sam_bot_description/config/ekf.yaml
[0.532s] -- Up-to-date: /root/ros2_ws/install/sam_bot_description/share/ament_index/resource_index/package_run_dependencies/sam_bot_description
[0.533s] -- Up-to-date: /root/ros2_ws/install/sam_bot_description/share/ament_index/resource_index/parent_prefix_path/sam_bot_description
[0.534s] -- Up-to-date: /root/ros2_ws/install/sam_bot_description/share/sam_bot_description/environment/ament_prefix_path.sh
[0.534s] -- Up-to-date: /root/ros2_ws/install/sam_bot_description/share/sam_bot_description/environment/ament_prefix_path.dsv
[0.535s] -- Up-to-date: /root/ros2_ws/install/sam_bot_description/share/sam_bot_description/environment/path.sh
[0.535s] -- Up-to-date: /root/ros2_ws/install/sam_bot_description/share/sam_bot_description/environment/path.dsv
[0.536s] -- Up-to-date: /root/ros2_ws/install/sam_bot_description/share/sam_bot_description/local_setup.bash
[0.536s] -- Up-to-date: /root/ros2_ws/install/sam_bot_description/share/sam_bot_description/local_setup.sh
[0.537s] -- Up-to-date: /root/ros2_ws/install/sam_bot_description/share/sam_bot_description/local_setup.zsh
[0.537s] -- Up-to-date: /root/ros2_ws/install/sam_bot_description/share/sam_bot_description/local_setup.dsv
[0.538s] -- Installing: /root/ros2_ws/install/sam_bot_description/share/sam_bot_description/package.dsv
[0.538s] -- Up-to-date: /root/ros2_ws/install/sam_bot_description/share/ament_index/resource_index/packages/sam_bot_description
[0.539s] -- Up-to-date: /root/ros2_ws/install/sam_bot_description/share/sam_bot_description/cmake/sam_bot_descriptionConfig.cmake
[0.539s] -- Up-to-date: /root/ros2_ws/install/sam_bot_description/share/sam_bot_description/cmake/sam_bot_descriptionConfig-version.cmake
[0.540s] -- Up-to-date: /root/ros2_ws/install/sam_bot_description/share/sam_bot_description/package.xml
[0.541s] Invoked command in '/root/ros2_ws/build/sam_bot_description' returned '0': CMAKE_PREFIX_PATH=${CMAKE_PREFIX_PATH}:/root/ros2_ws/install/sensors:/root/ros2_ws/install/nav2_gps_waypoint_follower_demo:/opt/ros/galactic /usr/bin/cmake --install /root/ros2_ws/build/sam_bot_description
