[0.204s] Invoking command in '/root/ros2_ws/build/sam_bot_description': CMAKE_PREFIX_PATH=/root/ros2_ws/install/sam_bot_description:/root/ros2_ws/install/nav2_msgs:/root/ros2_ws/install/sensors:/root/ros2_ws/install/nav2_simple_commander:/root/ros2_ws/install/nav2_gps_waypoint_follower_demo:/opt/ros/galactic:/root/catkin_ws/devel:/opt/ros/noetic /usr/bin/cmake /root/ros2_ws/src/sam_bot_description -DCMAKE_INSTALL_PREFIX=/root/ros2_ws/install/sam_bot_description
[0.233s] -- The C compiler identification is GNU 9.4.0
[0.260s] -- The CXX compiler identification is GNU 9.4.0
[0.262s] -- Check for working C compiler: /usr/bin/cc
[0.299s] -- Check for working C compiler: /usr/bin/cc -- works
[0.299s] -- Detecting C compiler ABI info
[0.337s] -- Detecting C compiler ABI info - done
[0.342s] -- Detecting C compile features
[0.342s] -- Detecting C compile features - done
[0.343s] -- Check for working CXX compiler: /usr/bin/c++
[0.384s] -- Check for working CXX compiler: /usr/bin/c++ -- works
[0.385s] -- Detecting CXX compiler ABI info
[0.427s] -- Detecting CXX compiler ABI info - done
[0.434s] -- Detecting CXX compile features
[0.434s] -- Detecting CXX compile features - done
[0.435s] -- Found ament_cmake: 1.1.6 (/opt/ros/galactic/share/ament_cmake/cmake)
[0.449s] -- Found PythonInterp: /usr/bin/python3 (found suitable version "3.8.10", minimum required is "3") 
[0.449s] -- Using PYTHON_EXECUTABLE: /usr/bin/python3
[0.492s] -- Found ament_lint_auto: 0.10.7 (/opt/ros/galactic/share/ament_lint_auto/cmake)
[0.536s] -- Added test 'copyright' to check source files copyright and LICENSE
[0.538s] -- Added test 'flake8' to check Python code syntax and style conventions
[0.538s] -- Added test 'lint_cmake' to check CMake code style
[0.539s] -- Added test 'pep257' to check Python code against some of the style conventions in PEP 257
[0.539s] -- Added test 'xmllint' to check XML markup files
[0.541s] -- Configuring done
[0.541s] -- Generating done
[0.542s] -- Build files have been written to: /root/ros2_ws/build/sam_bot_description
[0.544s] Invoked command in '/root/ros2_ws/build/sam_bot_description' returned '0': CMAKE_PREFIX_PATH=/root/ros2_ws/install/sam_bot_description:/root/ros2_ws/install/nav2_msgs:/root/ros2_ws/install/sensors:/root/ros2_ws/install/nav2_simple_commander:/root/ros2_ws/install/nav2_gps_waypoint_follower_demo:/opt/ros/galactic:/root/catkin_ws/devel:/opt/ros/noetic /usr/bin/cmake /root/ros2_ws/src/sam_bot_description -DCMAKE_INSTALL_PREFIX=/root/ros2_ws/install/sam_bot_description
[0.546s] Invoking command in '/root/ros2_ws/build/sam_bot_description': CMAKE_PREFIX_PATH=/root/ros2_ws/install/sam_bot_description:/root/ros2_ws/install/nav2_msgs:/root/ros2_ws/install/sensors:/root/ros2_ws/install/nav2_simple_commander:/root/ros2_ws/install/nav2_gps_waypoint_follower_demo:/opt/ros/galactic:/root/catkin_ws/devel:/opt/ros/noetic /usr/bin/cmake --build /root/ros2_ws/build/sam_bot_description -- -j24 -l24
[0.567s] Invoked command in '/root/ros2_ws/build/sam_bot_description' returned '0': CMAKE_PREFIX_PATH=/root/ros2_ws/install/sam_bot_description:/root/ros2_ws/install/nav2_msgs:/root/ros2_ws/install/sensors:/root/ros2_ws/install/nav2_simple_commander:/root/ros2_ws/install/nav2_gps_waypoint_follower_demo:/opt/ros/galactic:/root/catkin_ws/devel:/opt/ros/noetic /usr/bin/cmake --build /root/ros2_ws/build/sam_bot_description -- -j24 -l24
[0.586s] Invoking command in '/root/ros2_ws/build/sam_bot_description': CMAKE_PREFIX_PATH=/root/ros2_ws/install/sam_bot_description:/root/ros2_ws/install/nav2_msgs:/root/ros2_ws/install/sensors:/root/ros2_ws/install/nav2_simple_commander:/root/ros2_ws/install/nav2_gps_waypoint_follower_demo:/opt/ros/galactic:/root/catkin_ws/devel:/opt/ros/noetic /usr/bin/cmake --install /root/ros2_ws/build/sam_bot_description
[0.591s] -- Install configuration: ""
[0.591s] -- Installing: /root/ros2_ws/install/sam_bot_description/share/sam_bot_description/src
[0.591s] -- Installing: /root/ros2_ws/install/sam_bot_description/share/sam_bot_description/src/description
[0.591s] -- Installing: /root/ros2_ws/install/sam_bot_description/share/sam_bot_description/src/description/woowa.urdf
[0.591s] -- Installing: /root/ros2_ws/install/sam_bot_description/share/sam_bot_description/launch
[0.591s] -- Installing: /root/ros2_ws/install/sam_bot_description/share/sam_bot_description/launch/display.launch.py
[0.591s] -- Installing: /root/ros2_ws/install/sam_bot_description/share/sam_bot_description/rviz
[0.591s] -- Installing: /root/ros2_ws/install/sam_bot_description/share/sam_bot_description/rviz/urdf_config.rviz
[0.591s] -- Installing: /root/ros2_ws/install/sam_bot_description/share/sam_bot_description/config
[0.591s] -- Installing: /root/ros2_ws/install/sam_bot_description/share/sam_bot_description/config/ekf.yaml
[0.592s] -- Installing: /root/ros2_ws/install/sam_bot_description/share/ament_index/resource_index/package_run_dependencies/sam_bot_description
[0.592s] -- Installing: /root/ros2_ws/install/sam_bot_description/share/ament_index/resource_index/parent_prefix_path/sam_bot_description
[0.592s] -- Installing: /root/ros2_ws/install/sam_bot_description/share/sam_bot_description/environment/ament_prefix_path.sh
[0.592s] -- Installing: /root/ros2_ws/install/sam_bot_description/share/sam_bot_description/environment/ament_prefix_path.dsv
[0.592s] -- Installing: /root/ros2_ws/install/sam_bot_description/share/sam_bot_description/environment/path.sh
[0.592s] -- Installing: /root/ros2_ws/install/sam_bot_description/share/sam_bot_description/environment/path.dsv
[0.592s] -- Installing: /root/ros2_ws/install/sam_bot_description/share/sam_bot_description/local_setup.bash
[0.592s] -- Installing: /root/ros2_ws/install/sam_bot_description/share/sam_bot_description/local_setup.sh
[0.592s] -- Installing: /root/ros2_ws/install/sam_bot_description/share/sam_bot_description/local_setup.zsh
[0.592s] -- Installing: /root/ros2_ws/install/sam_bot_description/share/sam_bot_description/local_setup.dsv
[0.592s] -- Installing: /root/ros2_ws/install/sam_bot_description/share/sam_bot_description/package.dsv
[0.592s] -- Installing: /root/ros2_ws/install/sam_bot_description/share/ament_index/resource_index/packages/sam_bot_description
[0.592s] -- Installing: /root/ros2_ws/install/sam_bot_description/share/sam_bot_description/cmake/sam_bot_descriptionConfig.cmake
[0.592s] -- Installing: /root/ros2_ws/install/sam_bot_description/share/sam_bot_description/cmake/sam_bot_descriptionConfig-version.cmake
[0.592s] -- Installing: /root/ros2_ws/install/sam_bot_description/share/sam_bot_description/package.xml
[0.593s] Invoked command in '/root/ros2_ws/build/sam_bot_description' returned '0': CMAKE_PREFIX_PATH=/root/ros2_ws/install/sam_bot_description:/root/ros2_ws/install/nav2_msgs:/root/ros2_ws/install/sensors:/root/ros2_ws/install/nav2_simple_commander:/root/ros2_ws/install/nav2_gps_waypoint_follower_demo:/opt/ros/galactic:/root/catkin_ws/devel:/opt/ros/noetic /usr/bin/cmake --install /root/ros2_ws/build/sam_bot_description
