2023-10-09 03:30:01.816 [info] Extension host with pid 1101781 started
2023-10-09 03:30:01.824 [info] Lock '/root/.vscode-server/data/User/workspaceStorage/3d324eb9e6be27c3098238e5af1b593f/vscode.lock': Lock acquired.
2023-10-09 03:30:01.927 [info] ExtensionService#_doActivateExtension ms-python.python, startup: false, activationEvent: 'onLanguage:python'
2023-10-09 03:30:01.927 [info] ExtensionService#_doActivateExtension vscode.emmet, startup: false, activationEvent: 'onLanguage'
2023-10-09 03:30:01.927 [info] ExtensionService#_doActivateExtension vscode.extension-editing, startup: false, activationEvent: 'onLanguage:json'
2023-10-09 03:30:01.927 [info] ExtensionService#_doActivateExtension vscode.json-language-features, startup: false, activationEvent: 'onLanguage:json'
2023-10-09 03:30:01.927 [info] ExtensionService#_doActivateExtension vscode.npm, startup: false, activationEvent: 'onLanguage:json'
2023-10-09 03:30:02.215 [info] ExtensionService#_doActivateExtension ms-python.vscode-pylance, startup: false, activationEvent: 'onLanguage:python'
2023-10-09 03:30:02.735 [info] ExtensionService#_doActivateExtension vscode.git-base, startup: true, activationEvent: '*', root cause: vscode.git
2023-10-09 03:30:02.946 [info] ExtensionService#_doActivateExtension vscode.git, startup: true, activationEvent: '*'
2023-10-09 03:30:02.946 [info] ExtensionService#_doActivateExtension vscode.github, startup: true, activationEvent: '*'
2023-10-09 03:30:03.022 [info] Eager extensions activated
2023-10-09 03:30:03.022 [info] ExtensionService#_doActivateExtension vscode.debug-auto-launch, startup: false, activationEvent: 'onStartupFinished'
2023-10-09 03:30:03.022 [info] ExtensionService#_doActivateExtension vscode.merge-conflict, startup: false, activationEvent: 'onStartupFinished'
2023-10-09 03:30:04.197 [info] ExtensionService#_doActivateExtension vscode.tunnel-forwarding, startup: false, activationEvent: 'onTunnel'
2023-10-09 03:41:16.387 [error] [ms-python.python] provider FAILED
2023-10-09 03:41:16.387 [error] TypeError: Cannot read properties of undefined (reading 'data')
	at /root/.vscode-server/extensions/ms-python.vscode-pylance-2023.10.10/dist/extension.bundle.js:1:72077
	at _0x552b27 (/root/.vscode-server/extensions/ms-python.vscode-pylance-2023.10.10/dist/extension.bundle.js:1:83897)
	at async pe.provideCompletionItems (/root/.vscode-server/bin/abd2f3db4bdb28f9e95536dfa84d8479f1eb312d/out/vs/workbench/api/node/extensionHostProcess.js:110:51158)
2023-10-09 06:21:07.513 [error] [ms-python.python] provider FAILED
2023-10-09 06:21:07.513 [error] TypeError: Cannot read properties of undefined (reading 'data')
	at /root/.vscode-server/extensions/ms-python.vscode-pylance-2023.10.10/dist/extension.bundle.js:1:72077
	at _0x552b27 (/root/.vscode-server/extensions/ms-python.vscode-pylance-2023.10.10/dist/extension.bundle.js:1:83897)
	at async pe.provideCompletionItems (/root/.vscode-server/bin/abd2f3db4bdb28f9e95536dfa84d8479f1eb312d/out/vs/workbench/api/node/extensionHostProcess.js:110:51158)
