[2.737s] DEBUG:colcon:Command line arguments: ['/usr/bin/colcon', 'build']
[2.737s] DEBUG:colcon:Parsed command line arguments: Namespace(allow_overriding=[], ament_cmake_args=None, base_paths=['.'], build_base='build', catkin_cmake_args=None, catkin_skip_building_tests=False, cmake_args=None, cmake_clean_cache=False, cmake_clean_first=False, cmake_force_configure=False, cmake_target=None, cmake_target_skip_unavailable=False, continue_on_error=False, event_handlers=None, executor='parallel', ignore_user_meta=False, install_base='install', log_base=None, log_level=None, main=<bound method BuildVerb.main of <colcon_core.verb.build.BuildVerb object at 0x7fc0a60da2e0>>, merge_install=False, metas=['./colcon.meta'], packages_above=None, packages_above_and_dependencies=None, packages_above_depth=None, packages_end=None, packages_ignore=None, packages_ignore_regex=None, packages_select=None, packages_select_build_failed=False, packages_select_by_dep=None, packages_select_regex=None, packages_select_test_failures=False, packages_skip=None, packages_skip_build_finished=False, packages_skip_by_dep=None, packages_skip_regex=None, packages_skip_test_passed=False, packages_skip_up_to=None, packages_start=None, packages_up_to=None, packages_up_to_regex=None, parallel_workers=24, paths=None, symlink_install=False, test_result_base=None, verb_extension=<colcon_core.verb.build.BuildVerb object at 0x7fc0a60da2e0>, verb_name='build', verb_parser=<colcon_defaults.argument_parser.defaults.DefaultArgumentsDecorator object at 0x7fc0a6092730>)
[2.858s] Level 1:colcon.colcon_core.package_discovery:discover_packages(colcon_meta) check parameters
[2.859s] Level 1:colcon.colcon_core.package_discovery:discover_packages(recursive) check parameters
[2.859s] Level 1:colcon.colcon_core.package_discovery:discover_packages(ignore) check parameters
[2.859s] Level 1:colcon.colcon_core.package_discovery:discover_packages(path) check parameters
[2.859s] Level 1:colcon.colcon_core.package_discovery:discover_packages(colcon_meta) discover
[2.859s] Level 1:colcon.colcon_core.package_discovery:discover_packages(recursive) discover
[2.859s] INFO:colcon.colcon_core.package_discovery:Crawling recursively for packages in '/root/ros2_ws'
[2.859s] Level 1:colcon.colcon_core.package_identification:_identify(.) by extensions ['ignore', 'ignore_ament_install']
[2.859s] Level 1:colcon.colcon_core.package_identification:_identify(.) by extension 'ignore'
[2.859s] Level 1:colcon.colcon_core.package_identification:_identify(.) by extension 'ignore_ament_install'
[2.859s] Level 1:colcon.colcon_core.package_identification:_identify(.) by extensions ['colcon_pkg']
[2.859s] Level 1:colcon.colcon_core.package_identification:_identify(.) by extension 'colcon_pkg'
[2.859s] Level 1:colcon.colcon_core.package_identification:_identify(.) by extensions ['colcon_meta']
[2.860s] Level 1:colcon.colcon_core.package_identification:_identify(.) by extension 'colcon_meta'
[2.860s] Level 1:colcon.colcon_core.package_identification:_identify(.) by extensions ['ros']
[2.860s] Level 1:colcon.colcon_core.package_identification:_identify(.) by extension 'ros'
[2.876s] Level 1:colcon.colcon_core.package_identification:_identify(.) by extensions ['cmake', 'python']
[2.876s] Level 1:colcon.colcon_core.package_identification:_identify(.) by extension 'cmake'
[2.876s] Level 1:colcon.colcon_core.package_identification:_identify(.) by extension 'python'
[2.876s] Level 1:colcon.colcon_core.package_identification:_identify(.) by extensions ['python_setup_py']
[2.876s] Level 1:colcon.colcon_core.package_identification:_identify(.) by extension 'python_setup_py'
[2.876s] Level 1:colcon.colcon_core.package_identification:_identify(build) by extensions ['ignore', 'ignore_ament_install']
[2.876s] Level 1:colcon.colcon_core.package_identification:_identify(build) by extension 'ignore'
[2.876s] Level 1:colcon.colcon_core.package_identification:_identify(build) ignored
[2.877s] Level 1:colcon.colcon_core.package_identification:_identify(install) by extensions ['ignore', 'ignore_ament_install']
[2.877s] Level 1:colcon.colcon_core.package_identification:_identify(install) by extension 'ignore'
[2.877s] Level 1:colcon.colcon_core.package_identification:_identify(install) ignored
[2.877s] Level 1:colcon.colcon_core.package_identification:_identify(log) by extensions ['ignore', 'ignore_ament_install']
[2.877s] Level 1:colcon.colcon_core.package_identification:_identify(log) by extension 'ignore'
[2.877s] Level 1:colcon.colcon_core.package_identification:_identify(log) ignored
[2.877s] Level 1:colcon.colcon_core.package_identification:_identify(src) by extensions ['ignore', 'ignore_ament_install']
[2.877s] Level 1:colcon.colcon_core.package_identification:_identify(src) by extension 'ignore'
[2.877s] Level 1:colcon.colcon_core.package_identification:_identify(src) by extension 'ignore_ament_install'
[2.877s] Level 1:colcon.colcon_core.package_identification:_identify(src) by extensions ['colcon_pkg']
[2.877s] Level 1:colcon.colcon_core.package_identification:_identify(src) by extension 'colcon_pkg'
[2.877s] Level 1:colcon.colcon_core.package_identification:_identify(src) by extensions ['colcon_meta']
[2.877s] Level 1:colcon.colcon_core.package_identification:_identify(src) by extension 'colcon_meta'
[2.877s] Level 1:colcon.colcon_core.package_identification:_identify(src) by extensions ['ros']
[2.877s] Level 1:colcon.colcon_core.package_identification:_identify(src) by extension 'ros'
[2.877s] Level 1:colcon.colcon_core.package_identification:_identify(src) by extensions ['cmake', 'python']
[2.877s] Level 1:colcon.colcon_core.package_identification:_identify(src) by extension 'cmake'
[2.878s] Level 1:colcon.colcon_core.package_identification:_identify(src) by extension 'python'
[2.878s] Level 1:colcon.colcon_core.package_identification:_identify(src) by extensions ['python_setup_py']
[2.878s] Level 1:colcon.colcon_core.package_identification:_identify(src) by extension 'python_setup_py'
[2.878s] Level 1:colcon.colcon_core.package_identification:_identify(src/nav2_gps_waypoint_follower_demo) by extensions ['ignore', 'ignore_ament_install']
[2.878s] Level 1:colcon.colcon_core.package_identification:_identify(src/nav2_gps_waypoint_follower_demo) by extension 'ignore'
[2.878s] Level 1:colcon.colcon_core.package_identification:_identify(src/nav2_gps_waypoint_follower_demo) by extension 'ignore_ament_install'
[2.878s] Level 1:colcon.colcon_core.package_identification:_identify(src/nav2_gps_waypoint_follower_demo) by extensions ['colcon_pkg']
[2.878s] Level 1:colcon.colcon_core.package_identification:_identify(src/nav2_gps_waypoint_follower_demo) by extension 'colcon_pkg'
[2.878s] Level 1:colcon.colcon_core.package_identification:_identify(src/nav2_gps_waypoint_follower_demo) by extensions ['colcon_meta']
[2.878s] Level 1:colcon.colcon_core.package_identification:_identify(src/nav2_gps_waypoint_follower_demo) by extension 'colcon_meta'
[2.878s] Level 1:colcon.colcon_core.package_identification:_identify(src/nav2_gps_waypoint_follower_demo) by extensions ['ros']
[2.878s] Level 1:colcon.colcon_core.package_identification:_identify(src/nav2_gps_waypoint_follower_demo) by extension 'ros'
[2.881s] DEBUG:colcon.colcon_core.package_identification:Package 'src/nav2_gps_waypoint_follower_demo' with type 'ros.ament_python' and name 'nav2_gps_waypoint_follower_demo'
[2.881s] Level 1:colcon.colcon_core.package_identification:_identify(src/sam_bot_description) by extensions ['ignore', 'ignore_ament_install']
[2.881s] Level 1:colcon.colcon_core.package_identification:_identify(src/sam_bot_description) by extension 'ignore'
[2.881s] Level 1:colcon.colcon_core.package_identification:_identify(src/sam_bot_description) by extension 'ignore_ament_install'
[2.882s] Level 1:colcon.colcon_core.package_identification:_identify(src/sam_bot_description) by extensions ['colcon_pkg']
[2.882s] Level 1:colcon.colcon_core.package_identification:_identify(src/sam_bot_description) by extension 'colcon_pkg'
[2.882s] Level 1:colcon.colcon_core.package_identification:_identify(src/sam_bot_description) by extensions ['colcon_meta']
[2.882s] Level 1:colcon.colcon_core.package_identification:_identify(src/sam_bot_description) by extension 'colcon_meta'
[2.882s] Level 1:colcon.colcon_core.package_identification:_identify(src/sam_bot_description) by extensions ['ros']
[2.882s] Level 1:colcon.colcon_core.package_identification:_identify(src/sam_bot_description) by extension 'ros'
[2.882s] DEBUG:colcon.colcon_core.package_identification:Package 'src/sam_bot_description' with type 'ros.ament_cmake' and name 'sam_bot_description'
[2.882s] Level 1:colcon.colcon_core.package_identification:_identify(src/sensors) by extensions ['ignore', 'ignore_ament_install']
[2.882s] Level 1:colcon.colcon_core.package_identification:_identify(src/sensors) by extension 'ignore'
[2.883s] Level 1:colcon.colcon_core.package_identification:_identify(src/sensors) by extension 'ignore_ament_install'
[2.883s] Level 1:colcon.colcon_core.package_identification:_identify(src/sensors) by extensions ['colcon_pkg']
[2.883s] Level 1:colcon.colcon_core.package_identification:_identify(src/sensors) by extension 'colcon_pkg'
[2.883s] Level 1:colcon.colcon_core.package_identification:_identify(src/sensors) by extensions ['colcon_meta']
[2.883s] Level 1:colcon.colcon_core.package_identification:_identify(src/sensors) by extension 'colcon_meta'
[2.883s] Level 1:colcon.colcon_core.package_identification:_identify(src/sensors) by extensions ['ros']
[2.883s] Level 1:colcon.colcon_core.package_identification:_identify(src/sensors) by extension 'ros'
[2.883s] DEBUG:colcon.colcon_core.package_identification:Package 'src/sensors' with type 'ros.ament_python' and name 'sensors'
[2.884s] Level 1:colcon.colcon_core.package_discovery:discover_packages(recursive) using defaults
[2.884s] Level 1:colcon.colcon_core.package_discovery:discover_packages(ignore) discover
[2.884s] Level 1:colcon.colcon_core.package_discovery:discover_packages(ignore) using defaults
[2.884s] Level 1:colcon.colcon_core.package_discovery:discover_packages(path) discover
[2.884s] Level 1:colcon.colcon_core.package_discovery:discover_packages(path) using defaults
[2.959s] Level 1:colcon.colcon_core.package_discovery:discover_packages(prefix_path) check parameters
[2.959s] Level 1:colcon.colcon_core.package_discovery:discover_packages(prefix_path) discover
[2.980s] DEBUG:colcon.colcon_installed_package_information.package_discovery:Found 3 installed packages in /root/ros2_ws/install
[2.990s] DEBUG:colcon.colcon_installed_package_information.package_discovery:Found 337 installed packages in /opt/ros/galactic
[3.016s] Level 1:colcon.colcon_core.package_discovery:discover_packages(prefix_path) using defaults
[3.089s] Level 5:colcon.colcon_core.verb:set package 'nav2_gps_waypoint_follower_demo' build argument 'cmake_args' from command line to 'None'
[3.089s] Level 5:colcon.colcon_core.verb:set package 'nav2_gps_waypoint_follower_demo' build argument 'cmake_target' from command line to 'None'
[3.089s] Level 5:colcon.colcon_core.verb:set package 'nav2_gps_waypoint_follower_demo' build argument 'cmake_target_skip_unavailable' from command line to 'False'
[3.089s] Level 5:colcon.colcon_core.verb:set package 'nav2_gps_waypoint_follower_demo' build argument 'cmake_clean_cache' from command line to 'False'
[3.089s] Level 5:colcon.colcon_core.verb:set package 'nav2_gps_waypoint_follower_demo' build argument 'cmake_clean_first' from command line to 'False'
[3.089s] Level 5:colcon.colcon_core.verb:set package 'nav2_gps_waypoint_follower_demo' build argument 'cmake_force_configure' from command line to 'False'
[3.089s] Level 5:colcon.colcon_core.verb:set package 'nav2_gps_waypoint_follower_demo' build argument 'ament_cmake_args' from command line to 'None'
[3.089s] Level 5:colcon.colcon_core.verb:set package 'nav2_gps_waypoint_follower_demo' build argument 'catkin_cmake_args' from command line to 'None'
[3.089s] Level 5:colcon.colcon_core.verb:set package 'nav2_gps_waypoint_follower_demo' build argument 'catkin_skip_building_tests' from command line to 'False'
[3.089s] DEBUG:colcon.colcon_core.verb:Building package 'nav2_gps_waypoint_follower_demo' with the following arguments: {'ament_cmake_args': None, 'build_base': '/root/ros2_ws/build/nav2_gps_waypoint_follower_demo', 'catkin_cmake_args': None, 'catkin_skip_building_tests': False, 'cmake_args': None, 'cmake_clean_cache': False, 'cmake_clean_first': False, 'cmake_force_configure': False, 'cmake_target': None, 'cmake_target_skip_unavailable': False, 'install_base': '/root/ros2_ws/install/nav2_gps_waypoint_follower_demo', 'merge_install': False, 'path': '/root/ros2_ws/src/nav2_gps_waypoint_follower_demo', 'symlink_install': False, 'test_result_base': None}
[3.099s] Level 5:colcon.colcon_core.verb:set package 'sam_bot_description' build argument 'cmake_args' from command line to 'None'
[3.099s] Level 5:colcon.colcon_core.verb:set package 'sam_bot_description' build argument 'cmake_target' from command line to 'None'
[3.099s] Level 5:colcon.colcon_core.verb:set package 'sam_bot_description' build argument 'cmake_target_skip_unavailable' from command line to 'False'
[3.099s] Level 5:colcon.colcon_core.verb:set package 'sam_bot_description' build argument 'cmake_clean_cache' from command line to 'False'
[3.099s] Level 5:colcon.colcon_core.verb:set package 'sam_bot_description' build argument 'cmake_clean_first' from command line to 'False'
[3.099s] Level 5:colcon.colcon_core.verb:set package 'sam_bot_description' build argument 'cmake_force_configure' from command line to 'False'
[3.099s] Level 5:colcon.colcon_core.verb:set package 'sam_bot_description' build argument 'ament_cmake_args' from command line to 'None'
[3.099s] Level 5:colcon.colcon_core.verb:set package 'sam_bot_description' build argument 'catkin_cmake_args' from command line to 'None'
[3.099s] Level 5:colcon.colcon_core.verb:set package 'sam_bot_description' build argument 'catkin_skip_building_tests' from command line to 'False'
[3.099s] DEBUG:colcon.colcon_core.verb:Building package 'sam_bot_description' with the following arguments: {'ament_cmake_args': None, 'build_base': '/root/ros2_ws/build/sam_bot_description', 'catkin_cmake_args': None, 'catkin_skip_building_tests': False, 'cmake_args': None, 'cmake_clean_cache': False, 'cmake_clean_first': False, 'cmake_force_configure': False, 'cmake_target': None, 'cmake_target_skip_unavailable': False, 'install_base': '/root/ros2_ws/install/sam_bot_description', 'merge_install': False, 'path': '/root/ros2_ws/src/sam_bot_description', 'symlink_install': False, 'test_result_base': None}
[3.110s] Level 5:colcon.colcon_core.verb:set package 'sensors' build argument 'cmake_args' from command line to 'None'
[3.110s] Level 5:colcon.colcon_core.verb:set package 'sensors' build argument 'cmake_target' from command line to 'None'
[3.110s] Level 5:colcon.colcon_core.verb:set package 'sensors' build argument 'cmake_target_skip_unavailable' from command line to 'False'
[3.110s] Level 5:colcon.colcon_core.verb:set package 'sensors' build argument 'cmake_clean_cache' from command line to 'False'
[3.110s] Level 5:colcon.colcon_core.verb:set package 'sensors' build argument 'cmake_clean_first' from command line to 'False'
[3.110s] Level 5:colcon.colcon_core.verb:set package 'sensors' build argument 'cmake_force_configure' from command line to 'False'
[3.110s] Level 5:colcon.colcon_core.verb:set package 'sensors' build argument 'ament_cmake_args' from command line to 'None'
[3.110s] Level 5:colcon.colcon_core.verb:set package 'sensors' build argument 'catkin_cmake_args' from command line to 'None'
[3.110s] Level 5:colcon.colcon_core.verb:set package 'sensors' build argument 'catkin_skip_building_tests' from command line to 'False'
[3.110s] DEBUG:colcon.colcon_core.verb:Building package 'sensors' with the following arguments: {'ament_cmake_args': None, 'build_base': '/root/ros2_ws/build/sensors', 'catkin_cmake_args': None, 'catkin_skip_building_tests': False, 'cmake_args': None, 'cmake_clean_cache': False, 'cmake_clean_first': False, 'cmake_force_configure': False, 'cmake_target': None, 'cmake_target_skip_unavailable': False, 'install_base': '/root/ros2_ws/install/sensors', 'merge_install': False, 'path': '/root/ros2_ws/src/sensors', 'symlink_install': False, 'test_result_base': None}
[3.122s] INFO:colcon.colcon_core.executor:Executing jobs using 'parallel' executor
[3.134s] DEBUG:colcon.colcon_parallel_executor.executor.parallel:run_until_complete
[3.135s] INFO:colcon.colcon_ros.task.ament_python.build:Building ROS package in '/root/ros2_ws/src/nav2_gps_waypoint_follower_demo' with build type 'ament_python'
[3.135s] Level 1:colcon.colcon_core.shell:create_environment_hook('nav2_gps_waypoint_follower_demo', 'ament_prefix_path')
[3.151s] INFO:colcon.colcon_core.plugin_system:Skipping extension 'colcon_core.shell.bat': Not used on non-Windows systems
[3.152s] INFO:colcon.colcon_core.shell:Creating environment hook '/root/ros2_ws/install/nav2_gps_waypoint_follower_demo/share/nav2_gps_waypoint_follower_demo/hook/ament_prefix_path.ps1'
[3.152s] INFO:colcon.colcon_core.shell:Creating environment descriptor '/root/ros2_ws/install/nav2_gps_waypoint_follower_demo/share/nav2_gps_waypoint_follower_demo/hook/ament_prefix_path.dsv'
[3.153s] INFO:colcon.colcon_core.shell:Creating environment hook '/root/ros2_ws/install/nav2_gps_waypoint_follower_demo/share/nav2_gps_waypoint_follower_demo/hook/ament_prefix_path.sh'
[3.164s] INFO:colcon.colcon_core.shell:Skip shell extension 'powershell' for command environment: Not usable outside of PowerShell
[3.164s] DEBUG:colcon.colcon_core.shell:Skip shell extension 'dsv' for command environment
[3.220s] DEBUG:colcon.colcon_core.shell:Ignoring prefix path '/root/catkin_ws/devel'
[3.232s] DEBUG:colcon.colcon_core.shell:Ignoring prefix path '/opt/ros/noetic'
[3.236s] INFO:colcon.colcon_ros.task.ament_cmake.build:Building ROS package in '/root/ros2_ws/src/sam_bot_description' with build type 'ament_cmake'
[3.236s] INFO:colcon.colcon_cmake.task.cmake.build:Building CMake package in '/root/ros2_ws/src/sam_bot_description'
[3.250s] INFO:colcon.colcon_core.shell:Skip shell extension 'powershell' for command environment: Not usable outside of PowerShell
[3.250s] DEBUG:colcon.colcon_core.shell:Skip shell extension 'dsv' for command environment
[3.296s] DEBUG:colcon.colcon_core.shell:Ignoring prefix path '/root/catkin_ws/devel'
[3.307s] DEBUG:colcon.colcon_core.shell:Ignoring prefix path '/opt/ros/noetic'
[3.309s] INFO:colcon.colcon_ros.task.ament_python.build:Building ROS package in '/root/ros2_ws/src/sensors' with build type 'ament_python'
[3.310s] Level 1:colcon.colcon_core.shell:create_environment_hook('sensors', 'ament_prefix_path')
[3.321s] INFO:colcon.colcon_core.shell:Creating environment hook '/root/ros2_ws/install/sensors/share/sensors/hook/ament_prefix_path.ps1'
[3.322s] INFO:colcon.colcon_core.shell:Creating environment descriptor '/root/ros2_ws/install/sensors/share/sensors/hook/ament_prefix_path.dsv'
[3.322s] INFO:colcon.colcon_core.shell:Creating environment hook '/root/ros2_ws/install/sensors/share/sensors/hook/ament_prefix_path.sh'
[3.338s] INFO:colcon.colcon_core.shell:Skip shell extension 'powershell' for command environment: Not usable outside of PowerShell
[3.338s] DEBUG:colcon.colcon_core.shell:Skip shell extension 'dsv' for command environment
[3.386s] DEBUG:colcon.colcon_core.shell:Ignoring prefix path '/root/catkin_ws/devel'
[3.397s] DEBUG:colcon.colcon_core.shell:Ignoring prefix path '/opt/ros/noetic'
[3.620s] INFO:colcon.colcon_core.task.python.build:Building Python package in '/root/ros2_ws/src/nav2_gps_waypoint_follower_demo'
[3.631s] INFO:colcon.colcon_core.shell:Skip shell extension 'powershell' for command environment: Not usable outside of PowerShell
[3.631s] DEBUG:colcon.colcon_core.shell:Skip shell extension 'dsv' for command environment
[3.677s] DEBUG:colcon.colcon_core.shell:Ignoring prefix path '/root/catkin_ws/devel'
[3.689s] DEBUG:colcon.colcon_core.shell:Ignoring prefix path '/opt/ros/noetic'
[3.698s] DEBUG:colcon.colcon_core.event_handler.log_command:Invoking command in '/root/ros2_ws/build/sam_bot_description': CMAKE_PREFIX_PATH=/root/ros2_ws/install/sam_bot_description:/root/ros2_ws/install/sensors:/root/ros2_ws/install/nav2_gps_waypoint_follower_demo:/opt/ros/galactic:/root/catkin_ws/devel:/opt/ros/noetic /usr/bin/cmake --build /root/ros2_ws/build/sam_bot_description -- -j24 -l24
[3.919s] INFO:colcon.colcon_core.task.python.build:Building Python package in '/root/ros2_ws/src/sensors'
[3.959s] INFO:colcon.colcon_core.shell:Skip shell extension 'powershell' for command environment: Not usable outside of PowerShell
[3.959s] DEBUG:colcon.colcon_core.shell:Skip shell extension 'dsv' for command environment
[4.017s] DEBUG:colcon.colcon_core.shell:Ignoring prefix path '/root/catkin_ws/devel'
[4.028s] DEBUG:colcon.colcon_core.shell:Ignoring prefix path '/opt/ros/noetic'
[4.036s] DEBUG:colcon.colcon_core.event_handler.log_command:Invoked command in '/root/ros2_ws/build/sam_bot_description' returned '0': CMAKE_PREFIX_PATH=/root/ros2_ws/install/sam_bot_description:/root/ros2_ws/install/sensors:/root/ros2_ws/install/nav2_gps_waypoint_follower_demo:/opt/ros/galactic:/root/catkin_ws/devel:/opt/ros/noetic /usr/bin/cmake --build /root/ros2_ws/build/sam_bot_description -- -j24 -l24
[4.125s] DEBUG:colcon.colcon_core.event_handler.log_command:Invoking command in '/root/ros2_ws/build/sam_bot_description': CMAKE_PREFIX_PATH=/root/ros2_ws/install/sam_bot_description:/root/ros2_ws/install/sensors:/root/ros2_ws/install/nav2_gps_waypoint_follower_demo:/opt/ros/galactic:/root/catkin_ws/devel:/opt/ros/noetic /usr/bin/cmake --install /root/ros2_ws/build/sam_bot_description
[4.134s] Level 1:colcon.colcon_core.environment:create_environment_scripts_only(sam_bot_description)
[4.155s] DEBUG:colcon.colcon_core.event_handler.log_command:Invoked command in '/root/ros2_ws/build/sam_bot_description' returned '0': CMAKE_PREFIX_PATH=/root/ros2_ws/install/sam_bot_description:/root/ros2_ws/install/sensors:/root/ros2_ws/install/nav2_gps_waypoint_follower_demo:/opt/ros/galactic:/root/catkin_ws/devel:/opt/ros/noetic /usr/bin/cmake --install /root/ros2_ws/build/sam_bot_description
[4.227s] Level 1:colcon.colcon_core.environment:checking '/root/ros2_ws/install/sam_bot_description' for CMake module files
[4.230s] Level 1:colcon.colcon_core.environment:checking '/root/ros2_ws/install/sam_bot_description' for CMake config files
[4.231s] Level 1:colcon.colcon_core.shell:create_environment_hook('sam_bot_description', 'cmake_prefix_path')
[4.294s] INFO:colcon.colcon_core.shell:Creating environment hook '/root/ros2_ws/install/sam_bot_description/share/sam_bot_description/hook/cmake_prefix_path.ps1'
[4.295s] INFO:colcon.colcon_core.shell:Creating environment descriptor '/root/ros2_ws/install/sam_bot_description/share/sam_bot_description/hook/cmake_prefix_path.dsv'
[4.295s] INFO:colcon.colcon_core.shell:Creating environment hook '/root/ros2_ws/install/sam_bot_description/share/sam_bot_description/hook/cmake_prefix_path.sh'
[4.296s] Level 1:colcon.colcon_core.environment:checking '/root/ros2_ws/install/sam_bot_description/bin'
[4.296s] Level 1:colcon.colcon_core.environment:checking '/root/ros2_ws/install/sam_bot_description/lib/pkgconfig/sam_bot_description.pc'
[4.296s] Level 1:colcon.colcon_core.environment:checking '/root/ros2_ws/install/sam_bot_description/lib/python3.8/site-packages'
[4.297s] Level 1:colcon.colcon_core.environment:checking '/root/ros2_ws/install/sam_bot_description/bin'
[4.308s] INFO:colcon.colcon_core.shell:Creating package script '/root/ros2_ws/install/sam_bot_description/share/sam_bot_description/package.ps1'
[4.309s] INFO:colcon.colcon_core.shell:Creating package descriptor '/root/ros2_ws/install/sam_bot_description/share/sam_bot_description/package.dsv'
[4.310s] INFO:colcon.colcon_core.shell:Creating package script '/root/ros2_ws/install/sam_bot_description/share/sam_bot_description/package.sh'
[4.310s] INFO:colcon.colcon_core.shell:Creating package script '/root/ros2_ws/install/sam_bot_description/share/sam_bot_description/package.bash'
[4.311s] INFO:colcon.colcon_core.shell:Creating package script '/root/ros2_ws/install/sam_bot_description/share/sam_bot_description/package.zsh'
[4.312s] Level 1:colcon.colcon_core.environment:create_file_with_runtime_dependencies(/root/ros2_ws/install/sam_bot_description/share/colcon-core/packages/sam_bot_description)
[4.352s] Level 1:colcon.colcon_core.environment:create_environment_scripts_only(sam_bot_description)
[4.368s] Level 1:colcon.colcon_core.environment:checking '/root/ros2_ws/install/sam_bot_description' for CMake module files
[4.368s] Level 1:colcon.colcon_core.environment:checking '/root/ros2_ws/install/sam_bot_description' for CMake config files
[4.369s] Level 1:colcon.colcon_core.shell:create_environment_hook('sam_bot_description', 'cmake_prefix_path')
[4.382s] INFO:colcon.colcon_core.shell:Creating environment hook '/root/ros2_ws/install/sam_bot_description/share/sam_bot_description/hook/cmake_prefix_path.ps1'
[4.383s] INFO:colcon.colcon_core.shell:Creating environment descriptor '/root/ros2_ws/install/sam_bot_description/share/sam_bot_description/hook/cmake_prefix_path.dsv'
[4.383s] INFO:colcon.colcon_core.shell:Creating environment hook '/root/ros2_ws/install/sam_bot_description/share/sam_bot_description/hook/cmake_prefix_path.sh'
[4.384s] Level 1:colcon.colcon_core.environment:checking '/root/ros2_ws/install/sam_bot_description/bin'
[4.384s] Level 1:colcon.colcon_core.environment:checking '/root/ros2_ws/install/sam_bot_description/lib/pkgconfig/sam_bot_description.pc'
[4.384s] Level 1:colcon.colcon_core.environment:checking '/root/ros2_ws/install/sam_bot_description/lib/python3.8/site-packages'
[4.384s] Level 1:colcon.colcon_core.environment:checking '/root/ros2_ws/install/sam_bot_description/bin'
[4.396s] INFO:colcon.colcon_core.shell:Creating package script '/root/ros2_ws/install/sam_bot_description/share/sam_bot_description/package.ps1'
[4.397s] INFO:colcon.colcon_core.shell:Creating package descriptor '/root/ros2_ws/install/sam_bot_description/share/sam_bot_description/package.dsv'
[4.397s] INFO:colcon.colcon_core.shell:Creating package script '/root/ros2_ws/install/sam_bot_description/share/sam_bot_description/package.sh'
[4.398s] INFO:colcon.colcon_core.shell:Creating package script '/root/ros2_ws/install/sam_bot_description/share/sam_bot_description/package.bash'
[4.398s] INFO:colcon.colcon_core.shell:Creating package script '/root/ros2_ws/install/sam_bot_description/share/sam_bot_description/package.zsh'
[4.399s] Level 1:colcon.colcon_core.environment:create_file_with_runtime_dependencies(/root/ros2_ws/install/sam_bot_description/share/colcon-core/packages/sam_bot_description)
[4.727s] DEBUG:colcon.colcon_core.event_handler.log_command:Invoking command in '/root/ros2_ws/src/nav2_gps_waypoint_follower_demo': PYTHONPATH=/root/ros2_ws/build/nav2_gps_waypoint_follower_demo/prefix_override:/root/ros2_ws/install/nav2_gps_waypoint_follower_demo/lib/python3.8/site-packages:${PYTHONPATH} /usr/bin/python3 setup.py egg_info --egg-base ../../build/nav2_gps_waypoint_follower_demo build --build-base /root/ros2_ws/build/nav2_gps_waypoint_follower_demo/build install --record /root/ros2_ws/build/nav2_gps_waypoint_follower_demo/install.log --single-version-externally-managed
[4.934s] DEBUG:colcon.colcon_core.event_handler.log_command:Invoking command in '/root/ros2_ws/src/sensors': PYTHONPATH=/root/ros2_ws/build/sensors/prefix_override:/root/ros2_ws/install/sensors/lib/python3.8/site-packages:${PYTHONPATH} /usr/bin/python3 setup.py egg_info --egg-base ../../build/sensors build --build-base /root/ros2_ws/build/sensors/build install --record /root/ros2_ws/build/sensors/install.log --install-scripts $base/lib/sensors --single-version-externally-managed
[5.369s] DEBUG:colcon.colcon_core.event_handler.log_command:Invoked command in '/root/ros2_ws/src/nav2_gps_waypoint_follower_demo' returned '0': PYTHONPATH=/root/ros2_ws/build/nav2_gps_waypoint_follower_demo/prefix_override:/root/ros2_ws/install/nav2_gps_waypoint_follower_demo/lib/python3.8/site-packages:${PYTHONPATH} /usr/bin/python3 setup.py egg_info --egg-base ../../build/nav2_gps_waypoint_follower_demo build --build-base /root/ros2_ws/build/nav2_gps_waypoint_follower_demo/build install --record /root/ros2_ws/build/nav2_gps_waypoint_follower_demo/install.log --single-version-externally-managed
[5.389s] Level 1:colcon.colcon_core.environment:checking '/root/ros2_ws/install/nav2_gps_waypoint_follower_demo' for CMake module files
[5.390s] Level 1:colcon.colcon_core.environment:checking '/root/ros2_ws/install/nav2_gps_waypoint_follower_demo' for CMake config files
[5.394s] Level 1:colcon.colcon_core.environment:checking '/root/ros2_ws/install/nav2_gps_waypoint_follower_demo/lib'
[5.395s] Level 1:colcon.colcon_core.environment:checking '/root/ros2_ws/install/nav2_gps_waypoint_follower_demo/bin'
[5.396s] Level 1:colcon.colcon_core.environment:checking '/root/ros2_ws/install/nav2_gps_waypoint_follower_demo/lib/pkgconfig/nav2_gps_waypoint_follower_demo.pc'
[5.396s] Level 1:colcon.colcon_core.environment:checking '/root/ros2_ws/install/nav2_gps_waypoint_follower_demo/lib/python3.8/site-packages'
[5.397s] Level 1:colcon.colcon_core.shell:create_environment_hook('nav2_gps_waypoint_follower_demo', 'pythonpath')
[5.412s] INFO:colcon.colcon_core.shell:Creating environment hook '/root/ros2_ws/install/nav2_gps_waypoint_follower_demo/share/nav2_gps_waypoint_follower_demo/hook/pythonpath.ps1'
[5.412s] INFO:colcon.colcon_core.shell:Creating environment descriptor '/root/ros2_ws/install/nav2_gps_waypoint_follower_demo/share/nav2_gps_waypoint_follower_demo/hook/pythonpath.dsv'
[5.413s] INFO:colcon.colcon_core.shell:Creating environment hook '/root/ros2_ws/install/nav2_gps_waypoint_follower_demo/share/nav2_gps_waypoint_follower_demo/hook/pythonpath.sh'
[5.413s] Level 1:colcon.colcon_core.environment:checking '/root/ros2_ws/install/nav2_gps_waypoint_follower_demo/bin'
[5.413s] Level 1:colcon.colcon_core.environment:create_environment_scripts_only(nav2_gps_waypoint_follower_demo)
[5.426s] INFO:colcon.colcon_core.shell:Creating package script '/root/ros2_ws/install/nav2_gps_waypoint_follower_demo/share/nav2_gps_waypoint_follower_demo/package.ps1'
[5.427s] INFO:colcon.colcon_core.shell:Creating package descriptor '/root/ros2_ws/install/nav2_gps_waypoint_follower_demo/share/nav2_gps_waypoint_follower_demo/package.dsv'
[5.427s] INFO:colcon.colcon_core.shell:Creating package script '/root/ros2_ws/install/nav2_gps_waypoint_follower_demo/share/nav2_gps_waypoint_follower_demo/package.sh'
[5.427s] INFO:colcon.colcon_core.shell:Creating package script '/root/ros2_ws/install/nav2_gps_waypoint_follower_demo/share/nav2_gps_waypoint_follower_demo/package.bash'
[5.428s] INFO:colcon.colcon_core.shell:Creating package script '/root/ros2_ws/install/nav2_gps_waypoint_follower_demo/share/nav2_gps_waypoint_follower_demo/package.zsh'
[5.428s] Level 1:colcon.colcon_core.environment:create_file_with_runtime_dependencies(/root/ros2_ws/install/nav2_gps_waypoint_follower_demo/share/colcon-core/packages/nav2_gps_waypoint_follower_demo)
[5.551s] DEBUG:colcon.colcon_core.event_handler.log_command:Invoked command in '/root/ros2_ws/src/sensors' returned '0': PYTHONPATH=/root/ros2_ws/build/sensors/prefix_override:/root/ros2_ws/install/sensors/lib/python3.8/site-packages:${PYTHONPATH} /usr/bin/python3 setup.py egg_info --egg-base ../../build/sensors build --build-base /root/ros2_ws/build/sensors/build install --record /root/ros2_ws/build/sensors/install.log --install-scripts $base/lib/sensors --single-version-externally-managed
[5.563s] Level 1:colcon.colcon_core.environment:checking '/root/ros2_ws/install/sensors' for CMake module files
[5.563s] Level 1:colcon.colcon_core.environment:checking '/root/ros2_ws/install/sensors' for CMake config files
[5.564s] Level 1:colcon.colcon_core.environment:checking '/root/ros2_ws/install/sensors/lib'
[5.564s] Level 1:colcon.colcon_core.environment:checking '/root/ros2_ws/install/sensors/bin'
[5.564s] Level 1:colcon.colcon_core.environment:checking '/root/ros2_ws/install/sensors/lib/pkgconfig/sensors.pc'
[5.564s] Level 1:colcon.colcon_core.environment:checking '/root/ros2_ws/install/sensors/lib/python3.8/site-packages'
[5.564s] Level 1:colcon.colcon_core.shell:create_environment_hook('sensors', 'pythonpath')
[5.578s] INFO:colcon.colcon_core.shell:Creating environment hook '/root/ros2_ws/install/sensors/share/sensors/hook/pythonpath.ps1'
[5.578s] INFO:colcon.colcon_core.shell:Creating environment descriptor '/root/ros2_ws/install/sensors/share/sensors/hook/pythonpath.dsv'
[5.579s] INFO:colcon.colcon_core.shell:Creating environment hook '/root/ros2_ws/install/sensors/share/sensors/hook/pythonpath.sh'
[5.579s] Level 1:colcon.colcon_core.environment:checking '/root/ros2_ws/install/sensors/bin'
[5.579s] Level 1:colcon.colcon_core.environment:create_environment_scripts_only(sensors)
[5.589s] INFO:colcon.colcon_core.shell:Creating package script '/root/ros2_ws/install/sensors/share/sensors/package.ps1'
[5.590s] INFO:colcon.colcon_core.shell:Creating package descriptor '/root/ros2_ws/install/sensors/share/sensors/package.dsv'
[5.590s] INFO:colcon.colcon_core.shell:Creating package script '/root/ros2_ws/install/sensors/share/sensors/package.sh'
[5.591s] INFO:colcon.colcon_core.shell:Creating package script '/root/ros2_ws/install/sensors/share/sensors/package.bash'
[5.591s] INFO:colcon.colcon_core.shell:Creating package script '/root/ros2_ws/install/sensors/share/sensors/package.zsh'
[5.591s] Level 1:colcon.colcon_core.environment:create_file_with_runtime_dependencies(/root/ros2_ws/install/sensors/share/colcon-core/packages/sensors)
[5.591s] DEBUG:colcon.colcon_parallel_executor.executor.parallel:closing loop
[5.592s] DEBUG:colcon.colcon_parallel_executor.executor.parallel:loop closed
[5.592s] DEBUG:colcon.colcon_parallel_executor.executor.parallel:run_until_complete finished with '0'
[5.592s] DEBUG:colcon.colcon_core.event_reactor:joining thread
[5.655s] INFO:colcon.colcon_core.plugin_system:Skipping extension 'colcon_notification.desktop_notification.notify_send': Could not find 'notify-send'
[5.655s] INFO:colcon.colcon_core.plugin_system:Skipping extension 'colcon_notification.desktop_notification.terminal_notifier': Not used on non-Darwin systems
[5.656s] INFO:colcon.colcon_core.plugin_system:Skipping extension 'colcon_notification.desktop_notification.win32': Not used on non-Windows systems
[5.656s] INFO:colcon.colcon_notification.desktop_notification:Sending desktop notification using 'notify2'
[5.664s] DEBUG:colcon.colcon_notification.desktop_notification.notify2:Failed to initialize notify2: org.freedesktop.DBus.Error.ServiceUnknown: The name org.freedesktop.Notifications was not provided by any .service files
[5.664s] DEBUG:colcon.colcon_core.event_reactor:joined thread
[5.678s] INFO:colcon.colcon_core.shell:Creating prefix script '/root/ros2_ws/install/local_setup.ps1'
[5.679s] INFO:colcon.colcon_core.shell:Creating prefix util module '/root/ros2_ws/install/_local_setup_util_ps1.py'
[5.680s] INFO:colcon.colcon_core.shell:Creating prefix chain script '/root/ros2_ws/install/setup.ps1'
[5.692s] INFO:colcon.colcon_core.shell:Creating prefix script '/root/ros2_ws/install/local_setup.sh'
[5.693s] INFO:colcon.colcon_core.shell:Creating prefix util module '/root/ros2_ws/install/_local_setup_util_sh.py'
[5.693s] INFO:colcon.colcon_core.shell:Creating prefix chain script '/root/ros2_ws/install/setup.sh'
[5.703s] INFO:colcon.colcon_core.shell:Creating prefix script '/root/ros2_ws/install/local_setup.bash'
[5.703s] INFO:colcon.colcon_core.shell:Creating prefix chain script '/root/ros2_ws/install/setup.bash'
[5.712s] INFO:colcon.colcon_core.shell:Creating prefix script '/root/ros2_ws/install/local_setup.zsh'
[5.712s] INFO:colcon.colcon_core.shell:Creating prefix chain script '/root/ros2_ws/install/setup.zsh'
