-- The C compiler identification is GNU 9.4.0
-- The CXX compiler identification is GNU 9.4.0
-- Check for working C compiler: /usr/bin/cc
-- Check for working C compiler: /usr/bin/cc -- works
-- Detecting C compiler ABI info
-- Detecting C compiler ABI info - done
-- Detecting C compile features
-- Detecting C compile features - done
-- Check for working CXX compiler: /usr/bin/c++
-- Check for working CXX compiler: /usr/bin/c++ -- works
-- Detecting CXX compiler ABI info
-- Detecting CXX compiler ABI info - done
-- Detecting CXX compile features
-- Detecting CXX compile features - done
-- Found ament_cmake: 1.1.6 (/opt/ros/galactic/share/ament_cmake/cmake)
-- Found PythonInterp: /usr/bin/python3 (found suitable version "3.8.10", minimum required is "3") 
-- Using PYTHON_EXECUTABLE: /usr/bin/python3
-- Found rclcpp: 9.2.2 (/opt/ros/galactic/share/rclcpp/cmake)
-- Using all available rosidl_typesupport_c: rosidl_typesupport_fastrtps_c;rosidl_typesupport_introspection_c
-- Found rosidl_adapter: 2.2.3 (/opt/ros/galactic/share/rosidl_adapter/cmake)
-- Found OpenSSL: /usr/lib/x86_64-linux-gnu/libcrypto.so (found version "1.1.1f")  
-- Found FastRTPS: /opt/ros/galactic/include  
-- Using all available rosidl_typesupport_cpp: rosidl_typesupport_fastrtps_cpp;rosidl_typesupport_introspection_cpp
-- Found rmw_implementation_cmake: 3.3.1 (/opt/ros/galactic/share/rmw_implementation_cmake/cmake)
-- Found rmw_cyclonedds_cpp: 0.22.6 (/opt/ros/galactic/share/rmw_cyclonedds_cpp/cmake)
-- Using RMW implementation 'rmw_cyclonedds_cpp' as default
-- Looking for pthread.h
-- Looking for pthread.h - found
-- Performing Test CMAKE_HAVE_LIBC_PTHREAD
-- Performing Test CMAKE_HAVE_LIBC_PTHREAD - Failed
-- Looking for pthread_create in pthreads
-- Looking for pthread_create in pthreads - not found
-- Looking for pthread_create in pthread
-- Looking for pthread_create in pthread - found
-- Found Threads: TRUE  
-- Found sensor_msgs: 2.2.4 (/opt/ros/galactic/share/sensor_msgs/cmake)
-- Found nav_msgs: 2.2.4 (/opt/ros/galactic/share/nav_msgs/cmake)
-- Found std_srvs: 2.2.4 (/opt/ros/galactic/share/std_srvs/cmake)
-- Found tf2: 0.17.5 (/opt/ros/galactic/share/tf2/cmake)
-- Found tf2_ros: 0.17.5 (/opt/ros/galactic/share/tf2_ros/cmake)
-- Found tf2_geometry_msgs: 0.17.5 (/opt/ros/galactic/share/tf2_geometry_msgs/cmake)
-- Found eigen3_cmake_module: 0.1.1 (/opt/ros/galactic/share/eigen3_cmake_module/cmake)
-- Found Eigen3: TRUE (found version "3.3.7") 
-- Configuring done
-- Generating done
-- Build files have been written to: /root/ros2_ws/build/artificial_occupy
[35m[1mScanning dependencies of target artificial_occupy[0m
[ 50%] [32mBuilding CXX object CMakeFiles/artificial_occupy.dir/src/main.cpp.o[0m
[100%] [32m[1mLinking CXX executable artificial_occupy[0m
[100%] Built target artificial_occupy
-- Install configuration: ""
-- Installing: /root/ros2_ws/install/artificial_occupy/lib/artificial_occupy/artificial_occupy
-- Set runtime path of "/root/ros2_ws/install/artificial_occupy/lib/artificial_occupy/artificial_occupy" to ""
-- Installing: /root/ros2_ws/install/artificial_occupy/share/ament_index/resource_index/package_run_dependencies/artificial_occupy
-- Installing: /root/ros2_ws/install/artificial_occupy/share/ament_index/resource_index/parent_prefix_path/artificial_occupy
-- Installing: /root/ros2_ws/install/artificial_occupy/share/artificial_occupy/environment/ament_prefix_path.sh
-- Installing: /root/ros2_ws/install/artificial_occupy/share/artificial_occupy/environment/ament_prefix_path.dsv
-- Installing: /root/ros2_ws/install/artificial_occupy/share/artificial_occupy/environment/path.sh
-- Installing: /root/ros2_ws/install/artificial_occupy/share/artificial_occupy/environment/path.dsv
-- Installing: /root/ros2_ws/install/artificial_occupy/share/artificial_occupy/local_setup.bash
-- Installing: /root/ros2_ws/install/artificial_occupy/share/artificial_occupy/local_setup.sh
-- Installing: /root/ros2_ws/install/artificial_occupy/share/artificial_occupy/local_setup.zsh
-- Installing: /root/ros2_ws/install/artificial_occupy/share/artificial_occupy/local_setup.dsv
-- Installing: /root/ros2_ws/install/artificial_occupy/share/artificial_occupy/package.dsv
-- Installing: /root/ros2_ws/install/artificial_occupy/share/ament_index/resource_index/packages/artificial_occupy
-- Installing: /root/ros2_ws/install/artificial_occupy/share/artificial_occupy/cmake/artificial_occupyConfig.cmake
-- Installing: /root/ros2_ws/install/artificial_occupy/share/artificial_occupy/cmake/artificial_occupyConfig-version.cmake
-- Installing: /root/ros2_ws/install/artificial_occupy/share/artificial_occupy/package.xml
