[0.091s] Invoking command in '/root/ros2_ws/build/artificial_occupy': CMAKE_PREFIX_PATH=${CMAKE_PREFIX_PATH}:/root/ros2_ws/install/sensors:/root/ros2_ws/install/nav2_gps_waypoint_follower_demo:/opt/ros/galactic /usr/bin/cmake /root/ros2_ws/src/artificial_occupy -DCMAKE_INSTALL_PREFIX=/root/ros2_ws/install/artificial_occupy
[0.205s] -- The C compiler identification is GNU 9.4.0
[0.205s] -- The CXX compiler identification is GNU 9.4.0
[0.209s] -- Check for working C compiler: /usr/bin/cc
[0.246s] -- Check for working C compiler: /usr/bin/cc -- works
[0.247s] -- Detecting C compiler ABI info
[0.282s] -- Detecting C compiler ABI info - done
[0.287s] -- Detecting C compile features
[0.287s] -- Detecting C compile features - done
[0.289s] -- Check for working CXX compiler: /usr/bin/c++
[0.329s] -- Check for working CXX compiler: /usr/bin/c++ -- works
[0.330s] -- Detecting CXX compiler ABI info
[0.371s] -- Detecting CXX compiler ABI info - done
[0.377s] -- Detecting CXX compile features
[0.377s] -- Detecting CXX compile features - done
[0.380s] -- Found ament_cmake: 1.1.6 (/opt/ros/galactic/share/ament_cmake/cmake)
[0.395s] -- Found PythonInterp: /usr/bin/python3 (found suitable version "3.8.10", minimum required is "3") 
[0.395s] -- Using PYTHON_EXECUTABLE: /usr/bin/python3
[0.449s] -- Found rclcpp: 9.2.2 (/opt/ros/galactic/share/rclcpp/cmake)
[0.487s] -- Using all available rosidl_typesupport_c: rosidl_typesupport_fastrtps_c;rosidl_typesupport_introspection_c
[0.493s] -- Found rosidl_adapter: 2.2.3 (/opt/ros/galactic/share/rosidl_adapter/cmake)
[0.550s] -- Found OpenSSL: /usr/lib/x86_64-linux-gnu/libcrypto.so (found version "1.1.1f")  
[0.572s] -- Found FastRTPS: /opt/ros/galactic/include  
[0.630s] -- Using all available rosidl_typesupport_cpp: rosidl_typesupport_fastrtps_cpp;rosidl_typesupport_introspection_cpp
[0.669s] -- Found rmw_implementation_cmake: 3.3.1 (/opt/ros/galactic/share/rmw_implementation_cmake/cmake)
[0.672s] -- Found rmw_cyclonedds_cpp: 0.22.6 (/opt/ros/galactic/share/rmw_cyclonedds_cpp/cmake)
[0.687s] -- Using RMW implementation 'rmw_cyclonedds_cpp' as default
[0.688s] -- Looking for pthread.h
[0.728s] -- Looking for pthread.h - found
[0.728s] -- Performing Test CMAKE_HAVE_LIBC_PTHREAD
[0.766s] -- Performing Test CMAKE_HAVE_LIBC_PTHREAD - Failed
[0.766s] -- Looking for pthread_create in pthreads
[0.797s] -- Looking for pthread_create in pthreads - not found
[0.797s] -- Looking for pthread_create in pthread
[0.834s] -- Looking for pthread_create in pthread - found
[0.834s] -- Found Threads: TRUE  
[0.920s] -- Found sensor_msgs: 2.2.4 (/opt/ros/galactic/share/sensor_msgs/cmake)
[0.980s] -- Found nav_msgs: 2.2.4 (/opt/ros/galactic/share/nav_msgs/cmake)
[1.017s] -- Found std_srvs: 2.2.4 (/opt/ros/galactic/share/std_srvs/cmake)
[1.025s] -- Found tf2: 0.17.5 (/opt/ros/galactic/share/tf2/cmake)
[1.032s] -- Found tf2_ros: 0.17.5 (/opt/ros/galactic/share/tf2_ros/cmake)
[1.213s] -- Found tf2_geometry_msgs: 0.17.5 (/opt/ros/galactic/share/tf2_geometry_msgs/cmake)
[1.219s] -- Found eigen3_cmake_module: 0.1.1 (/opt/ros/galactic/share/eigen3_cmake_module/cmake)
[1.221s] -- Found Eigen3: TRUE (found version "3.3.7") 
[1.266s] -- Configuring done
[1.272s] -- Generating done
[1.273s] -- Build files have been written to: /root/ros2_ws/build/artificial_occupy
[1.278s] Invoked command in '/root/ros2_ws/build/artificial_occupy' returned '0': CMAKE_PREFIX_PATH=${CMAKE_PREFIX_PATH}:/root/ros2_ws/install/sensors:/root/ros2_ws/install/nav2_gps_waypoint_follower_demo:/opt/ros/galactic /usr/bin/cmake /root/ros2_ws/src/artificial_occupy -DCMAKE_INSTALL_PREFIX=/root/ros2_ws/install/artificial_occupy
[1.279s] Invoking command in '/root/ros2_ws/build/artificial_occupy': CMAKE_PREFIX_PATH=${CMAKE_PREFIX_PATH}:/root/ros2_ws/install/sensors:/root/ros2_ws/install/nav2_gps_waypoint_follower_demo:/opt/ros/galactic /usr/bin/cmake --build /root/ros2_ws/build/artificial_occupy -- -j24 -l24
[1.300s] [35m[1mScanning dependencies of target artificial_occupy[0m
[1.358s] [ 50%] [32mBuilding CXX object CMakeFiles/artificial_occupy.dir/src/main.cpp.o[0m
[5.978s] [100%] [32m[1mLinking CXX executable artificial_occupy[0m
[6.223s] [100%] Built target artificial_occupy
[6.229s] Invoked command in '/root/ros2_ws/build/artificial_occupy' returned '0': CMAKE_PREFIX_PATH=${CMAKE_PREFIX_PATH}:/root/ros2_ws/install/sensors:/root/ros2_ws/install/nav2_gps_waypoint_follower_demo:/opt/ros/galactic /usr/bin/cmake --build /root/ros2_ws/build/artificial_occupy -- -j24 -l24
[6.242s] Invoking command in '/root/ros2_ws/build/artificial_occupy': CMAKE_PREFIX_PATH=${CMAKE_PREFIX_PATH}:/root/ros2_ws/install/sensors:/root/ros2_ws/install/nav2_gps_waypoint_follower_demo:/opt/ros/galactic /usr/bin/cmake --install /root/ros2_ws/build/artificial_occupy
[6.246s] -- Install configuration: ""
[6.246s] -- Installing: /root/ros2_ws/install/artificial_occupy/lib/artificial_occupy/artificial_occupy
[6.248s] -- Set runtime path of "/root/ros2_ws/install/artificial_occupy/lib/artificial_occupy/artificial_occupy" to ""
[6.248s] -- Installing: /root/ros2_ws/install/artificial_occupy/share/ament_index/resource_index/package_run_dependencies/artificial_occupy
[6.248s] -- Installing: /root/ros2_ws/install/artificial_occupy/share/ament_index/resource_index/parent_prefix_path/artificial_occupy
[6.248s] -- Installing: /root/ros2_ws/install/artificial_occupy/share/artificial_occupy/environment/ament_prefix_path.sh
[6.248s] -- Installing: /root/ros2_ws/install/artificial_occupy/share/artificial_occupy/environment/ament_prefix_path.dsv
[6.248s] -- Installing: /root/ros2_ws/install/artificial_occupy/share/artificial_occupy/environment/path.sh
[6.248s] -- Installing: /root/ros2_ws/install/artificial_occupy/share/artificial_occupy/environment/path.dsv
[6.249s] -- Installing: /root/ros2_ws/install/artificial_occupy/share/artificial_occupy/local_setup.bash
[6.249s] -- Installing: /root/ros2_ws/install/artificial_occupy/share/artificial_occupy/local_setup.sh
[6.249s] -- Installing: /root/ros2_ws/install/artificial_occupy/share/artificial_occupy/local_setup.zsh
[6.249s] -- Installing: /root/ros2_ws/install/artificial_occupy/share/artificial_occupy/local_setup.dsv
[6.249s] -- Installing: /root/ros2_ws/install/artificial_occupy/share/artificial_occupy/package.dsv
[6.249s] -- Installing: /root/ros2_ws/install/artificial_occupy/share/ament_index/resource_index/packages/artificial_occupy
[6.249s] -- Installing: /root/ros2_ws/install/artificial_occupy/share/artificial_occupy/cmake/artificial_occupyConfig.cmake
[6.249s] -- Installing: /root/ros2_ws/install/artificial_occupy/share/artificial_occupy/cmake/artificial_occupyConfig-version.cmake
[6.249s] -- Installing: /root/ros2_ws/install/artificial_occupy/share/artificial_occupy/package.xml
[6.250s] Invoked command in '/root/ros2_ws/build/artificial_occupy' returned '0': CMAKE_PREFIX_PATH=${CMAKE_PREFIX_PATH}:/root/ros2_ws/install/sensors:/root/ros2_ws/install/nav2_gps_waypoint_follower_demo:/opt/ros/galactic /usr/bin/cmake --install /root/ros2_ws/build/artificial_occupy
