2023-10-09 17:48:04.273 [info] Log level: Info
2023-10-09 17:48:04.273 [info] Validating found git in: "git"
2023-10-09 17:48:04.273 [info] Using git "2.25.1" from "git"
2023-10-09 17:48:04.273 [info] > git rev-parse --show-toplevel [1ms]
2023-10-09 17:48:04.273 [info] fatal: not a git repository (or any of the parent directories): .git
2023-10-09 17:48:04.273 [info] > git rev-parse --show-toplevel [2ms]
2023-10-09 17:48:04.273 [info] fatal: not a git repository (or any of the parent directories): .git
2023-10-09 17:48:04.273 [info] > git rev-parse --show-toplevel [1ms]
2023-10-09 17:48:04.273 [info] fatal: not a git repository (or any of the parent directories): .git
2023-10-09 17:48:04.276 [info] > git rev-parse --show-toplevel [0ms]
2023-10-09 17:48:04.276 [info] fatal: not a git repository (or any of the parent directories): .git
2023-10-09 17:48:04.279 [info] > git rev-parse --show-toplevel [1ms]
2023-10-09 17:48:04.279 [info] fatal: not a git repository (or any of the parent directories): .git
2023-10-09 17:48:04.282 [info] > git rev-parse --show-toplevel [1ms]
2023-10-09 17:48:04.282 [info] fatal: not a git repository (or any of the parent directories): .git
2023-10-09 17:48:04.285 [info] > git rev-parse --show-toplevel [1ms]
2023-10-09 17:48:04.285 [info] fatal: not a git repository (or any of the parent directories): .git
2023-10-09 17:48:04.288 [info] > git rev-parse --show-toplevel [1ms]
2023-10-09 17:48:04.288 [info] fatal: not a git repository (or any of the parent directories): .git
2023-10-09 17:48:04.291 [info] > git rev-parse --show-toplevel [0ms]
2023-10-09 17:48:04.291 [info] fatal: not a git repository (or any of the parent directories): .git
2023-10-09 17:48:04.294 [info] > git rev-parse --show-toplevel [0ms]
2023-10-09 17:48:04.294 [info] fatal: not a git repository (or any of the parent directories): .git
2023-10-09 17:48:04.297 [info] > git rev-parse --show-toplevel [0ms]
2023-10-09 17:48:04.297 [info] fatal: not a git repository (or any of the parent directories): .git
2023-10-09 17:48:04.300 [info] > git rev-parse --show-toplevel [0ms]
2023-10-09 17:48:04.300 [info] fatal: not a git repository (or any of the parent directories): .git
2023-10-09 17:48:04.303 [info] > git rev-parse --show-toplevel [0ms]
2023-10-09 17:48:04.303 [info] fatal: not a git repository (or any of the parent directories): .git
2023-10-09 17:48:04.306 [info] > git rev-parse --show-toplevel [0ms]
2023-10-09 17:48:04.306 [info] fatal: not a git repository (or any of the parent directories): .git
2023-10-09 17:48:04.310 [info] > git rev-parse --show-toplevel [0ms]
2023-10-09 17:48:04.310 [info] fatal: not a git repository (or any of the parent directories): .git
2023-10-09 17:48:04.312 [info] > git rev-parse --show-toplevel [0ms]
2023-10-09 17:48:04.312 [info] fatal: not a git repository (or any of the parent directories): .git
2023-10-09 17:48:04.316 [info] > git rev-parse --show-toplevel [1ms]
2023-10-09 17:48:04.316 [info] fatal: not a git repository (or any of the parent directories): .git
2023-10-09 17:48:34.908 [info] > git rev-parse --show-toplevel [1ms]
2023-10-09 17:48:34.908 [info] fatal: not a git repository (or any of the parent directories): .git
2023-10-09 18:36:01.634 [info] > git rev-parse --show-toplevel [0ms]
2023-10-09 18:36:01.634 [info] fatal: not a git repository (or any of the parent directories): .git
2023-10-09 18:42:21.951 [info] > git rev-parse --show-toplevel [3ms]
2023-10-09 18:42:21.951 [info] fatal: not a git repository (or any of the parent directories): .git
2023-10-09 18:42:24.004 [info] > git rev-parse --show-toplevel [2ms]
2023-10-09 18:42:24.004 [info] fatal: not a git repository (or any of the parent directories): .git
2023-10-09 18:42:31.138 [info] > git rev-parse --show-toplevel [1ms]
2023-10-09 18:42:31.138 [info] fatal: not a git repository (or any of the parent directories): .git
2023-10-09 18:44:31.473 [info] > git rev-parse --show-toplevel [1ms]
2023-10-09 18:44:31.473 [info] fatal: not a git repository (or any of the parent directories): .git
2023-10-09 18:44:33.473 [info] > git rev-parse --show-toplevel [1ms]
2023-10-09 18:44:33.473 [info] fatal: not a git repository (or any of the parent directories): .git
2023-10-09 18:45:09.140 [info] > git rev-parse --show-toplevel [3ms]
2023-10-09 18:45:09.140 [info] fatal: not a git repository (or any of the parent directories): .git
2023-10-09 19:47:02.242 [info] > git rev-parse --show-toplevel [2ms]
2023-10-09 19:47:02.242 [info] fatal: not a git repository (or any of the parent directories): .git
2023-10-09 19:47:04.842 [info] > git rev-parse --show-toplevel [1ms]
2023-10-09 19:47:04.842 [info] fatal: not a git repository (or any of the parent directories): .git
2023-10-09 19:47:12.035 [info] > git rev-parse --show-toplevel [1ms]
2023-10-09 19:47:12.035 [info] fatal: not a git repository (or any of the parent directories): .git
2023-10-09 19:48:50.979 [info] > git rev-parse --show-toplevel [1ms]
2023-10-09 19:48:50.979 [info] fatal: not a git repository (or any of the parent directories): .git
2023-10-09 19:48:54.005 [info] > git rev-parse --show-toplevel [1ms]
2023-10-09 19:48:54.005 [info] fatal: not a git repository (or any of the parent directories): .git
2023-10-09 19:48:58.547 [info] > git rev-parse --show-toplevel [1ms]
2023-10-09 19:48:58.547 [info] fatal: not a git repository (or any of the parent directories): .git
2023-10-09 19:51:21.860 [info] > git rev-parse --show-toplevel [1ms]
2023-10-09 19:51:21.860 [info] fatal: not a git repository (or any of the parent directories): .git
2023-10-09 19:51:26.465 [info] > git rev-parse --show-toplevel [1ms]
2023-10-09 19:51:26.465 [info] fatal: not a git repository (or any of the parent directories): .git
2023-10-09 19:52:33.691 [info] > git rev-parse --show-toplevel [1ms]
2023-10-09 19:52:33.691 [info] fatal: not a git repository (or any of the parent directories): .git
2023-10-09 19:52:36.470 [info] > git rev-parse --show-toplevel [1ms]
2023-10-09 19:52:36.470 [info] fatal: not a git repository (or any of the parent directories): .git
2023-10-09 19:52:45.212 [info] > git rev-parse --show-toplevel [2ms]
2023-10-09 19:52:45.212 [info] fatal: not a git repository (or any of the parent directories): .git
2023-10-09 20:02:26.562 [info] > git rev-parse --show-toplevel [1ms]
2023-10-09 20:02:26.562 [info] fatal: not a git repository (or any of the parent directories): .git
2023-10-09 20:02:30.054 [info] > git rev-parse --show-toplevel [1ms]
2023-10-09 20:02:30.054 [info] fatal: not a git repository (or any of the parent directories): .git
2023-10-09 20:03:23.837 [info] > git rev-parse --show-toplevel [2ms]
2023-10-09 20:03:23.837 [info] fatal: not a git repository (or any of the parent directories): .git
2023-10-09 20:03:26.246 [info] > git rev-parse --show-toplevel [1ms]
2023-10-09 20:03:26.246 [info] fatal: not a git repository (or any of the parent directories): .git
2023-10-09 20:04:57.309 [info] > git rev-parse --show-toplevel [2ms]
2023-10-09 20:04:57.309 [info] fatal: not a git repository (or any of the parent directories): .git
2023-10-09 20:05:02.359 [info] > git rev-parse --show-toplevel [1ms]
2023-10-09 20:05:02.359 [info] fatal: not a git repository (or any of the parent directories): .git
2023-10-09 20:07:34.420 [info] > git rev-parse --show-toplevel [3ms]
2023-10-09 20:07:34.420 [info] fatal: not a git repository (or any of the parent directories): .git
2023-10-09 20:07:36.874 [info] > git rev-parse --show-toplevel [1ms]
2023-10-09 20:07:36.874 [info] fatal: not a git repository (or any of the parent directories): .git
2023-10-09 20:08:37.129 [info] > git rev-parse --show-toplevel [2ms]
2023-10-09 20:08:37.129 [info] fatal: not a git repository (or any of the parent directories): .git
2023-10-09 20:08:41.742 [info] > git rev-parse --show-toplevel [1ms]
2023-10-09 20:08:41.742 [info] fatal: not a git repository (or any of the parent directories): .git
2023-10-09 20:09:05.835 [info] > git rev-parse --show-toplevel [1ms]
2023-10-09 20:09:05.835 [info] fatal: not a git repository (or any of the parent directories): .git
2023-10-09 20:09:06.824 [info] > git rev-parse --show-toplevel [2ms]
2023-10-09 20:09:06.825 [info] fatal: not a git repository (or any of the parent directories): .git
2023-10-09 20:10:50.834 [info] > git rev-parse --show-toplevel [2ms]
2023-10-09 20:10:50.834 [info] fatal: not a git repository (or any of the parent directories): .git
2023-10-09 20:10:55.486 [info] > git rev-parse --show-toplevel [1ms]
2023-10-09 20:10:55.486 [info] fatal: not a git repository (or any of the parent directories): .git
2023-10-09 20:12:25.281 [info] > git rev-parse --show-toplevel [2ms]
2023-10-09 20:12:25.281 [info] fatal: not a git repository (or any of the parent directories): .git
2023-10-09 20:12:28.822 [info] > git rev-parse --show-toplevel [1ms]
2023-10-09 20:12:28.822 [info] fatal: not a git repository (or any of the parent directories): .git
2023-10-09 20:14:57.895 [info] > git rev-parse --show-toplevel [1ms]
2023-10-09 20:14:57.895 [info] fatal: not a git repository (or any of the parent directories): .git
2023-10-09 20:15:05.970 [info] > git rev-parse --show-toplevel [2ms]
2023-10-09 20:15:05.970 [info] fatal: not a git repository (or any of the parent directories): .git
2023-10-09 20:16:29.102 [info] > git rev-parse --show-toplevel [2ms]
2023-10-09 20:16:29.102 [info] fatal: not a git repository (or any of the parent directories): .git
2023-10-09 20:16:42.230 [info] > git rev-parse --show-toplevel [1ms]
2023-10-09 20:16:42.230 [info] fatal: not a git repository (or any of the parent directories): .git
2023-10-09 20:20:22.978 [info] > git rev-parse --show-toplevel [3ms]
2023-10-09 20:20:22.978 [info] fatal: not a git repository (or any of the parent directories): .git
2023-10-09 20:20:28.823 [info] > git rev-parse --show-toplevel [2ms]
2023-10-09 20:20:28.823 [info] fatal: not a git repository (or any of the parent directories): .git
2023-10-09 20:24:00.586 [info] > git rev-parse --show-toplevel [3ms]
2023-10-09 20:24:00.586 [info] fatal: not a git repository (or any of the parent directories): .git
2023-10-09 20:24:15.615 [info] > git rev-parse --show-toplevel [2ms]
2023-10-09 20:24:15.615 [info] fatal: not a git repository (or any of the parent directories): .git
2023-10-09 20:28:37.781 [info] > git rev-parse --show-toplevel [0ms]
2023-10-09 20:28:37.785 [info] > git rev-parse --git-dir --git-common-dir [0ms]
2023-10-09 20:28:37.789 [info] Open repository: /root/ros2_ws/src/artificial_occupy
2023-10-09 20:28:37.799 [info] > git config --get commit.template [5ms]
2023-10-09 20:28:37.800 [info] > git for-each-ref --format=%(refname)%00%(upstream:short)%00%(objectname)%00%(upstream:track)%00%(upstream:remotename)%00%(upstream:remoteref) refs/heads/master refs/remotes/master [1ms]
2023-10-09 20:28:37.814 [info] > git status -z -uall [10ms]
2023-10-09 20:28:37.822 [info] > git config --get commit.template [1ms]
2023-10-09 20:28:37.827 [info] > git for-each-ref --format=%(refname)%00%(upstream:short)%00%(objectname)%00%(upstream:track)%00%(upstream:remotename)%00%(upstream:remoteref) refs/heads/master refs/remotes/master [0ms]
2023-10-09 20:28:37.833 [info] > git status -z -uall [1ms]
2023-10-09 20:51:38.731 [info] > git rev-parse --show-toplevel [1ms]
2023-10-09 20:51:38.731 [info] fatal: not a git repository (or any of the parent directories): .git
2023-10-09 21:01:59.726 [info] > git rev-parse --show-toplevel [1ms]
2023-10-09 21:01:59.726 [info] fatal: not a git repository (or any of the parent directories): .git
2023-10-09 21:02:00.232 [info] > git check-ignore -v -z --stdin [0ms]
2023-10-09 21:06:42.961 [info] > git rev-parse --show-toplevel [2ms]
2023-10-09 21:06:42.961 [info] fatal: not a git repository (or any of the parent directories): .git
2023-10-09 21:20:14.094 [info] > git rev-parse --show-toplevel [3ms]
2023-10-09 21:20:14.094 [info] fatal: not a git repository (or any of the parent directories): .git
2023-10-09 21:20:15.654 [info] > git rev-parse --show-toplevel [1ms]
2023-10-09 21:20:15.654 [info] fatal: not a git repository (or any of the parent directories): .git
2023-10-09 21:24:57.652 [info] > git rev-parse --show-toplevel [2ms]
2023-10-09 21:24:57.652 [info] fatal: not a git repository (or any of the parent directories): .git
2023-10-09 21:28:21.052 [info] > git rev-parse --show-toplevel [1ms]
2023-10-09 21:28:21.052 [info] fatal: not a git repository (or any of the parent directories): .git
2023-10-09 21:28:58.534 [info] > git rev-parse --show-toplevel [2ms]
2023-10-09 21:28:58.534 [info] fatal: not a git repository (or any of the parent directories): .git
2023-10-09 21:30:36.705 [info] > git rev-parse --show-toplevel [1ms]
2023-10-09 21:30:36.705 [info] fatal: not a git repository (or any of the parent directories): .git
2023-10-09 21:38:50.890 [info] > git rev-parse --show-toplevel [1ms]
2023-10-09 21:38:50.890 [info] fatal: not a git repository (or any of the parent directories): .git
2023-10-09 21:41:18.891 [info] > git rev-parse --show-toplevel [3ms]
2023-10-09 21:41:18.891 [info] fatal: not a git repository (or any of the parent directories): .git
2023-10-09 21:41:50.634 [info] > git rev-parse --show-toplevel [1ms]
2023-10-09 21:41:50.634 [info] fatal: not a git repository (or any of the parent directories): .git
2023-10-09 21:45:18.242 [info] > git rev-parse --show-toplevel [1ms]
2023-10-09 21:45:18.242 [info] fatal: not a git repository (or any of the parent directories): .git
2023-10-09 21:45:25.114 [info] > git rev-parse --show-toplevel [1ms]
2023-10-09 21:45:25.114 [info] fatal: not a git repository (or any of the parent directories): .git
2023-10-09 21:46:15.597 [info] > git rev-parse --show-toplevel [1ms]
2023-10-09 21:46:15.597 [info] fatal: not a git repository (or any of the parent directories): .git
2023-10-09 21:46:41.029 [info] > git rev-parse --show-toplevel [2ms]
2023-10-09 21:46:41.030 [info] fatal: not a git repository (or any of the parent directories): .git
2023-10-09 21:46:45.626 [info] > git rev-parse --show-toplevel [0ms]
2023-10-09 21:46:45.626 [info] fatal: not a git repository (or any of the parent directories): .git
2023-10-09 21:52:41.594 [info] > git rev-parse --show-toplevel [0ms]
2023-10-09 21:52:41.594 [info] fatal: not a git repository (or any of the parent directories): .git
2023-10-09 21:52:42.306 [info] > git rev-parse --show-toplevel [0ms]
2023-10-09 21:52:42.306 [info] fatal: not a git repository (or any of the parent directories): .git
2023-10-09 21:52:42.808 [info] > git rev-parse --show-toplevel [1ms]
2023-10-09 21:52:42.808 [info] fatal: not a git repository (or any of the parent directories): .git
2023-10-09 21:52:45.538 [info] > git rev-parse --show-toplevel [1ms]
2023-10-09 21:52:45.538 [info] fatal: not a git repository (or any of the parent directories): .git
2023-10-09 21:52:46.328 [info] > git rev-parse --show-toplevel [1ms]
2023-10-09 21:52:46.328 [info] fatal: not a git repository (or any of the parent directories): .git
2023-10-09 21:53:09.589 [info] > git rev-parse --show-toplevel [2ms]
2023-10-09 21:53:09.589 [info] fatal: not a git repository (or any of the parent directories): .git
2023-10-09 21:53:51.889 [info] > git rev-parse --show-toplevel [1ms]
2023-10-09 21:53:51.889 [info] fatal: not a git repository (or any of the parent directories): .git
2023-10-09 22:02:32.702 [info] > git rev-parse --show-toplevel [2ms]
2023-10-09 22:02:32.702 [info] fatal: not a git repository (or any of the parent directories): .git
2023-10-09 22:02:36.378 [info] > git rev-parse --show-toplevel [2ms]
2023-10-09 22:02:36.378 [info] fatal: not a git repository (or any of the parent directories): .git
2023-10-09 22:02:37.721 [info] > git rev-parse --show-toplevel [1ms]
2023-10-09 22:02:37.721 [info] fatal: not a git repository (or any of the parent directories): .git
