[1.645s] Invoking command in '/root/ros2_ws/src/sensors': PYTHONPATH=/root/ros2_ws/build/sensors/prefix_override:/root/ros2_ws/install/sensors/lib/python3.8/site-packages:${PYTHONPATH} /usr/bin/python3 setup.py egg_info --egg-base ../../build/sensors build --build-base /root/ros2_ws/build/sensors/build install --record /root/ros2_ws/build/sensors/install.log --install-scripts $base/lib/sensors --single-version-externally-managed
[1.827s] /usr/local/lib/python3.8/dist-packages/setuptools/dist.py:498: SetuptoolsDeprecationWarning: Invalid dash-separated options
[1.827s] !!
[1.827s] 
[1.827s]         ********************************************************************************
[1.827s]         Usage of dash-separated 'script-dir' will not be supported in future
[1.827s]         versions. Please use the underscore name 'script_dir' instead.
[1.827s] 
[1.827s]         This deprecation is overdue, please update your project and remove deprecated
[1.827s]         calls to avoid build errors in the future.
[1.827s] 
[1.827s]         See https://setuptools.pypa.io/en/latest/userguide/declarative_config.html for details.
[1.827s]         ********************************************************************************
[1.827s] 
[1.827s] !!
[1.827s]   opt = self.warn_dash_deprecation(opt, section)
[1.921s] running egg_info
[2.066s] writing ../../build/sensors/sensors.egg-info/PKG-INFO
[2.067s] writing dependency_links to ../../build/sensors/sensors.egg-info/dependency_links.txt
[2.068s] writing entry points to ../../build/sensors/sensors.egg-info/entry_points.txt
[2.069s] writing requirements to ../../build/sensors/sensors.egg-info/requires.txt
[2.070s] writing top-level names to ../../build/sensors/sensors.egg-info/top_level.txt
[2.108s] reading manifest file '../../build/sensors/sensors.egg-info/SOURCES.txt'
[2.108s] writing manifest file '../../build/sensors/sensors.egg-info/SOURCES.txt'
[2.109s] running build
[2.109s] running build_py
[2.110s] running install
[2.110s] /usr/local/lib/python3.8/dist-packages/setuptools/_distutils/cmd.py:66: SetuptoolsDeprecationWarning: setup.py install is deprecated.
[2.110s] !!
[2.111s] 
[2.111s]         ********************************************************************************
[2.111s]         Please avoid running ``setup.py`` directly.
[2.112s]         Instead, use pypa/build, pypa/installer or other
[2.112s]         standards-based tools.
[2.112s] 
[2.112s]         See https://blog.ganssle.io/articles/2021/10/setup-py-deprecated.html for details.
[2.113s]         ********************************************************************************
[2.113s] 
[2.113s] !!
[2.114s]   self.initialize_options()
[2.114s] running install_lib
[2.127s] running install_data
[2.145s] running install_egg_info
[2.160s] removing '/root/ros2_ws/install/sensors/lib/python3.8/site-packages/sensors-0.0.0-py3.8.egg-info' (and everything under it)
[2.161s] Copying ../../build/sensors/sensors.egg-info to /root/ros2_ws/install/sensors/lib/python3.8/site-packages/sensors-0.0.0-py3.8.egg-info
[2.162s] running install_scripts
[2.211s] Installing imu script to /root/ros2_ws/install/sensors/lib/sensors
[2.211s] Installing tf script to /root/ros2_ws/install/sensors/lib/sensors
[2.212s] writing list of installed files to '/root/ros2_ws/build/sensors/install.log'
[2.246s] Invoked command in '/root/ros2_ws/src/sensors' returned '0': PYTHONPATH=/root/ros2_ws/build/sensors/prefix_override:/root/ros2_ws/install/sensors/lib/python3.8/site-packages:${PYTHONPATH} /usr/bin/python3 setup.py egg_info --egg-base ../../build/sensors build --build-base /root/ros2_ws/build/sensors/build install --record /root/ros2_ws/build/sensors/install.log --install-scripts $base/lib/sensors --single-version-externally-managed
