2023-10-09 08:05:40.337 [info] [Info  - 8:05:40 AM] (15339) Pylance language server 2023.10.10 (pyright 45942a15) starting
2023-10-09 08:05:40.337 [info] [Info  - 8:05:40 AM] (15339) Server root directory: /root/.vscode-server/extensions/ms-python.vscode-pylance-2023.10.10/dist
2023-10-09 08:05:40.337 [info] [Info  - 8:05:40 AM] (15339) Starting service instance "root"
2023-10-09 08:05:40.363 [info] [Info  - 8:05:40 AM] (15339) Setting pythonPath for service "root": "/bin/python3"
2023-10-09 08:05:40.363 [info] [Info  - 8:05:40 AM] (15339) Setting environmentName for service "root": "3.8.10 (global)"
2023-10-09 08:05:40.365 [info] [Warn  - 8:05:40 AM] (15339) stubPath /root/typings is not a valid directory.
2023-10-09 08:05:40.382 [info] [Info  - 8:05:40 AM] (15339) Assuming Python version 3.8
2023-10-09 08:05:40.801 [info] [Warn  - 8:05:40 AM] (15339) Skipping recursive symlink "/root/home/Downloads/catkin_ws/catkin_ws/src/catkin_simple/test/scenarios/hello_world/catkin_simple/test" -> "/root/home/Downloads/catkin_ws/catkin_ws/src/catkin_simple/test"
2023-10-09 08:05:41.124 [info] [Warn  - 8:05:41 AM] (15339) Skipping recursive symlink "/root/home/Downloads/catkin_ws2/src/catkin_simple/test/scenarios/hello_world/catkin_simple/test" -> "/root/home/Downloads/catkin_ws2/src/catkin_simple/test"
2023-10-09 08:05:41.305 [info] [Info  - 8:05:41 AM] (15339) Found 1514 source files
2023-10-09 08:06:25.067 [info] [Warn  - 8:06:25 AM] (15339) Skipping recursive symlink "/root/home/Downloads/catkin_ws/catkin_ws/src/catkin_simple/test/scenarios/hello_world/catkin_simple/test" -> "/root/home/Downloads/catkin_ws/catkin_ws/src/catkin_simple/test"
2023-10-09 08:06:25.394 [info] [Warn  - 8:06:25 AM] (15339) Skipping recursive symlink "/root/home/Downloads/catkin_ws2/src/catkin_simple/test/scenarios/hello_world/catkin_simple/test" -> "/root/home/Downloads/catkin_ws2/src/catkin_simple/test"
2023-10-09 08:06:25.570 [info] [Info  - 8:06:25 AM] (15339) Found 1514 source files
2023-10-09 08:06:39.571 [info] [Warn  - 8:06:39 AM] (15339) Skipping recursive symlink "/root/home/Downloads/catkin_ws/catkin_ws/src/catkin_simple/test/scenarios/hello_world/catkin_simple/test" -> "/root/home/Downloads/catkin_ws/catkin_ws/src/catkin_simple/test"
2023-10-09 08:06:39.895 [info] [Warn  - 8:06:39 AM] (15339) Skipping recursive symlink "/root/home/Downloads/catkin_ws2/src/catkin_simple/test/scenarios/hello_world/catkin_simple/test" -> "/root/home/Downloads/catkin_ws2/src/catkin_simple/test"
2023-10-09 08:06:40.062 [info] [Info  - 8:06:40 AM] (15339) Found 1514 source files
2023-10-09 08:11:16.802 [info] [Warn  - 8:11:16 AM] (15339) Skipping recursive symlink "/root/home/Downloads/catkin_ws/catkin_ws/src/catkin_simple/test/scenarios/hello_world/catkin_simple/test" -> "/root/home/Downloads/catkin_ws/catkin_ws/src/catkin_simple/test"
2023-10-09 08:11:17.346 [info] [Warn  - 8:11:17 AM] (15339) Skipping recursive symlink "/root/home/Downloads/catkin_ws2/src/catkin_simple/test/scenarios/hello_world/catkin_simple/test" -> "/root/home/Downloads/catkin_ws2/src/catkin_simple/test"
2023-10-09 08:11:17.657 [info] [Info  - 8:11:17 AM] (15339) Found 1514 source files
2023-10-09 08:14:30.299 [info] [Warn  - 8:14:30 AM] (15339) Skipping recursive symlink "/root/home/Downloads/catkin_ws/catkin_ws/src/catkin_simple/test/scenarios/hello_world/catkin_simple/test" -> "/root/home/Downloads/catkin_ws/catkin_ws/src/catkin_simple/test"
2023-10-09 08:14:30.829 [info] [Warn  - 8:14:30 AM] (15339) Skipping recursive symlink "/root/home/Downloads/catkin_ws2/src/catkin_simple/test/scenarios/hello_world/catkin_simple/test" -> "/root/home/Downloads/catkin_ws2/src/catkin_simple/test"
2023-10-09 08:14:31.111 [info] [Info  - 8:14:31 AM] (15339) Found 1514 source files
2023-10-09 08:20:05.222 [info] [Warn  - 8:20:05 AM] (15339) Skipping recursive symlink "/root/home/Downloads/catkin_ws/catkin_ws/src/catkin_simple/test/scenarios/hello_world/catkin_simple/test" -> "/root/home/Downloads/catkin_ws/catkin_ws/src/catkin_simple/test"
2023-10-09 08:20:05.534 [info] [Warn  - 8:20:05 AM] (15339) Skipping recursive symlink "/root/home/Downloads/catkin_ws2/src/catkin_simple/test/scenarios/hello_world/catkin_simple/test" -> "/root/home/Downloads/catkin_ws2/src/catkin_simple/test"
2023-10-09 08:20:05.701 [info] [Info  - 8:20:05 AM] (15339) Found 1514 source files
2023-10-09 08:22:47.784 [info] [Warn  - 8:22:47 AM] (15339) Skipping recursive symlink "/root/home/Downloads/catkin_ws/catkin_ws/src/catkin_simple/test/scenarios/hello_world/catkin_simple/test" -> "/root/home/Downloads/catkin_ws/catkin_ws/src/catkin_simple/test"
2023-10-09 08:22:48.342 [info] [Warn  - 8:22:48 AM] (15339) Skipping recursive symlink "/root/home/Downloads/catkin_ws2/src/catkin_simple/test/scenarios/hello_world/catkin_simple/test" -> "/root/home/Downloads/catkin_ws2/src/catkin_simple/test"
2023-10-09 08:22:48.638 [info] [Info  - 8:22:48 AM] (15339) Found 1514 source files
2023-10-09 08:26:03.526 [info] [Warn  - 8:26:03 AM] (15339) Skipping recursive symlink "/root/home/Downloads/catkin_ws/catkin_ws/src/catkin_simple/test/scenarios/hello_world/catkin_simple/test" -> "/root/home/Downloads/catkin_ws/catkin_ws/src/catkin_simple/test"
2023-10-09 08:26:04.052 [info] [Warn  - 8:26:04 AM] (15339) Skipping recursive symlink "/root/home/Downloads/catkin_ws2/src/catkin_simple/test/scenarios/hello_world/catkin_simple/test" -> "/root/home/Downloads/catkin_ws2/src/catkin_simple/test"
2023-10-09 08:26:04.323 [info] [Info  - 8:26:04 AM] (15339) Found 1514 source files
2023-10-09 08:28:16.418 [info] [Warn  - 8:28:16 AM] (15339) Skipping recursive symlink "/root/home/Downloads/catkin_ws/catkin_ws/src/catkin_simple/test/scenarios/hello_world/catkin_simple/test" -> "/root/home/Downloads/catkin_ws/catkin_ws/src/catkin_simple/test"
2023-10-09 08:28:16.998 [info] [Warn  - 8:28:16 AM] (15339) Skipping recursive symlink "/root/home/Downloads/catkin_ws2/src/catkin_simple/test/scenarios/hello_world/catkin_simple/test" -> "/root/home/Downloads/catkin_ws2/src/catkin_simple/test"
2023-10-09 08:28:17.292 [info] [Info  - 8:28:17 AM] (15339) Found 1514 source files
2023-10-09 08:28:49.297 [info] [Warn  - 8:28:49 AM] (15339) Skipping recursive symlink "/root/home/Downloads/catkin_ws/catkin_ws/src/catkin_simple/test/scenarios/hello_world/catkin_simple/test" -> "/root/home/Downloads/catkin_ws/catkin_ws/src/catkin_simple/test"
2023-10-09 08:28:49.916 [info] [Warn  - 8:28:49 AM] (15339) Skipping recursive symlink "/root/home/Downloads/catkin_ws2/src/catkin_simple/test/scenarios/hello_world/catkin_simple/test" -> "/root/home/Downloads/catkin_ws2/src/catkin_simple/test"
2023-10-09 08:28:50.257 [info] [Info  - 8:28:50 AM] (15339) Found 1514 source files
