[0.859s] Invoking command in '/root/ros2_ws/src/nav2_gps_waypoint_follower_demo': PYTHONPATH=/root/ros2_ws/build/nav2_gps_waypoint_follower_demo/prefix_override:/root/ros2_ws/install/nav2_gps_waypoint_follower_demo/lib/python3.8/site-packages:${PYTHONPATH} /usr/bin/python3 setup.py egg_info --egg-base ../../build/nav2_gps_waypoint_follower_demo build --build-base /root/ros2_ws/build/nav2_gps_waypoint_follower_demo/build install --record /root/ros2_ws/build/nav2_gps_waypoint_follower_demo/install.log --single-version-externally-managed
[0.989s] running egg_info
[1.056s] writing ../../build/nav2_gps_waypoint_follower_demo/nav2_gps_waypoint_follower_demo.egg-info/PKG-INFO
[1.056s] writing dependency_links to ../../build/nav2_gps_waypoint_follower_demo/nav2_gps_waypoint_follower_demo.egg-info/dependency_links.txt
[1.056s] writing entry points to ../../build/nav2_gps_waypoint_follower_demo/nav2_gps_waypoint_follower_demo.egg-info/entry_points.txt
[1.057s] writing requirements to ../../build/nav2_gps_waypoint_follower_demo/nav2_gps_waypoint_follower_demo.egg-info/requires.txt
[1.057s] writing top-level names to ../../build/nav2_gps_waypoint_follower_demo/nav2_gps_waypoint_follower_demo.egg-info/top_level.txt
[1.073s] reading manifest file '../../build/nav2_gps_waypoint_follower_demo/nav2_gps_waypoint_follower_demo.egg-info/SOURCES.txt'
[1.073s] writing manifest file '../../build/nav2_gps_waypoint_follower_demo/nav2_gps_waypoint_follower_demo.egg-info/SOURCES.txt'
[1.073s] running build
[1.073s] running build_py
[1.074s] copying nav2_gps_waypoint_follower_demo/woowa_planning.py -> /root/ros2_ws/build/nav2_gps_waypoint_follower_demo/build/lib/nav2_gps_waypoint_follower_demo
[1.074s] running install
[1.074s] /usr/local/lib/python3.8/dist-packages/setuptools/_distutils/cmd.py:66: SetuptoolsDeprecationWarning: setup.py install is deprecated.
[1.074s] !!
[1.074s] 
[1.074s]         ********************************************************************************
[1.074s]         Please avoid running ``setup.py`` directly.
[1.074s]         Instead, use pypa/build, pypa/installer or other
[1.075s]         standards-based tools.
[1.075s] 
[1.075s]         See https://blog.ganssle.io/articles/2021/10/setup-py-deprecated.html for details.
[1.075s]         ********************************************************************************
[1.075s] 
[1.075s] !!
[1.075s]   self.initialize_options()
[1.077s] running install_lib
[1.088s] copying /root/ros2_ws/build/nav2_gps_waypoint_follower_demo/build/lib/nav2_gps_waypoint_follower_demo/woowa_planning.py -> /root/ros2_ws/install/nav2_gps_waypoint_follower_demo/lib/python3.8/site-packages/nav2_gps_waypoint_follower_demo
[1.089s] byte-compiling /root/ros2_ws/install/nav2_gps_waypoint_follower_demo/lib/python3.8/site-packages/nav2_gps_waypoint_follower_demo/woowa_planning.py to woowa_planning.cpython-38.pyc
[1.089s] running install_data
[1.098s] running install_egg_info
[1.106s] removing '/root/ros2_ws/install/nav2_gps_waypoint_follower_demo/lib/python3.8/site-packages/nav2_gps_waypoint_follower_demo-0.0.1-py3.8.egg-info' (and everything under it)
[1.106s] Copying ../../build/nav2_gps_waypoint_follower_demo/nav2_gps_waypoint_follower_demo.egg-info to /root/ros2_ws/install/nav2_gps_waypoint_follower_demo/lib/python3.8/site-packages/nav2_gps_waypoint_follower_demo-0.0.1-py3.8.egg-info
[1.107s] running install_scripts
[1.134s] Installing gps_waypoint_logger script to /root/ros2_ws/install/nav2_gps_waypoint_follower_demo/lib/nav2_gps_waypoint_follower_demo
[1.134s] Installing interactive_waypoint_follower script to /root/ros2_ws/install/nav2_gps_waypoint_follower_demo/lib/nav2_gps_waypoint_follower_demo
[1.134s] Installing logged_waypoint_follower script to /root/ros2_ws/install/nav2_gps_waypoint_follower_demo/lib/nav2_gps_waypoint_follower_demo
[1.134s] Installing save_pose script to /root/ros2_ws/install/nav2_gps_waypoint_follower_demo/lib/nav2_gps_waypoint_follower_demo
[1.134s] Installing woowa_planning script to /root/ros2_ws/install/nav2_gps_waypoint_follower_demo/lib/nav2_gps_waypoint_follower_demo
[1.136s] writing list of installed files to '/root/ros2_ws/build/nav2_gps_waypoint_follower_demo/install.log'
[1.151s] Invoked command in '/root/ros2_ws/src/nav2_gps_waypoint_follower_demo' returned '0': PYTHONPATH=/root/ros2_ws/build/nav2_gps_waypoint_follower_demo/prefix_override:/root/ros2_ws/install/nav2_gps_waypoint_follower_demo/lib/python3.8/site-packages:${PYTHONPATH} /usr/bin/python3 setup.py egg_info --egg-base ../../build/nav2_gps_waypoint_follower_demo build --build-base /root/ros2_ws/build/nav2_gps_waypoint_follower_demo/build install --record /root/ros2_ws/build/nav2_gps_waypoint_follower_demo/install.log --single-version-externally-managed
