[1.064s] Invoking command in '/root/ros2_ws/src/nav2_gps_waypoint_follower_demo': PYTHONPATH=/root/ros2_ws/build/nav2_gps_waypoint_follower_demo/prefix_override:/root/ros2_ws/install/nav2_gps_waypoint_follower_demo/lib/python3.8/site-packages:${PYTHONPATH} /usr/bin/python3 setup.py egg_info --egg-base ../../build/nav2_gps_waypoint_follower_demo build --build-base /root/ros2_ws/build/nav2_gps_waypoint_follower_demo/build install --record /root/ros2_ws/build/nav2_gps_waypoint_follower_demo/install.log --single-version-externally-managed
[1.244s] running egg_info
[1.325s] writing ../../build/nav2_gps_waypoint_follower_demo/nav2_gps_waypoint_follower_demo.egg-info/PKG-INFO
[1.326s] writing dependency_links to ../../build/nav2_gps_waypoint_follower_demo/nav2_gps_waypoint_follower_demo.egg-info/dependency_links.txt
[1.326s] writing entry points to ../../build/nav2_gps_waypoint_follower_demo/nav2_gps_waypoint_follower_demo.egg-info/entry_points.txt
[1.326s] writing requirements to ../../build/nav2_gps_waypoint_follower_demo/nav2_gps_waypoint_follower_demo.egg-info/requires.txt
[1.327s] writing top-level names to ../../build/nav2_gps_waypoint_follower_demo/nav2_gps_waypoint_follower_demo.egg-info/top_level.txt
[1.349s] reading manifest file '../../build/nav2_gps_waypoint_follower_demo/nav2_gps_waypoint_follower_demo.egg-info/SOURCES.txt'
[1.351s] writing manifest file '../../build/nav2_gps_waypoint_follower_demo/nav2_gps_waypoint_follower_demo.egg-info/SOURCES.txt'
[1.352s] running build
[1.352s] running build_py
[1.352s] copying nav2_gps_waypoint_follower_demo/woowa_planning.py -> /root/ros2_ws/build/nav2_gps_waypoint_follower_demo/build/lib/nav2_gps_waypoint_follower_demo
[1.352s] running install
[1.352s] /usr/local/lib/python3.8/dist-packages/setuptools/_distutils/cmd.py:66: SetuptoolsDeprecationWarning: setup.py install is deprecated.
[1.352s] !!
[1.352s] 
[1.352s]         ********************************************************************************
[1.353s]         Please avoid running ``setup.py`` directly.
[1.353s]         Instead, use pypa/build, pypa/installer or other
[1.353s]         standards-based tools.
[1.353s] 
[1.353s]         See https://blog.ganssle.io/articles/2021/10/setup-py-deprecated.html for details.
[1.353s]         ********************************************************************************
[1.353s] 
[1.353s] !!
[1.353s]   self.initialize_options()
[1.356s] running install_lib
[1.366s] copying /root/ros2_ws/build/nav2_gps_waypoint_follower_demo/build/lib/nav2_gps_waypoint_follower_demo/woowa_planning.py -> /root/ros2_ws/install/nav2_gps_waypoint_follower_demo/lib/python3.8/site-packages/nav2_gps_waypoint_follower_demo
[1.367s] byte-compiling /root/ros2_ws/install/nav2_gps_waypoint_follower_demo/lib/python3.8/site-packages/nav2_gps_waypoint_follower_demo/woowa_planning.py to woowa_planning.cpython-38.pyc
[1.368s] running install_data
[1.379s] copying config/nav2_no_map_params.yaml -> /root/ros2_ws/install/nav2_gps_waypoint_follower_demo/share/nav2_gps_waypoint_follower_demo/config
[1.380s] running install_egg_info
[1.391s] removing '/root/ros2_ws/install/nav2_gps_waypoint_follower_demo/lib/python3.8/site-packages/nav2_gps_waypoint_follower_demo-0.0.1-py3.8.egg-info' (and everything under it)
[1.392s] Copying ../../build/nav2_gps_waypoint_follower_demo/nav2_gps_waypoint_follower_demo.egg-info to /root/ros2_ws/install/nav2_gps_waypoint_follower_demo/lib/python3.8/site-packages/nav2_gps_waypoint_follower_demo-0.0.1-py3.8.egg-info
[1.392s] running install_scripts
[1.430s] Installing gps_waypoint_logger script to /root/ros2_ws/install/nav2_gps_waypoint_follower_demo/lib/nav2_gps_waypoint_follower_demo
[1.430s] Installing interactive_waypoint_follower script to /root/ros2_ws/install/nav2_gps_waypoint_follower_demo/lib/nav2_gps_waypoint_follower_demo
[1.430s] Installing logged_waypoint_follower script to /root/ros2_ws/install/nav2_gps_waypoint_follower_demo/lib/nav2_gps_waypoint_follower_demo
[1.431s] Installing save_pose script to /root/ros2_ws/install/nav2_gps_waypoint_follower_demo/lib/nav2_gps_waypoint_follower_demo
[1.431s] Installing woowa_planning script to /root/ros2_ws/install/nav2_gps_waypoint_follower_demo/lib/nav2_gps_waypoint_follower_demo
[1.431s] writing list of installed files to '/root/ros2_ws/build/nav2_gps_waypoint_follower_demo/install.log'
[1.459s] Invoked command in '/root/ros2_ws/src/nav2_gps_waypoint_follower_demo' returned '0': PYTHONPATH=/root/ros2_ws/build/nav2_gps_waypoint_follower_demo/prefix_override:/root/ros2_ws/install/nav2_gps_waypoint_follower_demo/lib/python3.8/site-packages:${PYTHONPATH} /usr/bin/python3 setup.py egg_info --egg-base ../../build/nav2_gps_waypoint_follower_demo build --build-base /root/ros2_ws/build/nav2_gps_waypoint_follower_demo/build install --record /root/ros2_ws/build/nav2_gps_waypoint_follower_demo/install.log --single-version-externally-managed
