[1.192s] Invoking command in '/root/ros2_ws/src/sensors': PYTHONPATH=/root/ros2_ws/build/sensors/prefix_override:/root/ros2_ws/install/sensors/lib/python3.8/site-packages:${PYTHONPATH} /usr/bin/python3 setup.py egg_info --egg-base ../../build/sensors build --build-base /root/ros2_ws/build/sensors/build install --record /root/ros2_ws/build/sensors/install.log --install-scripts $base/lib/sensors --single-version-externally-managed
[1.301s] /usr/local/lib/python3.8/dist-packages/setuptools/dist.py:498: SetuptoolsDeprecationWarning: Invalid dash-separated options
[1.301s] !!
[1.301s] 
[1.302s]         ********************************************************************************
[1.302s]         Usage of dash-separated 'script-dir' will not be supported in future
[1.302s]         versions. Please use the underscore name 'script_dir' instead.
[1.302s] 
[1.303s]         This deprecation is overdue, please update your project and remove deprecated
[1.303s]         calls to avoid build errors in the future.
[1.303s] 
[1.303s]         See https://setuptools.pypa.io/en/latest/userguide/declarative_config.html for details.
[1.303s]         ********************************************************************************
[1.304s] 
[1.304s] !!
[1.304s]   opt = self.warn_dash_deprecation(opt, section)
[1.369s] running egg_info
[1.433s] writing ../../build/sensors/sensors.egg-info/PKG-INFO
[1.433s] writing dependency_links to ../../build/sensors/sensors.egg-info/dependency_links.txt
[1.433s] writing entry points to ../../build/sensors/sensors.egg-info/entry_points.txt
[1.433s] writing requirements to ../../build/sensors/sensors.egg-info/requires.txt
[1.433s] writing top-level names to ../../build/sensors/sensors.egg-info/top_level.txt
[1.447s] reading manifest file '../../build/sensors/sensors.egg-info/SOURCES.txt'
[1.448s] writing manifest file '../../build/sensors/sensors.egg-info/SOURCES.txt'
[1.448s] running build
[1.448s] running build_py
[1.448s] running install
[1.448s] /usr/local/lib/python3.8/dist-packages/setuptools/_distutils/cmd.py:66: SetuptoolsDeprecationWarning: setup.py install is deprecated.
[1.448s] !!
[1.448s] 
[1.448s]         ********************************************************************************
[1.448s]         Please avoid running ``setup.py`` directly.
[1.448s]         Instead, use pypa/build, pypa/installer or other
[1.448s]         standards-based tools.
[1.448s] 
[1.448s]         See https://blog.ganssle.io/articles/2021/10/setup-py-deprecated.html for details.
[1.448s]         ********************************************************************************
[1.449s] 
[1.449s] !!
[1.449s]   self.initialize_options()
[1.451s] running install_lib
[1.458s] running install_data
[1.465s] running install_egg_info
[1.473s] removing '/root/ros2_ws/install/sensors/lib/python3.8/site-packages/sensors-0.0.0-py3.8.egg-info' (and everything under it)
[1.473s] Copying ../../build/sensors/sensors.egg-info to /root/ros2_ws/install/sensors/lib/python3.8/site-packages/sensors-0.0.0-py3.8.egg-info
[1.473s] running install_scripts
[1.496s] Installing imu script to /root/ros2_ws/install/sensors/lib/sensors
[1.496s] Installing tf script to /root/ros2_ws/install/sensors/lib/sensors
[1.497s] writing list of installed files to '/root/ros2_ws/build/sensors/install.log'
[1.521s] Invoked command in '/root/ros2_ws/src/sensors' returned '0': PYTHONPATH=/root/ros2_ws/build/sensors/prefix_override:/root/ros2_ws/install/sensors/lib/python3.8/site-packages:${PYTHONPATH} /usr/bin/python3 setup.py egg_info --egg-base ../../build/sensors build --build-base /root/ros2_ws/build/sensors/build install --record /root/ros2_ws/build/sensors/install.log --install-scripts $base/lib/sensors --single-version-externally-managed
