[1.291s] Invoking command in '/root/ros2_ws/src/sensors': PYTHONPATH=/root/ros2_ws/build/sensors/prefix_override:/root/ros2_ws/install/sensors/lib/python3.8/site-packages:${PYTHONPATH} /usr/bin/python3 setup.py egg_info --egg-base ../../build/sensors build --build-base /root/ros2_ws/build/sensors/build install --record /root/ros2_ws/build/sensors/install.log --install-scripts $base/lib/sensors --single-version-externally-managed
[1.413s] /usr/local/lib/python3.8/dist-packages/setuptools/dist.py:498: SetuptoolsDeprecationWarning: Invalid dash-separated options
[1.413s] !!
[1.413s] 
[1.413s]         ********************************************************************************
[1.413s]         Usage of dash-separated 'script-dir' will not be supported in future
[1.414s]         versions. Please use the underscore name 'script_dir' instead.
[1.414s] 
[1.414s]         This deprecation is overdue, please update your project and remove deprecated
[1.414s]         calls to avoid build errors in the future.
[1.414s] 
[1.414s]         See https://setuptools.pypa.io/en/latest/userguide/declarative_config.html for details.
[1.414s]         ********************************************************************************
[1.414s] 
[1.414s] !!
[1.414s]   opt = self.warn_dash_deprecation(opt, section)
[1.503s] running egg_info
[1.616s] writing ../../build/sensors/sensors.egg-info/PKG-INFO
[1.617s] writing dependency_links to ../../build/sensors/sensors.egg-info/dependency_links.txt
[1.618s] writing entry points to ../../build/sensors/sensors.egg-info/entry_points.txt
[1.618s] writing requirements to ../../build/sensors/sensors.egg-info/requires.txt
[1.618s] writing top-level names to ../../build/sensors/sensors.egg-info/top_level.txt
[1.646s] reading manifest file '../../build/sensors/sensors.egg-info/SOURCES.txt'
[1.647s] writing manifest file '../../build/sensors/sensors.egg-info/SOURCES.txt'
[1.647s] running build
[1.647s] running build_py
[1.647s] running install
[1.648s] /usr/local/lib/python3.8/dist-packages/setuptools/_distutils/cmd.py:66: SetuptoolsDeprecationWarning: setup.py install is deprecated.
[1.648s] !!
[1.649s] 
[1.649s]         ********************************************************************************
[1.649s]         Please avoid running ``setup.py`` directly.
[1.650s]         Instead, use pypa/build, pypa/installer or other
[1.650s]         standards-based tools.
[1.650s] 
[1.650s]         See https://blog.ganssle.io/articles/2021/10/setup-py-deprecated.html for details.
[1.651s]         ********************************************************************************
[1.651s] 
[1.651s] !!
[1.652s]   self.initialize_options()
[1.652s] running install_lib
[1.665s] running install_data
[1.681s] running install_egg_info
[1.695s] removing '/root/ros2_ws/install/sensors/lib/python3.8/site-packages/sensors-0.0.0-py3.8.egg-info' (and everything under it)
[1.696s] Copying ../../build/sensors/sensors.egg-info to /root/ros2_ws/install/sensors/lib/python3.8/site-packages/sensors-0.0.0-py3.8.egg-info
[1.696s] running install_scripts
[1.742s] Installing imu script to /root/ros2_ws/install/sensors/lib/sensors
[1.742s] Installing tf script to /root/ros2_ws/install/sensors/lib/sensors
[1.742s] writing list of installed files to '/root/ros2_ws/build/sensors/install.log'
[1.775s] Invoked command in '/root/ros2_ws/src/sensors' returned '0': PYTHONPATH=/root/ros2_ws/build/sensors/prefix_override:/root/ros2_ws/install/sensors/lib/python3.8/site-packages:${PYTHONPATH} /usr/bin/python3 setup.py egg_info --egg-base ../../build/sensors build --build-base /root/ros2_ws/build/sensors/build install --record /root/ros2_ws/build/sensors/install.log --install-scripts $base/lib/sensors --single-version-externally-managed
