[1.250s] Invoking command in '/root/ros2_ws/src/nav2_gps_waypoint_follower_demo': PYTHONPATH=/root/ros2_ws/build/nav2_gps_waypoint_follower_demo/prefix_override:/root/ros2_ws/install/nav2_gps_waypoint_follower_demo/lib/python3.8/site-packages:${PYTHONPATH} /usr/bin/python3 setup.py egg_info --egg-base ../../build/nav2_gps_waypoint_follower_demo build --build-base /root/ros2_ws/build/nav2_gps_waypoint_follower_demo/build install --record /root/ros2_ws/build/nav2_gps_waypoint_follower_demo/install.log --single-version-externally-managed
[1.453s] running egg_info
[1.549s] writing ../../build/nav2_gps_waypoint_follower_demo/nav2_gps_waypoint_follower_demo.egg-info/PKG-INFO
[1.549s] writing dependency_links to ../../build/nav2_gps_waypoint_follower_demo/nav2_gps_waypoint_follower_demo.egg-info/dependency_links.txt
[1.549s] writing entry points to ../../build/nav2_gps_waypoint_follower_demo/nav2_gps_waypoint_follower_demo.egg-info/entry_points.txt
[1.549s] writing requirements to ../../build/nav2_gps_waypoint_follower_demo/nav2_gps_waypoint_follower_demo.egg-info/requires.txt
[1.549s] writing top-level names to ../../build/nav2_gps_waypoint_follower_demo/nav2_gps_waypoint_follower_demo.egg-info/top_level.txt
[1.576s] reading manifest file '../../build/nav2_gps_waypoint_follower_demo/nav2_gps_waypoint_follower_demo.egg-info/SOURCES.txt'
[1.578s] writing manifest file '../../build/nav2_gps_waypoint_follower_demo/nav2_gps_waypoint_follower_demo.egg-info/SOURCES.txt'
[1.580s] running build
[1.580s] running build_py
[1.580s] running install
[1.580s] /usr/local/lib/python3.8/dist-packages/setuptools/_distutils/cmd.py:66: SetuptoolsDeprecationWarning: setup.py install is deprecated.
[1.580s] !!
[1.580s] 
[1.580s]         ********************************************************************************
[1.581s]         Please avoid running ``setup.py`` directly.
[1.581s]         Instead, use pypa/build, pypa/installer or other
[1.581s]         standards-based tools.
[1.581s] 
[1.581s]         See https://blog.ganssle.io/articles/2021/10/setup-py-deprecated.html for details.
[1.581s]         ********************************************************************************
[1.581s] 
[1.581s] !!
[1.581s]   self.initialize_options()
[1.583s] running install_lib
[1.599s] running install_data
[1.612s] copying config/nav2_no_map_params.yaml -> /root/ros2_ws/install/nav2_gps_waypoint_follower_demo/share/nav2_gps_waypoint_follower_demo/config
[1.612s] running install_egg_info
[1.626s] removing '/root/ros2_ws/install/nav2_gps_waypoint_follower_demo/lib/python3.8/site-packages/nav2_gps_waypoint_follower_demo-0.0.1-py3.8.egg-info' (and everything under it)
[1.626s] Copying ../../build/nav2_gps_waypoint_follower_demo/nav2_gps_waypoint_follower_demo.egg-info to /root/ros2_ws/install/nav2_gps_waypoint_follower_demo/lib/python3.8/site-packages/nav2_gps_waypoint_follower_demo-0.0.1-py3.8.egg-info
[1.627s] running install_scripts
[1.668s] Installing gps_waypoint_logger script to /root/ros2_ws/install/nav2_gps_waypoint_follower_demo/lib/nav2_gps_waypoint_follower_demo
[1.669s] Installing interactive_waypoint_follower script to /root/ros2_ws/install/nav2_gps_waypoint_follower_demo/lib/nav2_gps_waypoint_follower_demo
[1.669s] Installing logged_waypoint_follower script to /root/ros2_ws/install/nav2_gps_waypoint_follower_demo/lib/nav2_gps_waypoint_follower_demo
[1.670s] Installing save_pose script to /root/ros2_ws/install/nav2_gps_waypoint_follower_demo/lib/nav2_gps_waypoint_follower_demo
[1.670s] Installing woowa_planning script to /root/ros2_ws/install/nav2_gps_waypoint_follower_demo/lib/nav2_gps_waypoint_follower_demo
[1.670s] writing list of installed files to '/root/ros2_ws/build/nav2_gps_waypoint_follower_demo/install.log'
[1.701s] Invoked command in '/root/ros2_ws/src/nav2_gps_waypoint_follower_demo' returned '0': PYTHONPATH=/root/ros2_ws/build/nav2_gps_waypoint_follower_demo/prefix_override:/root/ros2_ws/install/nav2_gps_waypoint_follower_demo/lib/python3.8/site-packages:${PYTHONPATH} /usr/bin/python3 setup.py egg_info --egg-base ../../build/nav2_gps_waypoint_follower_demo build --build-base /root/ros2_ws/build/nav2_gps_waypoint_follower_demo/build install --record /root/ros2_ws/build/nav2_gps_waypoint_follower_demo/install.log --single-version-externally-managed
