running egg_info
creating ../../build/sensors/sensors.egg-info
writing ../../build/sensors/sensors.egg-info/PKG-INFO
writing dependency_links to ../../build/sensors/sensors.egg-info/dependency_links.txt
writing entry points to ../../build/sensors/sensors.egg-info/entry_points.txt
writing requirements to ../../build/sensors/sensors.egg-info/requires.txt
writing top-level names to ../../build/sensors/sensors.egg-info/top_level.txt
writing manifest file '../../build/sensors/sensors.egg-info/SOURCES.txt'
reading manifest file '../../build/sensors/sensors.egg-info/SOURCES.txt'
writing manifest file '../../build/sensors/sensors.egg-info/SOURCES.txt'
running build
running build_py
creating /root/ros2_ws/build/sensors/build
creating /root/ros2_ws/build/sensors/build/lib
creating /root/ros2_ws/build/sensors/build/lib/sensors
copying sensors/imu.py -> /root/ros2_ws/build/sensors/build/lib/sensors
copying sensors/tf_pub.py -> /root/ros2_ws/build/sensors/build/lib/sensors
copying sensors/__init__.py -> /root/ros2_ws/build/sensors/build/lib/sensors
running install
running install_lib
creating /root/ros2_ws/install/sensors/lib/python3.8/site-packages/sensors
copying /root/ros2_ws/build/sensors/build/lib/sensors/imu.py -> /root/ros2_ws/install/sensors/lib/python3.8/site-packages/sensors
copying /root/ros2_ws/build/sensors/build/lib/sensors/tf_pub.py -> /root/ros2_ws/install/sensors/lib/python3.8/site-packages/sensors
copying /root/ros2_ws/build/sensors/build/lib/sensors/__init__.py -> /root/ros2_ws/install/sensors/lib/python3.8/site-packages/sensors
byte-compiling /root/ros2_ws/install/sensors/lib/python3.8/site-packages/sensors/imu.py to imu.cpython-38.pyc
byte-compiling /root/ros2_ws/install/sensors/lib/python3.8/site-packages/sensors/tf_pub.py to tf_pub.cpython-38.pyc
byte-compiling /root/ros2_ws/install/sensors/lib/python3.8/site-packages/sensors/__init__.py to __init__.cpython-38.pyc
running install_data
creating /root/ros2_ws/install/sensors/share/ament_index
creating /root/ros2_ws/install/sensors/share/ament_index/resource_index
creating /root/ros2_ws/install/sensors/share/ament_index/resource_index/packages
copying resource/sensors -> /root/ros2_ws/install/sensors/share/ament_index/resource_index/packages
copying package.xml -> /root/ros2_ws/install/sensors/share/sensors
running install_egg_info
Copying ../../build/sensors/sensors.egg-info to /root/ros2_ws/install/sensors/lib/python3.8/site-packages/sensors-0.0.0-py3.8.egg-info
running install_scripts
Installing imu script to /root/ros2_ws/install/sensors/lib/sensors
Installing tf script to /root/ros2_ws/install/sensors/lib/sensors
writing list of installed files to '/root/ros2_ws/build/sensors/install.log'
