[0.618s] Invoking command in '/root/ros2_ws/src/sensors': PYTHONPATH=/root/ros2_ws/build/sensors/prefix_override:/root/ros2_ws/install/sensors/lib/python3.8/site-packages:${PYTHONPATH} /usr/bin/python3 setup.py egg_info --egg-base ../../build/sensors build --build-base /root/ros2_ws/build/sensors/build install --record /root/ros2_ws/build/sensors/install.log --install-scripts $base/lib/sensors --single-version-externally-managed
[0.681s] /usr/local/lib/python3.8/dist-packages/setuptools/dist.py:498: SetuptoolsDeprecationWarning: Invalid dash-separated options
[0.681s] !!
[0.681s] 
[0.681s]         ********************************************************************************
[0.681s]         Usage of dash-separated 'script-dir' will not be supported in future
[0.681s]         versions. Please use the underscore name 'script_dir' instead.
[0.681s] 
[0.681s]         This deprecation is overdue, please update your project and remove deprecated
[0.681s]         calls to avoid build errors in the future.
[0.681s] 
[0.681s]         See https://setuptools.pypa.io/en/latest/userguide/declarative_config.html for details.
[0.681s]         ********************************************************************************
[0.681s] 
[0.681s] !!
[0.681s]   opt = self.warn_dash_deprecation(opt, section)
[0.724s] running egg_info
[0.724s] creating ../../build/sensors/sensors.egg-info
[0.780s] writing ../../build/sensors/sensors.egg-info/PKG-INFO
[0.780s] writing dependency_links to ../../build/sensors/sensors.egg-info/dependency_links.txt
[0.780s] writing entry points to ../../build/sensors/sensors.egg-info/entry_points.txt
[0.780s] writing requirements to ../../build/sensors/sensors.egg-info/requires.txt
[0.780s] writing top-level names to ../../build/sensors/sensors.egg-info/top_level.txt
[0.780s] writing manifest file '../../build/sensors/sensors.egg-info/SOURCES.txt'
[0.795s] reading manifest file '../../build/sensors/sensors.egg-info/SOURCES.txt'
[0.795s] writing manifest file '../../build/sensors/sensors.egg-info/SOURCES.txt'
[0.795s] running build
[0.795s] running build_py
[0.795s] creating /root/ros2_ws/build/sensors/build
[0.795s] creating /root/ros2_ws/build/sensors/build/lib
[0.795s] creating /root/ros2_ws/build/sensors/build/lib/sensors
[0.795s] copying sensors/imu.py -> /root/ros2_ws/build/sensors/build/lib/sensors
[0.795s] copying sensors/tf_pub.py -> /root/ros2_ws/build/sensors/build/lib/sensors
[0.795s] copying sensors/__init__.py -> /root/ros2_ws/build/sensors/build/lib/sensors
[0.796s] running install
[0.796s] /usr/local/lib/python3.8/dist-packages/setuptools/_distutils/cmd.py:66: SetuptoolsDeprecationWarning: setup.py install is deprecated.
[0.796s] !!
[0.796s] 
[0.796s]         ********************************************************************************
[0.796s]         Please avoid running ``setup.py`` directly.
[0.796s]         Instead, use pypa/build, pypa/installer or other
[0.796s]         standards-based tools.
[0.796s] 
[0.796s]         See https://blog.ganssle.io/articles/2021/10/setup-py-deprecated.html for details.
[0.796s]         ********************************************************************************
[0.796s] 
[0.796s] !!
[0.796s]   self.initialize_options()
[0.798s] running install_lib
[0.805s] creating /root/ros2_ws/install/sensors/lib/python3.8/site-packages/sensors
[0.805s] copying /root/ros2_ws/build/sensors/build/lib/sensors/imu.py -> /root/ros2_ws/install/sensors/lib/python3.8/site-packages/sensors
[0.805s] copying /root/ros2_ws/build/sensors/build/lib/sensors/tf_pub.py -> /root/ros2_ws/install/sensors/lib/python3.8/site-packages/sensors
[0.805s] copying /root/ros2_ws/build/sensors/build/lib/sensors/__init__.py -> /root/ros2_ws/install/sensors/lib/python3.8/site-packages/sensors
[0.805s] byte-compiling /root/ros2_ws/install/sensors/lib/python3.8/site-packages/sensors/imu.py to imu.cpython-38.pyc
[0.805s] byte-compiling /root/ros2_ws/install/sensors/lib/python3.8/site-packages/sensors/tf_pub.py to tf_pub.cpython-38.pyc
[0.806s] byte-compiling /root/ros2_ws/install/sensors/lib/python3.8/site-packages/sensors/__init__.py to __init__.cpython-38.pyc
[0.806s] running install_data
[0.812s] creating /root/ros2_ws/install/sensors/share/ament_index
[0.812s] creating /root/ros2_ws/install/sensors/share/ament_index/resource_index
[0.812s] creating /root/ros2_ws/install/sensors/share/ament_index/resource_index/packages
[0.812s] copying resource/sensors -> /root/ros2_ws/install/sensors/share/ament_index/resource_index/packages
[0.812s] copying package.xml -> /root/ros2_ws/install/sensors/share/sensors
[0.812s] running install_egg_info
[0.819s] Copying ../../build/sensors/sensors.egg-info to /root/ros2_ws/install/sensors/lib/python3.8/site-packages/sensors-0.0.0-py3.8.egg-info
[0.820s] running install_scripts
[0.843s] Installing imu script to /root/ros2_ws/install/sensors/lib/sensors
[0.843s] Installing tf script to /root/ros2_ws/install/sensors/lib/sensors
[0.843s] writing list of installed files to '/root/ros2_ws/build/sensors/install.log'
[0.857s] Invoked command in '/root/ros2_ws/src/sensors' returned '0': PYTHONPATH=/root/ros2_ws/build/sensors/prefix_override:/root/ros2_ws/install/sensors/lib/python3.8/site-packages:${PYTHONPATH} /usr/bin/python3 setup.py egg_info --egg-base ../../build/sensors build --build-base /root/ros2_ws/build/sensors/build install --record /root/ros2_ws/build/sensors/install.log --install-scripts $base/lib/sensors --single-version-externally-managed
