[0.236s] Invoking command in '/root/ros2_ws/build/sam_bot_description': CMAKE_PREFIX_PATH=/root/ros2_ws/install/sam_bot_description:/root/ros2_ws/install/sensors:/root/ros2_ws/install/nav2_gps_waypoint_follower_demo:/opt/ros/galactic:/root/catkin_ws/devel:/opt/ros/noetic /usr/bin/cmake --build /root/ros2_ws/build/sam_bot_description -- -j24 -l24
[0.981s] Invoked command in '/root/ros2_ws/build/sam_bot_description' returned '0': CMAKE_PREFIX_PATH=/root/ros2_ws/install/sam_bot_description:/root/ros2_ws/install/sensors:/root/ros2_ws/install/nav2_gps_waypoint_follower_demo:/opt/ros/galactic:/root/catkin_ws/devel:/opt/ros/noetic /usr/bin/cmake --build /root/ros2_ws/build/sam_bot_description -- -j24 -l24
[1.140s] Invoking command in '/root/ros2_ws/build/sam_bot_description': CMAKE_PREFIX_PATH=/root/ros2_ws/install/sam_bot_description:/root/ros2_ws/install/sensors:/root/ros2_ws/install/nav2_gps_waypoint_follower_demo:/opt/ros/galactic:/root/catkin_ws/devel:/opt/ros/noetic /usr/bin/cmake --install /root/ros2_ws/build/sam_bot_description
[1.194s] -- Install configuration: ""
[1.195s] -- Up-to-date: /root/ros2_ws/install/sam_bot_description/share/sam_bot_description/src
[1.197s] -- Up-to-date: /root/ros2_ws/install/sam_bot_description/share/sam_bot_description/src/description
[1.198s] -- Up-to-date: /root/ros2_ws/install/sam_bot_description/share/sam_bot_description/src/description/woowa.urdf
[1.199s] -- Up-to-date: /root/ros2_ws/install/sam_bot_description/share/sam_bot_description/launch
[1.200s] -- Up-to-date: /root/ros2_ws/install/sam_bot_description/share/sam_bot_description/launch/display.launch.py
[1.201s] -- Up-to-date: /root/ros2_ws/install/sam_bot_description/share/sam_bot_description/rviz
[1.201s] -- Up-to-date: /root/ros2_ws/install/sam_bot_description/share/sam_bot_description/rviz/urdf_config.rviz
[1.201s] -- Up-to-date: /root/ros2_ws/install/sam_bot_description/share/sam_bot_description/config
[1.202s] -- Up-to-date: /root/ros2_ws/install/sam_bot_description/share/sam_bot_description/config/ekf.yaml
[1.202s] -- Up-to-date: /root/ros2_ws/install/sam_bot_description/share/ament_index/resource_index/package_run_dependencies/sam_bot_description
[1.202s] -- Up-to-date: /root/ros2_ws/install/sam_bot_description/share/ament_index/resource_index/parent_prefix_path/sam_bot_description
[1.203s] -- Up-to-date: /root/ros2_ws/install/sam_bot_description/share/sam_bot_description/environment/ament_prefix_path.sh
[1.203s] -- Up-to-date: /root/ros2_ws/install/sam_bot_description/share/sam_bot_description/environment/ament_prefix_path.dsv
[1.203s] -- Up-to-date: /root/ros2_ws/install/sam_bot_description/share/sam_bot_description/environment/path.sh
[1.204s] -- Up-to-date: /root/ros2_ws/install/sam_bot_description/share/sam_bot_description/environment/path.dsv
[1.204s] -- Up-to-date: /root/ros2_ws/install/sam_bot_description/share/sam_bot_description/local_setup.bash
[1.204s] -- Up-to-date: /root/ros2_ws/install/sam_bot_description/share/sam_bot_description/local_setup.sh
[1.204s] -- Up-to-date: /root/ros2_ws/install/sam_bot_description/share/sam_bot_description/local_setup.zsh
[1.205s] -- Up-to-date: /root/ros2_ws/install/sam_bot_description/share/sam_bot_description/local_setup.dsv
[1.205s] -- Installing: /root/ros2_ws/install/sam_bot_description/share/sam_bot_description/package.dsv
[1.205s] -- Up-to-date: /root/ros2_ws/install/sam_bot_description/share/ament_index/resource_index/packages/sam_bot_description
[1.206s] -- Up-to-date: /root/ros2_ws/install/sam_bot_description/share/sam_bot_description/cmake/sam_bot_descriptionConfig.cmake
[1.207s] -- Up-to-date: /root/ros2_ws/install/sam_bot_description/share/sam_bot_description/cmake/sam_bot_descriptionConfig-version.cmake
[1.209s] -- Up-to-date: /root/ros2_ws/install/sam_bot_description/share/sam_bot_description/package.xml
[1.228s] Invoked command in '/root/ros2_ws/build/sam_bot_description' returned '0': CMAKE_PREFIX_PATH=/root/ros2_ws/install/sam_bot_description:/root/ros2_ws/install/sensors:/root/ros2_ws/install/nav2_gps_waypoint_follower_demo:/opt/ros/galactic:/root/catkin_ws/devel:/opt/ros/noetic /usr/bin/cmake --install /root/ros2_ws/build/sam_bot_description
