2023-10-06 18:11:20.185 [info] Experiment 'pythonPromptNewFormatterExt' is active
2023-10-06 18:11:20.185 [info] Experiment 'pythonPromptNewToolsExt' is active
2023-10-06 18:11:20.185 [info] Experiment 'pythonSurveyNotification' is active
2023-10-06 18:11:20.185 [info] Experiment 'pythonTerminalEnvVarActivation' is active
2023-10-06 18:11:20.185 [info] Test server listening.
2023-10-06 18:11:20.185 [info] Python interpreter path: /bin/python3
2023-10-06 18:11:20.193 [warning] Retry failed, storage update failed for key PYTHON_WORKSPACE_STORAGE_KEYS
2023-10-06 18:11:20.193 [warning] Retry failed, storage update failed for key PYTHON_WORKSPACE_STORAGE_KEYS
2023-10-06 18:11:20.193 [warning] Retry failed, storage update failed for key PYTHON_WORKSPACE_STORAGE_KEYS
2023-10-06 18:11:20.406 [warning] Retry failed, storage update failed for key PYTHON_WORKSPACE_STORAGE_KEYS
2023-10-06 18:11:21.168 [info] Starting Pylance language server.
2023-10-06 18:11:29.793 [info] Discover tests for workspace name: root - uri: /root/ros2_ws/src/nav2_gps_waypoint_follower_demo/setup.py
2023-10-06 18:11:32.285 [info] Discover tests for workspace name: root - uri: /root/ros2_ws/src/nav2_gps_waypoint_follower_demo/setup.py
2023-10-06 18:11:35.380 [info] Discover tests for workspace name: root - uri: /root/ros2_ws/src/nav2_gps_waypoint_follower_demo/setup.py
2023-10-06 18:11:42.885 [info] Discover tests for workspace name: root - uri: /root/ros2_ws/src/nav2_gps_waypoint_follower_demo/nav2_gps_waypoint_follower_demo/woowa_planning.py
2023-10-06 19:03:15.891 [info] Discover tests for workspace name: root - uri: /root/ros2_ws/src/nav2_gps_waypoint_follower_demo/nav2_gps_waypoint_follower_demo/woowa_planning.py
2023-10-06 19:06:53.038 [info] Discover tests for workspace name: root - uri: /root/ros2_ws/src/nav2_gps_waypoint_follower_demo/nav2_gps_waypoint_follower_demo/woowa_planning.py
2023-10-06 19:08:32.872 [info] Discover tests for workspace name: root - uri: /root/ros2_ws/src/nav2_gps_waypoint_follower_demo/nav2_gps_waypoint_follower_demo/woowa_planning.py
2023-10-06 19:08:47.873 [info] Discover tests for workspace name: root - uri: /root/ros2_ws/src/nav2_gps_waypoint_follower_demo/nav2_gps_waypoint_follower_demo/woowa_planning.py
2023-10-06 19:09:02.390 [info] Discover tests for workspace name: root - uri: /root/ros2_ws/src/nav2_gps_waypoint_follower_demo/nav2_gps_waypoint_follower_demo/woowa_planning.py
2023-10-06 19:09:35.555 [info] Discover tests for workspace name: root - uri: /root/ros2_ws/src/nav2_gps_waypoint_follower_demo/nav2_gps_waypoint_follower_demo/woowa_planning.py
2023-10-06 19:17:34.693 [info] Discover tests for workspace name: root - uri: /root/ros2_ws/src/nav2_gps_waypoint_follower_demo/nav2_gps_waypoint_follower_demo/woowa_planning.py
2023-10-06 19:18:11.575 [info] Discover tests for workspace name: root - uri: /root/ros2_ws/src/nav2_gps_waypoint_follower_demo/nav2_gps_waypoint_follower_demo/woowa_planning.py
2023-10-06 19:18:12.742 [info] Discover tests for workspace name: root - uri: /root/ros2_ws/src/nav2_gps_waypoint_follower_demo/nav2_gps_waypoint_follower_demo/woowa_planning.py
2023-10-06 19:18:18.388 [info] Discover tests for workspace name: root - uri: /root/ros2_ws/src/nav2_gps_waypoint_follower_demo/nav2_gps_waypoint_follower_demo/woowa_planning.py
2023-10-06 19:18:19.472 [info] Discover tests for workspace name: root - uri: /root/ros2_ws/src/nav2_gps_waypoint_follower_demo/nav2_gps_waypoint_follower_demo/woowa_planning.py
2023-10-06 19:18:22.141 [info] Discover tests for workspace name: root - uri: /root/ros2_ws/src/nav2_gps_waypoint_follower_demo/nav2_gps_waypoint_follower_demo/woowa_planning.py
2023-10-06 19:19:35.248 [info] Discover tests for workspace name: root - uri: /root/ros2_ws/src/nav2_gps_waypoint_follower_demo/nav2_gps_waypoint_follower_demo/woowa_planning.py
2023-10-06 19:19:39.516 [info] Discover tests for workspace name: root - uri: /root/ros2_ws/src/nav2_gps_waypoint_follower_demo/nav2_gps_waypoint_follower_demo/woowa_planning.py
2023-10-06 19:19:57.469 [info] Discover tests for workspace name: root - uri: /root/ros2_ws/src/nav2_gps_waypoint_follower_demo/nav2_gps_waypoint_follower_demo/woowa_planning.py
2023-10-06 19:20:04.276 [info] Discover tests for workspace name: root - uri: /root/ros2_ws/src/nav2_gps_waypoint_follower_demo/nav2_gps_waypoint_follower_demo/woowa_planning.py
2023-10-06 19:20:56.112 [info] Discover tests for workspace name: root - uri: /root/ros2_ws/src/nav2_gps_waypoint_follower_demo/nav2_gps_waypoint_follower_demo/woowa_planning.py
2023-10-06 19:21:44.718 [info] Discover tests for workspace name: root - uri: /root/ros2_ws/src/nav2_gps_waypoint_follower_demo/nav2_gps_waypoint_follower_demo/woowa_planning.py
2023-10-06 19:21:53.858 [info] Discover tests for workspace name: root - uri: /root/ros2_ws/src/nav2_gps_waypoint_follower_demo/nav2_gps_waypoint_follower_demo/woowa_planning.py
2023-10-06 19:22:15.321 [info] Discover tests for workspace name: root - uri: /root/ros2_ws/src/nav2_gps_waypoint_follower_demo/nav2_gps_waypoint_follower_demo/woowa_planning.py
2023-10-06 19:22:28.765 [info] Discover tests for workspace name: root - uri: /root/ros2_ws/src/nav2_gps_waypoint_follower_demo/nav2_gps_waypoint_follower_demo/woowa_planning.py
2023-10-06 19:23:05.818 [info] Discover tests for workspace name: root - uri: /root/ros2_ws/src/nav2_gps_waypoint_follower_demo/nav2_gps_waypoint_follower_demo/woowa_planning.py
2023-10-06 19:23:07.191 [info] Discover tests for workspace name: root - uri: /root/ros2_ws/src/nav2_gps_waypoint_follower_demo/nav2_gps_waypoint_follower_demo/woowa_planning.py
2023-10-06 19:23:59.160 [info] Discover tests for workspace name: root - uri: /root/ros2_ws/src/nav2_gps_waypoint_follower_demo/nav2_gps_waypoint_follower_demo/woowa_planning.py
2023-10-06 19:24:27.492 [info] Discover tests for workspace name: root - uri: /root/ros2_ws/src/nav2_gps_waypoint_follower_demo/nav2_gps_waypoint_follower_demo/woowa_planning.py
2023-10-06 19:39:09.110 [info] Discover tests for workspace name: root - uri: /root/ros2_ws/src/nav2_gps_waypoint_follower_demo/nav2_gps_waypoint_follower_demo/save_pose.py
2023-10-06 19:39:23.052 [info] Discover tests for workspace name: root - uri: /root/ros2_ws/src/nav2_gps_waypoint_follower_demo/setup.py
2023-10-06 19:40:57.866 [info] Discover tests for workspace name: root - uri: /root/ros2_ws/src/nav2_gps_waypoint_follower_demo/nav2_gps_waypoint_follower_demo/save_pose.py
2023-10-06 20:01:04.673 [info] Discover tests for workspace name: root - uri: /root/ros2_ws/src/nav2_gps_waypoint_follower_demo/nav2_gps_waypoint_follower_demo/woowa_planning.py
2023-10-06 20:01:49.070 [info] Discover tests for workspace name: root - uri: /root/ros2_ws/src/nav2_gps_waypoint_follower_demo/nav2_gps_waypoint_follower_demo/woowa_planning.py
2023-10-06 20:01:52.904 [info] Discover tests for workspace name: root - uri: /root/ros2_ws/src/nav2_gps_waypoint_follower_demo/nav2_gps_waypoint_follower_demo/woowa_planning.py
2023-10-06 20:16:12.243 [info] Discover tests for workspace name: root - uri: /root/ros2_ws/src/nav2_gps_waypoint_follower_demo/nav2_gps_waypoint_follower_demo/woowa_planning.py
2023-10-06 20:34:08.641 [info] Discover tests for workspace name: root - uri: /root/ros2_ws/src/nav2_gps_waypoint_follower_demo/nav2_gps_waypoint_follower_demo/woowa_planning.py
2023-10-06 20:47:58.414 [info] Discover tests for workspace name: root - uri: /root/ros2_ws/src/nav2_gps_waypoint_follower_demo/nav2_gps_waypoint_follower_demo/woowa_planning.py
2023-10-06 20:47:59.001 [info] Discover tests for workspace name: root - uri: /root/ros2_ws/src/nav2_gps_waypoint_follower_demo/nav2_gps_waypoint_follower_demo/woowa_planning.py
2023-10-06 20:51:17.807 [info] Discover tests for workspace name: root - uri: /root/ros2_ws/src/nav2_gps_waypoint_follower_demo/nav2_gps_waypoint_follower_demo/woowa_planning.py
2023-10-06 20:51:24.066 [info] Discover tests for workspace name: root - uri: /root/ros2_ws/src/nav2_gps_waypoint_follower_demo/nav2_gps_waypoint_follower_demo/woowa_planning.py
2023-10-06 20:51:25.402 [info] Discover tests for workspace name: root - uri: /root/ros2_ws/src/nav2_gps_waypoint_follower_demo/nav2_gps_waypoint_follower_demo/woowa_planning.py
2023-10-06 20:51:50.879 [info] Discover tests for workspace name: root - uri: /root/ros2_ws/src/nav2_gps_waypoint_follower_demo/nav2_gps_waypoint_follower_demo/woowa_planning.py
2023-10-06 20:53:38.726 [info] Discover tests for workspace name: root - uri: /root/ros2_ws/src/nav2_gps_waypoint_follower_demo/nav2_gps_waypoint_follower_demo/woowa_planning.py
2023-10-06 20:53:40.299 [info] Discover tests for workspace name: root - uri: /root/ros2_ws/src/nav2_gps_waypoint_follower_demo/nav2_gps_waypoint_follower_demo/woowa_planning.py
2023-10-06 20:54:28.170 [info] Discover tests for workspace name: root - uri: /root/ros2_ws/src/nav2_gps_waypoint_follower_demo/nav2_gps_waypoint_follower_demo/woowa_planning.py
2023-10-06 20:54:30.451 [info] Discover tests for workspace name: root - uri: /root/ros2_ws/src/nav2_gps_waypoint_follower_demo/nav2_gps_waypoint_follower_demo/woowa_planning.py
2023-10-06 20:54:52.041 [info] Discover tests for workspace name: root - uri: /root/ros2_ws/src/nav2_gps_waypoint_follower_demo/nav2_gps_waypoint_follower_demo/woowa_planning.py
2023-10-06 20:54:55.155 [info] Discover tests for workspace name: root - uri: /root/ros2_ws/src/nav2_gps_waypoint_follower_demo/nav2_gps_waypoint_follower_demo/woowa_planning.py
2023-10-06 20:55:11.991 [info] > /bin/python3 ./.vscode-server/extensions/ms-python.python-2023.18.0/pythonFiles/normalizeSelection.py
2023-10-06 20:55:12.119 [info] Send text to terminal: /bin/python3
2023-10-06 20:55:13.019 [info] Send text to terminal: self.goal_handle = goal_handle  # Save the goal handle

2023-10-06 20:55:14.174 [info] Discover tests for workspace name: root - uri: /root/ros2_ws/src/nav2_gps_waypoint_follower_demo/nav2_gps_waypoint_follower_demo/woowa_planning.py
2023-10-06 20:55:32.924 [info] Discover tests for workspace name: root - uri: /root/ros2_ws/src/nav2_gps_waypoint_follower_demo/nav2_gps_waypoint_follower_demo/woowa_planning.py
2023-10-06 20:56:03.978 [info] Discover tests for workspace name: root - uri: /root/ros2_ws/src/nav2_gps_waypoint_follower_demo/nav2_gps_waypoint_follower_demo/woowa_planning.py
2023-10-06 20:57:17.602 [info] Discover tests for workspace name: root - uri: /root/ros2_ws/src/nav2_gps_waypoint_follower_demo/nav2_gps_waypoint_follower_demo/woowa_planning.py
2023-10-06 20:57:22.174 [info] Discover tests for workspace name: root - uri: /root/ros2_ws/src/nav2_gps_waypoint_follower_demo/nav2_gps_waypoint_follower_demo/woowa_planning.py
2023-10-06 20:57:23.753 [info] Discover tests for workspace name: root - uri: /root/ros2_ws/src/nav2_gps_waypoint_follower_demo/nav2_gps_waypoint_follower_demo/woowa_planning.py
2023-10-06 20:58:11.639 [info] Discover tests for workspace name: root - uri: /root/ros2_ws/src/nav2_gps_waypoint_follower_demo/nav2_gps_waypoint_follower_demo/woowa_planning.py
2023-10-06 20:59:22.322 [info] Discover tests for workspace name: root - uri: /root/ros2_ws/src/nav2_gps_waypoint_follower_demo/nav2_gps_waypoint_follower_demo/woowa_planning.py
2023-10-06 20:59:24.192 [info] Discover tests for workspace name: root - uri: /root/ros2_ws/src/nav2_gps_waypoint_follower_demo/nav2_gps_waypoint_follower_demo/woowa_planning.py
2023-10-06 21:00:15.025 [info] Discover tests for workspace name: root - uri: /root/ros2_ws/src/nav2_gps_waypoint_follower_demo/nav2_gps_waypoint_follower_demo/woowa_planning.py
2023-10-06 21:00:45.015 [info] Discover tests for workspace name: root - uri: /root/ros2_ws/src/nav2_gps_waypoint_follower_demo/nav2_gps_waypoint_follower_demo/woowa_planning.py
2023-10-06 21:00:47.500 [info] Discover tests for workspace name: root - uri: /root/ros2_ws/src/nav2_gps_waypoint_follower_demo/nav2_gps_waypoint_follower_demo/woowa_planning.py
2023-10-06 21:01:51.520 [info] Discover tests for workspace name: root - uri: /root/ros2_ws/src/nav2_gps_waypoint_follower_demo/nav2_gps_waypoint_follower_demo/woowa_planning.py
2023-10-06 21:03:59.145 [info] Discover tests for workspace name: root - uri: /root/ros2_ws/src/nav2_gps_waypoint_follower_demo/nav2_gps_waypoint_follower_demo/woowa_planning.py
2023-10-06 21:04:02.545 [info] Discover tests for workspace name: root - uri: /root/ros2_ws/src/nav2_gps_waypoint_follower_demo/nav2_gps_waypoint_follower_demo/woowa_planning.py
2023-10-06 21:04:19.273 [info] Discover tests for workspace name: root - uri: /root/ros2_ws/src/nav2_gps_waypoint_follower_demo/nav2_gps_waypoint_follower_demo/woowa_planning.py
2023-10-06 21:05:41.334 [info] Discover tests for workspace name: root - uri: /root/ros2_ws/src/nav2_gps_waypoint_follower_demo/nav2_gps_waypoint_follower_demo/woowa_planning.py
2023-10-06 21:05:46.561 [info] Discover tests for workspace name: root - uri: /root/ros2_ws/src/nav2_gps_waypoint_follower_demo/nav2_gps_waypoint_follower_demo/woowa_planning.py
2023-10-06 21:07:11.961 [info] Discover tests for workspace name: root - uri: /root/ros2_ws/src/nav2_gps_waypoint_follower_demo/nav2_gps_waypoint_follower_demo/woowa_planning.py
2023-10-06 21:14:58.392 [info] Discover tests for workspace name: root - uri: /root/ros2_ws/src/nav2_gps_waypoint_follower_demo/nav2_gps_waypoint_follower_demo/woowa_planning.py
2023-10-06 21:15:01.958 [info] Discover tests for workspace name: root - uri: /root/ros2_ws/src/nav2_gps_waypoint_follower_demo/nav2_gps_waypoint_follower_demo/woowa_planning.py
2023-10-06 21:17:31.240 [info] Discover tests for workspace name: root - uri: /root/ros2_ws/src/nav2_gps_waypoint_follower_demo/nav2_gps_waypoint_follower_demo/woowa_planning.py
2023-10-06 21:18:51.862 [info] Discover tests for workspace name: root - uri: /root/ros2_ws/src/nav2_gps_waypoint_follower_demo/nav2_gps_waypoint_follower_demo/woowa_planning.py
2023-10-06 21:18:55.412 [info] Discover tests for workspace name: root - uri: /root/ros2_ws/src/nav2_gps_waypoint_follower_demo/nav2_gps_waypoint_follower_demo/woowa_planning.py
2023-10-06 21:20:45.824 [info] Discover tests for workspace name: root - uri: /root/ros2_ws/src/nav2_gps_waypoint_follower_demo/nav2_gps_waypoint_follower_demo/woowa_planning.py
2023-10-06 21:21:57.320 [info] Discover tests for workspace name: root - uri: /root/ros2_ws/src/nav2_gps_waypoint_follower_demo/nav2_gps_waypoint_follower_demo/woowa_planning.py
2023-10-06 21:24:51.695 [info] Discover tests for workspace name: root - uri: /root/ros2_ws/src/nav2_gps_waypoint_follower_demo/nav2_gps_waypoint_follower_demo/woowa_planning.py
2023-10-06 21:25:04.344 [info] Discover tests for workspace name: root - uri: /root/ros2_ws/src/nav2_gps_waypoint_follower_demo/nav2_gps_waypoint_follower_demo/woowa_planning.py
2023-10-06 21:25:07.186 [info] Discover tests for workspace name: root - uri: /root/ros2_ws/src/nav2_gps_waypoint_follower_demo/nav2_gps_waypoint_follower_demo/woowa_planning.py
2023-10-06 21:27:11.409 [info] Discover tests for workspace name: root - uri: /root/ros2_ws/src/nav2_gps_waypoint_follower_demo/nav2_gps_waypoint_follower_demo/woowa_planning.py
2023-10-06 21:28:59.912 [info] Discover tests for workspace name: root - uri: /root/ros2_ws/src/nav2_gps_waypoint_follower_demo/nav2_gps_waypoint_follower_demo/woowa_planning.py
2023-10-06 21:31:47.950 [info] Discover tests for workspace name: root - uri: /root/ros2_ws/src/nav2_gps_waypoint_follower_demo/nav2_gps_waypoint_follower_demo/woowa_planning.py
2023-10-06 21:32:10.036 [info] Discover tests for workspace name: root - uri: /root/ros2_ws/src/nav2_gps_waypoint_follower_demo/nav2_gps_waypoint_follower_demo/woowa_planning.py
2023-10-06 21:32:16.742 [info] Discover tests for workspace name: root - uri: /root/ros2_ws/src/nav2_gps_waypoint_follower_demo/nav2_gps_waypoint_follower_demo/woowa_planning.py
2023-10-06 21:32:17.057 [info] Discover tests for workspace name: root - uri: /root/ros2_ws/src/nav2_gps_waypoint_follower_demo/nav2_gps_waypoint_follower_demo/woowa_planning.py
2023-10-06 21:35:04.249 [info] Discover tests for workspace name: root - uri: /root/ros2_ws/src/nav2_gps_waypoint_follower_demo/nav2_gps_waypoint_follower_demo/woowa_planning.py
2023-10-06 21:35:06.845 [info] Discover tests for workspace name: root - uri: /root/ros2_ws/src/nav2_gps_waypoint_follower_demo/nav2_gps_waypoint_follower_demo/woowa_planning.py
2023-10-06 21:35:09.700 [info] Discover tests for workspace name: root - uri: /root/ros2_ws/src/nav2_gps_waypoint_follower_demo/nav2_gps_waypoint_follower_demo/woowa_planning.py
2023-10-06 21:37:37.220 [info] Discover tests for workspace name: root - uri: /root/ros2_ws/src/nav2_gps_waypoint_follower_demo/nav2_gps_waypoint_follower_demo/woowa_planning.py
2023-10-06 21:38:46.696 [info] Discover tests for workspace name: root - uri: /root/ros2_ws/src/nav2_gps_waypoint_follower_demo/nav2_gps_waypoint_follower_demo/woowa_planning.py
2023-10-06 21:38:48.314 [info] Discover tests for workspace name: root - uri: /root/ros2_ws/src/nav2_gps_waypoint_follower_demo/nav2_gps_waypoint_follower_demo/woowa_planning.py
2023-10-06 21:40:28.254 [info] Discover tests for workspace name: root - uri: /root/ros2_ws/src/nav2_gps_waypoint_follower_demo/nav2_gps_waypoint_follower_demo/woowa_planning.py
2023-10-06 21:40:33.398 [info] Discover tests for workspace name: root - uri: /root/ros2_ws/src/nav2_gps_waypoint_follower_demo/nav2_gps_waypoint_follower_demo/woowa_planning.py
2023-10-06 21:40:40.901 [info] Discover tests for workspace name: root - uri: /root/ros2_ws/src/nav2_gps_waypoint_follower_demo/nav2_gps_waypoint_follower_demo/woowa_planning.py
2023-10-06 21:41:33.700 [info] Discover tests for workspace name: root - uri: /root/ros2_ws/src/nav2_gps_waypoint_follower_demo/nav2_gps_waypoint_follower_demo/woowa_planning.py
2023-10-06 21:45:15.207 [info] Discover tests for workspace name: root - uri: /root/ros2_ws/src/nav2_gps_waypoint_follower_demo/nav2_gps_waypoint_follower_demo/woowa_planning.py
2023-10-06 21:45:55.214 [info] Discover tests for workspace name: root - uri: /root/ros2_ws/src/nav2_gps_waypoint_follower_demo/nav2_gps_waypoint_follower_demo/woowa_planning.py
2023-10-06 21:47:09.066 [info] Discover tests for workspace name: root - uri: /root/ros2_ws/src/nav2_gps_waypoint_follower_demo/nav2_gps_waypoint_follower_demo/woowa_planning.py
2023-10-06 21:59:28.192 [info] Discover tests for workspace name: root - uri: /root/catkin_ws/src/hpc_gps_pkg/scripts/path_publisher.py
2023-10-06 22:05:20.559 [info] Discover tests for workspace name: root - uri: /root/catkin_ws/src/hpc_gps_pkg/scripts/path_publisher.py
2023-10-06 22:06:02.366 [info] Discover tests for workspace name: root - uri: /root/catkin_ws/src/hpc_gps_pkg/scripts/path_publisher.py
2023-10-06 22:06:08.016 [info] Discover tests for workspace name: root - uri: /root/catkin_ws/src/hpc_gps_pkg/scripts/path_publisher.py
2023-10-06 22:06:19.857 [info] Discover tests for workspace name: root - uri: /root/catkin_ws/src/hpc_gps_pkg/scripts/path_publisher.py
2023-10-06 22:06:38.175 [info] Discover tests for workspace name: root - uri: /root/catkin_ws/src/hpc_gps_pkg/scripts/path_publisher.py
2023-10-06 22:06:47.924 [info] Discover tests for workspace name: root - uri: /root/catkin_ws/src/hpc_gps_pkg/scripts/path_publisher.py
2023-10-06 22:06:53.644 [info] Discover tests for workspace name: root - uri: /root/catkin_ws/src/hpc_gps_pkg/scripts/path_publisher.py
2023-10-06 22:08:13.128 [info] Discover tests for workspace name: root - uri: /root/catkin_ws/src/hpc_gps_pkg/scripts/path_publisher.py
2023-10-06 22:08:21.359 [info] Discover tests for workspace name: root - uri: /root/catkin_ws/src/hpc_gps_pkg/scripts/path_publisher.py
2023-10-06 22:08:29.910 [info] Discover tests for workspace name: root - uri: /root/catkin_ws/src/hpc_gps_pkg/scripts/path_publisher.py
2023-10-06 22:08:30.917 [info] Discover tests for workspace name: root - uri: /root/catkin_ws/src/hpc_gps_pkg/scripts/path_publisher.py
2023-10-06 22:08:34.732 [info] Discover tests for workspace name: root - uri: /root/catkin_ws/src/hpc_gps_pkg/scripts/path_publisher.py
2023-10-06 22:08:48.099 [info] Discover tests for workspace name: root - uri: /root/catkin_ws/src/hpc_gps_pkg/scripts/path_publisher.py
2023-10-06 22:09:18.270 [info] Discover tests for workspace name: root - uri: /root/catkin_ws/src/hpc_gps_pkg/scripts/path_publisher.py
2023-10-06 22:09:59.129 [info] Discover tests for workspace name: root - uri: /root/catkin_ws/src/hpc_gps_pkg/scripts/path_publisher.py
2023-10-06 22:12:00.730 [info] Discover tests for workspace name: root - uri: /root/catkin_ws/src/hpc_gps_pkg/scripts/path_publisher.py
2023-10-06 22:12:08.439 [info] Discover tests for workspace name: root - uri: /root/catkin_ws/src/hpc_gps_pkg/scripts/path_publisher.py
2023-10-06 22:12:27.692 [info] Discover tests for workspace name: root - uri: /root/catkin_ws/src/hpc_gps_pkg/scripts/path_publisher.py
2023-10-06 22:12:35.016 [info] Discover tests for workspace name: root - uri: /root/catkin_ws/src/hpc_gps_pkg/scripts/path_publisher.py
2023-10-06 22:12:36.584 [info] Discover tests for workspace name: root - uri: /root/catkin_ws/src/hpc_gps_pkg/scripts/path_publisher.py
2023-10-06 22:12:39.076 [info] Discover tests for workspace name: root - uri: /root/catkin_ws/src/hpc_gps_pkg/scripts/path_publisher.py
2023-10-06 22:12:53.916 [info] Discover tests for workspace name: root - uri: /root/catkin_ws/src/hpc_gps_pkg/scripts/path_publisher.py
2023-10-06 22:13:30.627 [info] Discover tests for workspace name: root - uri: /root/catkin_ws/src/hpc_gps_pkg/scripts/path_publisher.py
2023-10-06 22:13:44.159 [info] Discover tests for workspace name: root - uri: /root/catkin_ws/src/hpc_gps_pkg/scripts/path_publisher.py
2023-10-06 22:13:53.706 [info] Discover tests for workspace name: root - uri: /root/catkin_ws/src/hpc_gps_pkg/scripts/path_publisher.py
2023-10-06 22:14:09.456 [info] Discover tests for workspace name: root - uri: /root/catkin_ws/src/hpc_gps_pkg/scripts/path_publisher.py
2023-10-06 22:14:11.566 [info] Discover tests for workspace name: root - uri: /root/catkin_ws/src/hpc_gps_pkg/scripts/path_publisher.py
2023-10-06 22:14:16.837 [info] Discover tests for workspace name: root - uri: /root/catkin_ws/src/hpc_gps_pkg/scripts/path_publisher.py
2023-10-06 22:14:21.803 [info] Discover tests for workspace name: root - uri: /root/catkin_ws/src/hpc_gps_pkg/scripts/path_publisher.py
2023-10-06 22:14:25.732 [info] Discover tests for workspace name: root - uri: /root/catkin_ws/src/hpc_gps_pkg/scripts/path_publisher.py
2023-10-06 22:14:27.799 [info] Discover tests for workspace name: root - uri: /root/catkin_ws/src/hpc_gps_pkg/scripts/path_publisher.py
2023-10-06 22:14:41.982 [info] Discover tests for workspace name: root - uri: /root/catkin_ws/src/hpc_gps_pkg/scripts/path_publisher.py
2023-10-06 22:14:49.610 [info] Discover tests for workspace name: root - uri: /root/catkin_ws/src/hpc_gps_pkg/scripts/path_publisher.py
2023-10-06 22:14:53.234 [info] Discover tests for workspace name: root - uri: /root/catkin_ws/src/hpc_gps_pkg/scripts/path_publisher.py
2023-10-06 22:17:10.047 [info] Discover tests for workspace name: root - uri: /root/catkin_ws/src/hpc_gps_pkg/scripts/path_publisher.py
2023-10-06 22:17:17.016 [info] Discover tests for workspace name: root - uri: /root/catkin_ws/src/hpc_gps_pkg/scripts/path_publisher.py
2023-10-06 22:17:31.940 [info] Discover tests for workspace name: root - uri: /root/catkin_ws/src/hpc_gps_pkg/scripts/path_publisher.py
2023-10-06 22:18:43.512 [info] Discover tests for workspace name: root - uri: /root/catkin_ws/src/hpc_gps_pkg/scripts/path_publisher.py
2023-10-06 22:19:07.104 [info] Discover tests for workspace name: root - uri: /root/catkin_ws/src/hpc_gps_pkg/scripts/path_publisher.py
2023-10-06 22:19:19.017 [info] Discover tests for workspace name: root - uri: /root/catkin_ws/src/hpc_gps_pkg/scripts/path_publisher.py
2023-10-06 22:20:06.161 [info] Discover tests for workspace name: root - uri: /root/catkin_ws/src/hpc_gps_pkg/scripts/path_publisher.py
2023-10-06 22:20:13.812 [info] Discover tests for workspace name: root - uri: /root/catkin_ws/src/hpc_gps_pkg/scripts/path_publisher.py
2023-10-06 22:20:23.699 [info] Discover tests for workspace name: root - uri: /root/catkin_ws/src/hpc_gps_pkg/scripts/path_publisher.py
2023-10-06 22:20:37.698 [info] Discover tests for workspace name: root - uri: /root/catkin_ws/src/hpc_gps_pkg/scripts/path_publisher.py
2023-10-06 22:20:40.762 [info] Discover tests for workspace name: root - uri: /root/catkin_ws/src/hpc_gps_pkg/scripts/path_publisher.py
2023-10-06 22:20:54.435 [info] Discover tests for workspace name: root - uri: /root/catkin_ws/src/hpc_gps_pkg/scripts/path_publisher.py
2023-10-06 22:20:59.444 [info] Discover tests for workspace name: root - uri: /root/catkin_ws/src/hpc_gps_pkg/scripts/path_publisher.py
2023-10-06 22:21:06.373 [info] Discover tests for workspace name: root - uri: /root/catkin_ws/src/hpc_gps_pkg/scripts/path_publisher.py
2023-10-06 22:28:07.909 [info] Discover tests for workspace name: root - uri: /root/catkin_ws/src/hpc_gps_pkg/scripts/path_publisher.py
2023-10-06 22:28:31.933 [info] Discover tests for workspace name: root - uri: /root/catkin_ws/src/hpc_gps_pkg/scripts/path_publisher.py
2023-10-06 22:29:08.786 [info] Discover tests for workspace name: root - uri: /root/catkin_ws/src/hpc_gps_pkg/scripts/path_publisher.py
2023-10-06 22:29:12.401 [info] Discover tests for workspace name: root - uri: /root/catkin_ws/src/hpc_gps_pkg/scripts/path_publisher.py
2023-10-06 22:29:32.465 [info] Discover tests for workspace name: root - uri: /root/catkin_ws/src/hpc_gps_pkg/scripts/path_publisher.py
2023-10-06 22:29:59.928 [info] Discover tests for workspace name: root - uri: /root/catkin_ws/src/hpc_gps_pkg/scripts/path_publisher.py
2023-10-06 22:30:19.040 [info] Discover tests for workspace name: root - uri: /root/catkin_ws/src/hpc_gps_pkg/scripts/path_publisher.py
2023-10-06 22:32:12.800 [info] Discover tests for workspace name: root - uri: /root/ros2_ws/src/nav2_gps_waypoint_follower_demo/nav2_gps_waypoint_follower_demo/woowa_planning.py
2023-10-06 22:32:20.649 [info] Discover tests for workspace name: root - uri: /root/ros2_ws/src/nav2_gps_waypoint_follower_demo/nav2_gps_waypoint_follower_demo/woowa_planning.py
2023-10-06 22:32:28.090 [info] Discover tests for workspace name: root - uri: /root/ros2_ws/src/nav2_gps_waypoint_follower_demo/nav2_gps_waypoint_follower_demo/woowa_planning.py
2023-10-06 22:32:41.620 [info] Discover tests for workspace name: root - uri: /root/ros2_ws/src/nav2_gps_waypoint_follower_demo/nav2_gps_waypoint_follower_demo/woowa_planning.py
2023-10-06 22:32:57.739 [info] Discover tests for workspace name: root - uri: /root/ros2_ws/src/nav2_gps_waypoint_follower_demo/nav2_gps_waypoint_follower_demo/woowa_planning.py
2023-10-06 22:33:09.197 [info] Discover tests for workspace name: root - uri: /root/catkin_ws/src/hpc_gps_pkg/scripts/path_publisher.py
2023-10-06 22:33:14.205 [info] Discover tests for workspace name: root - uri: /root/ros2_ws/src/nav2_gps_waypoint_follower_demo/nav2_gps_waypoint_follower_demo/woowa_planning.py
2023-10-06 22:34:09.067 [info] Discover tests for workspace name: root - uri: /root/ros2_ws/src/nav2_gps_waypoint_follower_demo/nav2_gps_waypoint_follower_demo/woowa_planning.py
2023-10-06 22:34:14.627 [info] Discover tests for workspace name: root - uri: /root/ros2_ws/src/nav2_gps_waypoint_follower_demo/nav2_gps_waypoint_follower_demo/woowa_planning.py
2023-10-06 22:34:19.031 [info] Discover tests for workspace name: root - uri: /root/ros2_ws/src/nav2_gps_waypoint_follower_demo/nav2_gps_waypoint_follower_demo/woowa_planning.py
2023-10-06 22:34:23.413 [info] Discover tests for workspace name: root - uri: /root/ros2_ws/src/nav2_gps_waypoint_follower_demo/nav2_gps_waypoint_follower_demo/woowa_planning.py
2023-10-06 22:34:26.554 [info] Discover tests for workspace name: root - uri: /root/ros2_ws/src/nav2_gps_waypoint_follower_demo/nav2_gps_waypoint_follower_demo/woowa_planning.py
2023-10-06 22:34:31.754 [info] Discover tests for workspace name: root - uri: /root/ros2_ws/src/nav2_gps_waypoint_follower_demo/nav2_gps_waypoint_follower_demo/woowa_planning.py
2023-10-06 22:35:46.814 [info] Discover tests for workspace name: root - uri: /root/catkin_ws/src/hpc_gps_pkg/scripts/path_publisher.py
2023-10-06 22:37:54.885 [info] Discover tests for workspace name: root - uri: /root/catkin_ws/src/hpc_gps_pkg/scripts/path_publisher.py
2023-10-06 22:41:53.240 [info] Discover tests for workspace name: root - uri: /root/catkin_ws/src/hpc_gps_pkg/scripts/path_publisher.py
2023-10-06 22:43:41.862 [info] Discover tests for workspace name: root - uri: /root/catkin_ws/src/hpc_gps_pkg/scripts/path_publisher.py
2023-10-06 22:43:46.281 [info] Discover tests for workspace name: root - uri: /root/catkin_ws/src/hpc_gps_pkg/scripts/path_publisher.py
2023-10-06 22:44:17.947 [info] Discover tests for workspace name: root - uri: /root/catkin_ws/src/hpc_gps_pkg/scripts/path_publisher.py
2023-10-06 22:44:24.155 [info] Discover tests for workspace name: root - uri: /root/catkin_ws/src/hpc_gps_pkg/scripts/path_publisher.py
2023-10-06 22:44:24.931 [info] Discover tests for workspace name: root - uri: /root/catkin_ws/src/hpc_gps_pkg/scripts/path_publisher.py
2023-10-06 22:44:44.900 [info] Discover tests for workspace name: root - uri: /root/catkin_ws/src/hpc_gps_pkg/scripts/path_publisher.py
2023-10-06 22:44:46.114 [info] Discover tests for workspace name: root - uri: /root/catkin_ws/src/hpc_gps_pkg/scripts/path_publisher.py
2023-10-06 22:44:49.276 [info] Discover tests for workspace name: root - uri: /root/catkin_ws/src/hpc_gps_pkg/scripts/path_publisher.py
2023-10-06 22:45:01.991 [info] Discover tests for workspace name: root - uri: /root/catkin_ws/src/hpc_gps_pkg/scripts/path_publisher.py
2023-10-06 22:46:05.219 [info] Discover tests for workspace name: root - uri: /root/catkin_ws/src/hpc_gps_pkg/scripts/path_publisher.py
2023-10-06 22:46:26.239 [info] Discover tests for workspace name: root - uri: /root/catkin_ws/src/hpc_gps_pkg/scripts/path_publisher.py
2023-10-06 22:46:28.543 [info] Discover tests for workspace name: root - uri: /root/catkin_ws/src/hpc_gps_pkg/scripts/path_publisher.py
2023-10-06 23:01:56.530 [info] Discover tests for workspace name: root - uri: /root/catkin_ws/src/hpc_gps_pkg/scripts/path_publisher.py
2023-10-06 23:02:14.514 [info] Discover tests for workspace name: root - uri: /root/ros2_ws/src/nav2_gps_waypoint_follower_demo/nav2_gps_waypoint_follower_demo/woowa_planning.py
2023-10-06 23:26:59.329 [info] Discover tests for workspace name: root - uri: /root/catkin_ws/src/hpc_gps_pkg/scripts/path_publisher.py
2023-10-06 23:26:59.745 [info] Discover tests for workspace name: root - uri: /root/catkin_ws/src/hpc_gps_pkg/scripts/path_publisher.py
2023-10-06 23:36:17.648 [info] Discover tests for workspace name: root - uri: /root/ros2_ws/src/nav2_gps_waypoint_follower_demo/nav2_gps_waypoint_follower_demo/woowa_planning.py
2023-10-06 23:40:41.207 [info] Discover tests for workspace name: root - uri: /root/ros2_ws/src/nav2_gps_waypoint_follower_demo/nav2_gps_waypoint_follower_demo/woowa_planning.py
2023-10-06 23:41:29.442 [info] Discover tests for workspace name: root - uri: /root/ros2_ws/src/nav2_gps_waypoint_follower_demo/nav2_gps_waypoint_follower_demo/woowa_planning.py
2023-10-06 23:43:05.809 [info] Discover tests for workspace name: root - uri: /root/ros2_ws/src/nav2_gps_waypoint_follower_demo/nav2_gps_waypoint_follower_demo/woowa_planning.py
2023-10-06 23:43:18.037 [info] Discover tests for workspace name: root - uri: /root/ros2_ws/src/nav2_gps_waypoint_follower_demo/nav2_gps_waypoint_follower_demo/woowa_planning.py
2023-10-06 23:43:25.665 [info] Discover tests for workspace name: root - uri: /root/ros2_ws/src/nav2_gps_waypoint_follower_demo/nav2_gps_waypoint_follower_demo/woowa_planning.py
2023-10-06 23:43:59.800 [info] Discover tests for workspace name: root - uri: /root/ros2_ws/src/nav2_gps_waypoint_follower_demo/nav2_gps_waypoint_follower_demo/woowa_planning.py
2023-10-06 23:44:14.740 [info] Discover tests for workspace name: root - uri: /root/catkin_ws/src/hpc_gps_pkg/scripts/path_publisher.py
2023-10-06 23:45:35.398 [info] Discover tests for workspace name: root - uri: /root/ros2_ws/src/nav2_gps_waypoint_follower_demo/nav2_gps_waypoint_follower_demo/woowa_planning.py
2023-10-06 23:45:39.628 [info] Discover tests for workspace name: root - uri: /root/ros2_ws/src/nav2_gps_waypoint_follower_demo/nav2_gps_waypoint_follower_demo/woowa_planning.py
2023-10-06 23:45:44.181 [info] Discover tests for workspace name: root - uri: /root/ros2_ws/src/nav2_gps_waypoint_follower_demo/nav2_gps_waypoint_follower_demo/woowa_planning.py
2023-10-06 23:45:52.602 [info] Discover tests for workspace name: root - uri: /root/ros2_ws/src/nav2_gps_waypoint_follower_demo/nav2_gps_waypoint_follower_demo/woowa_planning.py
2023-10-06 23:48:20.584 [info] Discover tests for workspace name: root - uri: /root/ros2_ws/src/nav2_gps_waypoint_follower_demo/nav2_gps_waypoint_follower_demo/woowa_planning.py
2023-10-06 23:51:32.967 [info] Discover tests for workspace name: root - uri: /root/ros2_ws/src/nav2_gps_waypoint_follower_demo/nav2_gps_waypoint_follower_demo/woowa_planning.py
2023-10-06 23:51:33.217 [info] Discover tests for workspace name: root - uri: /root/ros2_ws/src/nav2_gps_waypoint_follower_demo/nav2_gps_waypoint_follower_demo/woowa_planning.py
2023-10-06 23:53:54.651 [info] Discover tests for workspace name: root - uri: /root/catkin_ws/src/hpc_gps_pkg/scripts/path_publisher.py
2023-10-06 23:54:59.121 [info] Discover tests for workspace name: root - uri: /root/catkin_ws/src/hpc_gps_pkg/scripts/path_publisher.py
2023-10-06 23:55:02.274 [info] Discover tests for workspace name: root - uri: /root/catkin_ws/src/hpc_gps_pkg/scripts/path_publisher.py
2023-10-06 23:55:02.905 [info] Discover tests for workspace name: root - uri: /root/catkin_ws/src/hpc_gps_pkg/scripts/path_publisher.py
2023-10-06 23:55:28.267 [info] Discover tests for workspace name: root - uri: /root/catkin_ws/src/hpc_gps_pkg/scripts/path_publisher.py
2023-10-06 23:55:54.554 [info] Discover tests for workspace name: root - uri: /root/catkin_ws/src/hpc_gps_pkg/scripts/path_publisher.py
2023-10-06 23:56:00.416 [info] Discover tests for workspace name: root - uri: /root/catkin_ws/src/hpc_gps_pkg/scripts/path_publisher.py
2023-10-06 23:56:01.198 [info] Discover tests for workspace name: root - uri: /root/catkin_ws/src/hpc_gps_pkg/scripts/path_publisher.py
2023-10-06 23:56:08.166 [info] Discover tests for workspace name: root - uri: /root/catkin_ws/src/hpc_gps_pkg/scripts/path_publisher.py
2023-10-06 23:56:41.354 [info] Discover tests for workspace name: root - uri: /root/catkin_ws/src/hpc_gps_pkg/scripts/path_publisher.py
2023-10-06 23:58:55.233 [info] Discover tests for workspace name: root - uri: /root/ros2_ws/src/nav2_gps_waypoint_follower_demo/nav2_gps_waypoint_follower_demo/woowa_planning.py
2023-10-07 00:00:55.705 [info] Discover tests for workspace name: root - uri: /root/ros2_ws/src/nav2_gps_waypoint_follower_demo/nav2_gps_waypoint_follower_demo/woowa_planning.py
2023-10-07 00:05:16.802 [info] Discover tests for workspace name: root - uri: /root/ros2_ws/src/nav2_gps_waypoint_follower_demo/nav2_gps_waypoint_follower_demo/woowa_planning.py
2023-10-07 00:06:39.428 [info] Discover tests for workspace name: root - uri: /root/ros2_ws/src/nav2_gps_waypoint_follower_demo/nav2_gps_waypoint_follower_demo/woowa_planning.py
2023-10-07 00:07:44.141 [info] Discover tests for workspace name: root - uri: /root/ros2_ws/src/nav2_gps_waypoint_follower_demo/nav2_gps_waypoint_follower_demo/woowa_planning.py
2023-10-07 00:09:58.292 [info] Discover tests for workspace name: root - uri: /root/ros2_ws/src/nav2_gps_waypoint_follower_demo/nav2_gps_waypoint_follower_demo/woowa_planning.py
2023-10-07 00:14:30.445 [info] Discover tests for workspace name: root - uri: /root/catkin_ws/src/hpc_gps_pkg/scripts/path_publisher.py
2023-10-07 00:15:36.996 [info] Discover tests for workspace name: root - uri: /root/catkin_ws/src/hpc_gps_pkg/scripts/path_publisher.py
2023-10-07 01:01:57.195 [info] Discover tests for workspace name: root - uri: /root/catkin_ws/src/hpc_gps_pkg/scripts/path_publisher.py
2023-10-07 01:02:04.792 [info] Discover tests for workspace name: root - uri: /root/catkin_ws/src/hpc_gps_pkg/scripts/path_publisher.py
2023-10-07 01:18:42.070 [info] Discover tests for workspace name: root - uri: /root/catkin_ws/src/hpc_gps_pkg/scripts/path_publisher.py
2023-10-07 01:22:54.973 [info] Discover tests for workspace name: root - uri: /root/catkin_ws/src/hpc_gps_pkg/scripts/path_publisher.py
2023-10-07 01:23:46.352 [info] Discover tests for workspace name: root - uri: /root/catkin_ws/src/hpc_gps_pkg/scripts/path_publisher.py
2023-10-07 01:24:34.454 [info] Discover tests for workspace name: root - uri: /root/catkin_ws/src/hpc_gps_pkg/scripts/path_publisher.py
2023-10-07 01:25:15.594 [info] Discover tests for workspace name: root - uri: /root/catkin_ws/src/hpc_gps_pkg/scripts/path_publisher.py
