[1.323s] Invoking command in '/root/ros2_ws/src/sensors': PYTHONPATH=/root/ros2_ws/build/sensors/prefix_override:/root/ros2_ws/install/sensors/lib/python3.8/site-packages:${PYTHONPATH} /usr/bin/python3 setup.py egg_info --egg-base ../../build/sensors build --build-base /root/ros2_ws/build/sensors/build install --record /root/ros2_ws/build/sensors/install.log --install-scripts $base/lib/sensors --single-version-externally-managed
[1.447s] /usr/local/lib/python3.8/dist-packages/setuptools/dist.py:498: SetuptoolsDeprecationWarning: Invalid dash-separated options
[1.447s] !!
[1.447s] 
[1.448s]         ********************************************************************************
[1.448s]         Usage of dash-separated 'script-dir' will not be supported in future
[1.448s]         versions. Please use the underscore name 'script_dir' instead.
[1.448s] 
[1.448s]         This deprecation is overdue, please update your project and remove deprecated
[1.448s]         calls to avoid build errors in the future.
[1.448s] 
[1.449s]         See https://setuptools.pypa.io/en/latest/userguide/declarative_config.html for details.
[1.449s]         ********************************************************************************
[1.449s] 
[1.449s] !!
[1.449s]   opt = self.warn_dash_deprecation(opt, section)
[1.546s] running egg_info
[1.700s] writing ../../build/sensors/sensors.egg-info/PKG-INFO
[1.701s] writing dependency_links to ../../build/sensors/sensors.egg-info/dependency_links.txt
[1.702s] writing entry points to ../../build/sensors/sensors.egg-info/entry_points.txt
[1.703s] writing requirements to ../../build/sensors/sensors.egg-info/requires.txt
[1.704s] writing top-level names to ../../build/sensors/sensors.egg-info/top_level.txt
[1.729s] reading manifest file '../../build/sensors/sensors.egg-info/SOURCES.txt'
[1.732s] /usr/local/lib/python3.8/dist-packages/setuptools/_distutils/cmd.py:66: SetuptoolsDeprecationWarning: setup.py install is deprecated.
[1.733s] !!
[1.734s] 
[1.734s]         ********************************************************************************
[1.734s]         Please avoid running ``setup.py`` directly.
[1.735s]         Instead, use pypa/build, pypa/installer or other
[1.735s]         standards-based tools.
[1.735s] 
[1.736s]         See https://blog.ganssle.io/articles/2021/10/setup-py-deprecated.html for details.
[1.736s]         ********************************************************************************
[1.737s] 
[1.737s] !!
[1.737s]   self.initialize_options()
[1.738s] writing manifest file '../../build/sensors/sensors.egg-info/SOURCES.txt'
[1.738s] running build
[1.738s] running build_py
[1.740s] running install
[1.740s] running install_lib
[1.754s] running install_data
[1.769s] running install_egg_info
[1.790s] removing '/root/ros2_ws/install/sensors/lib/python3.8/site-packages/sensors-0.0.0-py3.8.egg-info' (and everything under it)
[1.790s] Copying ../../build/sensors/sensors.egg-info to /root/ros2_ws/install/sensors/lib/python3.8/site-packages/sensors-0.0.0-py3.8.egg-info
[1.791s] running install_scripts
[1.890s] Installing imu script to /root/ros2_ws/install/sensors/lib/sensors
[1.891s] Installing tf script to /root/ros2_ws/install/sensors/lib/sensors
[1.892s] writing list of installed files to '/root/ros2_ws/build/sensors/install.log'
[1.919s] Invoked command in '/root/ros2_ws/src/sensors' returned '0': PYTHONPATH=/root/ros2_ws/build/sensors/prefix_override:/root/ros2_ws/install/sensors/lib/python3.8/site-packages:${PYTHONPATH} /usr/bin/python3 setup.py egg_info --egg-base ../../build/sensors build --build-base /root/ros2_ws/build/sensors/build install --record /root/ros2_ws/build/sensors/install.log --install-scripts $base/lib/sensors --single-version-externally-managed
