[0.165s] Invoking command in '/root/ros2_ws/build/sam_bot_description': CMAKE_PREFIX_PATH=${CMAKE_PREFIX_PATH}:/root/ros2_ws/install/sensors:/root/ros2_ws/install/nav2_gps_waypoint_follower_demo:/opt/ros/galactic /usr/bin/cmake --build /root/ros2_ws/build/sam_bot_description -- -j24 -l24
[0.886s] Invoked command in '/root/ros2_ws/build/sam_bot_description' returned '0': CMAKE_PREFIX_PATH=${CMAKE_PREFIX_PATH}:/root/ros2_ws/install/sensors:/root/ros2_ws/install/nav2_gps_waypoint_follower_demo:/opt/ros/galactic /usr/bin/cmake --build /root/ros2_ws/build/sam_bot_description -- -j24 -l24
[1.011s] Invoking command in '/root/ros2_ws/build/sam_bot_description': CMAKE_PREFIX_PATH=${CMAKE_PREFIX_PATH}:/root/ros2_ws/install/sensors:/root/ros2_ws/install/nav2_gps_waypoint_follower_demo:/opt/ros/galactic /usr/bin/cmake --install /root/ros2_ws/build/sam_bot_description
[1.053s] -- Install configuration: ""
[1.055s] -- Up-to-date: /root/ros2_ws/install/sam_bot_description/share/sam_bot_description/src
[1.056s] -- Up-to-date: /root/ros2_ws/install/sam_bot_description/share/sam_bot_description/src/description
[1.057s] -- Up-to-date: /root/ros2_ws/install/sam_bot_description/share/sam_bot_description/src/description/woowa.urdf
[1.058s] -- Up-to-date: /root/ros2_ws/install/sam_bot_description/share/sam_bot_description/launch
[1.059s] -- Up-to-date: /root/ros2_ws/install/sam_bot_description/share/sam_bot_description/launch/display.launch.py
[1.059s] -- Up-to-date: /root/ros2_ws/install/sam_bot_description/share/sam_bot_description/launch/__pycache__
[1.059s] -- Up-to-date: /root/ros2_ws/install/sam_bot_description/share/sam_bot_description/launch/__pycache__/display.launch.cpython-38.pyc
[1.060s] -- Up-to-date: /root/ros2_ws/install/sam_bot_description/share/sam_bot_description/rviz
[1.060s] -- Up-to-date: /root/ros2_ws/install/sam_bot_description/share/sam_bot_description/rviz/urdf_config.rviz
[1.061s] -- Up-to-date: /root/ros2_ws/install/sam_bot_description/share/sam_bot_description/config
[1.061s] -- Up-to-date: /root/ros2_ws/install/sam_bot_description/share/sam_bot_description/config/ekf.yaml
[1.062s] -- Up-to-date: /root/ros2_ws/install/sam_bot_description/share/ament_index/resource_index/package_run_dependencies/sam_bot_description
[1.065s] -- Up-to-date: /root/ros2_ws/install/sam_bot_description/share/ament_index/resource_index/parent_prefix_path/sam_bot_description
[1.067s] -- Up-to-date: /root/ros2_ws/install/sam_bot_description/share/sam_bot_description/environment/ament_prefix_path.sh
[1.067s] -- Up-to-date: /root/ros2_ws/install/sam_bot_description/share/sam_bot_description/environment/ament_prefix_path.dsv
[1.068s] -- Up-to-date: /root/ros2_ws/install/sam_bot_description/share/sam_bot_description/environment/path.sh
[1.068s] -- Up-to-date: /root/ros2_ws/install/sam_bot_description/share/sam_bot_description/environment/path.dsv
[1.069s] -- Up-to-date: /root/ros2_ws/install/sam_bot_description/share/sam_bot_description/local_setup.bash
[1.070s] -- Up-to-date: /root/ros2_ws/install/sam_bot_description/share/sam_bot_description/local_setup.sh
[1.071s] -- Up-to-date: /root/ros2_ws/install/sam_bot_description/share/sam_bot_description/local_setup.zsh
[1.071s] -- Up-to-date: /root/ros2_ws/install/sam_bot_description/share/sam_bot_description/local_setup.dsv
[1.072s] -- Installing: /root/ros2_ws/install/sam_bot_description/share/sam_bot_description/package.dsv
[1.073s] -- Up-to-date: /root/ros2_ws/install/sam_bot_description/share/ament_index/resource_index/packages/sam_bot_description
[1.073s] -- Up-to-date: /root/ros2_ws/install/sam_bot_description/share/sam_bot_description/cmake/sam_bot_descriptionConfig.cmake
[1.074s] -- Up-to-date: /root/ros2_ws/install/sam_bot_description/share/sam_bot_description/cmake/sam_bot_descriptionConfig-version.cmake
[1.075s] -- Up-to-date: /root/ros2_ws/install/sam_bot_description/share/sam_bot_description/package.xml
[1.076s] Invoked command in '/root/ros2_ws/build/sam_bot_description' returned '0': CMAKE_PREFIX_PATH=${CMAKE_PREFIX_PATH}:/root/ros2_ws/install/sensors:/root/ros2_ws/install/nav2_gps_waypoint_follower_demo:/opt/ros/galactic /usr/bin/cmake --install /root/ros2_ws/build/sam_bot_description
