[1.999s] DEBUG:colcon:Command line arguments: ['/usr/bin/colcon', 'build']
[1.999s] DEBUG:colcon:Parsed command line arguments: Namespace(allow_overriding=[], ament_cmake_args=None, base_paths=['.'], build_base='build', catkin_cmake_args=None, catkin_skip_building_tests=False, cmake_args=None, cmake_clean_cache=False, cmake_clean_first=False, cmake_force_configure=False, cmake_target=None, cmake_target_skip_unavailable=False, continue_on_error=False, event_handlers=None, executor='parallel', ignore_user_meta=False, install_base='install', log_base=None, log_level=None, main=<bound method BuildVerb.main of <colcon_core.verb.build.BuildVerb object at 0x7fd0e9acc220>>, merge_install=False, metas=['./colcon.meta'], packages_above=None, packages_above_and_dependencies=None, packages_above_depth=None, packages_end=None, packages_ignore=None, packages_ignore_regex=None, packages_select=None, packages_select_build_failed=False, packages_select_by_dep=None, packages_select_regex=None, packages_select_test_failures=False, packages_skip=None, packages_skip_build_finished=False, packages_skip_by_dep=None, packages_skip_regex=None, packages_skip_test_passed=False, packages_skip_up_to=None, packages_start=None, packages_up_to=None, packages_up_to_regex=None, parallel_workers=24, paths=None, symlink_install=False, test_result_base=None, verb_extension=<colcon_core.verb.build.BuildVerb object at 0x7fd0e9acc220>, verb_name='build', verb_parser=<colcon_defaults.argument_parser.defaults.DefaultArgumentsDecorator object at 0x7fd0e9a11640>)
[2.081s] Level 1:colcon.colcon_core.package_discovery:discover_packages(colcon_meta) check parameters
[2.081s] Level 1:colcon.colcon_core.package_discovery:discover_packages(recursive) check parameters
[2.081s] Level 1:colcon.colcon_core.package_discovery:discover_packages(ignore) check parameters
[2.081s] Level 1:colcon.colcon_core.package_discovery:discover_packages(path) check parameters
[2.081s] Level 1:colcon.colcon_core.package_discovery:discover_packages(colcon_meta) discover
[2.081s] Level 1:colcon.colcon_core.package_discovery:discover_packages(recursive) discover
[2.081s] INFO:colcon.colcon_core.package_discovery:Crawling recursively for packages in '/root/ros2_ws'
[2.081s] Level 1:colcon.colcon_core.package_identification:_identify(.) by extensions ['ignore', 'ignore_ament_install']
[2.082s] Level 1:colcon.colcon_core.package_identification:_identify(.) by extension 'ignore'
[2.082s] Level 1:colcon.colcon_core.package_identification:_identify(.) by extension 'ignore_ament_install'
[2.082s] Level 1:colcon.colcon_core.package_identification:_identify(.) by extensions ['colcon_pkg']
[2.082s] Level 1:colcon.colcon_core.package_identification:_identify(.) by extension 'colcon_pkg'
[2.082s] Level 1:colcon.colcon_core.package_identification:_identify(.) by extensions ['colcon_meta']
[2.082s] Level 1:colcon.colcon_core.package_identification:_identify(.) by extension 'colcon_meta'
[2.082s] Level 1:colcon.colcon_core.package_identification:_identify(.) by extensions ['ros']
[2.082s] Level 1:colcon.colcon_core.package_identification:_identify(.) by extension 'ros'
[2.093s] Level 1:colcon.colcon_core.package_identification:_identify(.) by extensions ['cmake', 'python']
[2.093s] Level 1:colcon.colcon_core.package_identification:_identify(.) by extension 'cmake'
[2.093s] Level 1:colcon.colcon_core.package_identification:_identify(.) by extension 'python'
[2.093s] Level 1:colcon.colcon_core.package_identification:_identify(.) by extensions ['python_setup_py']
[2.093s] Level 1:colcon.colcon_core.package_identification:_identify(.) by extension 'python_setup_py'
[2.093s] Level 1:colcon.colcon_core.package_identification:_identify(build) by extensions ['ignore', 'ignore_ament_install']
[2.093s] Level 1:colcon.colcon_core.package_identification:_identify(build) by extension 'ignore'
[2.093s] Level 1:colcon.colcon_core.package_identification:_identify(build) ignored
[2.094s] Level 1:colcon.colcon_core.package_identification:_identify(install) by extensions ['ignore', 'ignore_ament_install']
[2.094s] Level 1:colcon.colcon_core.package_identification:_identify(install) by extension 'ignore'
[2.094s] Level 1:colcon.colcon_core.package_identification:_identify(install) ignored
[2.094s] Level 1:colcon.colcon_core.package_identification:_identify(log) by extensions ['ignore', 'ignore_ament_install']
[2.094s] Level 1:colcon.colcon_core.package_identification:_identify(log) by extension 'ignore'
[2.094s] Level 1:colcon.colcon_core.package_identification:_identify(log) ignored
[2.094s] Level 1:colcon.colcon_core.package_identification:_identify(src) by extensions ['ignore', 'ignore_ament_install']
[2.094s] Level 1:colcon.colcon_core.package_identification:_identify(src) by extension 'ignore'
[2.094s] Level 1:colcon.colcon_core.package_identification:_identify(src) by extension 'ignore_ament_install'
[2.094s] Level 1:colcon.colcon_core.package_identification:_identify(src) by extensions ['colcon_pkg']
[2.094s] Level 1:colcon.colcon_core.package_identification:_identify(src) by extension 'colcon_pkg'
[2.094s] Level 1:colcon.colcon_core.package_identification:_identify(src) by extensions ['colcon_meta']
[2.094s] Level 1:colcon.colcon_core.package_identification:_identify(src) by extension 'colcon_meta'
[2.094s] Level 1:colcon.colcon_core.package_identification:_identify(src) by extensions ['ros']
[2.094s] Level 1:colcon.colcon_core.package_identification:_identify(src) by extension 'ros'
[2.094s] Level 1:colcon.colcon_core.package_identification:_identify(src) by extensions ['cmake', 'python']
[2.094s] Level 1:colcon.colcon_core.package_identification:_identify(src) by extension 'cmake'
[2.094s] Level 1:colcon.colcon_core.package_identification:_identify(src) by extension 'python'
[2.094s] Level 1:colcon.colcon_core.package_identification:_identify(src) by extensions ['python_setup_py']
[2.095s] Level 1:colcon.colcon_core.package_identification:_identify(src) by extension 'python_setup_py'
[2.095s] Level 1:colcon.colcon_core.package_identification:_identify(src/nav2_gps_waypoint_follower_demo) by extensions ['ignore', 'ignore_ament_install']
[2.095s] Level 1:colcon.colcon_core.package_identification:_identify(src/nav2_gps_waypoint_follower_demo) by extension 'ignore'
[2.095s] Level 1:colcon.colcon_core.package_identification:_identify(src/nav2_gps_waypoint_follower_demo) by extension 'ignore_ament_install'
[2.095s] Level 1:colcon.colcon_core.package_identification:_identify(src/nav2_gps_waypoint_follower_demo) by extensions ['colcon_pkg']
[2.095s] Level 1:colcon.colcon_core.package_identification:_identify(src/nav2_gps_waypoint_follower_demo) by extension 'colcon_pkg'
[2.095s] Level 1:colcon.colcon_core.package_identification:_identify(src/nav2_gps_waypoint_follower_demo) by extensions ['colcon_meta']
[2.095s] Level 1:colcon.colcon_core.package_identification:_identify(src/nav2_gps_waypoint_follower_demo) by extension 'colcon_meta'
[2.095s] Level 1:colcon.colcon_core.package_identification:_identify(src/nav2_gps_waypoint_follower_demo) by extensions ['ros']
[2.095s] Level 1:colcon.colcon_core.package_identification:_identify(src/nav2_gps_waypoint_follower_demo) by extension 'ros'
[2.098s] DEBUG:colcon.colcon_core.package_identification:Package 'src/nav2_gps_waypoint_follower_demo' with type 'ros.ament_python' and name 'nav2_gps_waypoint_follower_demo'
[2.098s] Level 1:colcon.colcon_core.package_identification:_identify(src/sam_bot_description) by extensions ['ignore', 'ignore_ament_install']
[2.098s] Level 1:colcon.colcon_core.package_identification:_identify(src/sam_bot_description) by extension 'ignore'
[2.098s] Level 1:colcon.colcon_core.package_identification:_identify(src/sam_bot_description) by extension 'ignore_ament_install'
[2.098s] Level 1:colcon.colcon_core.package_identification:_identify(src/sam_bot_description) by extensions ['colcon_pkg']
[2.098s] Level 1:colcon.colcon_core.package_identification:_identify(src/sam_bot_description) by extension 'colcon_pkg'
[2.098s] Level 1:colcon.colcon_core.package_identification:_identify(src/sam_bot_description) by extensions ['colcon_meta']
[2.098s] Level 1:colcon.colcon_core.package_identification:_identify(src/sam_bot_description) by extension 'colcon_meta'
[2.098s] Level 1:colcon.colcon_core.package_identification:_identify(src/sam_bot_description) by extensions ['ros']
[2.098s] Level 1:colcon.colcon_core.package_identification:_identify(src/sam_bot_description) by extension 'ros'
[2.099s] DEBUG:colcon.colcon_core.package_identification:Package 'src/sam_bot_description' with type 'ros.ament_cmake' and name 'sam_bot_description'
[2.099s] Level 1:colcon.colcon_core.package_identification:_identify(src/sensors) by extensions ['ignore', 'ignore_ament_install']
[2.099s] Level 1:colcon.colcon_core.package_identification:_identify(src/sensors) by extension 'ignore'
[2.099s] Level 1:colcon.colcon_core.package_identification:_identify(src/sensors) by extension 'ignore_ament_install'
[2.099s] Level 1:colcon.colcon_core.package_identification:_identify(src/sensors) by extensions ['colcon_pkg']
[2.099s] Level 1:colcon.colcon_core.package_identification:_identify(src/sensors) by extension 'colcon_pkg'
[2.099s] Level 1:colcon.colcon_core.package_identification:_identify(src/sensors) by extensions ['colcon_meta']
[2.099s] Level 1:colcon.colcon_core.package_identification:_identify(src/sensors) by extension 'colcon_meta'
[2.099s] Level 1:colcon.colcon_core.package_identification:_identify(src/sensors) by extensions ['ros']
[2.099s] Level 1:colcon.colcon_core.package_identification:_identify(src/sensors) by extension 'ros'
[2.100s] DEBUG:colcon.colcon_core.package_identification:Package 'src/sensors' with type 'ros.ament_python' and name 'sensors'
[2.100s] Level 1:colcon.colcon_core.package_discovery:discover_packages(recursive) using defaults
[2.100s] Level 1:colcon.colcon_core.package_discovery:discover_packages(ignore) discover
[2.100s] Level 1:colcon.colcon_core.package_discovery:discover_packages(ignore) using defaults
[2.100s] Level 1:colcon.colcon_core.package_discovery:discover_packages(path) discover
[2.100s] Level 1:colcon.colcon_core.package_discovery:discover_packages(path) using defaults
[2.159s] Level 1:colcon.colcon_core.package_discovery:discover_packages(prefix_path) check parameters
[2.159s] Level 1:colcon.colcon_core.package_discovery:discover_packages(prefix_path) discover
[2.175s] DEBUG:colcon.colcon_installed_package_information.package_discovery:Found 3 installed packages in /root/ros2_ws/install
[2.184s] DEBUG:colcon.colcon_installed_package_information.package_discovery:Found 337 installed packages in /opt/ros/galactic
[2.203s] Level 1:colcon.colcon_core.package_discovery:discover_packages(prefix_path) using defaults
[2.264s] Level 5:colcon.colcon_core.verb:set package 'nav2_gps_waypoint_follower_demo' build argument 'cmake_args' from command line to 'None'
[2.264s] Level 5:colcon.colcon_core.verb:set package 'nav2_gps_waypoint_follower_demo' build argument 'cmake_target' from command line to 'None'
[2.264s] Level 5:colcon.colcon_core.verb:set package 'nav2_gps_waypoint_follower_demo' build argument 'cmake_target_skip_unavailable' from command line to 'False'
[2.264s] Level 5:colcon.colcon_core.verb:set package 'nav2_gps_waypoint_follower_demo' build argument 'cmake_clean_cache' from command line to 'False'
[2.264s] Level 5:colcon.colcon_core.verb:set package 'nav2_gps_waypoint_follower_demo' build argument 'cmake_clean_first' from command line to 'False'
[2.264s] Level 5:colcon.colcon_core.verb:set package 'nav2_gps_waypoint_follower_demo' build argument 'cmake_force_configure' from command line to 'False'
[2.264s] Level 5:colcon.colcon_core.verb:set package 'nav2_gps_waypoint_follower_demo' build argument 'ament_cmake_args' from command line to 'None'
[2.264s] Level 5:colcon.colcon_core.verb:set package 'nav2_gps_waypoint_follower_demo' build argument 'catkin_cmake_args' from command line to 'None'
[2.264s] Level 5:colcon.colcon_core.verb:set package 'nav2_gps_waypoint_follower_demo' build argument 'catkin_skip_building_tests' from command line to 'False'
[2.264s] DEBUG:colcon.colcon_core.verb:Building package 'nav2_gps_waypoint_follower_demo' with the following arguments: {'ament_cmake_args': None, 'build_base': '/root/ros2_ws/build/nav2_gps_waypoint_follower_demo', 'catkin_cmake_args': None, 'catkin_skip_building_tests': False, 'cmake_args': None, 'cmake_clean_cache': False, 'cmake_clean_first': False, 'cmake_force_configure': False, 'cmake_target': None, 'cmake_target_skip_unavailable': False, 'install_base': '/root/ros2_ws/install/nav2_gps_waypoint_follower_demo', 'merge_install': False, 'path': '/root/ros2_ws/src/nav2_gps_waypoint_follower_demo', 'symlink_install': False, 'test_result_base': None}
[2.272s] Level 5:colcon.colcon_core.verb:set package 'sam_bot_description' build argument 'cmake_args' from command line to 'None'
[2.272s] Level 5:colcon.colcon_core.verb:set package 'sam_bot_description' build argument 'cmake_target' from command line to 'None'
[2.272s] Level 5:colcon.colcon_core.verb:set package 'sam_bot_description' build argument 'cmake_target_skip_unavailable' from command line to 'False'
[2.272s] Level 5:colcon.colcon_core.verb:set package 'sam_bot_description' build argument 'cmake_clean_cache' from command line to 'False'
[2.272s] Level 5:colcon.colcon_core.verb:set package 'sam_bot_description' build argument 'cmake_clean_first' from command line to 'False'
[2.272s] Level 5:colcon.colcon_core.verb:set package 'sam_bot_description' build argument 'cmake_force_configure' from command line to 'False'
[2.272s] Level 5:colcon.colcon_core.verb:set package 'sam_bot_description' build argument 'ament_cmake_args' from command line to 'None'
[2.272s] Level 5:colcon.colcon_core.verb:set package 'sam_bot_description' build argument 'catkin_cmake_args' from command line to 'None'
[2.272s] Level 5:colcon.colcon_core.verb:set package 'sam_bot_description' build argument 'catkin_skip_building_tests' from command line to 'False'
[2.272s] DEBUG:colcon.colcon_core.verb:Building package 'sam_bot_description' with the following arguments: {'ament_cmake_args': None, 'build_base': '/root/ros2_ws/build/sam_bot_description', 'catkin_cmake_args': None, 'catkin_skip_building_tests': False, 'cmake_args': None, 'cmake_clean_cache': False, 'cmake_clean_first': False, 'cmake_force_configure': False, 'cmake_target': None, 'cmake_target_skip_unavailable': False, 'install_base': '/root/ros2_ws/install/sam_bot_description', 'merge_install': False, 'path': '/root/ros2_ws/src/sam_bot_description', 'symlink_install': False, 'test_result_base': None}
[2.280s] Level 5:colcon.colcon_core.verb:set package 'sensors' build argument 'cmake_args' from command line to 'None'
[2.280s] Level 5:colcon.colcon_core.verb:set package 'sensors' build argument 'cmake_target' from command line to 'None'
[2.280s] Level 5:colcon.colcon_core.verb:set package 'sensors' build argument 'cmake_target_skip_unavailable' from command line to 'False'
[2.280s] Level 5:colcon.colcon_core.verb:set package 'sensors' build argument 'cmake_clean_cache' from command line to 'False'
[2.280s] Level 5:colcon.colcon_core.verb:set package 'sensors' build argument 'cmake_clean_first' from command line to 'False'
[2.280s] Level 5:colcon.colcon_core.verb:set package 'sensors' build argument 'cmake_force_configure' from command line to 'False'
[2.280s] Level 5:colcon.colcon_core.verb:set package 'sensors' build argument 'ament_cmake_args' from command line to 'None'
[2.280s] Level 5:colcon.colcon_core.verb:set package 'sensors' build argument 'catkin_cmake_args' from command line to 'None'
[2.280s] Level 5:colcon.colcon_core.verb:set package 'sensors' build argument 'catkin_skip_building_tests' from command line to 'False'
[2.280s] DEBUG:colcon.colcon_core.verb:Building package 'sensors' with the following arguments: {'ament_cmake_args': None, 'build_base': '/root/ros2_ws/build/sensors', 'catkin_cmake_args': None, 'catkin_skip_building_tests': False, 'cmake_args': None, 'cmake_clean_cache': False, 'cmake_clean_first': False, 'cmake_force_configure': False, 'cmake_target': None, 'cmake_target_skip_unavailable': False, 'install_base': '/root/ros2_ws/install/sensors', 'merge_install': False, 'path': '/root/ros2_ws/src/sensors', 'symlink_install': False, 'test_result_base': None}
[2.288s] INFO:colcon.colcon_core.executor:Executing jobs using 'parallel' executor
[2.299s] DEBUG:colcon.colcon_parallel_executor.executor.parallel:run_until_complete
[2.300s] INFO:colcon.colcon_ros.task.ament_python.build:Building ROS package in '/root/ros2_ws/src/nav2_gps_waypoint_follower_demo' with build type 'ament_python'
[2.300s] Level 1:colcon.colcon_core.shell:create_environment_hook('nav2_gps_waypoint_follower_demo', 'ament_prefix_path')
[2.311s] INFO:colcon.colcon_core.plugin_system:Skipping extension 'colcon_core.shell.bat': Not used on non-Windows systems
[2.311s] INFO:colcon.colcon_core.shell:Creating environment hook '/root/ros2_ws/install/nav2_gps_waypoint_follower_demo/share/nav2_gps_waypoint_follower_demo/hook/ament_prefix_path.ps1'
[2.312s] INFO:colcon.colcon_core.shell:Creating environment descriptor '/root/ros2_ws/install/nav2_gps_waypoint_follower_demo/share/nav2_gps_waypoint_follower_demo/hook/ament_prefix_path.dsv'
[2.312s] INFO:colcon.colcon_core.shell:Creating environment hook '/root/ros2_ws/install/nav2_gps_waypoint_follower_demo/share/nav2_gps_waypoint_follower_demo/hook/ament_prefix_path.sh'
[2.320s] INFO:colcon.colcon_core.shell:Skip shell extension 'powershell' for command environment: Not usable outside of PowerShell
[2.320s] DEBUG:colcon.colcon_core.shell:Skip shell extension 'dsv' for command environment
[2.355s] DEBUG:colcon.colcon_core.shell:Ignoring prefix path '/root/catkin_ws/devel'
[2.364s] DEBUG:colcon.colcon_core.shell:Ignoring prefix path '/opt/ros/noetic'
[2.367s] INFO:colcon.colcon_ros.task.ament_cmake.build:Building ROS package in '/root/ros2_ws/src/sam_bot_description' with build type 'ament_cmake'
[2.367s] INFO:colcon.colcon_cmake.task.cmake.build:Building CMake package in '/root/ros2_ws/src/sam_bot_description'
[2.376s] INFO:colcon.colcon_core.shell:Skip shell extension 'powershell' for command environment: Not usable outside of PowerShell
[2.376s] DEBUG:colcon.colcon_core.shell:Skip shell extension 'dsv' for command environment
[2.412s] DEBUG:colcon.colcon_core.shell:Ignoring prefix path '/root/catkin_ws/devel'
[2.420s] DEBUG:colcon.colcon_core.shell:Ignoring prefix path '/opt/ros/noetic'
[2.422s] INFO:colcon.colcon_ros.task.ament_python.build:Building ROS package in '/root/ros2_ws/src/sensors' with build type 'ament_python'
[2.422s] Level 1:colcon.colcon_core.shell:create_environment_hook('sensors', 'ament_prefix_path')
[2.431s] INFO:colcon.colcon_core.shell:Creating environment hook '/root/ros2_ws/install/sensors/share/sensors/hook/ament_prefix_path.ps1'
[2.431s] INFO:colcon.colcon_core.shell:Creating environment descriptor '/root/ros2_ws/install/sensors/share/sensors/hook/ament_prefix_path.dsv'
[2.432s] INFO:colcon.colcon_core.shell:Creating environment hook '/root/ros2_ws/install/sensors/share/sensors/hook/ament_prefix_path.sh'
[2.442s] INFO:colcon.colcon_core.shell:Skip shell extension 'powershell' for command environment: Not usable outside of PowerShell
[2.442s] DEBUG:colcon.colcon_core.shell:Skip shell extension 'dsv' for command environment
[2.474s] DEBUG:colcon.colcon_core.shell:Ignoring prefix path '/root/catkin_ws/devel'
[2.483s] DEBUG:colcon.colcon_core.shell:Ignoring prefix path '/opt/ros/noetic'
[2.662s] INFO:colcon.colcon_core.task.python.build:Building Python package in '/root/ros2_ws/src/nav2_gps_waypoint_follower_demo'
[2.672s] INFO:colcon.colcon_core.shell:Skip shell extension 'powershell' for command environment: Not usable outside of PowerShell
[2.672s] DEBUG:colcon.colcon_core.shell:Skip shell extension 'dsv' for command environment
[2.704s] DEBUG:colcon.colcon_core.shell:Ignoring prefix path '/root/catkin_ws/devel'
[2.715s] DEBUG:colcon.colcon_core.shell:Ignoring prefix path '/opt/ros/noetic'
[2.721s] DEBUG:colcon.colcon_core.event_handler.log_command:Invoking command in '/root/ros2_ws/build/sam_bot_description': CMAKE_PREFIX_PATH=/root/ros2_ws/install/sam_bot_description:/root/ros2_ws/install/sensors:/root/ros2_ws/install/nav2_gps_waypoint_follower_demo:/opt/ros/galactic:/root/catkin_ws/devel:/opt/ros/noetic /usr/bin/cmake --build /root/ros2_ws/build/sam_bot_description -- -j24 -l24
[2.889s] INFO:colcon.colcon_core.task.python.build:Building Python package in '/root/ros2_ws/src/sensors'
[2.897s] INFO:colcon.colcon_core.shell:Skip shell extension 'powershell' for command environment: Not usable outside of PowerShell
[2.897s] DEBUG:colcon.colcon_core.shell:Skip shell extension 'dsv' for command environment
[2.944s] DEBUG:colcon.colcon_core.shell:Ignoring prefix path '/root/catkin_ws/devel'
[2.954s] DEBUG:colcon.colcon_core.shell:Ignoring prefix path '/opt/ros/noetic'
[2.960s] DEBUG:colcon.colcon_core.event_handler.log_command:Invoked command in '/root/ros2_ws/build/sam_bot_description' returned '0': CMAKE_PREFIX_PATH=/root/ros2_ws/install/sam_bot_description:/root/ros2_ws/install/sensors:/root/ros2_ws/install/nav2_gps_waypoint_follower_demo:/opt/ros/galactic:/root/catkin_ws/devel:/opt/ros/noetic /usr/bin/cmake --build /root/ros2_ws/build/sam_bot_description -- -j24 -l24
[2.994s] DEBUG:colcon.colcon_core.event_handler.log_command:Invoking command in '/root/ros2_ws/build/sam_bot_description': CMAKE_PREFIX_PATH=/root/ros2_ws/install/sam_bot_description:/root/ros2_ws/install/sensors:/root/ros2_ws/install/nav2_gps_waypoint_follower_demo:/opt/ros/galactic:/root/catkin_ws/devel:/opt/ros/noetic /usr/bin/cmake --install /root/ros2_ws/build/sam_bot_description
[3.007s] Level 1:colcon.colcon_core.environment:create_environment_scripts_only(sam_bot_description)
[3.013s] DEBUG:colcon.colcon_core.event_handler.log_command:Invoked command in '/root/ros2_ws/build/sam_bot_description' returned '0': CMAKE_PREFIX_PATH=/root/ros2_ws/install/sam_bot_description:/root/ros2_ws/install/sensors:/root/ros2_ws/install/nav2_gps_waypoint_follower_demo:/opt/ros/galactic:/root/catkin_ws/devel:/opt/ros/noetic /usr/bin/cmake --install /root/ros2_ws/build/sam_bot_description
[3.024s] Level 1:colcon.colcon_core.environment:checking '/root/ros2_ws/install/sam_bot_description' for CMake module files
[3.025s] Level 1:colcon.colcon_core.environment:checking '/root/ros2_ws/install/sam_bot_description' for CMake config files
[3.025s] Level 1:colcon.colcon_core.shell:create_environment_hook('sam_bot_description', 'cmake_prefix_path')
[3.033s] INFO:colcon.colcon_core.shell:Creating environment hook '/root/ros2_ws/install/sam_bot_description/share/sam_bot_description/hook/cmake_prefix_path.ps1'
[3.034s] INFO:colcon.colcon_core.shell:Creating environment descriptor '/root/ros2_ws/install/sam_bot_description/share/sam_bot_description/hook/cmake_prefix_path.dsv'
[3.034s] INFO:colcon.colcon_core.shell:Creating environment hook '/root/ros2_ws/install/sam_bot_description/share/sam_bot_description/hook/cmake_prefix_path.sh'
[3.035s] Level 1:colcon.colcon_core.environment:checking '/root/ros2_ws/install/sam_bot_description/bin'
[3.035s] Level 1:colcon.colcon_core.environment:checking '/root/ros2_ws/install/sam_bot_description/lib/pkgconfig/sam_bot_description.pc'
[3.035s] Level 1:colcon.colcon_core.environment:checking '/root/ros2_ws/install/sam_bot_description/lib/python3.8/site-packages'
[3.035s] Level 1:colcon.colcon_core.environment:checking '/root/ros2_ws/install/sam_bot_description/bin'
[3.047s] INFO:colcon.colcon_core.shell:Creating package script '/root/ros2_ws/install/sam_bot_description/share/sam_bot_description/package.ps1'
[3.048s] INFO:colcon.colcon_core.shell:Creating package descriptor '/root/ros2_ws/install/sam_bot_description/share/sam_bot_description/package.dsv'
[3.048s] INFO:colcon.colcon_core.shell:Creating package script '/root/ros2_ws/install/sam_bot_description/share/sam_bot_description/package.sh'
[3.049s] INFO:colcon.colcon_core.shell:Creating package script '/root/ros2_ws/install/sam_bot_description/share/sam_bot_description/package.bash'
[3.049s] INFO:colcon.colcon_core.shell:Creating package script '/root/ros2_ws/install/sam_bot_description/share/sam_bot_description/package.zsh'
[3.050s] Level 1:colcon.colcon_core.environment:create_file_with_runtime_dependencies(/root/ros2_ws/install/sam_bot_description/share/colcon-core/packages/sam_bot_description)
[3.086s] Level 1:colcon.colcon_core.environment:create_environment_scripts_only(sam_bot_description)
[3.094s] Level 1:colcon.colcon_core.environment:checking '/root/ros2_ws/install/sam_bot_description' for CMake module files
[3.094s] Level 1:colcon.colcon_core.environment:checking '/root/ros2_ws/install/sam_bot_description' for CMake config files
[3.095s] Level 1:colcon.colcon_core.shell:create_environment_hook('sam_bot_description', 'cmake_prefix_path')
[3.103s] INFO:colcon.colcon_core.shell:Creating environment hook '/root/ros2_ws/install/sam_bot_description/share/sam_bot_description/hook/cmake_prefix_path.ps1'
[3.104s] INFO:colcon.colcon_core.shell:Creating environment descriptor '/root/ros2_ws/install/sam_bot_description/share/sam_bot_description/hook/cmake_prefix_path.dsv'
[3.105s] INFO:colcon.colcon_core.shell:Creating environment hook '/root/ros2_ws/install/sam_bot_description/share/sam_bot_description/hook/cmake_prefix_path.sh'
[3.107s] Level 1:colcon.colcon_core.environment:checking '/root/ros2_ws/install/sam_bot_description/bin'
[3.107s] Level 1:colcon.colcon_core.environment:checking '/root/ros2_ws/install/sam_bot_description/lib/pkgconfig/sam_bot_description.pc'
[3.107s] Level 1:colcon.colcon_core.environment:checking '/root/ros2_ws/install/sam_bot_description/lib/python3.8/site-packages'
[3.107s] Level 1:colcon.colcon_core.environment:checking '/root/ros2_ws/install/sam_bot_description/bin'
[3.115s] INFO:colcon.colcon_core.shell:Creating package script '/root/ros2_ws/install/sam_bot_description/share/sam_bot_description/package.ps1'
[3.115s] INFO:colcon.colcon_core.shell:Creating package descriptor '/root/ros2_ws/install/sam_bot_description/share/sam_bot_description/package.dsv'
[3.115s] INFO:colcon.colcon_core.shell:Creating package script '/root/ros2_ws/install/sam_bot_description/share/sam_bot_description/package.sh'
[3.116s] INFO:colcon.colcon_core.shell:Creating package script '/root/ros2_ws/install/sam_bot_description/share/sam_bot_description/package.bash'
[3.116s] INFO:colcon.colcon_core.shell:Creating package script '/root/ros2_ws/install/sam_bot_description/share/sam_bot_description/package.zsh'
[3.116s] Level 1:colcon.colcon_core.environment:create_file_with_runtime_dependencies(/root/ros2_ws/install/sam_bot_description/share/colcon-core/packages/sam_bot_description)
[3.366s] DEBUG:colcon.colcon_core.event_handler.log_command:Invoking command in '/root/ros2_ws/src/nav2_gps_waypoint_follower_demo': PYTHONPATH=/root/ros2_ws/build/nav2_gps_waypoint_follower_demo/prefix_override:/root/ros2_ws/install/nav2_gps_waypoint_follower_demo/lib/python3.8/site-packages:${PYTHONPATH} /usr/bin/python3 setup.py egg_info --egg-base ../../build/nav2_gps_waypoint_follower_demo build --build-base /root/ros2_ws/build/nav2_gps_waypoint_follower_demo/build install --record /root/ros2_ws/build/nav2_gps_waypoint_follower_demo/install.log --single-version-externally-managed
[3.370s] DEBUG:colcon.colcon_core.event_handler.log_command:Invoking command in '/root/ros2_ws/src/sensors': PYTHONPATH=/root/ros2_ws/build/sensors/prefix_override:/root/ros2_ws/install/sensors/lib/python3.8/site-packages:${PYTHONPATH} /usr/bin/python3 setup.py egg_info --egg-base ../../build/sensors build --build-base /root/ros2_ws/build/sensors/build install --record /root/ros2_ws/build/sensors/install.log --install-scripts $base/lib/sensors --single-version-externally-managed
[3.610s] DEBUG:colcon.colcon_core.event_handler.log_command:Invoked command in '/root/ros2_ws/src/sensors' returned '0': PYTHONPATH=/root/ros2_ws/build/sensors/prefix_override:/root/ros2_ws/install/sensors/lib/python3.8/site-packages:${PYTHONPATH} /usr/bin/python3 setup.py egg_info --egg-base ../../build/sensors build --build-base /root/ros2_ws/build/sensors/build install --record /root/ros2_ws/build/sensors/install.log --install-scripts $base/lib/sensors --single-version-externally-managed
[3.617s] Level 1:colcon.colcon_core.environment:checking '/root/ros2_ws/install/sensors' for CMake module files
[3.617s] Level 1:colcon.colcon_core.environment:checking '/root/ros2_ws/install/sensors' for CMake config files
[3.617s] Level 1:colcon.colcon_core.environment:checking '/root/ros2_ws/install/sensors/lib'
[3.617s] Level 1:colcon.colcon_core.environment:checking '/root/ros2_ws/install/sensors/bin'
[3.617s] Level 1:colcon.colcon_core.environment:checking '/root/ros2_ws/install/sensors/lib/pkgconfig/sensors.pc'
[3.618s] Level 1:colcon.colcon_core.environment:checking '/root/ros2_ws/install/sensors/lib/python3.8/site-packages'
[3.618s] Level 1:colcon.colcon_core.shell:create_environment_hook('sensors', 'pythonpath')
[3.623s] INFO:colcon.colcon_core.shell:Creating environment hook '/root/ros2_ws/install/sensors/share/sensors/hook/pythonpath.ps1'
[3.623s] INFO:colcon.colcon_core.shell:Creating environment descriptor '/root/ros2_ws/install/sensors/share/sensors/hook/pythonpath.dsv'
[3.623s] INFO:colcon.colcon_core.shell:Creating environment hook '/root/ros2_ws/install/sensors/share/sensors/hook/pythonpath.sh'
[3.623s] Level 1:colcon.colcon_core.environment:checking '/root/ros2_ws/install/sensors/bin'
[3.623s] Level 1:colcon.colcon_core.environment:create_environment_scripts_only(sensors)
[3.628s] INFO:colcon.colcon_core.shell:Creating package script '/root/ros2_ws/install/sensors/share/sensors/package.ps1'
[3.628s] INFO:colcon.colcon_core.shell:Creating package descriptor '/root/ros2_ws/install/sensors/share/sensors/package.dsv'
[3.628s] INFO:colcon.colcon_core.shell:Creating package script '/root/ros2_ws/install/sensors/share/sensors/package.sh'
[3.628s] INFO:colcon.colcon_core.shell:Creating package script '/root/ros2_ws/install/sensors/share/sensors/package.bash'
[3.629s] INFO:colcon.colcon_core.shell:Creating package script '/root/ros2_ws/install/sensors/share/sensors/package.zsh'
[3.629s] Level 1:colcon.colcon_core.environment:create_file_with_runtime_dependencies(/root/ros2_ws/install/sensors/share/colcon-core/packages/sensors)
[3.629s] DEBUG:colcon.colcon_core.event_handler.log_command:Invoked command in '/root/ros2_ws/src/nav2_gps_waypoint_follower_demo' returned '0': PYTHONPATH=/root/ros2_ws/build/nav2_gps_waypoint_follower_demo/prefix_override:/root/ros2_ws/install/nav2_gps_waypoint_follower_demo/lib/python3.8/site-packages:${PYTHONPATH} /usr/bin/python3 setup.py egg_info --egg-base ../../build/nav2_gps_waypoint_follower_demo build --build-base /root/ros2_ws/build/nav2_gps_waypoint_follower_demo/build install --record /root/ros2_ws/build/nav2_gps_waypoint_follower_demo/install.log --single-version-externally-managed
[3.634s] Level 1:colcon.colcon_core.environment:checking '/root/ros2_ws/install/nav2_gps_waypoint_follower_demo' for CMake module files
[3.634s] Level 1:colcon.colcon_core.environment:checking '/root/ros2_ws/install/nav2_gps_waypoint_follower_demo' for CMake config files
[3.635s] Level 1:colcon.colcon_core.environment:checking '/root/ros2_ws/install/nav2_gps_waypoint_follower_demo/lib'
[3.635s] Level 1:colcon.colcon_core.environment:checking '/root/ros2_ws/install/nav2_gps_waypoint_follower_demo/bin'
[3.635s] Level 1:colcon.colcon_core.environment:checking '/root/ros2_ws/install/nav2_gps_waypoint_follower_demo/lib/pkgconfig/nav2_gps_waypoint_follower_demo.pc'
[3.635s] Level 1:colcon.colcon_core.environment:checking '/root/ros2_ws/install/nav2_gps_waypoint_follower_demo/lib/python3.8/site-packages'
[3.635s] Level 1:colcon.colcon_core.shell:create_environment_hook('nav2_gps_waypoint_follower_demo', 'pythonpath')
[3.639s] INFO:colcon.colcon_core.shell:Creating environment hook '/root/ros2_ws/install/nav2_gps_waypoint_follower_demo/share/nav2_gps_waypoint_follower_demo/hook/pythonpath.ps1'
[3.640s] INFO:colcon.colcon_core.shell:Creating environment descriptor '/root/ros2_ws/install/nav2_gps_waypoint_follower_demo/share/nav2_gps_waypoint_follower_demo/hook/pythonpath.dsv'
[3.640s] INFO:colcon.colcon_core.shell:Creating environment hook '/root/ros2_ws/install/nav2_gps_waypoint_follower_demo/share/nav2_gps_waypoint_follower_demo/hook/pythonpath.sh'
[3.640s] Level 1:colcon.colcon_core.environment:checking '/root/ros2_ws/install/nav2_gps_waypoint_follower_demo/bin'
[3.640s] Level 1:colcon.colcon_core.environment:create_environment_scripts_only(nav2_gps_waypoint_follower_demo)
[3.646s] INFO:colcon.colcon_core.shell:Creating package script '/root/ros2_ws/install/nav2_gps_waypoint_follower_demo/share/nav2_gps_waypoint_follower_demo/package.ps1'
[3.646s] INFO:colcon.colcon_core.shell:Creating package descriptor '/root/ros2_ws/install/nav2_gps_waypoint_follower_demo/share/nav2_gps_waypoint_follower_demo/package.dsv'
[3.647s] INFO:colcon.colcon_core.shell:Creating package script '/root/ros2_ws/install/nav2_gps_waypoint_follower_demo/share/nav2_gps_waypoint_follower_demo/package.sh'
[3.647s] INFO:colcon.colcon_core.shell:Creating package script '/root/ros2_ws/install/nav2_gps_waypoint_follower_demo/share/nav2_gps_waypoint_follower_demo/package.bash'
[3.647s] INFO:colcon.colcon_core.shell:Creating package script '/root/ros2_ws/install/nav2_gps_waypoint_follower_demo/share/nav2_gps_waypoint_follower_demo/package.zsh'
[3.647s] Level 1:colcon.colcon_core.environment:create_file_with_runtime_dependencies(/root/ros2_ws/install/nav2_gps_waypoint_follower_demo/share/colcon-core/packages/nav2_gps_waypoint_follower_demo)
[3.647s] DEBUG:colcon.colcon_parallel_executor.executor.parallel:closing loop
[3.647s] DEBUG:colcon.colcon_parallel_executor.executor.parallel:loop closed
[3.647s] DEBUG:colcon.colcon_parallel_executor.executor.parallel:run_until_complete finished with '0'
[3.648s] DEBUG:colcon.colcon_core.event_reactor:joining thread
[3.655s] INFO:colcon.colcon_core.plugin_system:Skipping extension 'colcon_notification.desktop_notification.notify_send': Could not find 'notify-send'
[3.655s] INFO:colcon.colcon_core.plugin_system:Skipping extension 'colcon_notification.desktop_notification.terminal_notifier': Not used on non-Darwin systems
[3.655s] INFO:colcon.colcon_core.plugin_system:Skipping extension 'colcon_notification.desktop_notification.win32': Not used on non-Windows systems
[3.655s] INFO:colcon.colcon_notification.desktop_notification:Sending desktop notification using 'notify2'
[3.658s] DEBUG:colcon.colcon_notification.desktop_notification.notify2:Failed to initialize notify2: org.freedesktop.DBus.Error.ServiceUnknown: The name org.freedesktop.Notifications was not provided by any .service files
[3.658s] DEBUG:colcon.colcon_core.event_reactor:joined thread
[3.663s] INFO:colcon.colcon_core.shell:Creating prefix script '/root/ros2_ws/install/local_setup.ps1'
[3.664s] INFO:colcon.colcon_core.shell:Creating prefix util module '/root/ros2_ws/install/_local_setup_util_ps1.py'
[3.664s] INFO:colcon.colcon_core.shell:Creating prefix chain script '/root/ros2_ws/install/setup.ps1'
[3.669s] INFO:colcon.colcon_core.shell:Creating prefix script '/root/ros2_ws/install/local_setup.sh'
[3.670s] INFO:colcon.colcon_core.shell:Creating prefix util module '/root/ros2_ws/install/_local_setup_util_sh.py'
[3.670s] INFO:colcon.colcon_core.shell:Creating prefix chain script '/root/ros2_ws/install/setup.sh'
[3.675s] INFO:colcon.colcon_core.shell:Creating prefix script '/root/ros2_ws/install/local_setup.bash'
[3.675s] INFO:colcon.colcon_core.shell:Creating prefix chain script '/root/ros2_ws/install/setup.bash'
[3.681s] INFO:colcon.colcon_core.shell:Creating prefix script '/root/ros2_ws/install/local_setup.zsh'
[3.681s] INFO:colcon.colcon_core.shell:Creating prefix chain script '/root/ros2_ws/install/setup.zsh'
