[1.644s] Invoking command in '/root/ros2_ws/src/sensors': PYTHONPATH=/root/ros2_ws/build/sensors/prefix_override:/root/ros2_ws/install/sensors/lib/python3.8/site-packages:${PYTHONPATH} /usr/bin/python3 setup.py egg_info --egg-base ../../build/sensors build --build-base /root/ros2_ws/build/sensors/build install --record /root/ros2_ws/build/sensors/install.log --install-scripts $base/lib/sensors --single-version-externally-managed
[1.819s] /usr/local/lib/python3.8/dist-packages/setuptools/dist.py:498: SetuptoolsDeprecationWarning: Invalid dash-separated options
[1.820s] !!
[1.820s] 
[1.820s]         ********************************************************************************
[1.820s]         Usage of dash-separated 'script-dir' will not be supported in future
[1.820s]         versions. Please use the underscore name 'script_dir' instead.
[1.820s] 
[1.820s]         This deprecation is overdue, please update your project and remove deprecated
[1.820s]         calls to avoid build errors in the future.
[1.820s] 
[1.820s]         See https://setuptools.pypa.io/en/latest/userguide/declarative_config.html for details.
[1.821s]         ********************************************************************************
[1.821s] 
[1.821s] !!
[1.821s]   opt = self.warn_dash_deprecation(opt, section)
[1.928s] running egg_info
[2.083s] writing ../../build/sensors/sensors.egg-info/PKG-INFO
[2.085s] writing dependency_links to ../../build/sensors/sensors.egg-info/dependency_links.txt
[2.086s] writing entry points to ../../build/sensors/sensors.egg-info/entry_points.txt
[2.087s] writing requirements to ../../build/sensors/sensors.egg-info/requires.txt
[2.088s] writing top-level names to ../../build/sensors/sensors.egg-info/top_level.txt
[2.257s] reading manifest file '../../build/sensors/sensors.egg-info/SOURCES.txt'
[2.258s] writing manifest file '../../build/sensors/sensors.egg-info/SOURCES.txt'
[2.258s] running build
[2.259s] running build_py
[2.259s] running install
[2.260s] /usr/local/lib/python3.8/dist-packages/setuptools/_distutils/cmd.py:66: SetuptoolsDeprecationWarning: setup.py install is deprecated.
[2.260s] !!
[2.260s] 
[2.261s]         ********************************************************************************
[2.261s]         Please avoid running ``setup.py`` directly.
[2.262s]         Instead, use pypa/build, pypa/installer or other
[2.262s]         standards-based tools.
[2.262s] 
[2.263s]         See https://blog.ganssle.io/articles/2021/10/setup-py-deprecated.html for details.
[2.263s]         ********************************************************************************
[2.263s] 
[2.263s] !!
[2.264s]   self.initialize_options()
[2.269s] running install_lib
[2.286s] running install_data
[2.301s] running install_egg_info
[2.316s] removing '/root/ros2_ws/install/sensors/lib/python3.8/site-packages/sensors-0.0.0-py3.8.egg-info' (and everything under it)
[2.317s] Copying ../../build/sensors/sensors.egg-info to /root/ros2_ws/install/sensors/lib/python3.8/site-packages/sensors-0.0.0-py3.8.egg-info
[2.318s] running install_scripts
[2.370s] Installing imu script to /root/ros2_ws/install/sensors/lib/sensors
[2.370s] Installing tf script to /root/ros2_ws/install/sensors/lib/sensors
[2.370s] writing list of installed files to '/root/ros2_ws/build/sensors/install.log'
[2.428s] Invoked command in '/root/ros2_ws/src/sensors' returned '0': PYTHONPATH=/root/ros2_ws/build/sensors/prefix_override:/root/ros2_ws/install/sensors/lib/python3.8/site-packages:${PYTHONPATH} /usr/bin/python3 setup.py egg_info --egg-base ../../build/sensors build --build-base /root/ros2_ws/build/sensors/build install --record /root/ros2_ws/build/sensors/install.log --install-scripts $base/lib/sensors --single-version-externally-managed
