[1.656s] DEBUG:colcon:Command line arguments: ['/usr/bin/colcon', 'build']
[1.656s] DEBUG:colcon:Parsed command line arguments: Namespace(allow_overriding=[], ament_cmake_args=None, base_paths=['.'], build_base='build', catkin_cmake_args=None, catkin_skip_building_tests=False, cmake_args=None, cmake_clean_cache=False, cmake_clean_first=False, cmake_force_configure=False, cmake_target=None, cmake_target_skip_unavailable=False, continue_on_error=False, event_handlers=None, executor='parallel', ignore_user_meta=False, install_base='install', log_base=None, log_level=None, main=<bound method BuildVerb.main of <colcon_core.verb.build.BuildVerb object at 0x7f1e70ed9640>>, merge_install=False, metas=['./colcon.meta'], packages_above=None, packages_above_and_dependencies=None, packages_above_depth=None, packages_end=None, packages_ignore=None, packages_ignore_regex=None, packages_select=None, packages_select_build_failed=False, packages_select_by_dep=None, packages_select_regex=None, packages_select_test_failures=False, packages_skip=None, packages_skip_build_finished=False, packages_skip_by_dep=None, packages_skip_regex=None, packages_skip_test_passed=False, packages_skip_up_to=None, packages_start=None, packages_up_to=None, packages_up_to_regex=None, parallel_workers=24, paths=None, symlink_install=False, test_result_base=None, verb_extension=<colcon_core.verb.build.BuildVerb object at 0x7f1e70ed9640>, verb_name='build', verb_parser=<colcon_defaults.argument_parser.defaults.DefaultArgumentsDecorator object at 0x7f1e70c23b20>)
[1.701s] Level 1:colcon.colcon_core.package_discovery:discover_packages(colcon_meta) check parameters
[1.701s] Level 1:colcon.colcon_core.package_discovery:discover_packages(recursive) check parameters
[1.701s] Level 1:colcon.colcon_core.package_discovery:discover_packages(ignore) check parameters
[1.701s] Level 1:colcon.colcon_core.package_discovery:discover_packages(path) check parameters
[1.701s] Level 1:colcon.colcon_core.package_discovery:discover_packages(colcon_meta) discover
[1.701s] Level 1:colcon.colcon_core.package_discovery:discover_packages(recursive) discover
[1.701s] INFO:colcon.colcon_core.package_discovery:Crawling recursively for packages in '/root/ros2_ws'
[1.701s] Level 1:colcon.colcon_core.package_identification:_identify(.) by extensions ['ignore', 'ignore_ament_install']
[1.701s] Level 1:colcon.colcon_core.package_identification:_identify(.) by extension 'ignore'
[1.701s] Level 1:colcon.colcon_core.package_identification:_identify(.) by extension 'ignore_ament_install'
[1.701s] Level 1:colcon.colcon_core.package_identification:_identify(.) by extensions ['colcon_pkg']
[1.701s] Level 1:colcon.colcon_core.package_identification:_identify(.) by extension 'colcon_pkg'
[1.701s] Level 1:colcon.colcon_core.package_identification:_identify(.) by extensions ['colcon_meta']
[1.701s] Level 1:colcon.colcon_core.package_identification:_identify(.) by extension 'colcon_meta'
[1.701s] Level 1:colcon.colcon_core.package_identification:_identify(.) by extensions ['ros']
[1.701s] Level 1:colcon.colcon_core.package_identification:_identify(.) by extension 'ros'
[1.708s] Level 1:colcon.colcon_core.package_identification:_identify(.) by extensions ['cmake', 'python']
[1.708s] Level 1:colcon.colcon_core.package_identification:_identify(.) by extension 'cmake'
[1.708s] Level 1:colcon.colcon_core.package_identification:_identify(.) by extension 'python'
[1.708s] Level 1:colcon.colcon_core.package_identification:_identify(.) by extensions ['python_setup_py']
[1.708s] Level 1:colcon.colcon_core.package_identification:_identify(.) by extension 'python_setup_py'
[1.708s] Level 1:colcon.colcon_core.package_identification:_identify(build) by extensions ['ignore', 'ignore_ament_install']
[1.708s] Level 1:colcon.colcon_core.package_identification:_identify(build) by extension 'ignore'
[1.708s] Level 1:colcon.colcon_core.package_identification:_identify(build) ignored
[1.709s] Level 1:colcon.colcon_core.package_identification:_identify(install) by extensions ['ignore', 'ignore_ament_install']
[1.709s] Level 1:colcon.colcon_core.package_identification:_identify(install) by extension 'ignore'
[1.709s] Level 1:colcon.colcon_core.package_identification:_identify(install) ignored
[1.709s] Level 1:colcon.colcon_core.package_identification:_identify(log) by extensions ['ignore', 'ignore_ament_install']
[1.709s] Level 1:colcon.colcon_core.package_identification:_identify(log) by extension 'ignore'
[1.709s] Level 1:colcon.colcon_core.package_identification:_identify(log) ignored
[1.709s] Level 1:colcon.colcon_core.package_identification:_identify(src) by extensions ['ignore', 'ignore_ament_install']
[1.709s] Level 1:colcon.colcon_core.package_identification:_identify(src) by extension 'ignore'
[1.709s] Level 1:colcon.colcon_core.package_identification:_identify(src) by extension 'ignore_ament_install'
[1.709s] Level 1:colcon.colcon_core.package_identification:_identify(src) by extensions ['colcon_pkg']
[1.709s] Level 1:colcon.colcon_core.package_identification:_identify(src) by extension 'colcon_pkg'
[1.709s] Level 1:colcon.colcon_core.package_identification:_identify(src) by extensions ['colcon_meta']
[1.709s] Level 1:colcon.colcon_core.package_identification:_identify(src) by extension 'colcon_meta'
[1.709s] Level 1:colcon.colcon_core.package_identification:_identify(src) by extensions ['ros']
[1.709s] Level 1:colcon.colcon_core.package_identification:_identify(src) by extension 'ros'
[1.709s] Level 1:colcon.colcon_core.package_identification:_identify(src) by extensions ['cmake', 'python']
[1.709s] Level 1:colcon.colcon_core.package_identification:_identify(src) by extension 'cmake'
[1.709s] Level 1:colcon.colcon_core.package_identification:_identify(src) by extension 'python'
[1.709s] Level 1:colcon.colcon_core.package_identification:_identify(src) by extensions ['python_setup_py']
[1.709s] Level 1:colcon.colcon_core.package_identification:_identify(src) by extension 'python_setup_py'
[1.709s] Level 1:colcon.colcon_core.package_identification:_identify(src/nav2_gps_waypoint_follower_demo) by extensions ['ignore', 'ignore_ament_install']
[1.709s] Level 1:colcon.colcon_core.package_identification:_identify(src/nav2_gps_waypoint_follower_demo) by extension 'ignore'
[1.709s] Level 1:colcon.colcon_core.package_identification:_identify(src/nav2_gps_waypoint_follower_demo) by extension 'ignore_ament_install'
[1.709s] Level 1:colcon.colcon_core.package_identification:_identify(src/nav2_gps_waypoint_follower_demo) by extensions ['colcon_pkg']
[1.709s] Level 1:colcon.colcon_core.package_identification:_identify(src/nav2_gps_waypoint_follower_demo) by extension 'colcon_pkg'
[1.709s] Level 1:colcon.colcon_core.package_identification:_identify(src/nav2_gps_waypoint_follower_demo) by extensions ['colcon_meta']
[1.709s] Level 1:colcon.colcon_core.package_identification:_identify(src/nav2_gps_waypoint_follower_demo) by extension 'colcon_meta'
[1.709s] Level 1:colcon.colcon_core.package_identification:_identify(src/nav2_gps_waypoint_follower_demo) by extensions ['ros']
[1.709s] Level 1:colcon.colcon_core.package_identification:_identify(src/nav2_gps_waypoint_follower_demo) by extension 'ros'
[1.711s] DEBUG:colcon.colcon_core.package_identification:Package 'src/nav2_gps_waypoint_follower_demo' with type 'ros.ament_python' and name 'nav2_gps_waypoint_follower_demo'
[1.711s] Level 1:colcon.colcon_core.package_identification:_identify(src/sam_bot_description) by extensions ['ignore', 'ignore_ament_install']
[1.711s] Level 1:colcon.colcon_core.package_identification:_identify(src/sam_bot_description) by extension 'ignore'
[1.711s] Level 1:colcon.colcon_core.package_identification:_identify(src/sam_bot_description) by extension 'ignore_ament_install'
[1.711s] Level 1:colcon.colcon_core.package_identification:_identify(src/sam_bot_description) by extensions ['colcon_pkg']
[1.711s] Level 1:colcon.colcon_core.package_identification:_identify(src/sam_bot_description) by extension 'colcon_pkg'
[1.711s] Level 1:colcon.colcon_core.package_identification:_identify(src/sam_bot_description) by extensions ['colcon_meta']
[1.711s] Level 1:colcon.colcon_core.package_identification:_identify(src/sam_bot_description) by extension 'colcon_meta'
[1.711s] Level 1:colcon.colcon_core.package_identification:_identify(src/sam_bot_description) by extensions ['ros']
[1.711s] Level 1:colcon.colcon_core.package_identification:_identify(src/sam_bot_description) by extension 'ros'
[1.711s] DEBUG:colcon.colcon_core.package_identification:Package 'src/sam_bot_description' with type 'ros.ament_cmake' and name 'sam_bot_description'
[1.711s] Level 1:colcon.colcon_core.package_identification:_identify(src/sensors) by extensions ['ignore', 'ignore_ament_install']
[1.711s] Level 1:colcon.colcon_core.package_identification:_identify(src/sensors) by extension 'ignore'
[1.711s] Level 1:colcon.colcon_core.package_identification:_identify(src/sensors) by extension 'ignore_ament_install'
[1.711s] Level 1:colcon.colcon_core.package_identification:_identify(src/sensors) by extensions ['colcon_pkg']
[1.711s] Level 1:colcon.colcon_core.package_identification:_identify(src/sensors) by extension 'colcon_pkg'
[1.711s] Level 1:colcon.colcon_core.package_identification:_identify(src/sensors) by extensions ['colcon_meta']
[1.711s] Level 1:colcon.colcon_core.package_identification:_identify(src/sensors) by extension 'colcon_meta'
[1.711s] Level 1:colcon.colcon_core.package_identification:_identify(src/sensors) by extensions ['ros']
[1.711s] Level 1:colcon.colcon_core.package_identification:_identify(src/sensors) by extension 'ros'
[1.712s] DEBUG:colcon.colcon_core.package_identification:Package 'src/sensors' with type 'ros.ament_python' and name 'sensors'
[1.712s] Level 1:colcon.colcon_core.package_discovery:discover_packages(recursive) using defaults
[1.712s] Level 1:colcon.colcon_core.package_discovery:discover_packages(ignore) discover
[1.712s] Level 1:colcon.colcon_core.package_discovery:discover_packages(ignore) using defaults
[1.712s] Level 1:colcon.colcon_core.package_discovery:discover_packages(path) discover
[1.712s] Level 1:colcon.colcon_core.package_discovery:discover_packages(path) using defaults
[1.744s] Level 1:colcon.colcon_core.package_discovery:discover_packages(prefix_path) check parameters
[1.744s] Level 1:colcon.colcon_core.package_discovery:discover_packages(prefix_path) discover
[1.753s] DEBUG:colcon.colcon_installed_package_information.package_discovery:Found 3 installed packages in /root/ros2_ws/install
[1.759s] DEBUG:colcon.colcon_installed_package_information.package_discovery:Found 337 installed packages in /opt/ros/galactic
[1.760s] Level 1:colcon.colcon_core.package_discovery:discover_packages(prefix_path) using defaults
[1.793s] Level 5:colcon.colcon_core.verb:set package 'nav2_gps_waypoint_follower_demo' build argument 'cmake_args' from command line to 'None'
[1.793s] Level 5:colcon.colcon_core.verb:set package 'nav2_gps_waypoint_follower_demo' build argument 'cmake_target' from command line to 'None'
[1.793s] Level 5:colcon.colcon_core.verb:set package 'nav2_gps_waypoint_follower_demo' build argument 'cmake_target_skip_unavailable' from command line to 'False'
[1.793s] Level 5:colcon.colcon_core.verb:set package 'nav2_gps_waypoint_follower_demo' build argument 'cmake_clean_cache' from command line to 'False'
[1.793s] Level 5:colcon.colcon_core.verb:set package 'nav2_gps_waypoint_follower_demo' build argument 'cmake_clean_first' from command line to 'False'
[1.793s] Level 5:colcon.colcon_core.verb:set package 'nav2_gps_waypoint_follower_demo' build argument 'cmake_force_configure' from command line to 'False'
[1.793s] Level 5:colcon.colcon_core.verb:set package 'nav2_gps_waypoint_follower_demo' build argument 'ament_cmake_args' from command line to 'None'
[1.793s] Level 5:colcon.colcon_core.verb:set package 'nav2_gps_waypoint_follower_demo' build argument 'catkin_cmake_args' from command line to 'None'
[1.793s] Level 5:colcon.colcon_core.verb:set package 'nav2_gps_waypoint_follower_demo' build argument 'catkin_skip_building_tests' from command line to 'False'
[1.793s] DEBUG:colcon.colcon_core.verb:Building package 'nav2_gps_waypoint_follower_demo' with the following arguments: {'ament_cmake_args': None, 'build_base': '/root/ros2_ws/build/nav2_gps_waypoint_follower_demo', 'catkin_cmake_args': None, 'catkin_skip_building_tests': False, 'cmake_args': None, 'cmake_clean_cache': False, 'cmake_clean_first': False, 'cmake_force_configure': False, 'cmake_target': None, 'cmake_target_skip_unavailable': False, 'install_base': '/root/ros2_ws/install/nav2_gps_waypoint_follower_demo', 'merge_install': False, 'path': '/root/ros2_ws/src/nav2_gps_waypoint_follower_demo', 'symlink_install': False, 'test_result_base': None}
[1.797s] Level 5:colcon.colcon_core.verb:set package 'sam_bot_description' build argument 'cmake_args' from command line to 'None'
[1.797s] Level 5:colcon.colcon_core.verb:set package 'sam_bot_description' build argument 'cmake_target' from command line to 'None'
[1.797s] Level 5:colcon.colcon_core.verb:set package 'sam_bot_description' build argument 'cmake_target_skip_unavailable' from command line to 'False'
[1.797s] Level 5:colcon.colcon_core.verb:set package 'sam_bot_description' build argument 'cmake_clean_cache' from command line to 'False'
[1.797s] Level 5:colcon.colcon_core.verb:set package 'sam_bot_description' build argument 'cmake_clean_first' from command line to 'False'
[1.797s] Level 5:colcon.colcon_core.verb:set package 'sam_bot_description' build argument 'cmake_force_configure' from command line to 'False'
[1.797s] Level 5:colcon.colcon_core.verb:set package 'sam_bot_description' build argument 'ament_cmake_args' from command line to 'None'
[1.797s] Level 5:colcon.colcon_core.verb:set package 'sam_bot_description' build argument 'catkin_cmake_args' from command line to 'None'
[1.797s] Level 5:colcon.colcon_core.verb:set package 'sam_bot_description' build argument 'catkin_skip_building_tests' from command line to 'False'
[1.797s] DEBUG:colcon.colcon_core.verb:Building package 'sam_bot_description' with the following arguments: {'ament_cmake_args': None, 'build_base': '/root/ros2_ws/build/sam_bot_description', 'catkin_cmake_args': None, 'catkin_skip_building_tests': False, 'cmake_args': None, 'cmake_clean_cache': False, 'cmake_clean_first': False, 'cmake_force_configure': False, 'cmake_target': None, 'cmake_target_skip_unavailable': False, 'install_base': '/root/ros2_ws/install/sam_bot_description', 'merge_install': False, 'path': '/root/ros2_ws/src/sam_bot_description', 'symlink_install': False, 'test_result_base': None}
[1.801s] Level 5:colcon.colcon_core.verb:set package 'sensors' build argument 'cmake_args' from command line to 'None'
[1.801s] Level 5:colcon.colcon_core.verb:set package 'sensors' build argument 'cmake_target' from command line to 'None'
[1.801s] Level 5:colcon.colcon_core.verb:set package 'sensors' build argument 'cmake_target_skip_unavailable' from command line to 'False'
[1.801s] Level 5:colcon.colcon_core.verb:set package 'sensors' build argument 'cmake_clean_cache' from command line to 'False'
[1.801s] Level 5:colcon.colcon_core.verb:set package 'sensors' build argument 'cmake_clean_first' from command line to 'False'
[1.801s] Level 5:colcon.colcon_core.verb:set package 'sensors' build argument 'cmake_force_configure' from command line to 'False'
[1.801s] Level 5:colcon.colcon_core.verb:set package 'sensors' build argument 'ament_cmake_args' from command line to 'None'
[1.801s] Level 5:colcon.colcon_core.verb:set package 'sensors' build argument 'catkin_cmake_args' from command line to 'None'
[1.801s] Level 5:colcon.colcon_core.verb:set package 'sensors' build argument 'catkin_skip_building_tests' from command line to 'False'
[1.801s] DEBUG:colcon.colcon_core.verb:Building package 'sensors' with the following arguments: {'ament_cmake_args': None, 'build_base': '/root/ros2_ws/build/sensors', 'catkin_cmake_args': None, 'catkin_skip_building_tests': False, 'cmake_args': None, 'cmake_clean_cache': False, 'cmake_clean_first': False, 'cmake_force_configure': False, 'cmake_target': None, 'cmake_target_skip_unavailable': False, 'install_base': '/root/ros2_ws/install/sensors', 'merge_install': False, 'path': '/root/ros2_ws/src/sensors', 'symlink_install': False, 'test_result_base': None}
[1.805s] INFO:colcon.colcon_core.executor:Executing jobs using 'parallel' executor
[1.810s] DEBUG:colcon.colcon_parallel_executor.executor.parallel:run_until_complete
[1.810s] INFO:colcon.colcon_ros.task.ament_python.build:Building ROS package in '/root/ros2_ws/src/nav2_gps_waypoint_follower_demo' with build type 'ament_python'
[1.810s] Level 1:colcon.colcon_core.shell:create_environment_hook('nav2_gps_waypoint_follower_demo', 'ament_prefix_path')
[1.818s] INFO:colcon.colcon_core.plugin_system:Skipping extension 'colcon_core.shell.bat': Not used on non-Windows systems
[1.818s] INFO:colcon.colcon_core.shell:Creating environment hook '/root/ros2_ws/install/nav2_gps_waypoint_follower_demo/share/nav2_gps_waypoint_follower_demo/hook/ament_prefix_path.ps1'
[1.819s] INFO:colcon.colcon_core.shell:Creating environment descriptor '/root/ros2_ws/install/nav2_gps_waypoint_follower_demo/share/nav2_gps_waypoint_follower_demo/hook/ament_prefix_path.dsv'
[1.819s] INFO:colcon.colcon_core.shell:Creating environment hook '/root/ros2_ws/install/nav2_gps_waypoint_follower_demo/share/nav2_gps_waypoint_follower_demo/hook/ament_prefix_path.sh'
[1.824s] INFO:colcon.colcon_core.shell:Skip shell extension 'powershell' for command environment: Not usable outside of PowerShell
[1.824s] DEBUG:colcon.colcon_core.shell:Skip shell extension 'dsv' for command environment
[1.840s] INFO:colcon.colcon_ros.task.ament_cmake.build:Building ROS package in '/root/ros2_ws/src/sam_bot_description' with build type 'ament_cmake'
[1.840s] INFO:colcon.colcon_cmake.task.cmake.build:Building CMake package in '/root/ros2_ws/src/sam_bot_description'
[1.845s] INFO:colcon.colcon_core.shell:Skip shell extension 'powershell' for command environment: Not usable outside of PowerShell
[1.845s] DEBUG:colcon.colcon_core.shell:Skip shell extension 'dsv' for command environment
[1.862s] INFO:colcon.colcon_ros.task.ament_python.build:Building ROS package in '/root/ros2_ws/src/sensors' with build type 'ament_python'
[1.863s] Level 1:colcon.colcon_core.shell:create_environment_hook('sensors', 'ament_prefix_path')
[1.867s] INFO:colcon.colcon_core.shell:Creating environment hook '/root/ros2_ws/install/sensors/share/sensors/hook/ament_prefix_path.ps1'
[1.867s] INFO:colcon.colcon_core.shell:Creating environment descriptor '/root/ros2_ws/install/sensors/share/sensors/hook/ament_prefix_path.dsv'
[1.868s] INFO:colcon.colcon_core.shell:Creating environment hook '/root/ros2_ws/install/sensors/share/sensors/hook/ament_prefix_path.sh'
[1.872s] INFO:colcon.colcon_core.shell:Skip shell extension 'powershell' for command environment: Not usable outside of PowerShell
[1.872s] DEBUG:colcon.colcon_core.shell:Skip shell extension 'dsv' for command environment
[1.979s] INFO:colcon.colcon_core.task.python.build:Building Python package in '/root/ros2_ws/src/nav2_gps_waypoint_follower_demo'
[1.984s] INFO:colcon.colcon_core.shell:Skip shell extension 'powershell' for command environment: Not usable outside of PowerShell
[1.984s] DEBUG:colcon.colcon_core.shell:Skip shell extension 'dsv' for command environment
[2.003s] DEBUG:colcon.colcon_core.event_handler.log_command:Invoking command in '/root/ros2_ws/build/sam_bot_description': CMAKE_PREFIX_PATH=${CMAKE_PREFIX_PATH}:/root/ros2_ws/install/sensors:/root/ros2_ws/install/nav2_gps_waypoint_follower_demo:/opt/ros/galactic /usr/bin/cmake --build /root/ros2_ws/build/sam_bot_description -- -j24 -l24
[2.097s] INFO:colcon.colcon_core.task.python.build:Building Python package in '/root/ros2_ws/src/sensors'
[2.101s] INFO:colcon.colcon_core.shell:Skip shell extension 'powershell' for command environment: Not usable outside of PowerShell
[2.101s] DEBUG:colcon.colcon_core.shell:Skip shell extension 'dsv' for command environment
[2.120s] DEBUG:colcon.colcon_core.event_handler.log_command:Invoked command in '/root/ros2_ws/build/sam_bot_description' returned '0': CMAKE_PREFIX_PATH=${CMAKE_PREFIX_PATH}:/root/ros2_ws/install/sensors:/root/ros2_ws/install/nav2_gps_waypoint_follower_demo:/opt/ros/galactic /usr/bin/cmake --build /root/ros2_ws/build/sam_bot_description -- -j24 -l24
[2.137s] DEBUG:colcon.colcon_core.event_handler.log_command:Invoking command in '/root/ros2_ws/build/sam_bot_description': CMAKE_PREFIX_PATH=${CMAKE_PREFIX_PATH}:/root/ros2_ws/install/sensors:/root/ros2_ws/install/nav2_gps_waypoint_follower_demo:/opt/ros/galactic /usr/bin/cmake --install /root/ros2_ws/build/sam_bot_description
[2.142s] Level 1:colcon.colcon_core.environment:create_environment_scripts_only(sam_bot_description)
[2.143s] DEBUG:colcon.colcon_core.event_handler.log_command:Invoked command in '/root/ros2_ws/build/sam_bot_description' returned '0': CMAKE_PREFIX_PATH=${CMAKE_PREFIX_PATH}:/root/ros2_ws/install/sensors:/root/ros2_ws/install/nav2_gps_waypoint_follower_demo:/opt/ros/galactic /usr/bin/cmake --install /root/ros2_ws/build/sam_bot_description
[2.149s] Level 1:colcon.colcon_core.environment:checking '/root/ros2_ws/install/sam_bot_description' for CMake module files
[2.149s] Level 1:colcon.colcon_core.environment:checking '/root/ros2_ws/install/sam_bot_description' for CMake config files
[2.149s] Level 1:colcon.colcon_core.shell:create_environment_hook('sam_bot_description', 'cmake_prefix_path')
[2.154s] INFO:colcon.colcon_core.shell:Creating environment hook '/root/ros2_ws/install/sam_bot_description/share/sam_bot_description/hook/cmake_prefix_path.ps1'
[2.154s] INFO:colcon.colcon_core.shell:Creating environment descriptor '/root/ros2_ws/install/sam_bot_description/share/sam_bot_description/hook/cmake_prefix_path.dsv'
[2.154s] INFO:colcon.colcon_core.shell:Creating environment hook '/root/ros2_ws/install/sam_bot_description/share/sam_bot_description/hook/cmake_prefix_path.sh'
[2.154s] Level 1:colcon.colcon_core.environment:checking '/root/ros2_ws/install/sam_bot_description/bin'
[2.154s] Level 1:colcon.colcon_core.environment:checking '/root/ros2_ws/install/sam_bot_description/lib/pkgconfig/sam_bot_description.pc'
[2.155s] Level 1:colcon.colcon_core.environment:checking '/root/ros2_ws/install/sam_bot_description/lib/python3.8/site-packages'
[2.155s] Level 1:colcon.colcon_core.environment:checking '/root/ros2_ws/install/sam_bot_description/bin'
[2.160s] INFO:colcon.colcon_core.shell:Creating package script '/root/ros2_ws/install/sam_bot_description/share/sam_bot_description/package.ps1'
[2.160s] INFO:colcon.colcon_core.shell:Creating package descriptor '/root/ros2_ws/install/sam_bot_description/share/sam_bot_description/package.dsv'
[2.161s] INFO:colcon.colcon_core.shell:Creating package script '/root/ros2_ws/install/sam_bot_description/share/sam_bot_description/package.sh'
[2.161s] INFO:colcon.colcon_core.shell:Creating package script '/root/ros2_ws/install/sam_bot_description/share/sam_bot_description/package.bash'
[2.162s] INFO:colcon.colcon_core.shell:Creating package script '/root/ros2_ws/install/sam_bot_description/share/sam_bot_description/package.zsh'
[2.162s] Level 1:colcon.colcon_core.environment:create_file_with_runtime_dependencies(/root/ros2_ws/install/sam_bot_description/share/colcon-core/packages/sam_bot_description)
[2.178s] Level 1:colcon.colcon_core.environment:create_environment_scripts_only(sam_bot_description)
[2.189s] Level 1:colcon.colcon_core.environment:checking '/root/ros2_ws/install/sam_bot_description' for CMake module files
[2.190s] Level 1:colcon.colcon_core.environment:checking '/root/ros2_ws/install/sam_bot_description' for CMake config files
[2.190s] Level 1:colcon.colcon_core.shell:create_environment_hook('sam_bot_description', 'cmake_prefix_path')
[2.194s] INFO:colcon.colcon_core.shell:Creating environment hook '/root/ros2_ws/install/sam_bot_description/share/sam_bot_description/hook/cmake_prefix_path.ps1'
[2.194s] INFO:colcon.colcon_core.shell:Creating environment descriptor '/root/ros2_ws/install/sam_bot_description/share/sam_bot_description/hook/cmake_prefix_path.dsv'
[2.195s] INFO:colcon.colcon_core.shell:Creating environment hook '/root/ros2_ws/install/sam_bot_description/share/sam_bot_description/hook/cmake_prefix_path.sh'
[2.195s] Level 1:colcon.colcon_core.environment:checking '/root/ros2_ws/install/sam_bot_description/bin'
[2.195s] Level 1:colcon.colcon_core.environment:checking '/root/ros2_ws/install/sam_bot_description/lib/pkgconfig/sam_bot_description.pc'
[2.195s] Level 1:colcon.colcon_core.environment:checking '/root/ros2_ws/install/sam_bot_description/lib/python3.8/site-packages'
[2.195s] Level 1:colcon.colcon_core.environment:checking '/root/ros2_ws/install/sam_bot_description/bin'
[2.200s] INFO:colcon.colcon_core.shell:Creating package script '/root/ros2_ws/install/sam_bot_description/share/sam_bot_description/package.ps1'
[2.200s] INFO:colcon.colcon_core.shell:Creating package descriptor '/root/ros2_ws/install/sam_bot_description/share/sam_bot_description/package.dsv'
[2.200s] INFO:colcon.colcon_core.shell:Creating package script '/root/ros2_ws/install/sam_bot_description/share/sam_bot_description/package.sh'
[2.200s] INFO:colcon.colcon_core.shell:Creating package script '/root/ros2_ws/install/sam_bot_description/share/sam_bot_description/package.bash'
[2.200s] INFO:colcon.colcon_core.shell:Creating package script '/root/ros2_ws/install/sam_bot_description/share/sam_bot_description/package.zsh'
[2.200s] Level 1:colcon.colcon_core.environment:create_file_with_runtime_dependencies(/root/ros2_ws/install/sam_bot_description/share/colcon-core/packages/sam_bot_description)
[2.388s] DEBUG:colcon.colcon_core.event_handler.log_command:Invoking command in '/root/ros2_ws/src/nav2_gps_waypoint_follower_demo': PYTHONPATH=/root/ros2_ws/build/nav2_gps_waypoint_follower_demo/prefix_override:/root/ros2_ws/install/nav2_gps_waypoint_follower_demo/lib/python3.8/site-packages:${PYTHONPATH} /usr/bin/python3 setup.py egg_info --egg-base ../../build/nav2_gps_waypoint_follower_demo build --build-base /root/ros2_ws/build/nav2_gps_waypoint_follower_demo/build install --record /root/ros2_ws/build/nav2_gps_waypoint_follower_demo/install.log --single-version-externally-managed
[2.399s] DEBUG:colcon.colcon_core.event_handler.log_command:Invoking command in '/root/ros2_ws/src/sensors': PYTHONPATH=/root/ros2_ws/build/sensors/prefix_override:/root/ros2_ws/install/sensors/lib/python3.8/site-packages:${PYTHONPATH} /usr/bin/python3 setup.py egg_info --egg-base ../../build/sensors build --build-base /root/ros2_ws/build/sensors/build install --record /root/ros2_ws/build/sensors/install.log --install-scripts $base/lib/sensors --single-version-externally-managed
[2.618s] DEBUG:colcon.colcon_core.event_handler.log_command:Invoked command in '/root/ros2_ws/src/nav2_gps_waypoint_follower_demo' returned '0': PYTHONPATH=/root/ros2_ws/build/nav2_gps_waypoint_follower_demo/prefix_override:/root/ros2_ws/install/nav2_gps_waypoint_follower_demo/lib/python3.8/site-packages:${PYTHONPATH} /usr/bin/python3 setup.py egg_info --egg-base ../../build/nav2_gps_waypoint_follower_demo build --build-base /root/ros2_ws/build/nav2_gps_waypoint_follower_demo/build install --record /root/ros2_ws/build/nav2_gps_waypoint_follower_demo/install.log --single-version-externally-managed
[2.622s] Level 1:colcon.colcon_core.environment:checking '/root/ros2_ws/install/nav2_gps_waypoint_follower_demo' for CMake module files
[2.623s] Level 1:colcon.colcon_core.environment:checking '/root/ros2_ws/install/nav2_gps_waypoint_follower_demo' for CMake config files
[2.623s] Level 1:colcon.colcon_core.environment:checking '/root/ros2_ws/install/nav2_gps_waypoint_follower_demo/lib'
[2.623s] Level 1:colcon.colcon_core.environment:checking '/root/ros2_ws/install/nav2_gps_waypoint_follower_demo/bin'
[2.623s] Level 1:colcon.colcon_core.environment:checking '/root/ros2_ws/install/nav2_gps_waypoint_follower_demo/lib/pkgconfig/nav2_gps_waypoint_follower_demo.pc'
[2.623s] Level 1:colcon.colcon_core.environment:checking '/root/ros2_ws/install/nav2_gps_waypoint_follower_demo/lib/python3.8/site-packages'
[2.623s] Level 1:colcon.colcon_core.shell:create_environment_hook('nav2_gps_waypoint_follower_demo', 'pythonpath')
[2.628s] INFO:colcon.colcon_core.shell:Creating environment hook '/root/ros2_ws/install/nav2_gps_waypoint_follower_demo/share/nav2_gps_waypoint_follower_demo/hook/pythonpath.ps1'
[2.628s] INFO:colcon.colcon_core.shell:Creating environment descriptor '/root/ros2_ws/install/nav2_gps_waypoint_follower_demo/share/nav2_gps_waypoint_follower_demo/hook/pythonpath.dsv'
[2.628s] INFO:colcon.colcon_core.shell:Creating environment hook '/root/ros2_ws/install/nav2_gps_waypoint_follower_demo/share/nav2_gps_waypoint_follower_demo/hook/pythonpath.sh'
[2.629s] Level 1:colcon.colcon_core.environment:checking '/root/ros2_ws/install/nav2_gps_waypoint_follower_demo/bin'
[2.629s] Level 1:colcon.colcon_core.environment:create_environment_scripts_only(nav2_gps_waypoint_follower_demo)
[2.634s] INFO:colcon.colcon_core.shell:Creating package script '/root/ros2_ws/install/nav2_gps_waypoint_follower_demo/share/nav2_gps_waypoint_follower_demo/package.ps1'
[2.634s] INFO:colcon.colcon_core.shell:Creating package descriptor '/root/ros2_ws/install/nav2_gps_waypoint_follower_demo/share/nav2_gps_waypoint_follower_demo/package.dsv'
[2.635s] INFO:colcon.colcon_core.shell:Creating package script '/root/ros2_ws/install/nav2_gps_waypoint_follower_demo/share/nav2_gps_waypoint_follower_demo/package.sh'
[2.635s] INFO:colcon.colcon_core.shell:Creating package script '/root/ros2_ws/install/nav2_gps_waypoint_follower_demo/share/nav2_gps_waypoint_follower_demo/package.bash'
[2.635s] INFO:colcon.colcon_core.shell:Creating package script '/root/ros2_ws/install/nav2_gps_waypoint_follower_demo/share/nav2_gps_waypoint_follower_demo/package.zsh'
[2.635s] Level 1:colcon.colcon_core.environment:create_file_with_runtime_dependencies(/root/ros2_ws/install/nav2_gps_waypoint_follower_demo/share/colcon-core/packages/nav2_gps_waypoint_follower_demo)
[2.636s] DEBUG:colcon.colcon_core.event_handler.log_command:Invoked command in '/root/ros2_ws/src/sensors' returned '0': PYTHONPATH=/root/ros2_ws/build/sensors/prefix_override:/root/ros2_ws/install/sensors/lib/python3.8/site-packages:${PYTHONPATH} /usr/bin/python3 setup.py egg_info --egg-base ../../build/sensors build --build-base /root/ros2_ws/build/sensors/build install --record /root/ros2_ws/build/sensors/install.log --install-scripts $base/lib/sensors --single-version-externally-managed
[2.640s] Level 1:colcon.colcon_core.environment:checking '/root/ros2_ws/install/sensors' for CMake module files
[2.641s] Level 1:colcon.colcon_core.environment:checking '/root/ros2_ws/install/sensors' for CMake config files
[2.641s] Level 1:colcon.colcon_core.environment:checking '/root/ros2_ws/install/sensors/lib'
[2.641s] Level 1:colcon.colcon_core.environment:checking '/root/ros2_ws/install/sensors/bin'
[2.641s] Level 1:colcon.colcon_core.environment:checking '/root/ros2_ws/install/sensors/lib/pkgconfig/sensors.pc'
[2.641s] Level 1:colcon.colcon_core.environment:checking '/root/ros2_ws/install/sensors/lib/python3.8/site-packages'
[2.641s] Level 1:colcon.colcon_core.shell:create_environment_hook('sensors', 'pythonpath')
[2.646s] INFO:colcon.colcon_core.shell:Creating environment hook '/root/ros2_ws/install/sensors/share/sensors/hook/pythonpath.ps1'
[2.646s] INFO:colcon.colcon_core.shell:Creating environment descriptor '/root/ros2_ws/install/sensors/share/sensors/hook/pythonpath.dsv'
[2.646s] INFO:colcon.colcon_core.shell:Creating environment hook '/root/ros2_ws/install/sensors/share/sensors/hook/pythonpath.sh'
[2.646s] Level 1:colcon.colcon_core.environment:checking '/root/ros2_ws/install/sensors/bin'
[2.646s] Level 1:colcon.colcon_core.environment:create_environment_scripts_only(sensors)
[2.651s] INFO:colcon.colcon_core.shell:Creating package script '/root/ros2_ws/install/sensors/share/sensors/package.ps1'
[2.651s] INFO:colcon.colcon_core.shell:Creating package descriptor '/root/ros2_ws/install/sensors/share/sensors/package.dsv'
[2.651s] INFO:colcon.colcon_core.shell:Creating package script '/root/ros2_ws/install/sensors/share/sensors/package.sh'
[2.651s] INFO:colcon.colcon_core.shell:Creating package script '/root/ros2_ws/install/sensors/share/sensors/package.bash'
[2.651s] INFO:colcon.colcon_core.shell:Creating package script '/root/ros2_ws/install/sensors/share/sensors/package.zsh'
[2.651s] Level 1:colcon.colcon_core.environment:create_file_with_runtime_dependencies(/root/ros2_ws/install/sensors/share/colcon-core/packages/sensors)
[2.651s] DEBUG:colcon.colcon_parallel_executor.executor.parallel:closing loop
[2.652s] DEBUG:colcon.colcon_parallel_executor.executor.parallel:loop closed
[2.652s] DEBUG:colcon.colcon_parallel_executor.executor.parallel:run_until_complete finished with '0'
[2.652s] DEBUG:colcon.colcon_core.event_reactor:joining thread
[2.665s] INFO:colcon.colcon_core.plugin_system:Skipping extension 'colcon_notification.desktop_notification.notify_send': Could not find 'notify-send'
[2.665s] INFO:colcon.colcon_core.plugin_system:Skipping extension 'colcon_notification.desktop_notification.terminal_notifier': Not used on non-Darwin systems
[2.665s] INFO:colcon.colcon_core.plugin_system:Skipping extension 'colcon_notification.desktop_notification.win32': Not used on non-Windows systems
[2.665s] INFO:colcon.colcon_notification.desktop_notification:Sending desktop notification using 'notify2'
[2.668s] DEBUG:colcon.colcon_notification.desktop_notification.notify2:Failed to initialize notify2: org.freedesktop.DBus.Error.ServiceUnknown: The name org.freedesktop.Notifications was not provided by any .service files
[2.668s] DEBUG:colcon.colcon_core.event_reactor:joined thread
[2.674s] INFO:colcon.colcon_core.shell:Creating prefix script '/root/ros2_ws/install/local_setup.ps1'
[2.675s] INFO:colcon.colcon_core.shell:Creating prefix util module '/root/ros2_ws/install/_local_setup_util_ps1.py'
[2.676s] INFO:colcon.colcon_core.shell:Creating prefix chain script '/root/ros2_ws/install/setup.ps1'
[2.682s] INFO:colcon.colcon_core.shell:Creating prefix script '/root/ros2_ws/install/local_setup.sh'
[2.682s] INFO:colcon.colcon_core.shell:Creating prefix util module '/root/ros2_ws/install/_local_setup_util_sh.py'
[2.682s] INFO:colcon.colcon_core.shell:Creating prefix chain script '/root/ros2_ws/install/setup.sh'
[2.687s] INFO:colcon.colcon_core.shell:Creating prefix script '/root/ros2_ws/install/local_setup.bash'
[2.687s] INFO:colcon.colcon_core.shell:Creating prefix chain script '/root/ros2_ws/install/setup.bash'
[2.692s] INFO:colcon.colcon_core.shell:Creating prefix script '/root/ros2_ws/install/local_setup.zsh'
[2.692s] INFO:colcon.colcon_core.shell:Creating prefix chain script '/root/ros2_ws/install/setup.zsh'
