[1.624s] Invoking command in '/root/ros2_ws/src/sensors': PYTHONPATH=/root/ros2_ws/build/sensors/prefix_override:/root/ros2_ws/install/sensors/lib/python3.8/site-packages:${PYTHONPATH} /usr/bin/python3 setup.py egg_info --egg-base ../../build/sensors build --build-base /root/ros2_ws/build/sensors/build install --record /root/ros2_ws/build/sensors/install.log --install-scripts $base/lib/sensors --single-version-externally-managed
[1.768s] /usr/local/lib/python3.8/dist-packages/setuptools/dist.py:498: SetuptoolsDeprecationWarning: Invalid dash-separated options
[1.768s] !!
[1.768s] 
[1.768s]         ********************************************************************************
[1.768s]         Usage of dash-separated 'script-dir' will not be supported in future
[1.768s]         versions. Please use the underscore name 'script_dir' instead.
[1.768s] 
[1.768s]         This deprecation is overdue, please update your project and remove deprecated
[1.768s]         calls to avoid build errors in the future.
[1.768s] 
[1.768s]         See https://setuptools.pypa.io/en/latest/userguide/declarative_config.html for details.
[1.768s]         ********************************************************************************
[1.768s] 
[1.768s] !!
[1.769s]   opt = self.warn_dash_deprecation(opt, section)
[1.864s] running egg_info
[2.000s] writing ../../build/sensors/sensors.egg-info/PKG-INFO
[2.002s] writing dependency_links to ../../build/sensors/sensors.egg-info/dependency_links.txt
[2.002s] writing entry points to ../../build/sensors/sensors.egg-info/entry_points.txt
[2.002s] writing requirements to ../../build/sensors/sensors.egg-info/requires.txt
[2.002s] writing top-level names to ../../build/sensors/sensors.egg-info/top_level.txt
[2.040s] reading manifest file '../../build/sensors/sensors.egg-info/SOURCES.txt'
[2.041s] writing manifest file '../../build/sensors/sensors.egg-info/SOURCES.txt'
[2.041s] running build
[2.041s] running build_py
[2.042s] /usr/local/lib/python3.8/dist-packages/setuptools/_distutils/cmd.py:66: SetuptoolsDeprecationWarning: setup.py install is deprecated.
[2.043s] !!
[2.043s] 
[2.043s]         ********************************************************************************
[2.044s]         Please avoid running ``setup.py`` directly.
[2.044s]         Instead, use pypa/build, pypa/installer or other
[2.044s]         standards-based tools.
[2.045s] 
[2.045s]         See https://blog.ganssle.io/articles/2021/10/setup-py-deprecated.html for details.
[2.045s]         ********************************************************************************
[2.046s] 
[2.046s] !!
[2.046s]   self.initialize_options()
[2.047s] running install
[2.047s] running install_lib
[2.064s] running install_data
[2.109s] running install_egg_info
[2.157s] removing '/root/ros2_ws/install/sensors/lib/python3.8/site-packages/sensors-0.0.0-py3.8.egg-info' (and everything under it)
[2.158s] Copying ../../build/sensors/sensors.egg-info to /root/ros2_ws/install/sensors/lib/python3.8/site-packages/sensors-0.0.0-py3.8.egg-info
[2.159s] running install_scripts
[2.206s] Installing imu script to /root/ros2_ws/install/sensors/lib/sensors
[2.206s] Installing tf script to /root/ros2_ws/install/sensors/lib/sensors
[2.207s] writing list of installed files to '/root/ros2_ws/build/sensors/install.log'
[2.241s] Invoked command in '/root/ros2_ws/src/sensors' returned '0': PYTHONPATH=/root/ros2_ws/build/sensors/prefix_override:/root/ros2_ws/install/sensors/lib/python3.8/site-packages:${PYTHONPATH} /usr/bin/python3 setup.py egg_info --egg-base ../../build/sensors build --build-base /root/ros2_ws/build/sensors/build install --record /root/ros2_ws/build/sensors/install.log --install-scripts $base/lib/sensors --single-version-externally-managed
