[1.840s] Invoking command in '/root/ros2_ws/src/sensors': PYTHONPATH=/root/ros2_ws/build/sensors/prefix_override:/root/ros2_ws/install/sensors/lib/python3.8/site-packages:${PYTHONPATH} /usr/bin/python3 setup.py egg_info --egg-base ../../build/sensors build --build-base /root/ros2_ws/build/sensors/build install --record /root/ros2_ws/build/sensors/install.log --install-scripts $base/lib/sensors --single-version-externally-managed
[1.968s] /usr/local/lib/python3.8/dist-packages/setuptools/dist.py:498: SetuptoolsDeprecationWarning: Invalid dash-separated options
[1.968s] !!
[1.968s] 
[1.968s]         ********************************************************************************
[1.968s]         Usage of dash-separated 'script-dir' will not be supported in future
[1.968s]         versions. Please use the underscore name 'script_dir' instead.
[1.968s] 
[1.968s]         This deprecation is overdue, please update your project and remove deprecated
[1.968s]         calls to avoid build errors in the future.
[1.968s] 
[1.968s]         See https://setuptools.pypa.io/en/latest/userguide/declarative_config.html for details.
[1.968s]         ********************************************************************************
[1.968s] 
[1.968s] !!
[1.968s]   opt = self.warn_dash_deprecation(opt, section)
[2.044s] running egg_info
[2.140s] writing ../../build/sensors/sensors.egg-info/PKG-INFO
[2.140s] writing dependency_links to ../../build/sensors/sensors.egg-info/dependency_links.txt
[2.140s] writing entry points to ../../build/sensors/sensors.egg-info/entry_points.txt
[2.140s] writing requirements to ../../build/sensors/sensors.egg-info/requires.txt
[2.140s] writing top-level names to ../../build/sensors/sensors.egg-info/top_level.txt
[2.163s] reading manifest file '../../build/sensors/sensors.egg-info/SOURCES.txt'
[2.164s] writing manifest file '../../build/sensors/sensors.egg-info/SOURCES.txt'
[2.164s] running build
[2.164s] running build_py
[2.164s] running install
[2.164s] /usr/local/lib/python3.8/dist-packages/setuptools/_distutils/cmd.py:66: SetuptoolsDeprecationWarning: setup.py install is deprecated.
[2.165s] !!
[2.165s] 
[2.165s]         ********************************************************************************
[2.166s]         Please avoid running ``setup.py`` directly.
[2.166s]         Instead, use pypa/build, pypa/installer or other
[2.166s]         standards-based tools.
[2.167s] 
[2.167s]         See https://blog.ganssle.io/articles/2021/10/setup-py-deprecated.html for details.
[2.167s]         ********************************************************************************
[2.168s] 
[2.168s] !!
[2.168s]   self.initialize_options()
[2.170s] running install_lib
[2.185s] running install_data
[2.196s] running install_egg_info
[2.210s] removing '/root/ros2_ws/install/sensors/lib/python3.8/site-packages/sensors-0.0.0-py3.8.egg-info' (and everything under it)
[2.210s] Copying ../../build/sensors/sensors.egg-info to /root/ros2_ws/install/sensors/lib/python3.8/site-packages/sensors-0.0.0-py3.8.egg-info
[2.211s] running install_scripts
[2.253s] Installing imu script to /root/ros2_ws/install/sensors/lib/sensors
[2.253s] Installing tf script to /root/ros2_ws/install/sensors/lib/sensors
[2.254s] writing list of installed files to '/root/ros2_ws/build/sensors/install.log'
[2.286s] Invoked command in '/root/ros2_ws/src/sensors' returned '0': PYTHONPATH=/root/ros2_ws/build/sensors/prefix_override:/root/ros2_ws/install/sensors/lib/python3.8/site-packages:${PYTHONPATH} /usr/bin/python3 setup.py egg_info --egg-base ../../build/sensors build --build-base /root/ros2_ws/build/sensors/build install --record /root/ros2_ws/build/sensors/install.log --install-scripts $base/lib/sensors --single-version-externally-managed
