running egg_info
writing ../../build/sensors/sensors.egg-info/PKG-INFO
writing dependency_links to ../../build/sensors/sensors.egg-info/dependency_links.txt
writing entry points to ../../build/sensors/sensors.egg-info/entry_points.txt
writing requirements to ../../build/sensors/sensors.egg-info/requires.txt
writing top-level names to ../../build/sensors/sensors.egg-info/top_level.txt
reading manifest file '../../build/sensors/sensors.egg-info/SOURCES.txt'
writing manifest file '../../build/sensors/sensors.egg-info/SOURCES.txt'
running build
running build_py
copying sensors/tf_pub.py -> /root/ros2_ws/build/sensors/build/lib/sensors
running install
running install_lib
copying /root/ros2_ws/build/sensors/build/lib/sensors/tf_pub.py -> /root/ros2_ws/install/sensors/lib/python3.8/site-packages/sensors
byte-compiling /root/ros2_ws/install/sensors/lib/python3.8/site-packages/sensors/tf_pub.py to tf_pub.cpython-38.pyc
running install_data
running install_egg_info
removing '/root/ros2_ws/install/sensors/lib/python3.8/site-packages/sensors-0.0.0-py3.8.egg-info' (and everything under it)
Copying ../../build/sensors/sensors.egg-info to /root/ros2_ws/install/sensors/lib/python3.8/site-packages/sensors-0.0.0-py3.8.egg-info
running install_scripts
Installing imu script to /root/ros2_ws/install/sensors/lib/sensors
Installing tf script to /root/ros2_ws/install/sensors/lib/sensors
writing list of installed files to '/root/ros2_ws/build/sensors/install.log'
