[1.141s] DEBUG:colcon:Command line arguments: ['/usr/bin/colcon', 'build']
[1.141s] DEBUG:colcon:Parsed command line arguments: Namespace(allow_overriding=[], ament_cmake_args=None, base_paths=['.'], build_base='build', catkin_cmake_args=None, catkin_skip_building_tests=False, cmake_args=None, cmake_clean_cache=False, cmake_clean_first=False, cmake_force_configure=False, cmake_target=None, cmake_target_skip_unavailable=False, continue_on_error=False, event_handlers=None, executor='parallel', ignore_user_meta=False, install_base='install', log_base=None, log_level=None, main=<bound method BuildVerb.main of <colcon_core.verb.build.BuildVerb object at 0x7fb7230ed640>>, merge_install=False, metas=['./colcon.meta'], packages_above=None, packages_above_and_dependencies=None, packages_above_depth=None, packages_end=None, packages_ignore=None, packages_ignore_regex=None, packages_select=None, packages_select_build_failed=False, packages_select_by_dep=None, packages_select_regex=None, packages_select_test_failures=False, packages_skip=None, packages_skip_build_finished=False, packages_skip_by_dep=None, packages_skip_regex=None, packages_skip_test_passed=False, packages_skip_up_to=None, packages_start=None, packages_up_to=None, packages_up_to_regex=None, parallel_workers=24, paths=None, symlink_install=False, test_result_base=None, verb_extension=<colcon_core.verb.build.BuildVerb object at 0x7fb7230ed640>, verb_name='build', verb_parser=<colcon_defaults.argument_parser.defaults.DefaultArgumentsDecorator object at 0x7fb722df6a90>)
[1.191s] Level 1:colcon.colcon_core.package_discovery:discover_packages(colcon_meta) check parameters
[1.192s] Level 1:colcon.colcon_core.package_discovery:discover_packages(recursive) check parameters
[1.192s] Level 1:colcon.colcon_core.package_discovery:discover_packages(ignore) check parameters
[1.192s] Level 1:colcon.colcon_core.package_discovery:discover_packages(path) check parameters
[1.192s] Level 1:colcon.colcon_core.package_discovery:discover_packages(colcon_meta) discover
[1.192s] Level 1:colcon.colcon_core.package_discovery:discover_packages(recursive) discover
[1.192s] INFO:colcon.colcon_core.package_discovery:Crawling recursively for packages in '/root/ros2_ws'
[1.192s] Level 1:colcon.colcon_core.package_identification:_identify(.) by extensions ['ignore', 'ignore_ament_install']
[1.192s] Level 1:colcon.colcon_core.package_identification:_identify(.) by extension 'ignore'
[1.192s] Level 1:colcon.colcon_core.package_identification:_identify(.) by extension 'ignore_ament_install'
[1.192s] Level 1:colcon.colcon_core.package_identification:_identify(.) by extensions ['colcon_pkg']
[1.192s] Level 1:colcon.colcon_core.package_identification:_identify(.) by extension 'colcon_pkg'
[1.192s] Level 1:colcon.colcon_core.package_identification:_identify(.) by extensions ['colcon_meta']
[1.192s] Level 1:colcon.colcon_core.package_identification:_identify(.) by extension 'colcon_meta'
[1.192s] Level 1:colcon.colcon_core.package_identification:_identify(.) by extensions ['ros']
[1.192s] Level 1:colcon.colcon_core.package_identification:_identify(.) by extension 'ros'
[1.200s] Level 1:colcon.colcon_core.package_identification:_identify(.) by extensions ['cmake', 'python']
[1.201s] Level 1:colcon.colcon_core.package_identification:_identify(.) by extension 'cmake'
[1.201s] Level 1:colcon.colcon_core.package_identification:_identify(.) by extension 'python'
[1.201s] Level 1:colcon.colcon_core.package_identification:_identify(.) by extensions ['python_setup_py']
[1.201s] Level 1:colcon.colcon_core.package_identification:_identify(.) by extension 'python_setup_py'
[1.201s] Level 1:colcon.colcon_core.package_identification:_identify(build) by extensions ['ignore', 'ignore_ament_install']
[1.201s] Level 1:colcon.colcon_core.package_identification:_identify(build) by extension 'ignore'
[1.201s] Level 1:colcon.colcon_core.package_identification:_identify(build) ignored
[1.201s] Level 1:colcon.colcon_core.package_identification:_identify(install) by extensions ['ignore', 'ignore_ament_install']
[1.201s] Level 1:colcon.colcon_core.package_identification:_identify(install) by extension 'ignore'
[1.201s] Level 1:colcon.colcon_core.package_identification:_identify(install) ignored
[1.201s] Level 1:colcon.colcon_core.package_identification:_identify(log) by extensions ['ignore', 'ignore_ament_install']
[1.201s] Level 1:colcon.colcon_core.package_identification:_identify(log) by extension 'ignore'
[1.201s] Level 1:colcon.colcon_core.package_identification:_identify(log) ignored
[1.201s] Level 1:colcon.colcon_core.package_identification:_identify(src) by extensions ['ignore', 'ignore_ament_install']
[1.201s] Level 1:colcon.colcon_core.package_identification:_identify(src) by extension 'ignore'
[1.201s] Level 1:colcon.colcon_core.package_identification:_identify(src) by extension 'ignore_ament_install'
[1.201s] Level 1:colcon.colcon_core.package_identification:_identify(src) by extensions ['colcon_pkg']
[1.201s] Level 1:colcon.colcon_core.package_identification:_identify(src) by extension 'colcon_pkg'
[1.201s] Level 1:colcon.colcon_core.package_identification:_identify(src) by extensions ['colcon_meta']
[1.201s] Level 1:colcon.colcon_core.package_identification:_identify(src) by extension 'colcon_meta'
[1.201s] Level 1:colcon.colcon_core.package_identification:_identify(src) by extensions ['ros']
[1.201s] Level 1:colcon.colcon_core.package_identification:_identify(src) by extension 'ros'
[1.201s] Level 1:colcon.colcon_core.package_identification:_identify(src) by extensions ['cmake', 'python']
[1.201s] Level 1:colcon.colcon_core.package_identification:_identify(src) by extension 'cmake'
[1.201s] Level 1:colcon.colcon_core.package_identification:_identify(src) by extension 'python'
[1.201s] Level 1:colcon.colcon_core.package_identification:_identify(src) by extensions ['python_setup_py']
[1.201s] Level 1:colcon.colcon_core.package_identification:_identify(src) by extension 'python_setup_py'
[1.202s] Level 1:colcon.colcon_core.package_identification:_identify(src/artificial_occupy) by extensions ['ignore', 'ignore_ament_install']
[1.202s] Level 1:colcon.colcon_core.package_identification:_identify(src/artificial_occupy) by extension 'ignore'
[1.202s] Level 1:colcon.colcon_core.package_identification:_identify(src/artificial_occupy) by extension 'ignore_ament_install'
[1.202s] Level 1:colcon.colcon_core.package_identification:_identify(src/artificial_occupy) by extensions ['colcon_pkg']
[1.202s] Level 1:colcon.colcon_core.package_identification:_identify(src/artificial_occupy) by extension 'colcon_pkg'
[1.202s] Level 1:colcon.colcon_core.package_identification:_identify(src/artificial_occupy) by extensions ['colcon_meta']
[1.202s] Level 1:colcon.colcon_core.package_identification:_identify(src/artificial_occupy) by extension 'colcon_meta'
[1.202s] Level 1:colcon.colcon_core.package_identification:_identify(src/artificial_occupy) by extensions ['ros']
[1.202s] Level 1:colcon.colcon_core.package_identification:_identify(src/artificial_occupy) by extension 'ros'
[1.203s] DEBUG:colcon.colcon_core.package_identification:Package 'src/artificial_occupy' with type 'ros.ament_cmake' and name 'artificial_occupy'
[1.203s] Level 1:colcon.colcon_core.package_identification:_identify(src/nav2_gps_waypoint_follower_demo) by extensions ['ignore', 'ignore_ament_install']
[1.203s] Level 1:colcon.colcon_core.package_identification:_identify(src/nav2_gps_waypoint_follower_demo) by extension 'ignore'
[1.203s] Level 1:colcon.colcon_core.package_identification:_identify(src/nav2_gps_waypoint_follower_demo) by extension 'ignore_ament_install'
[1.203s] Level 1:colcon.colcon_core.package_identification:_identify(src/nav2_gps_waypoint_follower_demo) by extensions ['colcon_pkg']
[1.203s] Level 1:colcon.colcon_core.package_identification:_identify(src/nav2_gps_waypoint_follower_demo) by extension 'colcon_pkg'
[1.203s] Level 1:colcon.colcon_core.package_identification:_identify(src/nav2_gps_waypoint_follower_demo) by extensions ['colcon_meta']
[1.203s] Level 1:colcon.colcon_core.package_identification:_identify(src/nav2_gps_waypoint_follower_demo) by extension 'colcon_meta'
[1.203s] Level 1:colcon.colcon_core.package_identification:_identify(src/nav2_gps_waypoint_follower_demo) by extensions ['ros']
[1.203s] Level 1:colcon.colcon_core.package_identification:_identify(src/nav2_gps_waypoint_follower_demo) by extension 'ros'
[1.204s] DEBUG:colcon.colcon_core.package_identification:Package 'src/nav2_gps_waypoint_follower_demo' with type 'ros.ament_python' and name 'nav2_gps_waypoint_follower_demo'
[1.204s] Level 1:colcon.colcon_core.package_identification:_identify(src/sam_bot_description) by extensions ['ignore', 'ignore_ament_install']
[1.204s] Level 1:colcon.colcon_core.package_identification:_identify(src/sam_bot_description) by extension 'ignore'
[1.204s] Level 1:colcon.colcon_core.package_identification:_identify(src/sam_bot_description) by extension 'ignore_ament_install'
[1.204s] Level 1:colcon.colcon_core.package_identification:_identify(src/sam_bot_description) by extensions ['colcon_pkg']
[1.204s] Level 1:colcon.colcon_core.package_identification:_identify(src/sam_bot_description) by extension 'colcon_pkg'
[1.204s] Level 1:colcon.colcon_core.package_identification:_identify(src/sam_bot_description) by extensions ['colcon_meta']
[1.204s] Level 1:colcon.colcon_core.package_identification:_identify(src/sam_bot_description) by extension 'colcon_meta'
[1.204s] Level 1:colcon.colcon_core.package_identification:_identify(src/sam_bot_description) by extensions ['ros']
[1.204s] Level 1:colcon.colcon_core.package_identification:_identify(src/sam_bot_description) by extension 'ros'
[1.204s] DEBUG:colcon.colcon_core.package_identification:Package 'src/sam_bot_description' with type 'ros.ament_cmake' and name 'sam_bot_description'
[1.204s] Level 1:colcon.colcon_core.package_identification:_identify(src/sensors) by extensions ['ignore', 'ignore_ament_install']
[1.204s] Level 1:colcon.colcon_core.package_identification:_identify(src/sensors) by extension 'ignore'
[1.204s] Level 1:colcon.colcon_core.package_identification:_identify(src/sensors) by extension 'ignore_ament_install'
[1.204s] Level 1:colcon.colcon_core.package_identification:_identify(src/sensors) by extensions ['colcon_pkg']
[1.204s] Level 1:colcon.colcon_core.package_identification:_identify(src/sensors) by extension 'colcon_pkg'
[1.204s] Level 1:colcon.colcon_core.package_identification:_identify(src/sensors) by extensions ['colcon_meta']
[1.204s] Level 1:colcon.colcon_core.package_identification:_identify(src/sensors) by extension 'colcon_meta'
[1.204s] Level 1:colcon.colcon_core.package_identification:_identify(src/sensors) by extensions ['ros']
[1.204s] Level 1:colcon.colcon_core.package_identification:_identify(src/sensors) by extension 'ros'
[1.205s] DEBUG:colcon.colcon_core.package_identification:Package 'src/sensors' with type 'ros.ament_python' and name 'sensors'
[1.205s] Level 1:colcon.colcon_core.package_discovery:discover_packages(recursive) using defaults
[1.205s] Level 1:colcon.colcon_core.package_discovery:discover_packages(ignore) discover
[1.205s] Level 1:colcon.colcon_core.package_discovery:discover_packages(ignore) using defaults
[1.205s] Level 1:colcon.colcon_core.package_discovery:discover_packages(path) discover
[1.205s] Level 1:colcon.colcon_core.package_discovery:discover_packages(path) using defaults
[1.240s] Level 1:colcon.colcon_core.package_discovery:discover_packages(prefix_path) check parameters
[1.240s] Level 1:colcon.colcon_core.package_discovery:discover_packages(prefix_path) discover
[1.252s] DEBUG:colcon.colcon_installed_package_information.package_discovery:Found 4 installed packages in /root/ros2_ws/install
[1.257s] DEBUG:colcon.colcon_installed_package_information.package_discovery:Found 337 installed packages in /opt/ros/galactic
[1.258s] Level 1:colcon.colcon_core.package_discovery:discover_packages(prefix_path) using defaults
[1.295s] Level 5:colcon.colcon_core.verb:set package 'artificial_occupy' build argument 'cmake_args' from command line to 'None'
[1.295s] Level 5:colcon.colcon_core.verb:set package 'artificial_occupy' build argument 'cmake_target' from command line to 'None'
[1.295s] Level 5:colcon.colcon_core.verb:set package 'artificial_occupy' build argument 'cmake_target_skip_unavailable' from command line to 'False'
[1.295s] Level 5:colcon.colcon_core.verb:set package 'artificial_occupy' build argument 'cmake_clean_cache' from command line to 'False'
[1.295s] Level 5:colcon.colcon_core.verb:set package 'artificial_occupy' build argument 'cmake_clean_first' from command line to 'False'
[1.295s] Level 5:colcon.colcon_core.verb:set package 'artificial_occupy' build argument 'cmake_force_configure' from command line to 'False'
[1.295s] Level 5:colcon.colcon_core.verb:set package 'artificial_occupy' build argument 'ament_cmake_args' from command line to 'None'
[1.295s] Level 5:colcon.colcon_core.verb:set package 'artificial_occupy' build argument 'catkin_cmake_args' from command line to 'None'
[1.295s] Level 5:colcon.colcon_core.verb:set package 'artificial_occupy' build argument 'catkin_skip_building_tests' from command line to 'False'
[1.295s] DEBUG:colcon.colcon_core.verb:Building package 'artificial_occupy' with the following arguments: {'ament_cmake_args': None, 'build_base': '/root/ros2_ws/build/artificial_occupy', 'catkin_cmake_args': None, 'catkin_skip_building_tests': False, 'cmake_args': None, 'cmake_clean_cache': False, 'cmake_clean_first': False, 'cmake_force_configure': False, 'cmake_target': None, 'cmake_target_skip_unavailable': False, 'install_base': '/root/ros2_ws/install/artificial_occupy', 'merge_install': False, 'path': '/root/ros2_ws/src/artificial_occupy', 'symlink_install': False, 'test_result_base': None}
[1.300s] Level 5:colcon.colcon_core.verb:set package 'nav2_gps_waypoint_follower_demo' build argument 'cmake_args' from command line to 'None'
[1.300s] Level 5:colcon.colcon_core.verb:set package 'nav2_gps_waypoint_follower_demo' build argument 'cmake_target' from command line to 'None'
[1.300s] Level 5:colcon.colcon_core.verb:set package 'nav2_gps_waypoint_follower_demo' build argument 'cmake_target_skip_unavailable' from command line to 'False'
[1.300s] Level 5:colcon.colcon_core.verb:set package 'nav2_gps_waypoint_follower_demo' build argument 'cmake_clean_cache' from command line to 'False'
[1.300s] Level 5:colcon.colcon_core.verb:set package 'nav2_gps_waypoint_follower_demo' build argument 'cmake_clean_first' from command line to 'False'
[1.300s] Level 5:colcon.colcon_core.verb:set package 'nav2_gps_waypoint_follower_demo' build argument 'cmake_force_configure' from command line to 'False'
[1.300s] Level 5:colcon.colcon_core.verb:set package 'nav2_gps_waypoint_follower_demo' build argument 'ament_cmake_args' from command line to 'None'
[1.300s] Level 5:colcon.colcon_core.verb:set package 'nav2_gps_waypoint_follower_demo' build argument 'catkin_cmake_args' from command line to 'None'
[1.300s] Level 5:colcon.colcon_core.verb:set package 'nav2_gps_waypoint_follower_demo' build argument 'catkin_skip_building_tests' from command line to 'False'
[1.300s] DEBUG:colcon.colcon_core.verb:Building package 'nav2_gps_waypoint_follower_demo' with the following arguments: {'ament_cmake_args': None, 'build_base': '/root/ros2_ws/build/nav2_gps_waypoint_follower_demo', 'catkin_cmake_args': None, 'catkin_skip_building_tests': False, 'cmake_args': None, 'cmake_clean_cache': False, 'cmake_clean_first': False, 'cmake_force_configure': False, 'cmake_target': None, 'cmake_target_skip_unavailable': False, 'install_base': '/root/ros2_ws/install/nav2_gps_waypoint_follower_demo', 'merge_install': False, 'path': '/root/ros2_ws/src/nav2_gps_waypoint_follower_demo', 'symlink_install': False, 'test_result_base': None}
[1.306s] Level 5:colcon.colcon_core.verb:set package 'sam_bot_description' build argument 'cmake_args' from command line to 'None'
[1.306s] Level 5:colcon.colcon_core.verb:set package 'sam_bot_description' build argument 'cmake_target' from command line to 'None'
[1.306s] Level 5:colcon.colcon_core.verb:set package 'sam_bot_description' build argument 'cmake_target_skip_unavailable' from command line to 'False'
[1.306s] Level 5:colcon.colcon_core.verb:set package 'sam_bot_description' build argument 'cmake_clean_cache' from command line to 'False'
[1.306s] Level 5:colcon.colcon_core.verb:set package 'sam_bot_description' build argument 'cmake_clean_first' from command line to 'False'
[1.306s] Level 5:colcon.colcon_core.verb:set package 'sam_bot_description' build argument 'cmake_force_configure' from command line to 'False'
[1.306s] Level 5:colcon.colcon_core.verb:set package 'sam_bot_description' build argument 'ament_cmake_args' from command line to 'None'
[1.306s] Level 5:colcon.colcon_core.verb:set package 'sam_bot_description' build argument 'catkin_cmake_args' from command line to 'None'
[1.306s] Level 5:colcon.colcon_core.verb:set package 'sam_bot_description' build argument 'catkin_skip_building_tests' from command line to 'False'
[1.306s] DEBUG:colcon.colcon_core.verb:Building package 'sam_bot_description' with the following arguments: {'ament_cmake_args': None, 'build_base': '/root/ros2_ws/build/sam_bot_description', 'catkin_cmake_args': None, 'catkin_skip_building_tests': False, 'cmake_args': None, 'cmake_clean_cache': False, 'cmake_clean_first': False, 'cmake_force_configure': False, 'cmake_target': None, 'cmake_target_skip_unavailable': False, 'install_base': '/root/ros2_ws/install/sam_bot_description', 'merge_install': False, 'path': '/root/ros2_ws/src/sam_bot_description', 'symlink_install': False, 'test_result_base': None}
[1.311s] Level 5:colcon.colcon_core.verb:set package 'sensors' build argument 'cmake_args' from command line to 'None'
[1.311s] Level 5:colcon.colcon_core.verb:set package 'sensors' build argument 'cmake_target' from command line to 'None'
[1.311s] Level 5:colcon.colcon_core.verb:set package 'sensors' build argument 'cmake_target_skip_unavailable' from command line to 'False'
[1.311s] Level 5:colcon.colcon_core.verb:set package 'sensors' build argument 'cmake_clean_cache' from command line to 'False'
[1.311s] Level 5:colcon.colcon_core.verb:set package 'sensors' build argument 'cmake_clean_first' from command line to 'False'
[1.311s] Level 5:colcon.colcon_core.verb:set package 'sensors' build argument 'cmake_force_configure' from command line to 'False'
[1.311s] Level 5:colcon.colcon_core.verb:set package 'sensors' build argument 'ament_cmake_args' from command line to 'None'
[1.311s] Level 5:colcon.colcon_core.verb:set package 'sensors' build argument 'catkin_cmake_args' from command line to 'None'
[1.311s] Level 5:colcon.colcon_core.verb:set package 'sensors' build argument 'catkin_skip_building_tests' from command line to 'False'
[1.311s] DEBUG:colcon.colcon_core.verb:Building package 'sensors' with the following arguments: {'ament_cmake_args': None, 'build_base': '/root/ros2_ws/build/sensors', 'catkin_cmake_args': None, 'catkin_skip_building_tests': False, 'cmake_args': None, 'cmake_clean_cache': False, 'cmake_clean_first': False, 'cmake_force_configure': False, 'cmake_target': None, 'cmake_target_skip_unavailable': False, 'install_base': '/root/ros2_ws/install/sensors', 'merge_install': False, 'path': '/root/ros2_ws/src/sensors', 'symlink_install': False, 'test_result_base': None}
[1.315s] INFO:colcon.colcon_core.executor:Executing jobs using 'parallel' executor
[1.320s] DEBUG:colcon.colcon_parallel_executor.executor.parallel:run_until_complete
[1.321s] INFO:colcon.colcon_ros.task.ament_cmake.build:Building ROS package in '/root/ros2_ws/src/artificial_occupy' with build type 'ament_cmake'
[1.321s] INFO:colcon.colcon_cmake.task.cmake.build:Building CMake package in '/root/ros2_ws/src/artificial_occupy'
[1.326s] INFO:colcon.colcon_core.plugin_system:Skipping extension 'colcon_core.shell.bat': Not used on non-Windows systems
[1.326s] INFO:colcon.colcon_core.shell:Skip shell extension 'powershell' for command environment: Not usable outside of PowerShell
[1.326s] DEBUG:colcon.colcon_core.shell:Skip shell extension 'dsv' for command environment
[1.349s] INFO:colcon.colcon_ros.task.ament_python.build:Building ROS package in '/root/ros2_ws/src/nav2_gps_waypoint_follower_demo' with build type 'ament_python'
[1.349s] Level 1:colcon.colcon_core.shell:create_environment_hook('nav2_gps_waypoint_follower_demo', 'ament_prefix_path')
[1.354s] INFO:colcon.colcon_core.shell:Creating environment hook '/root/ros2_ws/install/nav2_gps_waypoint_follower_demo/share/nav2_gps_waypoint_follower_demo/hook/ament_prefix_path.ps1'
[1.355s] INFO:colcon.colcon_core.shell:Creating environment descriptor '/root/ros2_ws/install/nav2_gps_waypoint_follower_demo/share/nav2_gps_waypoint_follower_demo/hook/ament_prefix_path.dsv'
[1.355s] INFO:colcon.colcon_core.shell:Creating environment hook '/root/ros2_ws/install/nav2_gps_waypoint_follower_demo/share/nav2_gps_waypoint_follower_demo/hook/ament_prefix_path.sh'
[1.360s] INFO:colcon.colcon_core.shell:Skip shell extension 'powershell' for command environment: Not usable outside of PowerShell
[1.360s] DEBUG:colcon.colcon_core.shell:Skip shell extension 'dsv' for command environment
[1.375s] INFO:colcon.colcon_ros.task.ament_cmake.build:Building ROS package in '/root/ros2_ws/src/sam_bot_description' with build type 'ament_cmake'
[1.375s] INFO:colcon.colcon_cmake.task.cmake.build:Building CMake package in '/root/ros2_ws/src/sam_bot_description'
[1.380s] INFO:colcon.colcon_core.shell:Skip shell extension 'powershell' for command environment: Not usable outside of PowerShell
[1.380s] DEBUG:colcon.colcon_core.shell:Skip shell extension 'dsv' for command environment
[1.398s] INFO:colcon.colcon_ros.task.ament_python.build:Building ROS package in '/root/ros2_ws/src/sensors' with build type 'ament_python'
[1.398s] Level 1:colcon.colcon_core.shell:create_environment_hook('sensors', 'ament_prefix_path')
[1.403s] INFO:colcon.colcon_core.shell:Creating environment hook '/root/ros2_ws/install/sensors/share/sensors/hook/ament_prefix_path.ps1'
[1.404s] INFO:colcon.colcon_core.shell:Creating environment descriptor '/root/ros2_ws/install/sensors/share/sensors/hook/ament_prefix_path.dsv'
[1.404s] INFO:colcon.colcon_core.shell:Creating environment hook '/root/ros2_ws/install/sensors/share/sensors/hook/ament_prefix_path.sh'
[1.415s] INFO:colcon.colcon_core.shell:Skip shell extension 'powershell' for command environment: Not usable outside of PowerShell
[1.415s] DEBUG:colcon.colcon_core.shell:Skip shell extension 'dsv' for command environment
[1.436s] DEBUG:colcon.colcon_core.event_handler.log_command:Invoking command in '/root/ros2_ws/build/artificial_occupy': CMAKE_PREFIX_PATH=${CMAKE_PREFIX_PATH}:/root/ros2_ws/install/sensors:/root/ros2_ws/install/nav2_gps_waypoint_follower_demo:/opt/ros/galactic /usr/bin/cmake --build /root/ros2_ws/build/artificial_occupy -- -j24 -l24
[1.532s] INFO:colcon.colcon_core.task.python.build:Building Python package in '/root/ros2_ws/src/nav2_gps_waypoint_follower_demo'
[1.544s] INFO:colcon.colcon_core.shell:Skip shell extension 'powershell' for command environment: Not usable outside of PowerShell
[1.544s] DEBUG:colcon.colcon_core.shell:Skip shell extension 'dsv' for command environment
[1.568s] DEBUG:colcon.colcon_core.event_handler.log_command:Invoking command in '/root/ros2_ws/build/sam_bot_description': CMAKE_PREFIX_PATH=${CMAKE_PREFIX_PATH}:/root/ros2_ws/install/sensors:/root/ros2_ws/install/nav2_gps_waypoint_follower_demo:/opt/ros/galactic /usr/bin/cmake --build /root/ros2_ws/build/sam_bot_description -- -j24 -l24
[1.671s] INFO:colcon.colcon_core.task.python.build:Building Python package in '/root/ros2_ws/src/sensors'
[1.681s] INFO:colcon.colcon_core.shell:Skip shell extension 'powershell' for command environment: Not usable outside of PowerShell
[1.681s] DEBUG:colcon.colcon_core.shell:Skip shell extension 'dsv' for command environment
[1.714s] DEBUG:colcon.colcon_core.event_handler.log_command:Invoked command in '/root/ros2_ws/build/artificial_occupy' returned '0': CMAKE_PREFIX_PATH=${CMAKE_PREFIX_PATH}:/root/ros2_ws/install/sensors:/root/ros2_ws/install/nav2_gps_waypoint_follower_demo:/opt/ros/galactic /usr/bin/cmake --build /root/ros2_ws/build/artificial_occupy -- -j24 -l24
[1.716s] DEBUG:colcon.colcon_core.event_handler.log_command:Invoked command in '/root/ros2_ws/build/sam_bot_description' returned '0': CMAKE_PREFIX_PATH=${CMAKE_PREFIX_PATH}:/root/ros2_ws/install/sensors:/root/ros2_ws/install/nav2_gps_waypoint_follower_demo:/opt/ros/galactic /usr/bin/cmake --build /root/ros2_ws/build/sam_bot_description -- -j24 -l24
[1.735s] DEBUG:colcon.colcon_core.event_handler.log_command:Invoking command in '/root/ros2_ws/build/sam_bot_description': CMAKE_PREFIX_PATH=${CMAKE_PREFIX_PATH}:/root/ros2_ws/install/sensors:/root/ros2_ws/install/nav2_gps_waypoint_follower_demo:/opt/ros/galactic /usr/bin/cmake --install /root/ros2_ws/build/sam_bot_description
[1.738s] DEBUG:colcon.colcon_core.event_handler.log_command:Invoking command in '/root/ros2_ws/build/artificial_occupy': CMAKE_PREFIX_PATH=${CMAKE_PREFIX_PATH}:/root/ros2_ws/install/sensors:/root/ros2_ws/install/nav2_gps_waypoint_follower_demo:/opt/ros/galactic /usr/bin/cmake --install /root/ros2_ws/build/artificial_occupy
[1.742s] Level 1:colcon.colcon_core.environment:create_environment_scripts_only(sam_bot_description)
[1.743s] DEBUG:colcon.colcon_core.event_handler.log_command:Invoked command in '/root/ros2_ws/build/sam_bot_description' returned '0': CMAKE_PREFIX_PATH=${CMAKE_PREFIX_PATH}:/root/ros2_ws/install/sensors:/root/ros2_ws/install/nav2_gps_waypoint_follower_demo:/opt/ros/galactic /usr/bin/cmake --install /root/ros2_ws/build/sam_bot_description
[1.751s] Level 1:colcon.colcon_core.environment:checking '/root/ros2_ws/install/sam_bot_description' for CMake module files
[1.752s] Level 1:colcon.colcon_core.environment:checking '/root/ros2_ws/install/sam_bot_description' for CMake config files
[1.752s] Level 1:colcon.colcon_core.shell:create_environment_hook('sam_bot_description', 'cmake_prefix_path')
[1.757s] INFO:colcon.colcon_core.shell:Creating environment hook '/root/ros2_ws/install/sam_bot_description/share/sam_bot_description/hook/cmake_prefix_path.ps1'
[1.757s] INFO:colcon.colcon_core.shell:Creating environment descriptor '/root/ros2_ws/install/sam_bot_description/share/sam_bot_description/hook/cmake_prefix_path.dsv'
[1.757s] INFO:colcon.colcon_core.shell:Creating environment hook '/root/ros2_ws/install/sam_bot_description/share/sam_bot_description/hook/cmake_prefix_path.sh'
[1.758s] Level 1:colcon.colcon_core.environment:checking '/root/ros2_ws/install/sam_bot_description/bin'
[1.758s] Level 1:colcon.colcon_core.environment:checking '/root/ros2_ws/install/sam_bot_description/lib/pkgconfig/sam_bot_description.pc'
[1.758s] Level 1:colcon.colcon_core.environment:checking '/root/ros2_ws/install/sam_bot_description/lib/python3.8/site-packages'
[1.758s] Level 1:colcon.colcon_core.environment:checking '/root/ros2_ws/install/sam_bot_description/bin'
[1.764s] INFO:colcon.colcon_core.shell:Creating package script '/root/ros2_ws/install/sam_bot_description/share/sam_bot_description/package.ps1'
[1.764s] INFO:colcon.colcon_core.shell:Creating package descriptor '/root/ros2_ws/install/sam_bot_description/share/sam_bot_description/package.dsv'
[1.765s] INFO:colcon.colcon_core.shell:Creating package script '/root/ros2_ws/install/sam_bot_description/share/sam_bot_description/package.sh'
[1.765s] INFO:colcon.colcon_core.shell:Creating package script '/root/ros2_ws/install/sam_bot_description/share/sam_bot_description/package.bash'
[1.765s] INFO:colcon.colcon_core.shell:Creating package script '/root/ros2_ws/install/sam_bot_description/share/sam_bot_description/package.zsh'
[1.765s] Level 1:colcon.colcon_core.environment:create_file_with_runtime_dependencies(/root/ros2_ws/install/sam_bot_description/share/colcon-core/packages/sam_bot_description)
[1.768s] Level 1:colcon.colcon_core.environment:create_environment_scripts_only(artificial_occupy)
[1.768s] DEBUG:colcon.colcon_core.event_handler.log_command:Invoked command in '/root/ros2_ws/build/artificial_occupy' returned '0': CMAKE_PREFIX_PATH=${CMAKE_PREFIX_PATH}:/root/ros2_ws/install/sensors:/root/ros2_ws/install/nav2_gps_waypoint_follower_demo:/opt/ros/galactic /usr/bin/cmake --install /root/ros2_ws/build/artificial_occupy
[1.777s] Level 1:colcon.colcon_core.environment:checking '/root/ros2_ws/install/artificial_occupy' for CMake module files
[1.778s] Level 1:colcon.colcon_core.environment:checking '/root/ros2_ws/install/artificial_occupy' for CMake config files
[1.778s] Level 1:colcon.colcon_core.shell:create_environment_hook('artificial_occupy', 'cmake_prefix_path')
[1.782s] INFO:colcon.colcon_core.shell:Creating environment hook '/root/ros2_ws/install/artificial_occupy/share/artificial_occupy/hook/cmake_prefix_path.ps1'
[1.782s] INFO:colcon.colcon_core.shell:Creating environment descriptor '/root/ros2_ws/install/artificial_occupy/share/artificial_occupy/hook/cmake_prefix_path.dsv'
[1.782s] INFO:colcon.colcon_core.shell:Creating environment hook '/root/ros2_ws/install/artificial_occupy/share/artificial_occupy/hook/cmake_prefix_path.sh'
[1.783s] Level 1:colcon.colcon_core.environment:checking '/root/ros2_ws/install/artificial_occupy/lib'
[1.783s] Level 1:colcon.colcon_core.environment:checking '/root/ros2_ws/install/artificial_occupy/bin'
[1.783s] Level 1:colcon.colcon_core.environment:checking '/root/ros2_ws/install/artificial_occupy/lib/pkgconfig/artificial_occupy.pc'
[1.783s] Level 1:colcon.colcon_core.environment:checking '/root/ros2_ws/install/artificial_occupy/lib/python3.8/site-packages'
[1.783s] Level 1:colcon.colcon_core.environment:checking '/root/ros2_ws/install/artificial_occupy/bin'
[1.787s] INFO:colcon.colcon_core.shell:Creating package script '/root/ros2_ws/install/artificial_occupy/share/artificial_occupy/package.ps1'
[1.788s] INFO:colcon.colcon_core.shell:Creating package descriptor '/root/ros2_ws/install/artificial_occupy/share/artificial_occupy/package.dsv'
[1.788s] INFO:colcon.colcon_core.shell:Creating package script '/root/ros2_ws/install/artificial_occupy/share/artificial_occupy/package.sh'
[1.788s] INFO:colcon.colcon_core.shell:Creating package script '/root/ros2_ws/install/artificial_occupy/share/artificial_occupy/package.bash'
[1.788s] INFO:colcon.colcon_core.shell:Creating package script '/root/ros2_ws/install/artificial_occupy/share/artificial_occupy/package.zsh'
[1.788s] Level 1:colcon.colcon_core.environment:create_file_with_runtime_dependencies(/root/ros2_ws/install/artificial_occupy/share/colcon-core/packages/artificial_occupy)
[1.795s] Level 1:colcon.colcon_core.environment:create_environment_scripts_only(sam_bot_description)
[1.799s] Level 1:colcon.colcon_core.environment:checking '/root/ros2_ws/install/sam_bot_description' for CMake module files
[1.799s] Level 1:colcon.colcon_core.environment:checking '/root/ros2_ws/install/sam_bot_description' for CMake config files
[1.800s] Level 1:colcon.colcon_core.shell:create_environment_hook('sam_bot_description', 'cmake_prefix_path')
[1.804s] INFO:colcon.colcon_core.shell:Creating environment hook '/root/ros2_ws/install/sam_bot_description/share/sam_bot_description/hook/cmake_prefix_path.ps1'
[1.804s] INFO:colcon.colcon_core.shell:Creating environment descriptor '/root/ros2_ws/install/sam_bot_description/share/sam_bot_description/hook/cmake_prefix_path.dsv'
[1.804s] INFO:colcon.colcon_core.shell:Creating environment hook '/root/ros2_ws/install/sam_bot_description/share/sam_bot_description/hook/cmake_prefix_path.sh'
[1.804s] Level 1:colcon.colcon_core.environment:checking '/root/ros2_ws/install/sam_bot_description/bin'
[1.804s] Level 1:colcon.colcon_core.environment:checking '/root/ros2_ws/install/sam_bot_description/lib/pkgconfig/sam_bot_description.pc'
[1.805s] Level 1:colcon.colcon_core.environment:checking '/root/ros2_ws/install/sam_bot_description/lib/python3.8/site-packages'
[1.805s] Level 1:colcon.colcon_core.environment:checking '/root/ros2_ws/install/sam_bot_description/bin'
[1.811s] INFO:colcon.colcon_core.shell:Creating package script '/root/ros2_ws/install/sam_bot_description/share/sam_bot_description/package.ps1'
[1.811s] INFO:colcon.colcon_core.shell:Creating package descriptor '/root/ros2_ws/install/sam_bot_description/share/sam_bot_description/package.dsv'
[1.811s] INFO:colcon.colcon_core.shell:Creating package script '/root/ros2_ws/install/sam_bot_description/share/sam_bot_description/package.sh'
[1.812s] INFO:colcon.colcon_core.shell:Creating package script '/root/ros2_ws/install/sam_bot_description/share/sam_bot_description/package.bash'
[1.812s] INFO:colcon.colcon_core.shell:Creating package script '/root/ros2_ws/install/sam_bot_description/share/sam_bot_description/package.zsh'
[1.812s] Level 1:colcon.colcon_core.environment:create_file_with_runtime_dependencies(/root/ros2_ws/install/sam_bot_description/share/colcon-core/packages/sam_bot_description)
[1.819s] Level 1:colcon.colcon_core.environment:create_environment_scripts_only(artificial_occupy)
[1.824s] Level 1:colcon.colcon_core.environment:checking '/root/ros2_ws/install/artificial_occupy' for CMake module files
[1.824s] Level 1:colcon.colcon_core.environment:checking '/root/ros2_ws/install/artificial_occupy' for CMake config files
[1.825s] Level 1:colcon.colcon_core.shell:create_environment_hook('artificial_occupy', 'cmake_prefix_path')
[1.829s] INFO:colcon.colcon_core.shell:Creating environment hook '/root/ros2_ws/install/artificial_occupy/share/artificial_occupy/hook/cmake_prefix_path.ps1'
[1.830s] INFO:colcon.colcon_core.shell:Creating environment descriptor '/root/ros2_ws/install/artificial_occupy/share/artificial_occupy/hook/cmake_prefix_path.dsv'
[1.830s] INFO:colcon.colcon_core.shell:Creating environment hook '/root/ros2_ws/install/artificial_occupy/share/artificial_occupy/hook/cmake_prefix_path.sh'
[1.830s] Level 1:colcon.colcon_core.environment:checking '/root/ros2_ws/install/artificial_occupy/lib'
[1.830s] Level 1:colcon.colcon_core.environment:checking '/root/ros2_ws/install/artificial_occupy/bin'
[1.830s] Level 1:colcon.colcon_core.environment:checking '/root/ros2_ws/install/artificial_occupy/lib/pkgconfig/artificial_occupy.pc'
[1.830s] Level 1:colcon.colcon_core.environment:checking '/root/ros2_ws/install/artificial_occupy/lib/python3.8/site-packages'
[1.830s] Level 1:colcon.colcon_core.environment:checking '/root/ros2_ws/install/artificial_occupy/bin'
[1.835s] INFO:colcon.colcon_core.shell:Creating package script '/root/ros2_ws/install/artificial_occupy/share/artificial_occupy/package.ps1'
[1.835s] INFO:colcon.colcon_core.shell:Creating package descriptor '/root/ros2_ws/install/artificial_occupy/share/artificial_occupy/package.dsv'
[1.835s] INFO:colcon.colcon_core.shell:Creating package script '/root/ros2_ws/install/artificial_occupy/share/artificial_occupy/package.sh'
[1.835s] INFO:colcon.colcon_core.shell:Creating package script '/root/ros2_ws/install/artificial_occupy/share/artificial_occupy/package.bash'
[1.836s] INFO:colcon.colcon_core.shell:Creating package script '/root/ros2_ws/install/artificial_occupy/share/artificial_occupy/package.zsh'
[1.836s] Level 1:colcon.colcon_core.environment:create_file_with_runtime_dependencies(/root/ros2_ws/install/artificial_occupy/share/colcon-core/packages/artificial_occupy)
[2.034s] DEBUG:colcon.colcon_core.event_handler.log_command:Invoking command in '/root/ros2_ws/src/sensors': PYTHONPATH=/root/ros2_ws/build/sensors/prefix_override:/root/ros2_ws/install/sensors/lib/python3.8/site-packages:${PYTHONPATH} /usr/bin/python3 setup.py egg_info --egg-base ../../build/sensors build --build-base /root/ros2_ws/build/sensors/build install --record /root/ros2_ws/build/sensors/install.log --install-scripts $base/lib/sensors --single-version-externally-managed
[2.079s] DEBUG:colcon.colcon_core.event_handler.log_command:Invoking command in '/root/ros2_ws/src/nav2_gps_waypoint_follower_demo': PYTHONPATH=/root/ros2_ws/build/nav2_gps_waypoint_follower_demo/prefix_override:/root/ros2_ws/install/nav2_gps_waypoint_follower_demo/lib/python3.8/site-packages:${PYTHONPATH} /usr/bin/python3 setup.py egg_info --egg-base ../../build/nav2_gps_waypoint_follower_demo build --build-base /root/ros2_ws/build/nav2_gps_waypoint_follower_demo/build install --record /root/ros2_ws/build/nav2_gps_waypoint_follower_demo/install.log --single-version-externally-managed
[2.317s] DEBUG:colcon.colcon_core.event_handler.log_command:Invoked command in '/root/ros2_ws/src/sensors' returned '0': PYTHONPATH=/root/ros2_ws/build/sensors/prefix_override:/root/ros2_ws/install/sensors/lib/python3.8/site-packages:${PYTHONPATH} /usr/bin/python3 setup.py egg_info --egg-base ../../build/sensors build --build-base /root/ros2_ws/build/sensors/build install --record /root/ros2_ws/build/sensors/install.log --install-scripts $base/lib/sensors --single-version-externally-managed
[2.324s] Level 1:colcon.colcon_core.environment:checking '/root/ros2_ws/install/sensors' for CMake module files
[2.325s] Level 1:colcon.colcon_core.environment:checking '/root/ros2_ws/install/sensors' for CMake config files
[2.325s] Level 1:colcon.colcon_core.environment:checking '/root/ros2_ws/install/sensors/lib'
[2.325s] Level 1:colcon.colcon_core.environment:checking '/root/ros2_ws/install/sensors/bin'
[2.325s] Level 1:colcon.colcon_core.environment:checking '/root/ros2_ws/install/sensors/lib/pkgconfig/sensors.pc'
[2.326s] Level 1:colcon.colcon_core.environment:checking '/root/ros2_ws/install/sensors/lib/python3.8/site-packages'
[2.326s] Level 1:colcon.colcon_core.shell:create_environment_hook('sensors', 'pythonpath')
[2.332s] INFO:colcon.colcon_core.shell:Creating environment hook '/root/ros2_ws/install/sensors/share/sensors/hook/pythonpath.ps1'
[2.333s] INFO:colcon.colcon_core.shell:Creating environment descriptor '/root/ros2_ws/install/sensors/share/sensors/hook/pythonpath.dsv'
[2.333s] INFO:colcon.colcon_core.shell:Creating environment hook '/root/ros2_ws/install/sensors/share/sensors/hook/pythonpath.sh'
[2.333s] Level 1:colcon.colcon_core.environment:checking '/root/ros2_ws/install/sensors/bin'
[2.333s] Level 1:colcon.colcon_core.environment:create_environment_scripts_only(sensors)
[2.339s] INFO:colcon.colcon_core.shell:Creating package script '/root/ros2_ws/install/sensors/share/sensors/package.ps1'
[2.339s] INFO:colcon.colcon_core.shell:Creating package descriptor '/root/ros2_ws/install/sensors/share/sensors/package.dsv'
[2.339s] INFO:colcon.colcon_core.shell:Creating package script '/root/ros2_ws/install/sensors/share/sensors/package.sh'
[2.339s] INFO:colcon.colcon_core.shell:Creating package script '/root/ros2_ws/install/sensors/share/sensors/package.bash'
[2.340s] INFO:colcon.colcon_core.shell:Creating package script '/root/ros2_ws/install/sensors/share/sensors/package.zsh'
[2.340s] Level 1:colcon.colcon_core.environment:create_file_with_runtime_dependencies(/root/ros2_ws/install/sensors/share/colcon-core/packages/sensors)
[2.341s] DEBUG:colcon.colcon_core.event_handler.log_command:Invoked command in '/root/ros2_ws/src/nav2_gps_waypoint_follower_demo' returned '1': PYTHONPATH=/root/ros2_ws/build/nav2_gps_waypoint_follower_demo/prefix_override:/root/ros2_ws/install/nav2_gps_waypoint_follower_demo/lib/python3.8/site-packages:${PYTHONPATH} /usr/bin/python3 setup.py egg_info --egg-base ../../build/nav2_gps_waypoint_follower_demo build --build-base /root/ros2_ws/build/nav2_gps_waypoint_follower_demo/build install --record /root/ros2_ws/build/nav2_gps_waypoint_follower_demo/install.log --single-version-externally-managed
[2.351s] DEBUG:colcon.colcon_parallel_executor.executor.parallel:closing loop
[2.351s] DEBUG:colcon.colcon_parallel_executor.executor.parallel:loop closed
[2.351s] DEBUG:colcon.colcon_parallel_executor.executor.parallel:run_until_complete finished with '1'
[2.351s] DEBUG:colcon.colcon_core.event_reactor:joining thread
[2.360s] INFO:colcon.colcon_core.plugin_system:Skipping extension 'colcon_notification.desktop_notification.notify_send': Could not find 'notify-send'
[2.360s] INFO:colcon.colcon_core.plugin_system:Skipping extension 'colcon_notification.desktop_notification.terminal_notifier': Not used on non-Darwin systems
[2.360s] INFO:colcon.colcon_core.plugin_system:Skipping extension 'colcon_notification.desktop_notification.win32': Not used on non-Windows systems
[2.360s] INFO:colcon.colcon_notification.desktop_notification:Sending desktop notification using 'notify2'
[2.366s] DEBUG:colcon.colcon_notification.desktop_notification.notify2:Failed to initialize notify2: org.freedesktop.DBus.Error.ServiceUnknown: The name org.freedesktop.Notifications was not provided by any .service files
[2.367s] DEBUG:colcon.colcon_core.event_reactor:joined thread
[2.375s] INFO:colcon.colcon_core.shell:Creating prefix script '/root/ros2_ws/install/local_setup.ps1'
[2.376s] INFO:colcon.colcon_core.shell:Creating prefix util module '/root/ros2_ws/install/_local_setup_util_ps1.py'
[2.376s] INFO:colcon.colcon_core.shell:Creating prefix chain script '/root/ros2_ws/install/setup.ps1'
[2.382s] INFO:colcon.colcon_core.shell:Creating prefix script '/root/ros2_ws/install/local_setup.sh'
[2.382s] INFO:colcon.colcon_core.shell:Creating prefix util module '/root/ros2_ws/install/_local_setup_util_sh.py'
[2.382s] INFO:colcon.colcon_core.shell:Creating prefix chain script '/root/ros2_ws/install/setup.sh'
[2.388s] INFO:colcon.colcon_core.shell:Creating prefix script '/root/ros2_ws/install/local_setup.bash'
[2.388s] INFO:colcon.colcon_core.shell:Creating prefix chain script '/root/ros2_ws/install/setup.bash'
[2.393s] INFO:colcon.colcon_core.shell:Creating prefix script '/root/ros2_ws/install/local_setup.zsh'
[2.394s] INFO:colcon.colcon_core.shell:Creating prefix chain script '/root/ros2_ws/install/setup.zsh'
