[0.344s] Invoking command in '/root/ros2_ws/build/sam_bot_description': CMAKE_PREFIX_PATH=${CMAKE_PREFIX_PATH}:/root/ros2_ws/install/sensors:/root/ros2_ws/install/nav2_gps_waypoint_follower_demo:/opt/ros/galactic /usr/bin/cmake --build /root/ros2_ws/build/sam_bot_description -- -j24 -l24
[0.563s] Invoked command in '/root/ros2_ws/build/sam_bot_description' returned '0': CMAKE_PREFIX_PATH=${CMAKE_PREFIX_PATH}:/root/ros2_ws/install/sensors:/root/ros2_ws/install/nav2_gps_waypoint_follower_demo:/opt/ros/galactic /usr/bin/cmake --build /root/ros2_ws/build/sam_bot_description -- -j24 -l24
[0.605s] Invoking command in '/root/ros2_ws/build/sam_bot_description': CMAKE_PREFIX_PATH=${CMAKE_PREFIX_PATH}:/root/ros2_ws/install/sensors:/root/ros2_ws/install/nav2_gps_waypoint_follower_demo:/opt/ros/galactic /usr/bin/cmake --install /root/ros2_ws/build/sam_bot_description
[0.614s] -- Install configuration: ""
[0.615s] -- Up-to-date: /root/ros2_ws/install/sam_bot_description/share/sam_bot_description/src
[0.615s] -- Up-to-date: /root/ros2_ws/install/sam_bot_description/share/sam_bot_description/src/description
[0.616s] -- Up-to-date: /root/ros2_ws/install/sam_bot_description/share/sam_bot_description/src/description/woowa.urdf
[0.617s] -- Up-to-date: /root/ros2_ws/install/sam_bot_description/share/sam_bot_description/launch
[0.618s] -- Up-to-date: /root/ros2_ws/install/sam_bot_description/share/sam_bot_description/launch/display.launch.py
[0.619s] -- Up-to-date: /root/ros2_ws/install/sam_bot_description/share/sam_bot_description/launch/__pycache__
[0.619s] -- Up-to-date: /root/ros2_ws/install/sam_bot_description/share/sam_bot_description/launch/__pycache__/display.launch.cpython-38.pyc
[0.619s] -- Up-to-date: /root/ros2_ws/install/sam_bot_description/share/sam_bot_description/rviz
[0.619s] -- Up-to-date: /root/ros2_ws/install/sam_bot_description/share/sam_bot_description/rviz/urdf_config.rviz
[0.619s] -- Up-to-date: /root/ros2_ws/install/sam_bot_description/share/sam_bot_description/config
[0.619s] -- Up-to-date: /root/ros2_ws/install/sam_bot_description/share/sam_bot_description/config/ekf.yaml
[0.619s] -- Up-to-date: /root/ros2_ws/install/sam_bot_description/share/ament_index/resource_index/package_run_dependencies/sam_bot_description
[0.620s] -- Up-to-date: /root/ros2_ws/install/sam_bot_description/share/ament_index/resource_index/parent_prefix_path/sam_bot_description
[0.621s] -- Up-to-date: /root/ros2_ws/install/sam_bot_description/share/sam_bot_description/environment/ament_prefix_path.sh
[0.622s] -- Up-to-date: /root/ros2_ws/install/sam_bot_description/share/sam_bot_description/environment/ament_prefix_path.dsv
[0.623s] -- Up-to-date: /root/ros2_ws/install/sam_bot_description/share/sam_bot_description/environment/path.sh
[0.623s] -- Up-to-date: /root/ros2_ws/install/sam_bot_description/share/sam_bot_description/environment/path.dsv
[0.624s] -- Up-to-date: /root/ros2_ws/install/sam_bot_description/share/sam_bot_description/local_setup.bash
[0.624s] -- Up-to-date: /root/ros2_ws/install/sam_bot_description/share/sam_bot_description/local_setup.sh
[0.625s] -- Up-to-date: /root/ros2_ws/install/sam_bot_description/share/sam_bot_description/local_setup.zsh
[0.626s] -- Up-to-date: /root/ros2_ws/install/sam_bot_description/share/sam_bot_description/local_setup.dsv
[0.627s] -- Installing: /root/ros2_ws/install/sam_bot_description/share/sam_bot_description/package.dsv
[0.628s] -- Up-to-date: /root/ros2_ws/install/sam_bot_description/share/ament_index/resource_index/packages/sam_bot_description
[0.628s] -- Up-to-date: /root/ros2_ws/install/sam_bot_description/share/sam_bot_description/cmake/sam_bot_descriptionConfig.cmake
[0.628s] -- Up-to-date: /root/ros2_ws/install/sam_bot_description/share/sam_bot_description/cmake/sam_bot_descriptionConfig-version.cmake
[0.628s] -- Up-to-date: /root/ros2_ws/install/sam_bot_description/share/sam_bot_description/package.xml
[0.628s] Invoked command in '/root/ros2_ws/build/sam_bot_description' returned '0': CMAKE_PREFIX_PATH=${CMAKE_PREFIX_PATH}:/root/ros2_ws/install/sensors:/root/ros2_ws/install/nav2_gps_waypoint_follower_demo:/opt/ros/galactic /usr/bin/cmake --install /root/ros2_ws/build/sam_bot_description
