[2.069s] DEBUG:colcon:Command line arguments: ['/usr/bin/colcon', 'build']
[2.069s] DEBUG:colcon:Parsed command line arguments: Namespace(allow_overriding=[], ament_cmake_args=None, base_paths=['.'], build_base='build', catkin_cmake_args=None, catkin_skip_building_tests=False, cmake_args=None, cmake_clean_cache=False, cmake_clean_first=False, cmake_force_configure=False, cmake_target=None, cmake_target_skip_unavailable=False, continue_on_error=False, event_handlers=None, executor='parallel', ignore_user_meta=False, install_base='install', log_base=None, log_level=None, main=<bound method BuildVerb.main of <colcon_core.verb.build.BuildVerb object at 0x7fe3e5a55640>>, merge_install=False, metas=['./colcon.meta'], packages_above=None, packages_above_and_dependencies=None, packages_above_depth=None, packages_end=None, packages_ignore=None, packages_ignore_regex=None, packages_select=None, packages_select_build_failed=False, packages_select_by_dep=None, packages_select_regex=None, packages_select_test_failures=False, packages_skip=None, packages_skip_build_finished=False, packages_skip_by_dep=None, packages_skip_regex=None, packages_skip_test_passed=False, packages_skip_up_to=None, packages_start=None, packages_up_to=None, packages_up_to_regex=None, parallel_workers=24, paths=None, symlink_install=False, test_result_base=None, verb_extension=<colcon_core.verb.build.BuildVerb object at 0x7fe3e5a55640>, verb_name='build', verb_parser=<colcon_defaults.argument_parser.defaults.DefaultArgumentsDecorator object at 0x7fe3e57a0b20>)
[2.149s] Level 1:colcon.colcon_core.package_discovery:discover_packages(colcon_meta) check parameters
[2.150s] Level 1:colcon.colcon_core.package_discovery:discover_packages(recursive) check parameters
[2.150s] Level 1:colcon.colcon_core.package_discovery:discover_packages(ignore) check parameters
[2.150s] Level 1:colcon.colcon_core.package_discovery:discover_packages(path) check parameters
[2.150s] Level 1:colcon.colcon_core.package_discovery:discover_packages(colcon_meta) discover
[2.150s] Level 1:colcon.colcon_core.package_discovery:discover_packages(recursive) discover
[2.150s] INFO:colcon.colcon_core.package_discovery:Crawling recursively for packages in '/root/ros2_ws'
[2.150s] Level 1:colcon.colcon_core.package_identification:_identify(.) by extensions ['ignore', 'ignore_ament_install']
[2.150s] Level 1:colcon.colcon_core.package_identification:_identify(.) by extension 'ignore'
[2.150s] Level 1:colcon.colcon_core.package_identification:_identify(.) by extension 'ignore_ament_install'
[2.150s] Level 1:colcon.colcon_core.package_identification:_identify(.) by extensions ['colcon_pkg']
[2.150s] Level 1:colcon.colcon_core.package_identification:_identify(.) by extension 'colcon_pkg'
[2.150s] Level 1:colcon.colcon_core.package_identification:_identify(.) by extensions ['colcon_meta']
[2.150s] Level 1:colcon.colcon_core.package_identification:_identify(.) by extension 'colcon_meta'
[2.150s] Level 1:colcon.colcon_core.package_identification:_identify(.) by extensions ['ros']
[2.150s] Level 1:colcon.colcon_core.package_identification:_identify(.) by extension 'ros'
[2.165s] Level 1:colcon.colcon_core.package_identification:_identify(.) by extensions ['cmake', 'python']
[2.165s] Level 1:colcon.colcon_core.package_identification:_identify(.) by extension 'cmake'
[2.165s] Level 1:colcon.colcon_core.package_identification:_identify(.) by extension 'python'
[2.166s] Level 1:colcon.colcon_core.package_identification:_identify(.) by extensions ['python_setup_py']
[2.166s] Level 1:colcon.colcon_core.package_identification:_identify(.) by extension 'python_setup_py'
[2.166s] Level 1:colcon.colcon_core.package_identification:_identify(build) by extensions ['ignore', 'ignore_ament_install']
[2.166s] Level 1:colcon.colcon_core.package_identification:_identify(build) by extension 'ignore'
[2.166s] Level 1:colcon.colcon_core.package_identification:_identify(build) ignored
[2.166s] Level 1:colcon.colcon_core.package_identification:_identify(install) by extensions ['ignore', 'ignore_ament_install']
[2.166s] Level 1:colcon.colcon_core.package_identification:_identify(install) by extension 'ignore'
[2.166s] Level 1:colcon.colcon_core.package_identification:_identify(install) ignored
[2.166s] Level 1:colcon.colcon_core.package_identification:_identify(log) by extensions ['ignore', 'ignore_ament_install']
[2.167s] Level 1:colcon.colcon_core.package_identification:_identify(log) by extension 'ignore'
[2.167s] Level 1:colcon.colcon_core.package_identification:_identify(log) ignored
[2.167s] Level 1:colcon.colcon_core.package_identification:_identify(src) by extensions ['ignore', 'ignore_ament_install']
[2.167s] Level 1:colcon.colcon_core.package_identification:_identify(src) by extension 'ignore'
[2.167s] Level 1:colcon.colcon_core.package_identification:_identify(src) by extension 'ignore_ament_install'
[2.167s] Level 1:colcon.colcon_core.package_identification:_identify(src) by extensions ['colcon_pkg']
[2.167s] Level 1:colcon.colcon_core.package_identification:_identify(src) by extension 'colcon_pkg'
[2.167s] Level 1:colcon.colcon_core.package_identification:_identify(src) by extensions ['colcon_meta']
[2.167s] Level 1:colcon.colcon_core.package_identification:_identify(src) by extension 'colcon_meta'
[2.167s] Level 1:colcon.colcon_core.package_identification:_identify(src) by extensions ['ros']
[2.167s] Level 1:colcon.colcon_core.package_identification:_identify(src) by extension 'ros'
[2.167s] Level 1:colcon.colcon_core.package_identification:_identify(src) by extensions ['cmake', 'python']
[2.167s] Level 1:colcon.colcon_core.package_identification:_identify(src) by extension 'cmake'
[2.167s] Level 1:colcon.colcon_core.package_identification:_identify(src) by extension 'python'
[2.167s] Level 1:colcon.colcon_core.package_identification:_identify(src) by extensions ['python_setup_py']
[2.167s] Level 1:colcon.colcon_core.package_identification:_identify(src) by extension 'python_setup_py'
[2.167s] Level 1:colcon.colcon_core.package_identification:_identify(src/nav2_gps_waypoint_follower_demo) by extensions ['ignore', 'ignore_ament_install']
[2.167s] Level 1:colcon.colcon_core.package_identification:_identify(src/nav2_gps_waypoint_follower_demo) by extension 'ignore'
[2.167s] Level 1:colcon.colcon_core.package_identification:_identify(src/nav2_gps_waypoint_follower_demo) by extension 'ignore_ament_install'
[2.167s] Level 1:colcon.colcon_core.package_identification:_identify(src/nav2_gps_waypoint_follower_demo) by extensions ['colcon_pkg']
[2.167s] Level 1:colcon.colcon_core.package_identification:_identify(src/nav2_gps_waypoint_follower_demo) by extension 'colcon_pkg'
[2.167s] Level 1:colcon.colcon_core.package_identification:_identify(src/nav2_gps_waypoint_follower_demo) by extensions ['colcon_meta']
[2.167s] Level 1:colcon.colcon_core.package_identification:_identify(src/nav2_gps_waypoint_follower_demo) by extension 'colcon_meta'
[2.167s] Level 1:colcon.colcon_core.package_identification:_identify(src/nav2_gps_waypoint_follower_demo) by extensions ['ros']
[2.167s] Level 1:colcon.colcon_core.package_identification:_identify(src/nav2_gps_waypoint_follower_demo) by extension 'ros'
[2.170s] DEBUG:colcon.colcon_core.package_identification:Package 'src/nav2_gps_waypoint_follower_demo' with type 'ros.ament_python' and name 'nav2_gps_waypoint_follower_demo'
[2.170s] Level 1:colcon.colcon_core.package_identification:_identify(src/sam_bot_description) by extensions ['ignore', 'ignore_ament_install']
[2.170s] Level 1:colcon.colcon_core.package_identification:_identify(src/sam_bot_description) by extension 'ignore'
[2.170s] Level 1:colcon.colcon_core.package_identification:_identify(src/sam_bot_description) by extension 'ignore_ament_install'
[2.170s] Level 1:colcon.colcon_core.package_identification:_identify(src/sam_bot_description) by extensions ['colcon_pkg']
[2.170s] Level 1:colcon.colcon_core.package_identification:_identify(src/sam_bot_description) by extension 'colcon_pkg'
[2.170s] Level 1:colcon.colcon_core.package_identification:_identify(src/sam_bot_description) by extensions ['colcon_meta']
[2.170s] Level 1:colcon.colcon_core.package_identification:_identify(src/sam_bot_description) by extension 'colcon_meta'
[2.170s] Level 1:colcon.colcon_core.package_identification:_identify(src/sam_bot_description) by extensions ['ros']
[2.170s] Level 1:colcon.colcon_core.package_identification:_identify(src/sam_bot_description) by extension 'ros'
[2.171s] DEBUG:colcon.colcon_core.package_identification:Package 'src/sam_bot_description' with type 'ros.ament_cmake' and name 'sam_bot_description'
[2.171s] Level 1:colcon.colcon_core.package_identification:_identify(src/sensors) by extensions ['ignore', 'ignore_ament_install']
[2.171s] Level 1:colcon.colcon_core.package_identification:_identify(src/sensors) by extension 'ignore'
[2.171s] Level 1:colcon.colcon_core.package_identification:_identify(src/sensors) by extension 'ignore_ament_install'
[2.171s] Level 1:colcon.colcon_core.package_identification:_identify(src/sensors) by extensions ['colcon_pkg']
[2.171s] Level 1:colcon.colcon_core.package_identification:_identify(src/sensors) by extension 'colcon_pkg'
[2.171s] Level 1:colcon.colcon_core.package_identification:_identify(src/sensors) by extensions ['colcon_meta']
[2.171s] Level 1:colcon.colcon_core.package_identification:_identify(src/sensors) by extension 'colcon_meta'
[2.171s] Level 1:colcon.colcon_core.package_identification:_identify(src/sensors) by extensions ['ros']
[2.172s] Level 1:colcon.colcon_core.package_identification:_identify(src/sensors) by extension 'ros'
[2.172s] DEBUG:colcon.colcon_core.package_identification:Package 'src/sensors' with type 'ros.ament_python' and name 'sensors'
[2.172s] Level 1:colcon.colcon_core.package_discovery:discover_packages(recursive) using defaults
[2.172s] Level 1:colcon.colcon_core.package_discovery:discover_packages(ignore) discover
[2.172s] Level 1:colcon.colcon_core.package_discovery:discover_packages(ignore) using defaults
[2.172s] Level 1:colcon.colcon_core.package_discovery:discover_packages(path) discover
[2.172s] Level 1:colcon.colcon_core.package_discovery:discover_packages(path) using defaults
[2.227s] Level 1:colcon.colcon_core.package_discovery:discover_packages(prefix_path) check parameters
[2.227s] Level 1:colcon.colcon_core.package_discovery:discover_packages(prefix_path) discover
[2.242s] DEBUG:colcon.colcon_installed_package_information.package_discovery:Found 3 installed packages in /root/ros2_ws/install
[2.250s] DEBUG:colcon.colcon_installed_package_information.package_discovery:Found 337 installed packages in /opt/ros/galactic
[2.251s] Level 1:colcon.colcon_core.package_discovery:discover_packages(prefix_path) using defaults
[2.309s] Level 5:colcon.colcon_core.verb:set package 'nav2_gps_waypoint_follower_demo' build argument 'cmake_args' from command line to 'None'
[2.309s] Level 5:colcon.colcon_core.verb:set package 'nav2_gps_waypoint_follower_demo' build argument 'cmake_target' from command line to 'None'
[2.309s] Level 5:colcon.colcon_core.verb:set package 'nav2_gps_waypoint_follower_demo' build argument 'cmake_target_skip_unavailable' from command line to 'False'
[2.309s] Level 5:colcon.colcon_core.verb:set package 'nav2_gps_waypoint_follower_demo' build argument 'cmake_clean_cache' from command line to 'False'
[2.309s] Level 5:colcon.colcon_core.verb:set package 'nav2_gps_waypoint_follower_demo' build argument 'cmake_clean_first' from command line to 'False'
[2.309s] Level 5:colcon.colcon_core.verb:set package 'nav2_gps_waypoint_follower_demo' build argument 'cmake_force_configure' from command line to 'False'
[2.309s] Level 5:colcon.colcon_core.verb:set package 'nav2_gps_waypoint_follower_demo' build argument 'ament_cmake_args' from command line to 'None'
[2.309s] Level 5:colcon.colcon_core.verb:set package 'nav2_gps_waypoint_follower_demo' build argument 'catkin_cmake_args' from command line to 'None'
[2.309s] Level 5:colcon.colcon_core.verb:set package 'nav2_gps_waypoint_follower_demo' build argument 'catkin_skip_building_tests' from command line to 'False'
[2.309s] DEBUG:colcon.colcon_core.verb:Building package 'nav2_gps_waypoint_follower_demo' with the following arguments: {'ament_cmake_args': None, 'build_base': '/root/ros2_ws/build/nav2_gps_waypoint_follower_demo', 'catkin_cmake_args': None, 'catkin_skip_building_tests': False, 'cmake_args': None, 'cmake_clean_cache': False, 'cmake_clean_first': False, 'cmake_force_configure': False, 'cmake_target': None, 'cmake_target_skip_unavailable': False, 'install_base': '/root/ros2_ws/install/nav2_gps_waypoint_follower_demo', 'merge_install': False, 'path': '/root/ros2_ws/src/nav2_gps_waypoint_follower_demo', 'symlink_install': False, 'test_result_base': None}
[2.316s] Level 5:colcon.colcon_core.verb:set package 'sam_bot_description' build argument 'cmake_args' from command line to 'None'
[2.316s] Level 5:colcon.colcon_core.verb:set package 'sam_bot_description' build argument 'cmake_target' from command line to 'None'
[2.316s] Level 5:colcon.colcon_core.verb:set package 'sam_bot_description' build argument 'cmake_target_skip_unavailable' from command line to 'False'
[2.316s] Level 5:colcon.colcon_core.verb:set package 'sam_bot_description' build argument 'cmake_clean_cache' from command line to 'False'
[2.316s] Level 5:colcon.colcon_core.verb:set package 'sam_bot_description' build argument 'cmake_clean_first' from command line to 'False'
[2.316s] Level 5:colcon.colcon_core.verb:set package 'sam_bot_description' build argument 'cmake_force_configure' from command line to 'False'
[2.316s] Level 5:colcon.colcon_core.verb:set package 'sam_bot_description' build argument 'ament_cmake_args' from command line to 'None'
[2.316s] Level 5:colcon.colcon_core.verb:set package 'sam_bot_description' build argument 'catkin_cmake_args' from command line to 'None'
[2.316s] Level 5:colcon.colcon_core.verb:set package 'sam_bot_description' build argument 'catkin_skip_building_tests' from command line to 'False'
[2.316s] DEBUG:colcon.colcon_core.verb:Building package 'sam_bot_description' with the following arguments: {'ament_cmake_args': None, 'build_base': '/root/ros2_ws/build/sam_bot_description', 'catkin_cmake_args': None, 'catkin_skip_building_tests': False, 'cmake_args': None, 'cmake_clean_cache': False, 'cmake_clean_first': False, 'cmake_force_configure': False, 'cmake_target': None, 'cmake_target_skip_unavailable': False, 'install_base': '/root/ros2_ws/install/sam_bot_description', 'merge_install': False, 'path': '/root/ros2_ws/src/sam_bot_description', 'symlink_install': False, 'test_result_base': None}
[2.323s] Level 5:colcon.colcon_core.verb:set package 'sensors' build argument 'cmake_args' from command line to 'None'
[2.323s] Level 5:colcon.colcon_core.verb:set package 'sensors' build argument 'cmake_target' from command line to 'None'
[2.323s] Level 5:colcon.colcon_core.verb:set package 'sensors' build argument 'cmake_target_skip_unavailable' from command line to 'False'
[2.323s] Level 5:colcon.colcon_core.verb:set package 'sensors' build argument 'cmake_clean_cache' from command line to 'False'
[2.323s] Level 5:colcon.colcon_core.verb:set package 'sensors' build argument 'cmake_clean_first' from command line to 'False'
[2.323s] Level 5:colcon.colcon_core.verb:set package 'sensors' build argument 'cmake_force_configure' from command line to 'False'
[2.323s] Level 5:colcon.colcon_core.verb:set package 'sensors' build argument 'ament_cmake_args' from command line to 'None'
[2.323s] Level 5:colcon.colcon_core.verb:set package 'sensors' build argument 'catkin_cmake_args' from command line to 'None'
[2.323s] Level 5:colcon.colcon_core.verb:set package 'sensors' build argument 'catkin_skip_building_tests' from command line to 'False'
[2.323s] DEBUG:colcon.colcon_core.verb:Building package 'sensors' with the following arguments: {'ament_cmake_args': None, 'build_base': '/root/ros2_ws/build/sensors', 'catkin_cmake_args': None, 'catkin_skip_building_tests': False, 'cmake_args': None, 'cmake_clean_cache': False, 'cmake_clean_first': False, 'cmake_force_configure': False, 'cmake_target': None, 'cmake_target_skip_unavailable': False, 'install_base': '/root/ros2_ws/install/sensors', 'merge_install': False, 'path': '/root/ros2_ws/src/sensors', 'symlink_install': False, 'test_result_base': None}
[2.330s] INFO:colcon.colcon_core.executor:Executing jobs using 'parallel' executor
[2.338s] DEBUG:colcon.colcon_parallel_executor.executor.parallel:run_until_complete
[2.338s] INFO:colcon.colcon_ros.task.ament_python.build:Building ROS package in '/root/ros2_ws/src/nav2_gps_waypoint_follower_demo' with build type 'ament_python'
[2.338s] Level 1:colcon.colcon_core.shell:create_environment_hook('nav2_gps_waypoint_follower_demo', 'ament_prefix_path')
[2.349s] INFO:colcon.colcon_core.plugin_system:Skipping extension 'colcon_core.shell.bat': Not used on non-Windows systems
[2.349s] INFO:colcon.colcon_core.shell:Creating environment hook '/root/ros2_ws/install/nav2_gps_waypoint_follower_demo/share/nav2_gps_waypoint_follower_demo/hook/ament_prefix_path.ps1'
[2.350s] INFO:colcon.colcon_core.shell:Creating environment descriptor '/root/ros2_ws/install/nav2_gps_waypoint_follower_demo/share/nav2_gps_waypoint_follower_demo/hook/ament_prefix_path.dsv'
[2.350s] INFO:colcon.colcon_core.shell:Creating environment hook '/root/ros2_ws/install/nav2_gps_waypoint_follower_demo/share/nav2_gps_waypoint_follower_demo/hook/ament_prefix_path.sh'
[2.358s] INFO:colcon.colcon_core.shell:Skip shell extension 'powershell' for command environment: Not usable outside of PowerShell
[2.358s] DEBUG:colcon.colcon_core.shell:Skip shell extension 'dsv' for command environment
[2.383s] INFO:colcon.colcon_ros.task.ament_cmake.build:Building ROS package in '/root/ros2_ws/src/sam_bot_description' with build type 'ament_cmake'
[2.384s] INFO:colcon.colcon_cmake.task.cmake.build:Building CMake package in '/root/ros2_ws/src/sam_bot_description'
[2.394s] INFO:colcon.colcon_core.shell:Skip shell extension 'powershell' for command environment: Not usable outside of PowerShell
[2.394s] DEBUG:colcon.colcon_core.shell:Skip shell extension 'dsv' for command environment
[2.419s] INFO:colcon.colcon_ros.task.ament_python.build:Building ROS package in '/root/ros2_ws/src/sensors' with build type 'ament_python'
[2.419s] Level 1:colcon.colcon_core.shell:create_environment_hook('sensors', 'ament_prefix_path')
[2.427s] INFO:colcon.colcon_core.shell:Creating environment hook '/root/ros2_ws/install/sensors/share/sensors/hook/ament_prefix_path.ps1'
[2.428s] INFO:colcon.colcon_core.shell:Creating environment descriptor '/root/ros2_ws/install/sensors/share/sensors/hook/ament_prefix_path.dsv'
[2.428s] INFO:colcon.colcon_core.shell:Creating environment hook '/root/ros2_ws/install/sensors/share/sensors/hook/ament_prefix_path.sh'
[2.437s] INFO:colcon.colcon_core.shell:Skip shell extension 'powershell' for command environment: Not usable outside of PowerShell
[2.437s] DEBUG:colcon.colcon_core.shell:Skip shell extension 'dsv' for command environment
[2.639s] INFO:colcon.colcon_core.task.python.build:Building Python package in '/root/ros2_ws/src/nav2_gps_waypoint_follower_demo'
[2.653s] INFO:colcon.colcon_core.shell:Skip shell extension 'powershell' for command environment: Not usable outside of PowerShell
[2.653s] DEBUG:colcon.colcon_core.shell:Skip shell extension 'dsv' for command environment
[2.693s] DEBUG:colcon.colcon_core.event_handler.log_command:Invoking command in '/root/ros2_ws/build/sam_bot_description': CMAKE_PREFIX_PATH=${CMAKE_PREFIX_PATH}:/root/ros2_ws/install/sensors:/root/ros2_ws/install/nav2_gps_waypoint_follower_demo:/opt/ros/galactic /usr/bin/cmake --build /root/ros2_ws/build/sam_bot_description -- -j24 -l24
[2.858s] INFO:colcon.colcon_core.task.python.build:Building Python package in '/root/ros2_ws/src/sensors'
[2.866s] INFO:colcon.colcon_core.shell:Skip shell extension 'powershell' for command environment: Not usable outside of PowerShell
[2.866s] DEBUG:colcon.colcon_core.shell:Skip shell extension 'dsv' for command environment
[2.900s] DEBUG:colcon.colcon_core.event_handler.log_command:Invoked command in '/root/ros2_ws/build/sam_bot_description' returned '0': CMAKE_PREFIX_PATH=${CMAKE_PREFIX_PATH}:/root/ros2_ws/install/sensors:/root/ros2_ws/install/nav2_gps_waypoint_follower_demo:/opt/ros/galactic /usr/bin/cmake --build /root/ros2_ws/build/sam_bot_description -- -j24 -l24
[2.932s] DEBUG:colcon.colcon_core.event_handler.log_command:Invoking command in '/root/ros2_ws/build/sam_bot_description': CMAKE_PREFIX_PATH=${CMAKE_PREFIX_PATH}:/root/ros2_ws/install/sensors:/root/ros2_ws/install/nav2_gps_waypoint_follower_demo:/opt/ros/galactic /usr/bin/cmake --install /root/ros2_ws/build/sam_bot_description
[2.942s] Level 1:colcon.colcon_core.environment:create_environment_scripts_only(sam_bot_description)
[2.945s] DEBUG:colcon.colcon_core.event_handler.log_command:Invoked command in '/root/ros2_ws/build/sam_bot_description' returned '0': CMAKE_PREFIX_PATH=${CMAKE_PREFIX_PATH}:/root/ros2_ws/install/sensors:/root/ros2_ws/install/nav2_gps_waypoint_follower_demo:/opt/ros/galactic /usr/bin/cmake --install /root/ros2_ws/build/sam_bot_description
[2.954s] Level 1:colcon.colcon_core.environment:checking '/root/ros2_ws/install/sam_bot_description' for CMake module files
[2.954s] Level 1:colcon.colcon_core.environment:checking '/root/ros2_ws/install/sam_bot_description' for CMake config files
[2.954s] Level 1:colcon.colcon_core.shell:create_environment_hook('sam_bot_description', 'cmake_prefix_path')
[2.962s] INFO:colcon.colcon_core.shell:Creating environment hook '/root/ros2_ws/install/sam_bot_description/share/sam_bot_description/hook/cmake_prefix_path.ps1'
[2.962s] INFO:colcon.colcon_core.shell:Creating environment descriptor '/root/ros2_ws/install/sam_bot_description/share/sam_bot_description/hook/cmake_prefix_path.dsv'
[2.962s] INFO:colcon.colcon_core.shell:Creating environment hook '/root/ros2_ws/install/sam_bot_description/share/sam_bot_description/hook/cmake_prefix_path.sh'
[2.963s] Level 1:colcon.colcon_core.environment:checking '/root/ros2_ws/install/sam_bot_description/bin'
[2.963s] Level 1:colcon.colcon_core.environment:checking '/root/ros2_ws/install/sam_bot_description/lib/pkgconfig/sam_bot_description.pc'
[2.963s] Level 1:colcon.colcon_core.environment:checking '/root/ros2_ws/install/sam_bot_description/lib/python3.8/site-packages'
[2.963s] Level 1:colcon.colcon_core.environment:checking '/root/ros2_ws/install/sam_bot_description/bin'
[2.971s] INFO:colcon.colcon_core.shell:Creating package script '/root/ros2_ws/install/sam_bot_description/share/sam_bot_description/package.ps1'
[2.972s] INFO:colcon.colcon_core.shell:Creating package descriptor '/root/ros2_ws/install/sam_bot_description/share/sam_bot_description/package.dsv'
[2.972s] INFO:colcon.colcon_core.shell:Creating package script '/root/ros2_ws/install/sam_bot_description/share/sam_bot_description/package.sh'
[2.973s] INFO:colcon.colcon_core.shell:Creating package script '/root/ros2_ws/install/sam_bot_description/share/sam_bot_description/package.bash'
[2.974s] INFO:colcon.colcon_core.shell:Creating package script '/root/ros2_ws/install/sam_bot_description/share/sam_bot_description/package.zsh'
[2.974s] Level 1:colcon.colcon_core.environment:create_file_with_runtime_dependencies(/root/ros2_ws/install/sam_bot_description/share/colcon-core/packages/sam_bot_description)
[3.004s] Level 1:colcon.colcon_core.environment:create_environment_scripts_only(sam_bot_description)
[3.023s] Level 1:colcon.colcon_core.environment:checking '/root/ros2_ws/install/sam_bot_description' for CMake module files
[3.023s] Level 1:colcon.colcon_core.environment:checking '/root/ros2_ws/install/sam_bot_description' for CMake config files
[3.023s] Level 1:colcon.colcon_core.shell:create_environment_hook('sam_bot_description', 'cmake_prefix_path')
[3.032s] INFO:colcon.colcon_core.shell:Creating environment hook '/root/ros2_ws/install/sam_bot_description/share/sam_bot_description/hook/cmake_prefix_path.ps1'
[3.032s] INFO:colcon.colcon_core.shell:Creating environment descriptor '/root/ros2_ws/install/sam_bot_description/share/sam_bot_description/hook/cmake_prefix_path.dsv'
[3.033s] INFO:colcon.colcon_core.shell:Creating environment hook '/root/ros2_ws/install/sam_bot_description/share/sam_bot_description/hook/cmake_prefix_path.sh'
[3.033s] Level 1:colcon.colcon_core.environment:checking '/root/ros2_ws/install/sam_bot_description/bin'
[3.033s] Level 1:colcon.colcon_core.environment:checking '/root/ros2_ws/install/sam_bot_description/lib/pkgconfig/sam_bot_description.pc'
[3.034s] Level 1:colcon.colcon_core.environment:checking '/root/ros2_ws/install/sam_bot_description/lib/python3.8/site-packages'
[3.034s] Level 1:colcon.colcon_core.environment:checking '/root/ros2_ws/install/sam_bot_description/bin'
[3.056s] INFO:colcon.colcon_core.shell:Creating package script '/root/ros2_ws/install/sam_bot_description/share/sam_bot_description/package.ps1'
[3.058s] INFO:colcon.colcon_core.shell:Creating package descriptor '/root/ros2_ws/install/sam_bot_description/share/sam_bot_description/package.dsv'
[3.060s] INFO:colcon.colcon_core.shell:Creating package script '/root/ros2_ws/install/sam_bot_description/share/sam_bot_description/package.sh'
[3.062s] INFO:colcon.colcon_core.shell:Creating package script '/root/ros2_ws/install/sam_bot_description/share/sam_bot_description/package.bash'
[3.064s] INFO:colcon.colcon_core.shell:Creating package script '/root/ros2_ws/install/sam_bot_description/share/sam_bot_description/package.zsh'
[3.065s] Level 1:colcon.colcon_core.environment:create_file_with_runtime_dependencies(/root/ros2_ws/install/sam_bot_description/share/colcon-core/packages/sam_bot_description)
[3.389s] DEBUG:colcon.colcon_core.event_handler.log_command:Invoking command in '/root/ros2_ws/src/nav2_gps_waypoint_follower_demo': PYTHONPATH=/root/ros2_ws/build/nav2_gps_waypoint_follower_demo/prefix_override:/root/ros2_ws/install/nav2_gps_waypoint_follower_demo/lib/python3.8/site-packages:${PYTHONPATH} /usr/bin/python3 setup.py egg_info --egg-base ../../build/nav2_gps_waypoint_follower_demo build --build-base /root/ros2_ws/build/nav2_gps_waypoint_follower_demo/build install --record /root/ros2_ws/build/nav2_gps_waypoint_follower_demo/install.log --single-version-externally-managed
[3.407s] DEBUG:colcon.colcon_core.event_handler.log_command:Invoking command in '/root/ros2_ws/src/sensors': PYTHONPATH=/root/ros2_ws/build/sensors/prefix_override:/root/ros2_ws/install/sensors/lib/python3.8/site-packages:${PYTHONPATH} /usr/bin/python3 setup.py egg_info --egg-base ../../build/sensors build --build-base /root/ros2_ws/build/sensors/build install --record /root/ros2_ws/build/sensors/install.log --install-scripts $base/lib/sensors --single-version-externally-managed
[3.793s] DEBUG:colcon.colcon_core.event_handler.log_command:Invoked command in '/root/ros2_ws/src/nav2_gps_waypoint_follower_demo' returned '0': PYTHONPATH=/root/ros2_ws/build/nav2_gps_waypoint_follower_demo/prefix_override:/root/ros2_ws/install/nav2_gps_waypoint_follower_demo/lib/python3.8/site-packages:${PYTHONPATH} /usr/bin/python3 setup.py egg_info --egg-base ../../build/nav2_gps_waypoint_follower_demo build --build-base /root/ros2_ws/build/nav2_gps_waypoint_follower_demo/build install --record /root/ros2_ws/build/nav2_gps_waypoint_follower_demo/install.log --single-version-externally-managed
[3.802s] Level 1:colcon.colcon_core.environment:checking '/root/ros2_ws/install/nav2_gps_waypoint_follower_demo' for CMake module files
[3.802s] Level 1:colcon.colcon_core.environment:checking '/root/ros2_ws/install/nav2_gps_waypoint_follower_demo' for CMake config files
[3.803s] Level 1:colcon.colcon_core.environment:checking '/root/ros2_ws/install/nav2_gps_waypoint_follower_demo/lib'
[3.804s] Level 1:colcon.colcon_core.environment:checking '/root/ros2_ws/install/nav2_gps_waypoint_follower_demo/bin'
[3.804s] Level 1:colcon.colcon_core.environment:checking '/root/ros2_ws/install/nav2_gps_waypoint_follower_demo/lib/pkgconfig/nav2_gps_waypoint_follower_demo.pc'
[3.804s] Level 1:colcon.colcon_core.environment:checking '/root/ros2_ws/install/nav2_gps_waypoint_follower_demo/lib/python3.8/site-packages'
[3.804s] Level 1:colcon.colcon_core.shell:create_environment_hook('nav2_gps_waypoint_follower_demo', 'pythonpath')
[3.820s] INFO:colcon.colcon_core.shell:Creating environment hook '/root/ros2_ws/install/nav2_gps_waypoint_follower_demo/share/nav2_gps_waypoint_follower_demo/hook/pythonpath.ps1'
[3.821s] INFO:colcon.colcon_core.shell:Creating environment descriptor '/root/ros2_ws/install/nav2_gps_waypoint_follower_demo/share/nav2_gps_waypoint_follower_demo/hook/pythonpath.dsv'
[3.821s] INFO:colcon.colcon_core.shell:Creating environment hook '/root/ros2_ws/install/nav2_gps_waypoint_follower_demo/share/nav2_gps_waypoint_follower_demo/hook/pythonpath.sh'
[3.821s] Level 1:colcon.colcon_core.environment:checking '/root/ros2_ws/install/nav2_gps_waypoint_follower_demo/bin'
[3.822s] Level 1:colcon.colcon_core.environment:create_environment_scripts_only(nav2_gps_waypoint_follower_demo)
[3.828s] INFO:colcon.colcon_core.shell:Creating package script '/root/ros2_ws/install/nav2_gps_waypoint_follower_demo/share/nav2_gps_waypoint_follower_demo/package.ps1'
[3.829s] INFO:colcon.colcon_core.shell:Creating package descriptor '/root/ros2_ws/install/nav2_gps_waypoint_follower_demo/share/nav2_gps_waypoint_follower_demo/package.dsv'
[3.829s] INFO:colcon.colcon_core.shell:Creating package script '/root/ros2_ws/install/nav2_gps_waypoint_follower_demo/share/nav2_gps_waypoint_follower_demo/package.sh'
[3.829s] INFO:colcon.colcon_core.shell:Creating package script '/root/ros2_ws/install/nav2_gps_waypoint_follower_demo/share/nav2_gps_waypoint_follower_demo/package.bash'
[3.830s] INFO:colcon.colcon_core.shell:Creating package script '/root/ros2_ws/install/nav2_gps_waypoint_follower_demo/share/nav2_gps_waypoint_follower_demo/package.zsh'
[3.830s] Level 1:colcon.colcon_core.environment:create_file_with_runtime_dependencies(/root/ros2_ws/install/nav2_gps_waypoint_follower_demo/share/colcon-core/packages/nav2_gps_waypoint_follower_demo)
[3.831s] DEBUG:colcon.colcon_core.event_handler.log_command:Invoked command in '/root/ros2_ws/src/sensors' returned '0': PYTHONPATH=/root/ros2_ws/build/sensors/prefix_override:/root/ros2_ws/install/sensors/lib/python3.8/site-packages:${PYTHONPATH} /usr/bin/python3 setup.py egg_info --egg-base ../../build/sensors build --build-base /root/ros2_ws/build/sensors/build install --record /root/ros2_ws/build/sensors/install.log --install-scripts $base/lib/sensors --single-version-externally-managed
[3.838s] Level 1:colcon.colcon_core.environment:checking '/root/ros2_ws/install/sensors' for CMake module files
[3.839s] Level 1:colcon.colcon_core.environment:checking '/root/ros2_ws/install/sensors' for CMake config files
[3.839s] Level 1:colcon.colcon_core.environment:checking '/root/ros2_ws/install/sensors/lib'
[3.839s] Level 1:colcon.colcon_core.environment:checking '/root/ros2_ws/install/sensors/bin'
[3.839s] Level 1:colcon.colcon_core.environment:checking '/root/ros2_ws/install/sensors/lib/pkgconfig/sensors.pc'
[3.839s] Level 1:colcon.colcon_core.environment:checking '/root/ros2_ws/install/sensors/lib/python3.8/site-packages'
[3.839s] Level 1:colcon.colcon_core.shell:create_environment_hook('sensors', 'pythonpath')
[3.849s] INFO:colcon.colcon_core.shell:Creating environment hook '/root/ros2_ws/install/sensors/share/sensors/hook/pythonpath.ps1'
[3.849s] INFO:colcon.colcon_core.shell:Creating environment descriptor '/root/ros2_ws/install/sensors/share/sensors/hook/pythonpath.dsv'
[3.850s] INFO:colcon.colcon_core.shell:Creating environment hook '/root/ros2_ws/install/sensors/share/sensors/hook/pythonpath.sh'
[3.850s] Level 1:colcon.colcon_core.environment:checking '/root/ros2_ws/install/sensors/bin'
[3.850s] Level 1:colcon.colcon_core.environment:create_environment_scripts_only(sensors)
[3.858s] INFO:colcon.colcon_core.shell:Creating package script '/root/ros2_ws/install/sensors/share/sensors/package.ps1'
[3.859s] INFO:colcon.colcon_core.shell:Creating package descriptor '/root/ros2_ws/install/sensors/share/sensors/package.dsv'
[3.859s] INFO:colcon.colcon_core.shell:Creating package script '/root/ros2_ws/install/sensors/share/sensors/package.sh'
[3.859s] INFO:colcon.colcon_core.shell:Creating package script '/root/ros2_ws/install/sensors/share/sensors/package.bash'
[3.859s] INFO:colcon.colcon_core.shell:Creating package script '/root/ros2_ws/install/sensors/share/sensors/package.zsh'
[3.859s] Level 1:colcon.colcon_core.environment:create_file_with_runtime_dependencies(/root/ros2_ws/install/sensors/share/colcon-core/packages/sensors)
[3.860s] DEBUG:colcon.colcon_parallel_executor.executor.parallel:closing loop
[3.860s] DEBUG:colcon.colcon_parallel_executor.executor.parallel:loop closed
[3.860s] DEBUG:colcon.colcon_parallel_executor.executor.parallel:run_until_complete finished with '0'
[3.860s] DEBUG:colcon.colcon_core.event_reactor:joining thread
[3.872s] INFO:colcon.colcon_core.plugin_system:Skipping extension 'colcon_notification.desktop_notification.notify_send': Could not find 'notify-send'
[3.872s] INFO:colcon.colcon_core.plugin_system:Skipping extension 'colcon_notification.desktop_notification.terminal_notifier': Not used on non-Darwin systems
[3.872s] INFO:colcon.colcon_core.plugin_system:Skipping extension 'colcon_notification.desktop_notification.win32': Not used on non-Windows systems
[3.872s] INFO:colcon.colcon_notification.desktop_notification:Sending desktop notification using 'notify2'
[3.879s] DEBUG:colcon.colcon_notification.desktop_notification.notify2:Failed to initialize notify2: org.freedesktop.DBus.Error.ServiceUnknown: The name org.freedesktop.Notifications was not provided by any .service files
[3.879s] DEBUG:colcon.colcon_core.event_reactor:joined thread
[3.891s] INFO:colcon.colcon_core.shell:Creating prefix script '/root/ros2_ws/install/local_setup.ps1'
[3.892s] INFO:colcon.colcon_core.shell:Creating prefix util module '/root/ros2_ws/install/_local_setup_util_ps1.py'
[3.892s] INFO:colcon.colcon_core.shell:Creating prefix chain script '/root/ros2_ws/install/setup.ps1'
[3.900s] INFO:colcon.colcon_core.shell:Creating prefix script '/root/ros2_ws/install/local_setup.sh'
[3.901s] INFO:colcon.colcon_core.shell:Creating prefix util module '/root/ros2_ws/install/_local_setup_util_sh.py'
[3.901s] INFO:colcon.colcon_core.shell:Creating prefix chain script '/root/ros2_ws/install/setup.sh'
[3.911s] INFO:colcon.colcon_core.shell:Creating prefix script '/root/ros2_ws/install/local_setup.bash'
[3.912s] INFO:colcon.colcon_core.shell:Creating prefix chain script '/root/ros2_ws/install/setup.bash'
[3.921s] INFO:colcon.colcon_core.shell:Creating prefix script '/root/ros2_ws/install/local_setup.zsh'
[3.921s] INFO:colcon.colcon_core.shell:Creating prefix chain script '/root/ros2_ws/install/setup.zsh'
