[2.312s] Invoking command in '/root/ros2_ws/src/sensors': PYTHONPATH=/root/ros2_ws/build/sensors/prefix_override:/root/ros2_ws/install/sensors/lib/python3.8/site-packages:${PYTHONPATH} /usr/bin/python3 setup.py egg_info --egg-base ../../build/sensors build --build-base /root/ros2_ws/build/sensors/build install --record /root/ros2_ws/build/sensors/install.log --install-scripts $base/lib/sensors --single-version-externally-managed
[2.510s] /usr/local/lib/python3.8/dist-packages/setuptools/dist.py:498: SetuptoolsDeprecationWarning: Invalid dash-separated options
[2.510s] !!
[2.510s] 
[2.510s]         ********************************************************************************
[2.510s]         Usage of dash-separated 'script-dir' will not be supported in future
[2.510s]         versions. Please use the underscore name 'script_dir' instead.
[2.510s] 
[2.510s]         This deprecation is overdue, please update your project and remove deprecated
[2.510s]         calls to avoid build errors in the future.
[2.510s] 
[2.510s]         See https://setuptools.pypa.io/en/latest/userguide/declarative_config.html for details.
[2.510s]         ********************************************************************************
[2.510s] 
[2.511s] !!
[2.511s]   opt = self.warn_dash_deprecation(opt, section)
[2.605s] running egg_info
[2.730s] writing ../../build/sensors/sensors.egg-info/PKG-INFO
[2.731s] writing dependency_links to ../../build/sensors/sensors.egg-info/dependency_links.txt
[2.731s] writing entry points to ../../build/sensors/sensors.egg-info/entry_points.txt
[2.731s] writing requirements to ../../build/sensors/sensors.egg-info/requires.txt
[2.731s] writing top-level names to ../../build/sensors/sensors.egg-info/top_level.txt
[2.765s] reading manifest file '../../build/sensors/sensors.egg-info/SOURCES.txt'
[2.766s] writing manifest file '../../build/sensors/sensors.egg-info/SOURCES.txt'
[2.766s] running build
[2.767s] running build_py
[2.767s] running install
[2.767s] /usr/local/lib/python3.8/dist-packages/setuptools/_distutils/cmd.py:66: SetuptoolsDeprecationWarning: setup.py install is deprecated.
[2.767s] !!
[2.767s] 
[2.767s]         ********************************************************************************
[2.768s]         Please avoid running ``setup.py`` directly.
[2.768s]         Instead, use pypa/build, pypa/installer or other
[2.768s]         standards-based tools.
[2.768s] 
[2.768s]         See https://blog.ganssle.io/articles/2021/10/setup-py-deprecated.html for details.
[2.768s]         ********************************************************************************
[2.768s] 
[2.768s] !!
[2.768s]   self.initialize_options()
[2.773s] running install_lib
[2.790s] running install_data
[2.807s] running install_egg_info
[2.822s] removing '/root/ros2_ws/install/sensors/lib/python3.8/site-packages/sensors-0.0.0-py3.8.egg-info' (and everything under it)
[2.822s] Copying ../../build/sensors/sensors.egg-info to /root/ros2_ws/install/sensors/lib/python3.8/site-packages/sensors-0.0.0-py3.8.egg-info
[2.823s] running install_scripts
[2.870s] Installing imu script to /root/ros2_ws/install/sensors/lib/sensors
[2.870s] Installing tf script to /root/ros2_ws/install/sensors/lib/sensors
[2.870s] writing list of installed files to '/root/ros2_ws/build/sensors/install.log'
[2.905s] Invoked command in '/root/ros2_ws/src/sensors' returned '0': PYTHONPATH=/root/ros2_ws/build/sensors/prefix_override:/root/ros2_ws/install/sensors/lib/python3.8/site-packages:${PYTHONPATH} /usr/bin/python3 setup.py egg_info --egg-base ../../build/sensors build --build-base /root/ros2_ws/build/sensors/build install --record /root/ros2_ws/build/sensors/install.log --install-scripts $base/lib/sensors --single-version-externally-managed
