[0.465s] Invoking command in '/root/ros2_ws/build/sam_bot_description': CMAKE_PREFIX_PATH=/root/ros2_ws/install/sam_bot_description:/root/ros2_ws/install/sensors:/root/ros2_ws/install/nav2_gps_waypoint_follower_demo:/opt/ros/galactic:/root/catkin_ws/devel:/opt/ros/noetic /usr/bin/cmake --build /root/ros2_ws/build/sam_bot_description -- -j24 -l24
[0.782s] Invoked command in '/root/ros2_ws/build/sam_bot_description' returned '0': CMAKE_PREFIX_PATH=/root/ros2_ws/install/sam_bot_description:/root/ros2_ws/install/sensors:/root/ros2_ws/install/nav2_gps_waypoint_follower_demo:/opt/ros/galactic:/root/catkin_ws/devel:/opt/ros/noetic /usr/bin/cmake --build /root/ros2_ws/build/sam_bot_description -- -j24 -l24
[0.827s] Invoking command in '/root/ros2_ws/build/sam_bot_description': CMAKE_PREFIX_PATH=/root/ros2_ws/install/sam_bot_description:/root/ros2_ws/install/sensors:/root/ros2_ws/install/nav2_gps_waypoint_follower_demo:/opt/ros/galactic:/root/catkin_ws/devel:/opt/ros/noetic /usr/bin/cmake --install /root/ros2_ws/build/sam_bot_description
[0.836s] -- Install configuration: ""
[0.836s] -- Up-to-date: /root/ros2_ws/install/sam_bot_description/share/sam_bot_description/src
[0.837s] -- Up-to-date: /root/ros2_ws/install/sam_bot_description/share/sam_bot_description/src/description
[0.837s] -- Up-to-date: /root/ros2_ws/install/sam_bot_description/share/sam_bot_description/src/description/woowa.urdf
[0.837s] -- Up-to-date: /root/ros2_ws/install/sam_bot_description/share/sam_bot_description/launch
[0.839s] -- Up-to-date: /root/ros2_ws/install/sam_bot_description/share/sam_bot_description/launch/display.launch.py
[0.839s] -- Up-to-date: /root/ros2_ws/install/sam_bot_description/share/sam_bot_description/launch/__pycache__
[0.840s] -- Up-to-date: /root/ros2_ws/install/sam_bot_description/share/sam_bot_description/launch/__pycache__/display.launch.cpython-38.pyc
[0.841s] -- Up-to-date: /root/ros2_ws/install/sam_bot_description/share/sam_bot_description/rviz
[0.841s] -- Up-to-date: /root/ros2_ws/install/sam_bot_description/share/sam_bot_description/rviz/urdf_config.rviz
[0.841s] -- Up-to-date: /root/ros2_ws/install/sam_bot_description/share/sam_bot_description/config
[0.843s] -- Up-to-date: /root/ros2_ws/install/sam_bot_description/share/sam_bot_description/config/ekf.yaml
[0.843s] -- Up-to-date: /root/ros2_ws/install/sam_bot_description/share/ament_index/resource_index/package_run_dependencies/sam_bot_description
[0.844s] -- Up-to-date: /root/ros2_ws/install/sam_bot_description/share/ament_index/resource_index/parent_prefix_path/sam_bot_description
[0.845s] -- Up-to-date: /root/ros2_ws/install/sam_bot_description/share/sam_bot_description/environment/ament_prefix_path.sh
[0.845s] -- Up-to-date: /root/ros2_ws/install/sam_bot_description/share/sam_bot_description/environment/ament_prefix_path.dsv
[0.846s] -- Up-to-date: /root/ros2_ws/install/sam_bot_description/share/sam_bot_description/environment/path.sh
[0.848s] -- Up-to-date: /root/ros2_ws/install/sam_bot_description/share/sam_bot_description/environment/path.dsv
[0.849s] -- Up-to-date: /root/ros2_ws/install/sam_bot_description/share/sam_bot_description/local_setup.bash
[0.850s] -- Up-to-date: /root/ros2_ws/install/sam_bot_description/share/sam_bot_description/local_setup.sh
[0.850s] -- Up-to-date: /root/ros2_ws/install/sam_bot_description/share/sam_bot_description/local_setup.zsh
[0.851s] -- Up-to-date: /root/ros2_ws/install/sam_bot_description/share/sam_bot_description/local_setup.dsv
[0.853s] -- Installing: /root/ros2_ws/install/sam_bot_description/share/sam_bot_description/package.dsv
[0.853s] -- Up-to-date: /root/ros2_ws/install/sam_bot_description/share/ament_index/resource_index/packages/sam_bot_description
[0.854s] -- Up-to-date: /root/ros2_ws/install/sam_bot_description/share/sam_bot_description/cmake/sam_bot_descriptionConfig.cmake
[0.854s] -- Up-to-date: /root/ros2_ws/install/sam_bot_description/share/sam_bot_description/cmake/sam_bot_descriptionConfig-version.cmake
[0.854s] -- Up-to-date: /root/ros2_ws/install/sam_bot_description/share/sam_bot_description/package.xml
[0.855s] Invoked command in '/root/ros2_ws/build/sam_bot_description' returned '0': CMAKE_PREFIX_PATH=/root/ros2_ws/install/sam_bot_description:/root/ros2_ws/install/sensors:/root/ros2_ws/install/nav2_gps_waypoint_follower_demo:/opt/ros/galactic:/root/catkin_ws/devel:/opt/ros/noetic /usr/bin/cmake --install /root/ros2_ws/build/sam_bot_description
